============================================================
  Generated by:           Genus(TM) Synthesis Solution GENUS15.22 - 15.20-s024_1
  Generated on:           Apr 11 2022  06:43:38 pm
  Module:                 z80_top_direct_n
  Interconnect mode:      global
  Area mode:              physical library
============================================================


Path 1: VIOLATED (-1307 ps) Setup Check with Pin data_pins_/RC_CG_HIER_INST10/enl_reg/G->D
          Group: cg_enable_group_CLK
     Startpoint: (R) ir__opcode_reg[6]/C
          Clock: (R) CLK
       Endpoint: (F) data_pins_/RC_CG_HIER_INST10/enl_reg/D
          Clock: (F) CLK

                     Capture       Launch     
        Clock Edge:+    1000            0     
       Src Latency:+       0            0     
       Net Latency:+       0 (I)        0 (I) 
           Arrival:=    1000            0     
                                              
             Setup:-     188                  
     Required Time:=     812                  
      Launch Clock:-       0                  
         Data Path:-    2119                  
             Slack:=   -1307                  

#-------------------------------------------------------------------------------------------------------
#             Timing Point               Flags   Arc   Edge   Cell     Fanout  Load Trans Delay Arrival 
#                                                                              (fF)  (ps)  (ps)   (ps)  
#-------------------------------------------------------------------------------------------------------
  ir__opcode_reg[6]/C                    -       -     R     (arrival)      8     -     0     -       0 
  ir__opcode_reg[6]/Q                    -       C->Q  R     DFRRQX4        1  22.0    95   290     290 
  pla_decode_/g3450/Q                    -       A->Q  R     BUX6           5  88.9    87   107     397 
  pla_decode_/g3485/Q                    -       A->Q  F     INX4           4  74.1    91    74     472 
  pla_decode_/g4230/Q                    -       B->Q  R     NA2I1X4        3  48.4   137   104     575 
  pla_decode_/g4202/Q                    -       B->Q  F     NO2I1X4        4  44.4    87    65     640 
  pla_decode_/g4153/Q                    -       B->Q  R     NA2I1X4        2  25.2    97    80     720 
  pla_decode_/g4055/Q                    -       AN->Q R     NA3I1X4        1  25.9   129   117     837 
  pla_decode_/g4049/Q                    -       A->Q  F     INX4          11 130.2   149   115     952 
  execute_/g47440/Q                      -       A->Q  R     NA2X2          5  31.6   182   129    1080 
  execute_/g46724/Q                      -       B->Q  R     AND2X1         1  13.0   139   149    1229 
  execute_/g45566/Q                      -       B->Q  F     NA3I1X2        1  14.4    98    75    1305 
  execute_/g45064/Q                      -       AN->Q F     NA3I1X4        1  18.1    93   129    1433 
  execute_/g44912/Q                      -       A->Q  R     NO2X4          1  13.2    89    66    1500 
  execute_/g44763/Q                      -       AN->Q R     NO2I1X4        1  17.8   102   134    1634 
  execute_/g44733/Q                      -       B->Q  F     NA3I1X4        2  37.9   107    83    1717 
  pin_control_/g99/Q                     -       B->Q  R     NO2I1X4        1  14.2    92    71    1787 
  pin_control_/g89/Q                     -       AN->Q R     NA2I1X4        1  20.8    89    98    1885 
  pin_control_/g87/Q                     -       B->Q  F     NA2X4          2  25.6    84    53    1938 
  data_pins_/g366/Q                      -       A->Q  R     INX2           1  12.3    53    45    1983 
  data_pins_/g362/Q                      -       A->Q  F     NA2X2          1  16.8    82    52    2035 
  data_pins_/RC_CG_HIER_INST10/g7/Q      -       A->Q  R     INX2           1  12.3    53    44    2079 
  data_pins_/RC_CG_HIER_INST10/g8/Q      -       A->Q  F     NA2X2          1   9.4    53    40    2119 
  data_pins_/RC_CG_HIER_INST10/enl_reg/D -       -     F     DLHQX1         1     -     -     0    2119 
#-------------------------------------------------------------------------------------------------------

