============================================================
  Generated by:           Genus(TM) Synthesis Solution GENUS15.22 - 15.20-s024_1
  Generated on:           Apr 11 2022  06:43:38 pm
  Module:                 z80_top_direct_n
  Interconnect mode:      global
  Area mode:              physical library
============================================================


Path 1: VIOLATED (-9695 ps) Setup Check with Pin data_pins_/dout_reg[2]/CN->D
          Group: C2C
     Startpoint: (R) ir__opcode_reg[1]/C
          Clock: (R) CLK
       Endpoint: (F) data_pins_/dout_reg[2]/D
          Clock: (F) CLK

                     Capture       Launch     
        Clock Edge:+    1000            0     
       Src Latency:+       0            0     
       Net Latency:+       0 (I)        0 (I) 
           Arrival:=    1000            0     
                                              
             Setup:-     168                  
     Required Time:=     832                  
      Launch Clock:-       0                  
         Data Path:-   10527                  
             Slack:=   -9695                  

#---------------------------------------------------------------------------------------------------
#           Timing Point             Flags   Arc   Edge   Cell     Fanout  Load Trans Delay Arrival 
#                                                                          (fF)  (ps)  (ps)   (ps)  
#---------------------------------------------------------------------------------------------------
  ir__opcode_reg[1]/C                -       -     R     (arrival)      8     -     0     -       0 
  ir__opcode_reg[1]/Q                -       C->Q  R     DFRRQX4        1  26.7   105   298     298 
  g124/Q                             -       A->Q  R     BUX8           9 137.3    96   113     410 
  pla_decode_/g4277/Q                -       A->Q  F     INX4           1  44.1    64    56     466 
  pla_decode_/g4275/Q                -       A->Q  R     INX8           6  85.1    68    52     519 
  pla_decode_/g4210/Q                -       B->Q  F     NA3X4          2  26.8    94    67     586 
  pla_decode_/g4156/Q                -       B->Q  R     NO2I1X2        1  15.3   130    90     676 
  pla_decode_/g4312/Q                -       C->Q  F     NA3I1X2        1  18.1   105    84     761 
  pla_decode_/g4031/Q                -       B->Q  R     NO2I1X4        6  59.6   204   134     894 
  execute_/g46881/Q                  -       A->Q  F     NA2X2          5  39.4   150   110    1004 
  execute_/g46204/Q                  -       A->Q  R     NA2X2          2  24.3   148   113    1117 
  execute_/g45622/Q                  -       A->Q  F     NO2X2          1  12.6    66    50    1167 
  execute_/g45386/Q                  -       A->Q  R     NA3X2          1  18.1   154    87    1254 
  execute_/g45223/Q                  -       A->Q  F     NO2X4          1  20.8    56    47    1301 
  execute_/g45118/Q                  -       B->Q  R     NA2X4          4  60.0   166   112    1413 
  execute_/fopt47942/Q               -       A->Q  F     INX2           2  18.2    68    55    1468 
  execute_/g48014/Q                  -       AN->Q F     NA2I1X1       11  70.1   403   333    1801 
  execute_/g44818/Q                  -       F->Q  F     AND6X1         1   8.6    92   294    2095 
  execute_/g44773/Q                  -       A->Q  F     AND5X1         1   9.0    92   160    2255 
  execute_/g44726/Q                  -       B->Q  F     AND6X1         1  10.0    96   192    2448 
  execute_/g44705/Q                  -       A->Q  R     NA3X1          8  50.8   507   286    2734 
  reg_file_/g157/Q                   -       E->Q  R     ITHX0         14 135.3  4459  2452    5186 
  reg_file_/g622/Q                   -       A->Q  F     INX1           1  15.9   610   138    5324 
  reg_file_/g149/Q                   -       A->Q  R     ITHX1          4  43.6   500   283    5606 
  sw2_/g10/Q                         -       A->Q  R     BTHX1          5  37.9   500   304    5910 
  alu_/b2v_input_shift/g111/Q        -       A->Q  F     NA2X1          1  12.3   171   109    6019 
  alu_/b2v_input_shift/g132/Q        -       A->Q  R     NA2X2          1  14.9   108    96    6115 
  alu_/g74/Q                         -       A->Q  R     BTHX4          6  69.3   500   178    6292 
  alu_/g15/Q                         -       A->Q  R     BTHX8          5  43.0   500   130    6422 
  sw2_/g3/Q                          -       A->Q  R     BTHX4          4  89.4   500   218    6640 
  sw1_/g11/Q                         -       A->Q  R     BTHX16         9  80.5   500   100    6740 
  alu_/b2v_input_bit_select/g33/Q    -       B->Q  F     NO2I1X4        1  14.9   102    45    6785 
  alu_/g1/Q                          -       A->Q  F     BTHX4          6  63.5   500   185    6970 
  alu_/g9/Q                          -       A->Q  F     BTHX6          5  47.9   500   367    7337 
  alu_/b2v_input_shift/g2/Q          -       A->Q  F     AND2X4         1  12.3    47   190    7527 
  alu_/b2v_input_shift/g151/Q        -       B->Q  R     NO2I1X2        1  12.3   115    72    7599 
  alu_/b2v_input_shift/g138/Q        -       A->Q  F     NA2X2          1  14.9    87    58    7657 
  alu_/g75/Q                         -       A->Q  F     BTHX4          5  50.8   500   170    7827 
  alu_/g16/Q                         -       A->Q  F     BTHX2          5  43.6   500   364    8191 
  sw2_/g34/Q                         -       A->Q  R     INX2           1  15.9   150   139    8329 
  sw2_/g4/Q                          -       A->Q  F     ITLX1          4  54.1   500   142    8471 
  sw1_/g12/Q                         -       A->Q  F     BTLX8          7  69.9   500   230    8701 
  alu_/b2v_input_bit_select/fopt76/Q -       A->Q  F     BUX2           2  24.3    78   193    8894 
  alu_/b2v_input_bit_select/fopt75/Q -       A->Q  F     BUX1           3  28.4   137   165    9059 
  alu_/b2v_input_bit_select/g68/Q    -       A->Q  R     NA2X2          2  19.7   136    99    9158 
  alu_/b2v_input_bit_select/g64/Q    -       B->Q  F     NO2I1X1        1  14.9   101    86    9244 
  alu_/g353/Q                        -       A->Q  F     BTHX4          5  59.5   500   182    9426 
  alu_/g10/Q                         -       A->Q  F     BTHX2          5  37.8   500   287    9713 
  sw2_/g6/Q                          -       A->Q  F     BTLX2          4  53.6   500   339   10052 
  sw1_/g84/Q                         -       A->Q  R     INX2           1  15.9   168   154   10206 
  sw1_/g14/Q                         -       A->Q  F     ITHX1          3  34.7   500   110   10316 
  data_pins_/g354/Q                  -       A->Q  R     INX2           1  11.2   128   117   10434 
  data_pins_/g338/Q                  -       B->Q  F     ON21X1         1   8.9   109    93   10527 
  data_pins_/dout_reg[2]/D           -       -     F     DFFQX0         1     -     -     0   10527 
#---------------------------------------------------------------------------------------------------

