============================================================
  Generated by:           Genus(TM) Synthesis Solution GENUS15.22 - 15.20-s024_1
  Generated on:           Apr 11 2022  06:44:04 pm
  Module:                 z80_top_direct_n
  Interconnect mode:      global
  Area mode:              physical library
============================================================


Path 1: VIOLATED (-193 ps) Late External Delay Assertion at pin alu_/RC_CG_HIER_INST8/g10/B
          Group: CLK
     Startpoint: (R) alu_/RC_CG_HIER_INST8/enl_reg/G
          Clock: (R) CLK
       Endpoint: (F) alu_/RC_CG_HIER_INST8/g10/B
          Clock: (F) CLK

                     Capture       Launch     
        Clock Edge:+    1000            0     
       Src Latency:+       0            0     
       Net Latency:+       0 (I)        0 (I) 
           Arrival:=    1000            0     
                                              
      Output Delay:-       0                  
     Required Time:=    1000                  
      Launch Clock:-       0                  
         Data Path:-    1193                  
             Slack:=    -193                  

#-----------------------------------------------------------------------------------------------------
#          Timing Point           Flags   Arc   Edge      Cell        Fanout Load Trans Delay Arrival 
#                                                                            (fF)  (ps)  (ps)   (ps)  
#-----------------------------------------------------------------------------------------------------
  alu_/RC_CG_HIER_INST8/enl_reg/G -       -     R     (arrival)            -    -     -     -       0 
  -                               -       -     R     latch_d_arrival      -    -     -     -     912 
  alu_/RC_CG_HIER_INST8/enl_reg/Q -       -     R     DLHQX1               1 12.4   149  1134    1134 
  alu_/RC_CG_HIER_INST8/fopt11/Q  -       A->Q  F     INX1                 1  9.2    71    59    1193 
  alu_/RC_CG_HIER_INST8/g10/B     (b)     -     F     OR2X1                -    -     -     0    1193 
#-----------------------------------------------------------------------------------------------------

(b) : Timing paths are broken.

