============================================================
  Generated by:           Genus(TM) Synthesis Solution GENUS15.22 - 15.20-s024_1
  Generated on:           Apr 11 2022  06:44:04 pm
  Module:                 z80_top_direct_n
  Interconnect mode:      global
  Area mode:              physical library
============================================================


Path 1: VIOLATED (-8078 ps) Setup Check with Pin data_pins_/dout_reg[2]/CN->D
          Group: C2C
     Startpoint: (R) ir__opcode_reg[0]/C
          Clock: (R) CLK
       Endpoint: (F) data_pins_/dout_reg[2]/D
          Clock: (F) CLK

                     Capture       Launch     
        Clock Edge:+    1000            0     
       Src Latency:+       0            0     
       Net Latency:+       0 (I)        0 (I) 
           Arrival:=    1000            0     
                                              
             Setup:-     168                  
     Required Time:=     832                  
      Launch Clock:-       0                  
         Data Path:-    8910                  
             Slack:=   -8078                  

#-------------------------------------------------------------------------------------------------------
#              Timing Point               Flags   Arc   Edge   Cell     Fanout Load Trans Delay Arrival 
#                                                                              (fF)  (ps)  (ps)   (ps)  
#-------------------------------------------------------------------------------------------------------
  ir__opcode_reg[0]/C                     -       -     R     (arrival)      8    -     0     -       0 
  ir__opcode_reg[0]/Q                     -       C->Q  R     DFRRX4         2 54.5   155   332     332 
  pla_decode_/g3455/Q                     -       A->Q  F     INX8           2 66.4    65    53     385 
  pla_decode_/g3453/Q                     -       A->Q  R     INX8           2 66.4    59    46     432 
  pla_decode_/g3484/Q                     -       A->Q  F     INX8           2 27.6    33    30     461 
  pla_decode_/g3474/Q                     -       A->Q  F     AND3X4         1 12.5    44    98     559 
  pla_decode_/g3471/Q                     -       A->Q  F     AND3X4         4 46.8    78   130     689 
  execute_/g25525/Q                       -       A->Q  R     NA2X4          2 43.8   139    90     779 
  execute_/g25505/Q                       -       AN->Q R     NA2I1X4        2 41.0   141   123     902 
  execute_/g25499/Q                       -       A->Q  F     INX4           2 32.2    61    51     952 
  execute_/g47437/Q                       -       B->Q  R     NO2X4          2 24.3   114    89    1041 
  execute_/g46716/Q                       -       A->Q  F     NA2X4          2 18.0    60    46    1088 
  execute_/g44960/Q                       -       E->Q  F     OR6X2          2 24.4   134   192    1280 
  execute_/g44894/Q                       -       B->Q  R     NO2I1X4        2 26.8   126    94    1374 
  execute_/g44851/Q                       -       A->Q  F     NA2X4          3 28.0    73    56    1430 
  execute_/g44816/Q                       -       B->Q  R     NO2I1X4        2 26.8   122    81    1511 
  execute_/g44781/Q                       -       A->Q  F     NA2X4          2 24.4    78    53    1564 
  execute_/g44751/Q                       -       B->Q  R     NO2I1X4        3 27.9   125    84    1648 
  execute_/g44664/Q                       -       A->Q  F     NA6X4          2 31.3    64   215    1863 
  execute_/g44657/Q                       -       B->Q  R     NO2I1X4        2 31.2   133    85    1948 
  execute_/g44641/Q                       -       A->Q  F     NA2X4          2 26.9    74    56    2004 
  execute_/fopt47891/Q                    -       A->Q  F     BUX2           2 25.5    72   114    2119 
  execute_/g48013/Q                       -       A->Q  F     AND2X4         2 19.4    49   104    2222 
  execute_/g44589/Q                       -       D->Q  F     OR6X2          1 18.1   115   190    2412 
  execute_/g44575/Q                       -       A->Q  R     NO2X4          1 22.7   115    84    2496 
  execute_/g44564/Q                       -       C->Q  F     NA3X4          1 18.1    78    65    2561 
  execute_/g44556/Q                       -       B->Q  R     NO2I1X4        1 20.2   105    73    2634 
  execute_/g44546/Q                       -       B->Q  F     NA2I1X4        1  9.9    48    44    2678 
  execute_/g44531/Q                       -       A->Q  F     OR6X2          1 18.1   115   167    2845 
  alu_flags_/g462/Q                       -       A->Q  R     NO2X4          2 34.0   143   100    2945 
  alu_flags_/fopt502/Q                    -       A->Q  F     INX2           1 20.2    68    57    3002 
  alu_flags_/g460/Q                       -       B->Q  R     NA2I1X4        1 18.0    84    68    3070 
  alu_flags_/g458/Q                       -       A->Q  F     NA2X4          3 32.5    73    56    3126 
  execute_/g25428/Q                       -       B->Q  R     NO2I1X4        1 18.1   100    69    3194 
  execute_/g25427/Q                       -       A->Q  F     NO2X4          1 18.0    75    42    3236 
  execute_/g25426/Q                       -       A->Q  R     NA2X4          2 32.5   118    76    3313 
  alu_flags_/g456/Q                       -       A->Q  F     NA2X4          1 20.2    68    49    3362 
  alu_flags_/g455/Q                       -       B->Q  R     NA2I1X4        2 23.6    93    73    3435 
  alu_control_/g71/Q                      -       A->Q  F     NA2X4          1 18.0    64    45    3480 
  alu_control_/g70/Q                      -       A->Q  R     NA2X4          2 18.6    95    58    3538 
  alu_/b2v_core/b2v_alu_slice_bit_0/g75/Q -       A->Q  R     AND2X4         1 18.1    65   101    3639 
  alu_/b2v_core/b2v_alu_slice_bit_0/g74/Q -       B->Q  F     NO2I1X4        2 24.4    68    41    3681 
  alu_/b2v_core/b2v_alu_slice_bit_0/g2/Q  -       A->Q  R     NO2X4          2 18.6   136    68    3749 
  alu_/b2v_core/b2v_alu_slice_bit_1/g76/Q -       A->Q  R     AND2X4         1 18.1    64   105    3854 
  alu_/b2v_core/b2v_alu_slice_bit_1/g75/Q -       B->Q  F     NO2I1X4        2 24.4    68    41    3895 
  alu_/b2v_core/b2v_alu_slice_bit_1/g84/Q -       A->Q  R     NO2X4          2 26.8   155    80    3975 
  alu_/b2v_core/b2v_alu_slice_bit_2/g76/Q -       A->Q  F     NA2X4          1 18.0    66    48    4023 
  alu_/b2v_core/b2v_alu_slice_bit_2/g75/Q -       A->Q  R     NA2X4          3 43.2   141    86    4109 
  alu_/b2v_core/b2v_alu_slice_bit_2/g71/Q -       B->Q  F     NA3I1X4        1 18.0    92    66    4175 
  alu_/b2v_core/b2v_alu_slice_bit_2/g69/Q -       A->Q  R     NA2X4          1 18.0    85    65    4240 
  alu_/b2v_core/b2v_alu_slice_bit_2/g68/Q -       A->Q  F     NA2X4          2 30.5    70    55    4294 
  alu_/g46/Q                              -       A->Q  F     BTHX8          1 39.5   500   136    4430 
  alu_/fopt385/Q                          -       A->Q  R     INX4           2 24.7   136   121    4551 
  alu_/g14/Q                              -       A->Q  F     ITHX1          5 44.4   500   122    4673 
  alu_/b2v_input_shift/g111/Q             -       A->Q  R     NA2X4          1 18.0   132   140    4814 
  alu_/b2v_input_shift/g132/Q             -       A->Q  F     NA2X4          1 30.0    95    59    4872 
  alu_/g74/Q                              -       A->Q  F     BTHX12         2 44.1   500   130    5003 
  alu_/g15/Q                              -       A->Q  F     BTHX8          3 50.6   500   268    5271 
  sw2_/g3/Q                               -       A->Q  F     BTHX12         4 68.6   500   213    5484 
  sw1_/g11/Q                              -       A->Q  F     BTHX16         5 58.3   500   299    5783 
  alu_/b2v_input_bit_select/g33/Q         -       B->Q  R     NO2I1X4        1 14.9   140   143    5926 
  alu_/g1/Q                               -       A->Q  R     BTHX4          2 37.3   500   151    6077 
  alu_/g9/Q                               -       A->Q  R     BTHX4          5 43.5   500   186    6263 
  alu_/b2v_input_shift/g2/Q               -       A->Q  R     AND2X4         1 18.1    70   130    6393 
  alu_/b2v_input_shift/g153/Q             (p)     B->Q  F     NO2I1X4        1 18.0    61    38    6430 
  alu_/b2v_input_shift/g138/Q             -       A->Q  R     NA2X4          1 30.0   126    70    6501 
  alu_/g75/Q                              -       A->Q  R     BTHX12         3 73.5   500   133    6633 
  alu_/g16/Q                              -       A->Q  R     BTHX20         5 70.9   500   110    6744 
  sw2_/fopt48/Q                           -       A->Q  F     INX8           1 17.7   242    21    6765 
  sw2_/g4/Q                               -       A->Q  R     ITLX12         4 54.1   500   231    6996 
  sw1_/g12/Q                              -       A->Q  R     BTLX8          7 69.9   500   170    7166 
  alu_/b2v_input_bit_select/g62/Q         -       A->Q  F     NO3X4          1 20.9   119    66    7232 
  alu_/g220/Q                             -       A->Q  R     INX3           1 15.9    55    49    7280 
  alu_/g3/Q                               -       A->Q  F     ITHX1          2 44.1   500   112    7393 
  alu_/g11/Q                              -       A->Q  F     BTHX8          4 51.5   500   223    7615 
  alu_/b2v_input_shift/fopt164/Q          -       A->Q  R     INX4           1 11.2    89    80    7696 
  alu_/b2v_input_shift/g118/Q             -       A->Q  F     ON21X1         1 21.7   177   115    7810 
  alu_/g69/Q                              -       A->Q  F     BTHX8          2 52.4   500   164    7975 
  alu_/g10/Q                              -       A->Q  F     BTHX12         5 41.7   500   204    8179 
  sw2_/g6/Q                               -       A->Q  F     BTLX4          4 58.3   500   301    8480 
  sw1_/fopt/Q                             -       A->Q  R     INX4           1 15.9   146   127    8607 
  sw1_/g14/Q                              -       A->Q  F     ITHX1          3 34.7   500   108    8715 
  data_pins_/g354/Q                       -       A->Q  R     INX2           1 11.2   128   117    8832 
  data_pins_/g338/Q                       -       A->Q  F     ON21X1         1  8.9   109    78    8910 
  data_pins_/dout_reg[2]/D                -       -     F     DFFQX0         1    -     -     0    8910 
#-------------------------------------------------------------------------------------------------------

(p) : Instance is preserved but may be resized

