============================================================
  Generated by:           Genus(TM) Synthesis Solution GENUS15.22 - 15.20-s024_1
  Generated on:           Apr 11 2022  06:44:28 pm
  Module:                 z80_top_direct_n
  Interconnect mode:      global
  Area mode:              physical library
============================================================

                                  Leakage     Internal   
  Gate    Instances     Area    Power (nW)   Power (nW)              Library            
----------------------------------------------------------------------------------------
AN211X0           2      30.744      0.052         0.000    D_CELLS_MOSST_typ_1_80V_25C 
AN211X1          26     479.606      0.580       215.721    D_CELLS_MOSST_typ_1_80V_25C 
AN21X1           35     430.416      0.833      8716.625    D_CELLS_MOSST_typ_1_80V_25C 
AN221X0           3      55.339      0.102         9.216    D_CELLS_MOSST_typ_1_80V_25C 
AN221X1          10     215.208      0.288        10.359    D_CELLS_MOSST_typ_1_80V_25C 
AN222X0           1      21.521      0.043         0.000    D_CELLS_MOSST_typ_1_80V_25C 
AN222X1           2      49.190      0.075         0.000    D_CELLS_MOSST_typ_1_80V_25C 
AN22X1            6      92.232      0.184        -0.130    D_CELLS_MOSST_typ_1_80V_25C 
AN31X1            3      46.116      0.074         9.375    D_CELLS_MOSST_typ_1_80V_25C 
AN32X1            1      18.446      0.031         2.109    D_CELLS_MOSST_typ_1_80V_25C 
AN33X1            3      64.562      0.090      2580.354    D_CELLS_MOSST_typ_1_80V_25C 
AND2X0           33     405.821      1.342     18752.323    D_CELLS_MOSST_typ_1_80V_25C 
AND2X1          205    2521.008      5.820     53495.960    D_CELLS_MOSST_typ_1_80V_25C 
AND2X2           40     737.856      1.755      9428.849    D_CELLS_MOSST_typ_1_80V_25C 
AND2X4           48    1328.141      4.255     62767.302    D_CELLS_MOSST_typ_1_80V_25C 
AND3X1           84    1291.248      1.972      1977.190    D_CELLS_MOSST_typ_1_80V_25C 
AND3X2           22     473.458      0.821      5942.413    D_CELLS_MOSST_typ_1_80V_25C 
AND3X4           28     946.915      2.184      1008.879    D_CELLS_MOSST_typ_1_80V_25C 
AND4X1           66    1623.283      2.813      2562.166    D_CELLS_MOSST_typ_1_80V_25C 
AND4X2            9     276.696      0.507     10651.707    D_CELLS_MOSST_typ_1_80V_25C 
AND5X1           76    2102.890      2.825      2755.656    D_CELLS_MOSST_typ_1_80V_25C 
AND5X2           18     608.731      0.895     44684.684    D_CELLS_MOSST_typ_1_80V_25C 
AND6X1          290    8915.760      9.468     31047.987    D_CELLS_MOSST_typ_1_80V_25C 
AND6X2           96    3541.709      4.327    140678.652    D_CELLS_MOSST_typ_1_80V_25C 
AO211X1           3      64.562      0.118     17554.497    D_CELLS_MOSST_typ_1_80V_25C 
AO21X0            1      15.372      0.064        14.974    D_CELLS_MOSST_typ_1_80V_25C 
AO21X1            4      73.786      0.163      5981.413    D_CELLS_MOSST_typ_1_80V_25C 
AO21X4            1      27.670      0.100         0.000    D_CELLS_MOSST_typ_1_80V_25C 
AO221X0           1      21.521      0.070         0.000    D_CELLS_MOSST_typ_1_80V_25C 
AO221X1           3      73.786      0.130      2405.876    D_CELLS_MOSST_typ_1_80V_25C 
AO22X1            7     150.646      0.291      3378.896    D_CELLS_MOSST_typ_1_80V_25C 
AO32X1            1      24.595      0.038       135.107    D_CELLS_MOSST_typ_1_80V_25C 
BTHX1           273    6714.490     20.313    869983.710    D_CELLS_MOSST_typ_1_80V_25C 
BTHX12            5     399.672      1.664    308560.193    D_CELLS_MOSST_typ_1_80V_25C 
BTHX16            1      95.306      0.416     13819.129    D_CELLS_MOSST_typ_1_80V_25C 
BTHX2             4     110.678      0.371     19352.501    D_CELLS_MOSST_typ_1_80V_25C 
BTHX20            1     119.902      0.540    278669.778    D_CELLS_MOSST_typ_1_80V_25C 
BTHX4             3     119.902      0.391     20253.635    D_CELLS_MOSST_typ_1_80V_25C 
BTHX8             6     332.035      1.335    188733.253    D_CELLS_MOSST_typ_1_80V_25C 
BTLX4             1      39.967      0.130     43395.210    D_CELLS_MOSST_typ_1_80V_25C 
BTLX8             2     110.678      0.445     12419.559    D_CELLS_MOSST_typ_1_80V_25C 
BUCX8             1      39.967      0.172     31868.743    D_CELLS_MOSST_typ_1_80V_25C 
BUX0             73     897.725      3.796    275656.201    D_CELLS_MOSST_typ_1_80V_25C 
BUX1             34     418.118      1.332     26216.270    D_CELLS_MOSST_typ_1_80V_25C 
BUX12             5     307.440      1.866     71200.546    D_CELLS_MOSST_typ_1_80V_25C 
BUX16             2     166.018      1.015      3138.200    D_CELLS_MOSST_typ_1_80V_25C 
BUX2             33     507.276      2.120     86837.968    D_CELLS_MOSST_typ_1_80V_25C 
BUX3              8     172.166      0.773     19053.501    D_CELLS_MOSST_typ_1_80V_25C 
BUX4              5     122.976      0.642     39752.977    D_CELLS_MOSST_typ_1_80V_25C 
BUX6              8     270.547      1.488     49168.754    D_CELLS_MOSST_typ_1_80V_25C 
BUX8             15     645.624      3.808    119578.372    D_CELLS_MOSST_typ_1_80V_25C 
DFFQX0            1      49.190      0.185      2497.844    D_CELLS_MOSST_typ_1_80V_25C 
DFFQX1            3     156.794      0.456    125430.904    D_CELLS_MOSST_typ_1_80V_25C 
DFFQX2           32    1770.854      5.115    586800.055    D_CELLS_MOSST_typ_1_80V_25C 
DFFRQX2          13     839.311      1.606    515687.713    D_CELLS_MOSST_typ_1_80V_25C 
DFFRX2            1      70.711      0.142     49193.502    D_CELLS_MOSST_typ_1_80V_25C 
DFFSQX2           1      61.488      0.151     35893.828    D_CELLS_MOSST_typ_1_80V_25C 
DFFSQX4           1      73.786      0.182      1951.387    D_CELLS_MOSST_typ_1_80V_25C 
DFFX0             7     365.854      1.345     15601.888    D_CELLS_MOSST_typ_1_80V_25C 
DFRQX0            1      49.190      0.183     38686.562    D_CELLS_MOSST_typ_1_80V_25C 
DFRQX1          232   12125.434     34.527   1904100.873    D_CELLS_MOSST_typ_1_80V_25C 
DFRQX2            3     166.018      0.468     65968.386    D_CELLS_MOSST_typ_1_80V_25C 
DFRQX4            1      70.711      0.177     18618.120    D_CELLS_MOSST_typ_1_80V_25C 
DFRRQX1           9     553.392      0.843    214809.003    D_CELLS_MOSST_typ_1_80V_25C 
DFRRQX2          13     839.311      1.455    473958.290    D_CELLS_MOSST_typ_1_80V_25C 
DFRRQX4           7     581.062      1.058    235869.937    D_CELLS_MOSST_typ_1_80V_25C 
DFRRSQX1         15    1014.552      1.969    143988.656    D_CELLS_MOSST_typ_1_80V_25C 
DFRRX4           11    1014.552      1.717    219590.440    D_CELLS_MOSST_typ_1_80V_25C 
DFRSQX4           3     221.357      0.538     85357.483    D_CELLS_MOSST_typ_1_80V_25C 
DFRX4             1      83.009      0.178     72243.470    D_CELLS_MOSST_typ_1_80V_25C 
DLHQX1            7     258.250      0.663    208107.323    D_CELLS_MOSST_typ_1_80V_25C 
DLLQX1           31    1143.677      2.936    856950.710    D_CELLS_MOSST_typ_1_80V_25C 
DLLQX2            1      36.893      0.110     32673.722    D_CELLS_MOSST_typ_1_80V_25C 
DLLRQX1           2      79.934      0.147     66006.210    D_CELLS_MOSST_typ_1_80V_25C 
EN2X0            11     169.092      0.522      7644.440    D_CELLS_MOSST_typ_1_80V_25C 
EN2X1             9     193.687      0.409     25247.389    D_CELLS_MOSST_typ_1_80V_25C 
EN3X4             1      55.339      0.169     47460.950    D_CELLS_MOSST_typ_1_80V_25C 
EO2X1            26     559.541      1.320    117560.662    D_CELLS_MOSST_typ_1_80V_25C 
HAX1              1      30.744      0.056      4886.591    D_CELLS_MOSST_typ_1_80V_25C 
HAX2              4     147.571      0.253         0.000    D_CELLS_MOSST_typ_1_80V_25C 
INX1            562    3455.626     11.275    529263.490    D_CELLS_MOSST_typ_1_80V_25C 
INX12             1      58.414      0.339         0.000    D_CELLS_MOSST_typ_1_80V_25C 
INX16             1      73.786      0.471         0.000    D_CELLS_MOSST_typ_1_80V_25C 
INX2            156    1438.819      6.297     60318.856    D_CELLS_MOSST_typ_1_80V_25C 
INX20             1      95.306      0.628      9030.054    D_CELLS_MOSST_typ_1_80V_25C 
INX3             56     860.832      3.442     96179.861    D_CELLS_MOSST_typ_1_80V_25C 
INX4             50     922.320      4.223    140795.722    D_CELLS_MOSST_typ_1_80V_25C 
INX6             20     430.416      2.302     19956.248    D_CELLS_MOSST_typ_1_80V_25C 
INX8             36    1106.784      5.949    262830.892    D_CELLS_MOSST_typ_1_80V_25C 
ITHCX16          11     946.915      3.578     99400.702    D_CELLS_MOSST_typ_1_80V_25C 
ITHCX8            1      55.339      0.184     19650.136    D_CELLS_MOSST_typ_1_80V_25C 
ITHX0            93    1143.677      3.426    102144.543    D_CELLS_MOSST_typ_1_80V_25C 
ITHX1            15     276.696      0.555    106685.246    D_CELLS_MOSST_typ_1_80V_25C 
ITLX0            10     122.976      0.368      5399.883    D_CELLS_MOSST_typ_1_80V_25C 
ITLX1            17     313.589      0.635    114761.072    D_CELLS_MOSST_typ_1_80V_25C 
ITLX12            1      86.083      0.381    101664.683    D_CELLS_MOSST_typ_1_80V_25C 
MU2IX1            8     147.571      0.371     27743.585    D_CELLS_MOSST_typ_1_80V_25C 
MU2IX2            2      73.786      0.201      6880.250    D_CELLS_MOSST_typ_1_80V_25C 
MU2IX4            1      67.637      0.149     31290.872    D_CELLS_MOSST_typ_1_80V_25C 
MU2X1            16     393.523      0.988     61563.480    D_CELLS_MOSST_typ_1_80V_25C 
NA2I1X0           3      36.893      0.152      6482.501    D_CELLS_MOSST_typ_1_80V_25C 
NA2I1X1          31     476.532      1.213     37919.304    D_CELLS_MOSST_typ_1_80V_25C 
NA2I1X2          47     866.981      2.575      9440.820    D_CELLS_MOSST_typ_1_80V_25C 
NA2I1X4          68    2090.592      7.259    123725.334    D_CELLS_MOSST_typ_1_80V_25C 
NA2X1           470    4334.904      8.910    121499.997    D_CELLS_MOSST_typ_1_80V_25C 
NA2X2           217    3335.724      8.227     31871.276    D_CELLS_MOSST_typ_1_80V_25C 
NA2X4           231    7101.864     17.515    137001.417    D_CELLS_MOSST_typ_1_80V_25C 
NA3I1X0           2      30.744      0.094      1238.626    D_CELLS_MOSST_typ_1_80V_25C 
NA3I1X1          10     184.464      0.371     10277.285    D_CELLS_MOSST_typ_1_80V_25C 
NA3I1X2          10     276.696      0.510     12971.818    D_CELLS_MOSST_typ_1_80V_25C 
NA3I1X4          37    1478.786      3.735     74364.199    D_CELLS_MOSST_typ_1_80V_25C 
NA3I2X1           2      43.042      0.114       263.498    D_CELLS_MOSST_typ_1_80V_25C 
NA3I2X2           1      30.744      0.068         0.000    D_CELLS_MOSST_typ_1_80V_25C 
NA3I2X4           7     344.333      0.947     48940.844    D_CELLS_MOSST_typ_1_80V_25C 
NA3X1            66     811.642      1.111     16217.022    D_CELLS_MOSST_typ_1_80V_25C 
NA3X2            39     959.213      1.321     19932.402    D_CELLS_MOSST_typ_1_80V_25C 
NA3X4            21     968.436      1.422      7600.893    D_CELLS_MOSST_typ_1_80V_25C 
NA4X1             5     138.348      0.326       327.746    D_CELLS_MOSST_typ_1_80V_25C 
NA5X1            10     307.440      0.601      1689.582    D_CELLS_MOSST_typ_1_80V_25C 
NA6I1X1           3     110.678      0.228      2045.745    D_CELLS_MOSST_typ_1_80V_25C 
NA6I1X4           2     104.530      0.309      2139.904    D_CELLS_MOSST_typ_1_80V_25C 
NA6I3X1           3     110.678      0.275       562.864    D_CELLS_MOSST_typ_1_80V_25C 
NA6I3X2           1      39.967      0.120         0.000    D_CELLS_MOSST_typ_1_80V_25C 
NA6I3X4           1      49.190      0.158      1063.849    D_CELLS_MOSST_typ_1_80V_25C 
NA6X1            15     507.276      0.838      9169.592    D_CELLS_MOSST_typ_1_80V_25C 
NA6X4             1      52.265      0.148       493.821    D_CELLS_MOSST_typ_1_80V_25C 
NO2I1X1         106    1303.546      4.213     66739.325    D_CELLS_MOSST_typ_1_80V_25C 
NO2I1X2         103    2216.642      5.779    106519.764    D_CELLS_MOSST_typ_1_80V_25C 
NO2I1X4         126    3873.744     12.370    462614.156    D_CELLS_MOSST_typ_1_80V_25C 
NO2X1           224    2065.997      4.385     66442.356    D_CELLS_MOSST_typ_1_80V_25C 
NO2X2           102    1567.944      3.994     19440.267    D_CELLS_MOSST_typ_1_80V_25C 
NO2X4            50    1383.480      3.598     45177.816    D_CELLS_MOSST_typ_1_80V_25C 
NO3I1X1           9     166.018      0.330     12066.324    D_CELLS_MOSST_typ_1_80V_25C 
NO3I1X2           2      55.339      0.100         6.086    D_CELLS_MOSST_typ_1_80V_25C 
NO3I1X4           3     138.348      0.272         4.765    D_CELLS_MOSST_typ_1_80V_25C 
NO3I2X1           6     129.125      0.341      1731.728    D_CELLS_MOSST_typ_1_80V_25C 
NO3X0             1      12.298      0.020        48.803    D_CELLS_MOSST_typ_1_80V_25C 
NO3X1            25     384.300      0.410     20172.846    D_CELLS_MOSST_typ_1_80V_25C 
NO3X2            13     319.738      0.426     16487.452    D_CELLS_MOSST_typ_1_80V_25C 
NO3X4            14     559.541      0.876      4502.114    D_CELLS_MOSST_typ_1_80V_25C 
NO4I2X1           3      92.232      0.219       618.960    D_CELLS_MOSST_typ_1_80V_25C 
NO4X2             2      61.488      0.128      4244.339    D_CELLS_MOSST_typ_1_80V_25C 
NO4X4             1      36.893      0.099      3947.200    D_CELLS_MOSST_typ_1_80V_25C 
NO5I1X1           1      33.818      0.080         0.000    D_CELLS_MOSST_typ_1_80V_25C 
NO5I3X1           3     101.455      0.193         0.000    D_CELLS_MOSST_typ_1_80V_25C 
NO6I1X1           1      43.042      0.100         0.000    D_CELLS_MOSST_typ_1_80V_25C 
NO6I1X4           1      52.265      0.128         0.000    D_CELLS_MOSST_typ_1_80V_25C 
NO6I4X1           3     129.125      0.283      8798.738    D_CELLS_MOSST_typ_1_80V_25C 
NO6X0             2      67.637      0.123      3694.271    D_CELLS_MOSST_typ_1_80V_25C 
NO6X1             3     110.678      0.159       164.093    D_CELLS_MOSST_typ_1_80V_25C 
OA211X0           1      18.446      0.039        87.081    D_CELLS_MOSST_typ_1_80V_25C 
OA211X1          13     279.770      0.366         0.000    D_CELLS_MOSST_typ_1_80V_25C 
OA211X2           3      73.786      0.120         4.948    D_CELLS_MOSST_typ_1_80V_25C 
OA21X0            3      46.116      0.157         0.000    D_CELLS_MOSST_typ_1_80V_25C 
OA21X1            5      92.232      0.176       381.682    D_CELLS_MOSST_typ_1_80V_25C 
OA21X2            2      43.042      0.101         4.907    D_CELLS_MOSST_typ_1_80V_25C 
OA221X1           2      49.190      0.070         0.000    D_CELLS_MOSST_typ_1_80V_25C 
OA222X0           1      24.595      0.065         0.000    D_CELLS_MOSST_typ_1_80V_25C 
OA22X0            1      18.446      0.066         0.000    D_CELLS_MOSST_typ_1_80V_25C 
OA22X1            3      64.562      0.123         0.000    D_CELLS_MOSST_typ_1_80V_25C 
ON211X0           1      15.372      0.026         0.000    D_CELLS_MOSST_typ_1_80V_25C 
ON211X1          13     239.803      0.268       195.586    D_CELLS_MOSST_typ_1_80V_25C 
ON21X0            2      24.595      0.062        17.188    D_CELLS_MOSST_typ_1_80V_25C 
ON21X1           28     430.416      0.678     12814.275    D_CELLS_MOSST_typ_1_80V_25C 
ON221X0           2      36.893      0.066         0.000    D_CELLS_MOSST_typ_1_80V_25C 
ON221X1           5     122.976      0.136         1.302    D_CELLS_MOSST_typ_1_80V_25C 
ON222X0           1      21.521      0.040         0.000    D_CELLS_MOSST_typ_1_80V_25C 
ON22X0            2      30.744      0.071         9.896    D_CELLS_MOSST_typ_1_80V_25C 
ON22X1            7     129.125      0.214     10395.857    D_CELLS_MOSST_typ_1_80V_25C 
ON31X1            3      55.339      0.077         0.000    D_CELLS_MOSST_typ_1_80V_25C 
ON321X1           1      24.595      0.028     17060.509    D_CELLS_MOSST_typ_1_80V_25C 
ON32X1            2      43.042      0.064      8129.048    D_CELLS_MOSST_typ_1_80V_25C 
OR2X1            37     455.011      1.573     63178.228    D_CELLS_MOSST_typ_1_80V_25C 
OR2X2            22     338.184      1.370     42754.346    D_CELLS_MOSST_typ_1_80V_25C 
OR2X4            17     418.118      1.821     16641.136    D_CELLS_MOSST_typ_1_80V_25C 
OR3X0             1      15.372      0.062        63.608    D_CELLS_MOSST_typ_1_80V_25C 
OR3X1             3      55.339      0.120     11578.084    D_CELLS_MOSST_typ_1_80V_25C 
OR3X4             1      33.818      0.122     20567.810    D_CELLS_MOSST_typ_1_80V_25C 
OR4X1             2      49.190      0.114      8734.033    D_CELLS_MOSST_typ_1_80V_25C 
OR4X2             2      61.488      0.137       204.782    D_CELLS_MOSST_typ_1_80V_25C 
OR4X4             1      43.042      0.164     24760.999    D_CELLS_MOSST_typ_1_80V_25C 
OR5X1             3      83.009      0.152     17987.100    D_CELLS_MOSST_typ_1_80V_25C 
OR5X2             2      67.637      0.124         0.000    D_CELLS_MOSST_typ_1_80V_25C 
OR6X1             5     169.092      0.362         0.000    D_CELLS_MOSST_typ_1_80V_25C 
OR6X2            16     737.856      1.239     16574.106    D_CELLS_MOSST_typ_1_80V_25C 
SDFRQX1           1      70.711      0.183     45843.331    D_CELLS_MOSST_typ_1_80V_25C 
SDFRQX2           1      70.711      0.192     65606.089    D_CELLS_MOSST_typ_1_80V_25C 
SDFRRQX1          5     384.300      0.664    219160.071    D_CELLS_MOSST_typ_1_80V_25C 
SDFRRQX2          2     166.018      0.285    132764.746    D_CELLS_MOSST_typ_1_80V_25C 
----------------------------------------------------------------------------------------
total          5443  117970.877    298.435  13128955.065                                


                                             Leakage  Leakage   Internal   Internal 
     Type      Instances    Area    Area % Power (nW) Power %  Power (nW)   Power % 
------------------------------------------------------------------------------------
sequential           405  22317.070   18.9     57.476    19.3  6433360.542     49.0 
inverter             883   8442.302    7.2     34.927    11.7  1118375.124      8.5 
buffer               184   3547.858    3.0     17.013     5.7   722471.532      5.5 
tristate             444  10987.906    9.3     34.733    11.6  2304893.233     17.6 
logic               3527  72675.742   61.6    154.287    51.7  2549854.635     19.4 
physical_cells         0      0.000    0.0      0.000     0.0        0.000      0.0 
------------------------------------------------------------------------------------
total               5443 117970.877  100.0    298.435   100.0 13128955.065    100.0 

