============================================================
  Generated by:           Genus(TM) Synthesis Solution GENUS15.22 - 15.20-s024_1
  Generated on:           Apr 11 2022  06:44:12 pm
  Module:                 z80_top_direct_n
  Interconnect mode:      global
  Area mode:              physical library
============================================================

         Instance           Cells  Cell Area  Net Area   Total Area 
--------------------------------------------------------------------
z80_top_direct_n             5443     117971     66238       184209 
  execute_                   3176      61534     41520       103054 
  reg_file_                   847      23089      6548        29636 
    b2v_latch_pc_lo            29        639       150          789 
    b2v_latch_pc_hi            29        639       150          789 
    b2v_latch_ir_lo            29        639       150          789 
    b2v_latch_ir_hi            29        639       150          789 
    b2v_latch_hl_lo            21        695        90          785 
    b2v_latch_hl2_lo           21        695        90          785 
    b2v_latch_wz_lo            21        689        90          778 
    b2v_latch_wz_hi            21        689        90          778 
    b2v_latch_iy_lo            21        689        90          778 
    b2v_latch_iy_hi            21        689        90          778 
    b2v_latch_ix_lo            21        689        90          778 
    b2v_latch_ix_hi            21        689        90          778 
    b2v_latch_hl_hi            21        689        90          778 
    b2v_latch_hl2_hi           21        689        90          778 
    b2v_latch_de_lo            21        689        90          778 
    b2v_latch_de_hi            21        689        90          778 
    b2v_latch_de2_lo           21        689        90          778 
    b2v_latch_de2_hi           21        689        90          778 
    b2v_latch_bc_hi            21        689        90          778 
    b2v_latch_bc2_hi           21        689        90          778 
    b2v_latch_af_lo            21        689        90          778 
    b2v_latch_af_hi            21        689        90          778 
    b2v_latch_af2_lo           21        689        90          778 
    b2v_latch_af2_hi           21        689        90          778 
    b2v_latch_sp_lo            19        679        75          754 
    b2v_latch_bc_lo            19        679        75          754 
    b2v_latch_bc2_lo           19        679        75          754 
    b2v_latch_sp_hi            19        676        75          751 
  alu_                        366       7698      2746        10444 
    b2v_core                   58       1156       462         1618 
      b2v_alu_slice_bit_2      15        344       112          456 
      b2v_alu_slice_bit_3      14        323       104          427 
      b2v_alu_slice_bit_1      14        240       104          344 
      b2v_alu_slice_bit_0      14        228       104          332 
    b2v_input_shift            53        802       373         1176 
    b2v_input_bit_select       29        449       208          657 
    b2v_op1_latch_mux_low      19        267       119          387 
    b2v_op2_latch_mux_high     17        200       108          308 
    b2v_op2_latch_mux_low      15        188        75          262 
    b2v_op1_latch_mux_high     13        144        71          215 
    b2v_prep_daa                3         68         0           68 
  pla_decode_                 261       6881      2386         9267 
  address_latch_              227       3926      1973         5899 
    b2v_inst_inc_dec           52       1110       368         1478 
      b2v_dual_adder_0          4         86         7           94 
      b2v_dual_adder_4          4         80        11           91 
      b2v_dual_adder_7          4         80         7           87 
      b2v_dual_adder_2          4         80         7           87 
      b2v_dual_adder_9          4         74        11           85 
      b2v_dual_adder_10         4         74        11           85 
    b2v_inst7                  49        458       302          760 
    b2v_mux                    35        452       197          649 
  alu_flags_                   92       1731       638         2369 
    b2v_inst_mux_cf2            6        126        48          174 
    b2v_inst_mux_cf             1         25         0           25 
  memory_ifc_                  37       1543       290         1833 
  reg_control_                 51       1368       368         1736 
  data_pins_                   64       1288       425         1713 
  address_pins_                38       1365       157         1522 
  sequencer_                   27       1168       134         1302 
  alu_control_                 52        892       339         1230 
    b2v_inst_shift_mux          9        135        78          213 
    b2v_inst_cond_mux           6         86        37          124 
    b2v_inst_pf_sel             5         68        30           98 
  sw1_                         42        649       198          847 
  sw2_                         33        624       135          759 
  pin_control_                 14        301        86          387 
  bus_control_                 10        132        66          198 
  control_pins_                 4         98         0           98 
