============================================================
  Generated by:           Genus(TM) Synthesis Solution GENUS15.22 - 15.20-s024_1
  Generated on:           Apr 19 2022  08:02:06 pm
  Module:                 z80_top_direct_n
  Interconnect mode:      global
  Area mode:              physical library
============================================================

                               
  Gate    Instances    Area                Library            
--------------------------------------------------------------
AN211X0           4     61.488    D_CELLS_MOSST_typ_1_80V_25C 
AN211X1          32    590.285    D_CELLS_MOSST_typ_1_80V_25C 
AN21X1           89   1094.486    D_CELLS_MOSST_typ_1_80V_25C 
AN221X0           2     36.893    D_CELLS_MOSST_typ_1_80V_25C 
AN221X1          15    322.812    D_CELLS_MOSST_typ_1_80V_25C 
AN222X1           2     49.190    D_CELLS_MOSST_typ_1_80V_25C 
AN22X0            1     15.372    D_CELLS_MOSST_typ_1_80V_25C 
AN22X1           24    368.928    D_CELLS_MOSST_typ_1_80V_25C 
AN31X1            6     92.232    D_CELLS_MOSST_typ_1_80V_25C 
AN321X1           1     24.595    D_CELLS_MOSST_typ_1_80V_25C 
AN32X1            1     18.446    D_CELLS_MOSST_typ_1_80V_25C 
AN33X1            3     64.562    D_CELLS_MOSST_typ_1_80V_25C 
AND2X1          255   3135.888    D_CELLS_MOSST_typ_1_80V_25C 
AND2X2            7    129.125    D_CELLS_MOSST_typ_1_80V_25C 
AND2X4            8    221.357    D_CELLS_MOSST_typ_1_80V_25C 
AND3X1           47    722.484    D_CELLS_MOSST_typ_1_80V_25C 
AND3X2            7    150.646    D_CELLS_MOSST_typ_1_80V_25C 
AND3X4            1     33.818    D_CELLS_MOSST_typ_1_80V_25C 
AND4X1            5    122.976    D_CELLS_MOSST_typ_1_80V_25C 
AND5X1           10    276.696    D_CELLS_MOSST_typ_1_80V_25C 
AND5X2            1     33.818    D_CELLS_MOSST_typ_1_80V_25C 
AND6X1           41   1260.504    D_CELLS_MOSST_typ_1_80V_25C 
AO211X1           4     86.083    D_CELLS_MOSST_typ_1_80V_25C 
AO21X0            3     46.116    D_CELLS_MOSST_typ_1_80V_25C 
AO21X1           13    239.803    D_CELLS_MOSST_typ_1_80V_25C 
AO221X1           3     73.786    D_CELLS_MOSST_typ_1_80V_25C 
AO222X1           2     55.339    D_CELLS_MOSST_typ_1_80V_25C 
AO22X0           10    184.464    D_CELLS_MOSST_typ_1_80V_25C 
AO22X1            7    150.646    D_CELLS_MOSST_typ_1_80V_25C 
AO311X1           1     21.521    D_CELLS_MOSST_typ_1_80V_25C 
AO31X1            6    129.125    D_CELLS_MOSST_typ_1_80V_25C 
AO321X1           1     27.670    D_CELLS_MOSST_typ_1_80V_25C 
AO32X1            1     24.595    D_CELLS_MOSST_typ_1_80V_25C 
AO33X1            1     27.670    D_CELLS_MOSST_typ_1_80V_25C 
BTHX1           152   3738.470    D_CELLS_MOSST_typ_1_80V_25C 
BTHX2             1     27.670    D_CELLS_MOSST_typ_1_80V_25C 
BTHX3             1     36.893    D_CELLS_MOSST_typ_1_80V_25C 
BTHX4             1     39.967    D_CELLS_MOSST_typ_1_80V_25C 
BTHX8             4    221.357    D_CELLS_MOSST_typ_1_80V_25C 
BTLX1            93   2287.354    D_CELLS_MOSST_typ_1_80V_25C 
BTLX12            1     79.934    D_CELLS_MOSST_typ_1_80V_25C 
BTLX2             2     55.339    D_CELLS_MOSST_typ_1_80V_25C 
BTLX4             2     79.934    D_CELLS_MOSST_typ_1_80V_25C 
BTLX8             2    110.678    D_CELLS_MOSST_typ_1_80V_25C 
BUX0             73    897.725    D_CELLS_MOSST_typ_1_80V_25C 
BUX1              2     24.595    D_CELLS_MOSST_typ_1_80V_25C 
BUX2              1     15.372    D_CELLS_MOSST_typ_1_80V_25C 
DFFQX0            1     49.190    D_CELLS_MOSST_typ_1_80V_25C 
DFFQX1           26   1358.885    D_CELLS_MOSST_typ_1_80V_25C 
DFFRQX1          12    737.856    D_CELLS_MOSST_typ_1_80V_25C 
DFFSQX1           1     61.488    D_CELLS_MOSST_typ_1_80V_25C 
DFFX1            17    940.766    D_CELLS_MOSST_typ_1_80V_25C 
DFRQX1          227  11864.110    D_CELLS_MOSST_typ_1_80V_25C 
DFRRQX1          34   2090.592    D_CELLS_MOSST_typ_1_80V_25C 
DFRRQX2           3    193.687    D_CELLS_MOSST_typ_1_80V_25C 
DFRRQX4           9    747.079    D_CELLS_MOSST_typ_1_80V_25C 
DFRRX1            1     64.562    D_CELLS_MOSST_typ_1_80V_25C 
DFRRX4            2    184.464    D_CELLS_MOSST_typ_1_80V_25C 
DFRSQX2           1     61.488    D_CELLS_MOSST_typ_1_80V_25C 
DFRSX4            1     86.083    D_CELLS_MOSST_typ_1_80V_25C 
DFRX1             2    110.678    D_CELLS_MOSST_typ_1_80V_25C 
DLHQX1            6    221.357    D_CELLS_MOSST_typ_1_80V_25C 
DLHRX1            1     43.042    D_CELLS_MOSST_typ_1_80V_25C 
DLLQX1           35   1291.248    D_CELLS_MOSST_typ_1_80V_25C 
EN2X0            23    353.556    D_CELLS_MOSST_typ_1_80V_25C 
EN2X1            15    322.812    D_CELLS_MOSST_typ_1_80V_25C 
EN3X0             1     27.670    D_CELLS_MOSST_typ_1_80V_25C 
EN3X1             1     39.967    D_CELLS_MOSST_typ_1_80V_25C 
EO2X1             4     86.083    D_CELLS_MOSST_typ_1_80V_25C 
EO2X4             1     36.893    D_CELLS_MOSST_typ_1_80V_25C 
HAX1              1     30.744    D_CELLS_MOSST_typ_1_80V_25C 
HAX2              1     36.893    D_CELLS_MOSST_typ_1_80V_25C 
INX1            340   2090.592    D_CELLS_MOSST_typ_1_80V_25C 
INX2             20    184.464    D_CELLS_MOSST_typ_1_80V_25C 
INX20             1     95.306    D_CELLS_MOSST_typ_1_80V_25C 
INX3              3     46.116    D_CELLS_MOSST_typ_1_80V_25C 
INX4              4     73.786    D_CELLS_MOSST_typ_1_80V_25C 
INX6              1     21.521    D_CELLS_MOSST_typ_1_80V_25C 
INX8              1     30.744    D_CELLS_MOSST_typ_1_80V_25C 
ITHX0            93   1143.677    D_CELLS_MOSST_typ_1_80V_25C 
ITHX1            45    830.088    D_CELLS_MOSST_typ_1_80V_25C 
ITHX2             1     36.893    D_CELLS_MOSST_typ_1_80V_25C 
ITLX0            37    455.011    D_CELLS_MOSST_typ_1_80V_25C 
ITLX1             8    147.571    D_CELLS_MOSST_typ_1_80V_25C 
ITLX8             1     61.488    D_CELLS_MOSST_typ_1_80V_25C 
MU2IX1           17    313.589    D_CELLS_MOSST_typ_1_80V_25C 
MU2IX2            1     36.893    D_CELLS_MOSST_typ_1_80V_25C 
MU2X0             3     64.562    D_CELLS_MOSST_typ_1_80V_25C 
MU2X1            28    688.666    D_CELLS_MOSST_typ_1_80V_25C 
MU4X1             1     46.116    D_CELLS_MOSST_typ_1_80V_25C 
NA2I1X1          24    368.928    D_CELLS_MOSST_typ_1_80V_25C 
NA2I1X2           3     55.339    D_CELLS_MOSST_typ_1_80V_25C 
NA2I1X4           3     92.232    D_CELLS_MOSST_typ_1_80V_25C 
NA2X1           261   2407.255    D_CELLS_MOSST_typ_1_80V_25C 
NA2X2            21    322.812    D_CELLS_MOSST_typ_1_80V_25C 
NA2X4             7    215.208    D_CELLS_MOSST_typ_1_80V_25C 
NA3I1X0           1     15.372    D_CELLS_MOSST_typ_1_80V_25C 
NA3I1X1          21    387.374    D_CELLS_MOSST_typ_1_80V_25C 
NA3I1X2           4    110.678    D_CELLS_MOSST_typ_1_80V_25C 
NA3I1X4           3    119.902    D_CELLS_MOSST_typ_1_80V_25C 
NA3I2X1           2     43.042    D_CELLS_MOSST_typ_1_80V_25C 
NA3I2X2           1     30.744    D_CELLS_MOSST_typ_1_80V_25C 
NA3X1            39    479.606    D_CELLS_MOSST_typ_1_80V_25C 
NA3X2             4     98.381    D_CELLS_MOSST_typ_1_80V_25C 
NA3X4             1     46.116    D_CELLS_MOSST_typ_1_80V_25C 
NA4I2X1           1     30.744    D_CELLS_MOSST_typ_1_80V_25C 
NA4X1             2     55.339    D_CELLS_MOSST_typ_1_80V_25C 
NA5I1X1           3    101.455    D_CELLS_MOSST_typ_1_80V_25C 
NA5I2X1           3    101.455    D_CELLS_MOSST_typ_1_80V_25C 
NA5I3X1           2     67.637    D_CELLS_MOSST_typ_1_80V_25C 
NA5X1             4    122.976    D_CELLS_MOSST_typ_1_80V_25C 
NA6I1X1           7    258.250    D_CELLS_MOSST_typ_1_80V_25C 
NA6I3X1           7    258.250    D_CELLS_MOSST_typ_1_80V_25C 
NA6I4X1           1     39.967    D_CELLS_MOSST_typ_1_80V_25C 
NA6X0             1     33.818    D_CELLS_MOSST_typ_1_80V_25C 
NA6X1            14    473.458    D_CELLS_MOSST_typ_1_80V_25C 
NO2I1X1          76    934.618    D_CELLS_MOSST_typ_1_80V_25C 
NO2I1X2           9    193.687    D_CELLS_MOSST_typ_1_80V_25C 
NO2I1X4           3     92.232    D_CELLS_MOSST_typ_1_80V_25C 
NO2X1           239   2204.345    D_CELLS_MOSST_typ_1_80V_25C 
NO2X2            21    322.812    D_CELLS_MOSST_typ_1_80V_25C 
NO2X4             6    166.018    D_CELLS_MOSST_typ_1_80V_25C 
NO3I1X0           1     15.372    D_CELLS_MOSST_typ_1_80V_25C 
NO3I1X1          33    608.731    D_CELLS_MOSST_typ_1_80V_25C 
NO3I1X2           1     27.670    D_CELLS_MOSST_typ_1_80V_25C 
NO3I1X4           1     46.116    D_CELLS_MOSST_typ_1_80V_25C 
NO3I2X1           8    172.166    D_CELLS_MOSST_typ_1_80V_25C 
NO3X0             4     49.190    D_CELLS_MOSST_typ_1_80V_25C 
NO3X1            60    922.320    D_CELLS_MOSST_typ_1_80V_25C 
NO3X2             8    196.762    D_CELLS_MOSST_typ_1_80V_25C 
NO3X4             4    159.869    D_CELLS_MOSST_typ_1_80V_25C 
NO4I2X1           3     92.232    D_CELLS_MOSST_typ_1_80V_25C 
NO4I2X2           2     73.786    D_CELLS_MOSST_typ_1_80V_25C 
NO4X2             5    153.720    D_CELLS_MOSST_typ_1_80V_25C 
NO4X4             1     36.893    D_CELLS_MOSST_typ_1_80V_25C 
NO5I2X1           4    135.274    D_CELLS_MOSST_typ_1_80V_25C 
NO5I3X1           5    169.092    D_CELLS_MOSST_typ_1_80V_25C 
NO5I3X2           1     36.893    D_CELLS_MOSST_typ_1_80V_25C 
NO5I4X1           1     36.893    D_CELLS_MOSST_typ_1_80V_25C 
NO5X2             4    135.274    D_CELLS_MOSST_typ_1_80V_25C 
NO6I2X1           5    215.208    D_CELLS_MOSST_typ_1_80V_25C 
NO6X0             1     33.818    D_CELLS_MOSST_typ_1_80V_25C 
NO6X1            18    664.070    D_CELLS_MOSST_typ_1_80V_25C 
NO6X2             1     36.893    D_CELLS_MOSST_typ_1_80V_25C 
OA211X1          16    344.333    D_CELLS_MOSST_typ_1_80V_25C 
OA21X1           32    590.285    D_CELLS_MOSST_typ_1_80V_25C 
OA21X2            1     21.521    D_CELLS_MOSST_typ_1_80V_25C 
OA221X1           2     49.190    D_CELLS_MOSST_typ_1_80V_25C 
OA222X1           1     27.670    D_CELLS_MOSST_typ_1_80V_25C 
OA22X1            1     21.521    D_CELLS_MOSST_typ_1_80V_25C 
OA22X2            1     24.595    D_CELLS_MOSST_typ_1_80V_25C 
OA31X1            3     64.562    D_CELLS_MOSST_typ_1_80V_25C 
OA32X0            2     43.042    D_CELLS_MOSST_typ_1_80V_25C 
OA32X1            1     24.595    D_CELLS_MOSST_typ_1_80V_25C 
OA32X2            1     27.670    D_CELLS_MOSST_typ_1_80V_25C 
ON211X0           1     15.372    D_CELLS_MOSST_typ_1_80V_25C 
ON211X1          20    368.928    D_CELLS_MOSST_typ_1_80V_25C 
ON21X0            1     12.298    D_CELLS_MOSST_typ_1_80V_25C 
ON21X1           68   1045.296    D_CELLS_MOSST_typ_1_80V_25C 
ON221X0           2     36.893    D_CELLS_MOSST_typ_1_80V_25C 
ON221X1           5    122.976    D_CELLS_MOSST_typ_1_80V_25C 
ON22X1           11    202.910    D_CELLS_MOSST_typ_1_80V_25C 
ON311X1           1     18.446    D_CELLS_MOSST_typ_1_80V_25C 
ON31X1           10    184.464    D_CELLS_MOSST_typ_1_80V_25C 
OR2X1            81    996.106    D_CELLS_MOSST_typ_1_80V_25C 
OR2X2             3     46.116    D_CELLS_MOSST_typ_1_80V_25C 
OR2X4             1     24.595    D_CELLS_MOSST_typ_1_80V_25C 
OR3X1            10    184.464    D_CELLS_MOSST_typ_1_80V_25C 
OR3X2             5    107.604    D_CELLS_MOSST_typ_1_80V_25C 
OR4X1            12    295.142    D_CELLS_MOSST_typ_1_80V_25C 
OR4X2             1     30.744    D_CELLS_MOSST_typ_1_80V_25C 
OR5X1            13    359.705    D_CELLS_MOSST_typ_1_80V_25C 
OR5X2             1     33.818    D_CELLS_MOSST_typ_1_80V_25C 
OR6X1            20    676.368    D_CELLS_MOSST_typ_1_80V_25C 
SDFFRQX1          1     76.860    D_CELLS_MOSST_typ_1_80V_25C 
SDFFRX4           1    107.604    D_CELLS_MOSST_typ_1_80V_25C 
SDFRQX1          12    848.534    D_CELLS_MOSST_typ_1_80V_25C 
SDFRRQX0          1     73.786    D_CELLS_MOSST_typ_1_80V_25C 
SDFRRQX1          9    691.740    D_CELLS_MOSST_typ_1_80V_25C 
SDFRRQX4          3    285.919    D_CELLS_MOSST_typ_1_80V_25C 
--------------------------------------------------------------
total          3299  67270.946                                


                                          
     Type      Instances    Area   Area % 
------------------------------------------
sequential           406 22191.019   33.0 
inverter             370  2542.529    3.8 
buffer                76   937.692    1.4 
tristate             444  9352.325   13.9 
logic               2003 32247.382   47.9 
physical_cells         0     0.000    0.0 
------------------------------------------
total               3299 67270.946  100.0 

