============================================================
  Generated by:           Genus(TM) Synthesis Solution GENUS15.22 - 15.20-s024_1
  Generated on:           Apr 11 2022  07:02:56 pm
  Module:                 z80_top_direct_n
  Interconnect mode:      global
  Area mode:              physical library
============================================================

                               
  Gate    Instances    Area                Library            
--------------------------------------------------------------
AN211X0           7    107.604    D_CELLS_MOSST_typ_1_80V_25C 
AN211X1          22    405.821    D_CELLS_MOSST_typ_1_80V_25C 
AN21X1           61    750.154    D_CELLS_MOSST_typ_1_80V_25C 
AN221X0           2     36.893    D_CELLS_MOSST_typ_1_80V_25C 
AN221X1          20    430.416    D_CELLS_MOSST_typ_1_80V_25C 
AN222X1           3     73.786    D_CELLS_MOSST_typ_1_80V_25C 
AN22X1           41    630.252    D_CELLS_MOSST_typ_1_80V_25C 
AN311X1           1     21.521    D_CELLS_MOSST_typ_1_80V_25C 
AN31X1            9    138.348    D_CELLS_MOSST_typ_1_80V_25C 
AN321X1           1     24.595    D_CELLS_MOSST_typ_1_80V_25C 
AN32X1            2     36.893    D_CELLS_MOSST_typ_1_80V_25C 
AN33X1            3     64.562    D_CELLS_MOSST_typ_1_80V_25C 
AND2X1          272   3344.947    D_CELLS_MOSST_typ_1_80V_25C 
AND2X2            1     18.446    D_CELLS_MOSST_typ_1_80V_25C 
AND3X1           54    830.088    D_CELLS_MOSST_typ_1_80V_25C 
AND4X1           10    245.952    D_CELLS_MOSST_typ_1_80V_25C 
AND5X1            7    193.687    D_CELLS_MOSST_typ_1_80V_25C 
AND6X1           42   1291.248    D_CELLS_MOSST_typ_1_80V_25C 
AO211X1           2     43.042    D_CELLS_MOSST_typ_1_80V_25C 
AO21X1           21    387.374    D_CELLS_MOSST_typ_1_80V_25C 
AO221X1           6    147.571    D_CELLS_MOSST_typ_1_80V_25C 
AO222X1           2     55.339    D_CELLS_MOSST_typ_1_80V_25C 
AO22X0           10    184.464    D_CELLS_MOSST_typ_1_80V_25C 
AO22X1            5    107.604    D_CELLS_MOSST_typ_1_80V_25C 
AO311X1           1     21.521    D_CELLS_MOSST_typ_1_80V_25C 
AO31X1            1     21.521    D_CELLS_MOSST_typ_1_80V_25C 
AO321X1           2     55.339    D_CELLS_MOSST_typ_1_80V_25C 
AO33X1            1     27.670    D_CELLS_MOSST_typ_1_80V_25C 
BTHX1           142   3492.518    D_CELLS_MOSST_typ_1_80V_25C 
BTLX1            91   2238.163    D_CELLS_MOSST_typ_1_80V_25C 
BUX0             73    897.725    D_CELLS_MOSST_typ_1_80V_25C 
DFFQX1           27   1411.150    D_CELLS_MOSST_typ_1_80V_25C 
DFFRQX1          12    737.856    D_CELLS_MOSST_typ_1_80V_25C 
DFFSQX1           1     61.488    D_CELLS_MOSST_typ_1_80V_25C 
DFFX1            17    940.766    D_CELLS_MOSST_typ_1_80V_25C 
DFRQX1          227  11864.110    D_CELLS_MOSST_typ_1_80V_25C 
DFRRQX1          46   2828.448    D_CELLS_MOSST_typ_1_80V_25C 
DFRRQX2           2    129.125    D_CELLS_MOSST_typ_1_80V_25C 
DFRRX1            1     64.562    D_CELLS_MOSST_typ_1_80V_25C 
DFRSQX1           1     61.488    D_CELLS_MOSST_typ_1_80V_25C 
DFRSQX2           1     61.488    D_CELLS_MOSST_typ_1_80V_25C 
DFRX1             2    110.678    D_CELLS_MOSST_typ_1_80V_25C 
DLHQX1            6    221.357    D_CELLS_MOSST_typ_1_80V_25C 
DLHRX1            1     43.042    D_CELLS_MOSST_typ_1_80V_25C 
DLLQX1           35   1291.248    D_CELLS_MOSST_typ_1_80V_25C 
DLY2X1            1     30.744    D_CELLS_MOSST_typ_1_80V_25C 
EN2X0            23    353.556    D_CELLS_MOSST_typ_1_80V_25C 
EN2X1            14    301.291    D_CELLS_MOSST_typ_1_80V_25C 
EN3X1             2     79.934    D_CELLS_MOSST_typ_1_80V_25C 
EO2X1             4     86.083    D_CELLS_MOSST_typ_1_80V_25C 
INX1            355   2182.824    D_CELLS_MOSST_typ_1_80V_25C 
ITHX0           146   1795.450    D_CELLS_MOSST_typ_1_80V_25C 
ITHX1            20    368.928    D_CELLS_MOSST_typ_1_80V_25C 
ITLX0            40    491.904    D_CELLS_MOSST_typ_1_80V_25C 
ITLX1             5     92.232    D_CELLS_MOSST_typ_1_80V_25C 
MU2IX1           17    313.589    D_CELLS_MOSST_typ_1_80V_25C 
MU2X1            28    688.666    D_CELLS_MOSST_typ_1_80V_25C 
MU4X1             3    138.348    D_CELLS_MOSST_typ_1_80V_25C 
NA2I1X0           4     49.190    D_CELLS_MOSST_typ_1_80V_25C 
NA2I1X1          30    461.160    D_CELLS_MOSST_typ_1_80V_25C 
NA2X1           212   1955.318    D_CELLS_MOSST_typ_1_80V_25C 
NA3I1X0           1     15.372    D_CELLS_MOSST_typ_1_80V_25C 
NA3I1X1          16    295.142    D_CELLS_MOSST_typ_1_80V_25C 
NA3I2X1           3     64.562    D_CELLS_MOSST_typ_1_80V_25C 
NA3X1            54    664.070    D_CELLS_MOSST_typ_1_80V_25C 
NA4I2X1           1     30.744    D_CELLS_MOSST_typ_1_80V_25C 
NA5I1X1           2     67.637    D_CELLS_MOSST_typ_1_80V_25C 
NA5I2X1           3    101.455    D_CELLS_MOSST_typ_1_80V_25C 
NA5I3X1           3    101.455    D_CELLS_MOSST_typ_1_80V_25C 
NA5X1             2     61.488    D_CELLS_MOSST_typ_1_80V_25C 
NA6I1X1          12    442.714    D_CELLS_MOSST_typ_1_80V_25C 
NA6I3X1          19    700.963    D_CELLS_MOSST_typ_1_80V_25C 
NA6I4X1           7    279.770    D_CELLS_MOSST_typ_1_80V_25C 
NA6X1             4    135.274    D_CELLS_MOSST_typ_1_80V_25C 
NO2I1X1          98   1205.165    D_CELLS_MOSST_typ_1_80V_25C 
NO2X1           248   2287.354    D_CELLS_MOSST_typ_1_80V_25C 
NO3I1X0           1     15.372    D_CELLS_MOSST_typ_1_80V_25C 
NO3I1X1          23    424.267    D_CELLS_MOSST_typ_1_80V_25C 
NO3I2X1           5    107.604    D_CELLS_MOSST_typ_1_80V_25C 
NO3X0            28    344.333    D_CELLS_MOSST_typ_1_80V_25C 
NO3X1            51    783.972    D_CELLS_MOSST_typ_1_80V_25C 
NO4X2             2     61.488    D_CELLS_MOSST_typ_1_80V_25C 
NO5I2X1           1     33.818    D_CELLS_MOSST_typ_1_80V_25C 
NO5I3X1           9    304.366    D_CELLS_MOSST_typ_1_80V_25C 
NO5I4X1           1     36.893    D_CELLS_MOSST_typ_1_80V_25C 
NO5X2             1     33.818    D_CELLS_MOSST_typ_1_80V_25C 
NO6I1X1           2     86.083    D_CELLS_MOSST_typ_1_80V_25C 
NO6I2X1           2     86.083    D_CELLS_MOSST_typ_1_80V_25C 
NO6I3X1           1     46.116    D_CELLS_MOSST_typ_1_80V_25C 
NO6I4X1           1     43.042    D_CELLS_MOSST_typ_1_80V_25C 
NO6X0             1     33.818    D_CELLS_MOSST_typ_1_80V_25C 
NO6X1            14    516.499    D_CELLS_MOSST_typ_1_80V_25C 
OA211X1          15    322.812    D_CELLS_MOSST_typ_1_80V_25C 
OA21X1           21    387.374    D_CELLS_MOSST_typ_1_80V_25C 
OA221X1           5    122.976    D_CELLS_MOSST_typ_1_80V_25C 
OA222X1           2     55.339    D_CELLS_MOSST_typ_1_80V_25C 
OA22X1            2     43.042    D_CELLS_MOSST_typ_1_80V_25C 
OA31X1            1     21.521    D_CELLS_MOSST_typ_1_80V_25C 
OA32X1            4     98.381    D_CELLS_MOSST_typ_1_80V_25C 
ON211X0           1     15.372    D_CELLS_MOSST_typ_1_80V_25C 
ON211X1          16    295.142    D_CELLS_MOSST_typ_1_80V_25C 
ON21X1           73   1122.156    D_CELLS_MOSST_typ_1_80V_25C 
ON221X1          12    295.142    D_CELLS_MOSST_typ_1_80V_25C 
ON222X1           3     83.009    D_CELLS_MOSST_typ_1_80V_25C 
ON22X1           14    258.250    D_CELLS_MOSST_typ_1_80V_25C 
ON311X1           1     18.446    D_CELLS_MOSST_typ_1_80V_25C 
ON31X1           13    239.803    D_CELLS_MOSST_typ_1_80V_25C 
ON321X1           1     24.595    D_CELLS_MOSST_typ_1_80V_25C 
OR2X1           105   1291.248    D_CELLS_MOSST_typ_1_80V_25C 
OR3X0             1     15.372    D_CELLS_MOSST_typ_1_80V_25C 
OR3X1            11    202.910    D_CELLS_MOSST_typ_1_80V_25C 
OR4X1            11    270.547    D_CELLS_MOSST_typ_1_80V_25C 
OR5X1            36    996.106    D_CELLS_MOSST_typ_1_80V_25C 
OR6X1            19    642.550    D_CELLS_MOSST_typ_1_80V_25C 
SDFFRQX1          1     76.860    D_CELLS_MOSST_typ_1_80V_25C 
SDFFRX4           1    107.604    D_CELLS_MOSST_typ_1_80V_25C 
SDFRQX1          12    848.534    D_CELLS_MOSST_typ_1_80V_25C 
SDFRRQX0          1     73.786    D_CELLS_MOSST_typ_1_80V_25C 
SDFRRQX1         11    845.460    D_CELLS_MOSST_typ_1_80V_25C 
SDFRRQX2          1     83.009    D_CELLS_MOSST_typ_1_80V_25C 
--------------------------------------------------------------
total          3208  63809.172                                


                                          
     Type      Instances    Area   Area % 
------------------------------------------
sequential           406 21862.058   34.3 
inverter             355  2182.824    3.4 
buffer                74   928.469    1.5 
tristate             444  8479.195   13.3 
logic               1929 30356.626   47.6 
physical_cells         0     0.000    0.0 
------------------------------------------
total               3208 63809.172  100.0 

