============================================================
  Generated by:           Genus(TM) Synthesis Solution GENUS15.22 - 15.20-s024_1
  Generated on:           Apr 11 2022  11:05:38 pm
  Module:                 z80_top_direct_n
  Interconnect mode:      global
  Area mode:              physical library
============================================================


Path 1: VIOLATED (-1535 ps) Setup Check with Pin data_pins__dout_reg[2]/CN->D
          Group: C2C
     Startpoint: (R) ir__opcode_reg[0]/C
          Clock: (R) CLK
       Endpoint: (F) data_pins__dout_reg[2]/D
          Clock: (F) CLK

                     Capture       Launch     
        Clock Edge:+    5000            0     
       Src Latency:+       0            0     
       Net Latency:+       0 (I)        0 (I) 
           Arrival:=    5000            0     
                                              
             Setup:-     170                  
     Required Time:=    4830                  
      Launch Clock:-       0                  
         Data Path:-    6366                  
             Slack:=   -1535                  

#----------------------------------------------------------------------------------------
#      Timing Point        Flags   Arc   Edge   Cell     Fanout Load Trans Delay Arrival 
#                                                               (fF)  (ps)  (ps)   (ps)  
#----------------------------------------------------------------------------------------
  ir__opcode_reg[0]/C      -       -     R     (arrival)      8    -     0     -       0 
  ir__opcode_reg[0]/Q      -       C->Q  R     DFRRX4         3 56.6   158   334     334 
  g110884/Q                -       AN->Q R     NA3I1X4        1 44.1   169   142     476 
  fopt126914/Q             -       A->Q  F     INX8           9 94.4    81    67     543 
  g127218/Q                -       A->Q  R     NO2X4          3 29.7   128    87     630 
  execute__g127222/Q       -       A->Q  R     AND2X4         5 62.5   143   153     782 
  execute__g127223/Q       -       A->Q  F     INX4           4 39.4    68    57     839 
  g124940/Q                -       B->Q  R     NO2I1X4        2 19.1   103    69     908 
  g120972/Q                -       AN->Q R     NA3I2X4        2 31.3   140   121    1029 
  g125695/Q                -       A->Q  F     NO2X4          4 40.1    72    62    1092 
  g34/Q                    -       B->Q  R     NA3X4          2 32.6   145    99    1191 
  g124455/Q                -       A->Q  F     NO2X4          1 18.7    54    44    1235 
  g116216/Q                -       A->Q  R     NA3X4          2 24.0   128    71    1306 
  g126588/Q                -       A->Q  F     NA2X4          2 24.3    70    53    1359 
  g126269_dup/Q            -       A->Q  R     NA2X4          1 33.2   116    76    1435 
  g126590/Q                -       A->Q  F     INX6           5 50.5    65    56    1491 
  g126271/Q                -       A->Q  R     NA2X4          1 25.9   105    67    1558 
  fopt69/Q                 -       A->Q  F     INX4           2 27.5    51    45    1602 
  g123196/Q                -       A->Q  R     NA3X4          2 37.2   154    84    1687 
  g122549/Q                -       B->Q  F     NA3X4          2 27.5    97    74    1761 
  g122529/Q                -       B->Q  R     NA3X4          1 18.0   116    90    1851 
  g320/Q                   -       A->Q  F     NA2X4          1 18.7    62    47    1898 
  g318/Q                   -       A->Q  R     NA3X4          1 18.0   116    66    1965 
  g317/Q                   -       A->Q  F     NA2X4          3 28.9    73    57    2021 
  alu_/g125/Q              -       A->Q  R     NA2X4          1 18.0    86    60    2081 
  alu_/g86/Q               -       A->Q  F     NA2X4          2 26.7    66    51    2133 
  alu_/g83/Q               -       A->Q  R     NA2X2          1 18.0   120    78    2211 
  alu_/g2708/Q             -       A->Q  F     NA2X4          1 20.8    64    49    2260 
  alu_/g2391/Q             -       B->Q  R     NA2X4          1 18.0    85    70    2330 
  alu_/g4562/Q             -       A->Q  F     NA2X4          2 35.0    76    59    2389 
  alu_/g46/Q               -       A->Q  F     BTLX12         2 56.3   500   125    2514 
  alu_/g14/Q               -       A->Q  F     BTLX16         5 44.3   500   200    2714 
  alu_/g725/Q              -       A->Q  R     NA2X4          1 18.0   132   140    2854 
  alu_/g722/Q              -       A->Q  F     NA2X4          1 30.0    78    59    2913 
  alu_/g74/Q               -       A->Q  F     BTLX12         2 64.8   500   128    3042 
  alu_/g15/Q               -       A->Q  F     BTLX20         3 65.5   500   202    3244 
  sw2__g3/Q                -       A->Q  F     BTHX20         4 49.9   500   201    3445 
  sw1__g11/Q               -       A->Q  F     BTHX8          3 40.0   500   270    3715 
  alu_/g2347/Q             -       A->Q  R     NO2X4          1 21.7   159   157    3872 
  alu_/g1/Q                -       A->Q  R     BTHX8          3 54.6   500   146    4018 
  alu_/g9/Q                -       A->Q  R     BTHX12         5 46.7   500   140    4158 
  alu_/g3017/Q             -       A->Q  F     NA2X4          1 20.9   123    61    4218 
  alu_/g945/Q              (p)     A->Q  R     INX3           1 18.3    59    52    4270 
  alu_/g707/Q              -       A->Q  F     NO3X4          1 33.2    89    50    4320 
  alu_/g1641/Q             -       A->Q  R     INX6           1 30.0    50    42    4363 
  alu_/g75/Q               -       A->Q  R     BTHX12         3 74.6   500   125    4487 
  alu_/g16/Q               -       A->Q  R     BTHX20         5 56.8   500   105    4592 
  sw2__g4/Q                -       A->Q  R     BTHX12         2 56.1   500   143    4735 
  sw1__g12/Q               -       A->Q  R     BTHX16         3 37.5   500   120    4855 
  alu_/g19/Q               -       A->Q  F     NO2X4          1 21.7   112    56    4911 
  alu_/g3/Q                -       A->Q  F     BTLX8          2 49.3   500   146    5057 
  alu_/g11/Q               -       A->Q  F     BTLX12         5 44.4   500   203    5259 
  alu_/g78/Q               -       A->Q  R     NA2X4          1 17.8   132   140    5400 
  alu_/g671/Q              -       B->Q  F     NA3I1X4        1 30.0    98    77    5477 
  alu_/g69/Q               -       A->Q  F     BTLX12         2 67.3   500   134    5611 
  alu_/g10/Q               -       A->Q  F     BTLX20         5 71.7   500   204    5814 
  sw2__g6/Q                -       A->Q  F     BTLX20         4 73.3   500   204    6018 
  sw1__g14/Q               -       A->Q  F     BTLX20         3 51.1   500   200    6218 
  g112742/Q                -       A->Q  R     INX6           1 11.2    86    72    6289 
  g18/Q                    -       A->Q  F     ON21X1         1  9.4   130    76    6365 
  data_pins__dout_reg[2]/D -       -     F     DFFX2          1    -     -     0    6366 
#----------------------------------------------------------------------------------------

(p) : Instance is preserved but may be resized

