============================================================
  Generated by:           Genus(TM) Synthesis Solution GENUS15.22 - 15.20-s024_1
  Generated on:           Apr 11 2022  10:50:32 pm
  Module:                 z80_top_direct_n
  Interconnect mode:      global
  Area mode:              physical library
============================================================


Path 1: VIOLATED (-4115 ps) Setup Check with Pin data_pins__dout_reg[2]/CN->D
          Group: C2C
     Startpoint: (R) ir__opcode_reg[1]/C
          Clock: (R) CLK
       Endpoint: (R) data_pins__dout_reg[2]/D
          Clock: (F) CLK

                     Capture       Launch     
        Clock Edge:+    5000            0     
       Src Latency:+       0            0     
       Net Latency:+       0 (I)        0 (I) 
           Arrival:=    5000            0     
                                              
             Setup:-      62                  
     Required Time:=    4938                  
      Launch Clock:-       0                  
         Data Path:-    9053                  
             Slack:=   -4115                  

#-----------------------------------------------------------------------------------------------
#         Timing Point           Flags   Arc   Edge   Cell     Fanout  Load Trans Delay Arrival 
#                                                                      (fF)  (ps)  (ps)   (ps)  
#-----------------------------------------------------------------------------------------------
  ir__opcode_reg[1]/C            -       -     R     (arrival)      8     -     0     -       0 
  ir__opcode_reg[1]/Q            -       C->Q  R     DFRRX4        10 121.4   273   406     406 
  g5247/Q                        -       A->Q  F     NA3X4          6  52.5   155   108     514 
  g5217/Q                        -       A->Q  R     INX2           4  31.1   103    88     602 
  g5146/Q                        -       B->Q  R     AND3X2         7  55.0   246   238     840 
  execute__g35594/Q              -       A->Q  F     INX1           7  48.5   232   179    1019 
  execute__g35336/Q              -       A->Q  R     NO2X1          4  30.1   373   254    1272 
  execute__g108291/Q             -       A->Q  F     NO2X1          2  18.0   152   116    1388 
  execute__g108231/Q             -       A->Q  R     INX1           2  16.4   111    94    1482 
  execute__g107752/Q             -       C->Q  F     AN21X1         2  14.8   190    74    1555 
  execute__g107603/Q             -       B->Q  F     AND2X1         2  17.6   102   201    1757 
  execute__g107507/Q             -       B->Q  R     NA2I1X1        2  16.2   182   132    1888 
  execute__g107302/Q             -       D->Q  F     NO6X1          1   9.0    71   212    2100 
  execute__g107212/Q             -       B->Q  F     AND6X1         1   8.8    92   183    2284 
  execute__g107152/Q             -       D->Q  R     NA6X2          4  30.5   144   274    2558 
  g5051/Q                        -       AN->Q R     NO2I1X1        2  18.7   254   205    2763 
  g5039/Q                        -       A->Q  F     NA2X1          2  18.6   157   115    2878 
  g5032/Q                        -       A->Q  R     INX1           1   9.9    85    74    2952 
  g5022/Q                        -       A->Q  F     NA2X1          4  27.2   171   117    3069 
  g5007/Q                        -       A->Q  R     NO2X1          8  62.8   701   418    3486 
  reg_file__b2v_latch_ix_lo_g2/Q -       E->Q  R     BTHX1         13 134.1   738   521    4007 
  g4979/Q                        -       A->Q  F     INX2           2  28.2   183   112    4119 
  reg_file__g149/Q               -       A->Q  R     ITHX1          3  37.3   500   196    4315 
  g4977/Q                        -       A->Q  F     INX1           2  28.2   340   211    4526 
  sw2__g10/Q                     -       A->Q  R     ITHX1          5  39.7   500   229    4755 
  alu_/g725/Q                    -       A->Q  F     NA2X2          1  12.3   136    67    4822 
  alu_/g722/Q                    -       A->Q  R     NA2X2          1  14.9   108    88    4910 
  alu_/g74/Q                     -       A->Q  R     BTLX4          6  68.5   500   182    5092 
  alu_/g15/Q                     -       A->Q  R     BTLX8          5  52.3   500   161    5253 
  sw2__g3/Q                      -       A->Q  R     BTHX8          4  58.2   500   155    5408 
  sw1__g11/Q                     -       A->Q  R     BTLX12        11 109.2   500   152    5560 
  alu_/g717/Q                    -       B->Q  F     NO2I1X4        1  14.9   117    42    5602 
  alu_/g1/Q                      -       A->Q  F     BTHX4          6  65.2   500   190    5791 
  alu_/g9/Q                      -       A->Q  F     BTHX8          5  50.0   500   222    6013 
  alu_/g715/Q                    -       B->Q  R     NA2I1X4        1  16.8   139   155    6168 
  alu_/g714/Q                    -       A->Q  F     INX2           1  12.7    54    44    6213 
  alu_/g707/Q                    -       A->Q  R     NO3X2          1  15.6   200   102    6315 
  alu_/g75/Q                     -       A->Q  F     ITLX8          3  54.7   500   183    6498 
  alu_/g16/Q                     -       A->Q  F     BTHX8          5  48.5   500   291    6789 
  sw2__g4/Q                      -       A->Q  F     BTLX8          4  59.9   500   279    7068 
  sw1__g12/Q                     -       A->Q  F     BTLX12        13 103.2   500   301    7368 
  alu_/g700/Q                    -       A->Q  R     NO3X4          1  30.0   234   202    7570 
  alu_/g3/Q                      -       A->Q  R     BTHX12         5  63.0   500   135    7705 
  alu_/g11/Q                     -       A->Q  R     BTHX8          5  56.4   500   160    7866 
  alu_/g682/Q                    -       B->Q  F     NA2I1X4        1  17.8   110    52    7918 
  alu_/g671/Q                    -       B->Q  R     NA3I1X4        1  30.0   138   102    8019 
  alu_/g69/Q                     -       A->Q  R     BTHX12         5  70.2   500   132    8152 
  alu_/g10/Q                     -       A->Q  R     BTHX8          5  52.7   500   159    8310 
  g4900/Q                        -       A->Q  F     INX4           1  15.9   214    39    8349 
  sw2__g6/Q                      -       A->Q  R     ITHX1          4  47.5   500   230    8580 
  g4873/Q                        -       A->Q  F     INX2           1  15.9   236    70    8650 
  sw1__g14/Q                     -       A->Q  R     ITHX1          3  34.7   500   198    8848 
  g4792/Q                        -       A->Q  F     INX2           1  11.2   176    53    8901 
  g4718/Q                        -       A->Q  R     ON21X1         1   9.6   215   152    9053 
  data_pins__dout_reg[2]/D       -       -     R     DFFQX1         1     -     -     0    9053 
#-----------------------------------------------------------------------------------------------

