============================================================
  Generated by:           Genus(TM) Synthesis Solution GENUS15.22 - 15.20-s024_1
  Generated on:           Apr 11 2022  11:05:38 pm
  Module:                 z80_top_direct_n
  Interconnect mode:      global
  Area mode:              physical library
============================================================


Path 1: MET (0 ps)
          Group: cg_enable_group_CLK
     Startpoint: (F) clk_delay__SYNTHESIZED_WIRE_9_reg/CN
          Clock: (F) CLK
       Endpoint: (R) reg_control__RC_CG_HIER_INST14/enl_reg/D
          Clock: (F) CLK

                     Capture       Launch     
        Clock Edge:+    5000         5000     
       Src Latency:+       0            0     
       Net Latency:+       0 (I)        0 (I) 
           Arrival:=    5000         5000     
                                              
     Required Time:=    5000                  
      Launch Clock:-    5000                  
         Data Path:-     612                  
             Slack:=       0                  

#--------------------------------------------------------------------------------------------------------
#              Timing Point                Flags   Arc   Edge   Cell     Fanout Load Trans Delay Arrival 
#                                                                               (fF)  (ps)  (ps)   (ps)  
#--------------------------------------------------------------------------------------------------------
  clk_delay__SYNTHESIZED_WIRE_9_reg/CN     -       -     F     (arrival)    116    -     0     -    5000 
  clk_delay__SYNTHESIZED_WIRE_9_reg/Q      -       CN->Q F     SDFFRX4        6 40.2   109   344    5344 
  g5285/Q                                  -       A->Q  R     INX1           5 32.5   176   125    5469 
  reg_control__RC_CG_HIER_INST14/g7/Q      -       A->Q  R     OR2X1          1  9.4   110   142    5611 
  reg_control__RC_CG_HIER_INST14/enl_reg/D -       -     R     DLLQX1         1    -     -     0    5612 
#--------------------------------------------------------------------------------------------------------

