============================================================
  Generated by:           Genus(TM) Synthesis Solution GENUS15.22 - 15.20-s024_1
  Generated on:           Apr 11 2022  10:50:32 pm
  Module:                 z80_top_direct_n
  Interconnect mode:      global
  Area mode:              physical library
============================================================


Path 1: MET (1156 ps) Late External Delay Assertion at pin alu_/RC_CG_HIER_INST9/g6/B
          Group: CLK
     Startpoint: (R) alu_/RC_CG_HIER_INST9/enl_reg/G
          Clock: (R) CLK
       Endpoint: (R) alu_/RC_CG_HIER_INST9/g6/B
          Clock: (F) CLK

                     Capture       Launch     
        Clock Edge:+    5000            0     
       Src Latency:+       0            0     
       Net Latency:+       0 (I)        0 (I) 
           Arrival:=    5000            0     
                                              
      Output Delay:-       0                  
     Required Time:=    5000                  
      Launch Clock:-       0                  
         Data Path:-    3844                  
             Slack:=    1156                  

#-----------------------------------------------------------------------------------------------------
#          Timing Point           Flags   Arc   Edge      Cell        Fanout Load Trans Delay Arrival 
#                                                                            (fF)  (ps)  (ps)   (ps)  
#-----------------------------------------------------------------------------------------------------
  alu_/RC_CG_HIER_INST9/enl_reg/G -       -     R     (arrival)            -    -     -     -       0 
  -                               -       -     F     latch_d_arrival      -    -     -     -    3519 
  alu_/RC_CG_HIER_INST9/enl_reg/Q -       -     F     DLHQX1               1 12.4   118  3779    3779 
  alu_/RC_CG_HIER_INST9/g7/Q      -       A->Q  R     INX1                 1  9.2    76    65    3844 
  alu_/RC_CG_HIER_INST9/g6/B      (b)     -     R     OR2X1                -    -     -     0    3844 
#-----------------------------------------------------------------------------------------------------

(b) : Timing paths are broken.

