============================================================
  Generated by:           Genus(TM) Synthesis Solution GENUS15.22 - 15.20-s024_1
  Generated on:           Apr 11 2022  11:05:53 pm
  Module:                 z80_top_direct_n
  Interconnect mode:      global
  Area mode:              physical library
============================================================

                                 Leakage    Internal   
  Gate    Instances    Area    Power (nW)  Power (nW)              Library            
--------------------------------------------------------------------------------------
AN211X0           4     61.488      0.103      884.923    D_CELLS_MOSST_typ_1_80V_25C 
AN211X1          23    424.267      0.513     1089.363    D_CELLS_MOSST_typ_1_80V_25C 
AN211X2           2     61.488      0.129        0.000    D_CELLS_MOSST_typ_1_80V_25C 
AN21X0            3     36.893      0.096        0.000    D_CELLS_MOSST_typ_1_80V_25C 
AN21X1           68    836.237      1.618     2165.590    D_CELLS_MOSST_typ_1_80V_25C 
AN21X2            1     27.670      0.073        0.000    D_CELLS_MOSST_typ_1_80V_25C 
AN21X4            3     92.232      0.332        2.734    D_CELLS_MOSST_typ_1_80V_25C 
AN221X0           1     18.446      0.034      366.707    D_CELLS_MOSST_typ_1_80V_25C 
AN221X1           9    193.687      0.259      319.387    D_CELLS_MOSST_typ_1_80V_25C 
AN221X4           1     39.967      0.110      483.212    D_CELLS_MOSST_typ_1_80V_25C 
AN222X1           4     98.381      0.149        0.000    D_CELLS_MOSST_typ_1_80V_25C 
AN22X1           16    245.952      0.490     1078.007    D_CELLS_MOSST_typ_1_80V_25C 
AN311X1           1     21.521      0.024        0.000    D_CELLS_MOSST_typ_1_80V_25C 
AN31X1            4     61.488      0.099      602.047    D_CELLS_MOSST_typ_1_80V_25C 
AN31X2            1     27.670      0.075        1.562    D_CELLS_MOSST_typ_1_80V_25C 
AN321X1           1     24.595      0.030        4.167    D_CELLS_MOSST_typ_1_80V_25C 
AN32X1            2     36.893      0.061      750.305    D_CELLS_MOSST_typ_1_80V_25C 
AN33X1            3     64.562      0.090    11574.553    D_CELLS_MOSST_typ_1_80V_25C 
AND2X0            7     86.083      0.285      892.217    D_CELLS_MOSST_typ_1_80V_25C 
AND2X1          180   2213.568      5.110    27660.506    D_CELLS_MOSST_typ_1_80V_25C 
AND2X2           31    571.838      1.360     9138.363    D_CELLS_MOSST_typ_1_80V_25C 
AND2X4           54   1494.158      4.786    20943.511    D_CELLS_MOSST_typ_1_80V_25C 
AND3X0            2     30.744      0.062        0.000    D_CELLS_MOSST_typ_1_80V_25C 
AND3X1           23    353.556      0.540     3250.440    D_CELLS_MOSST_typ_1_80V_25C 
AND3X2           15    322.812      0.559     1568.628    D_CELLS_MOSST_typ_1_80V_25C 
AND3X4           29    980.734      2.262     1887.008    D_CELLS_MOSST_typ_1_80V_25C 
AND4X1            6    147.571      0.256     3628.160    D_CELLS_MOSST_typ_1_80V_25C 
AND4X2            6    184.464      0.338      860.997    D_CELLS_MOSST_typ_1_80V_25C 
AND5X1           11    304.366      0.409       94.317    D_CELLS_MOSST_typ_1_80V_25C 
AND5X2            3    101.455      0.149     3936.665    D_CELLS_MOSST_typ_1_80V_25C 
AND6X0            1     30.744      0.049       77.859    D_CELLS_MOSST_typ_1_80V_25C 
AND6X1           16    491.904      0.522     1396.356    D_CELLS_MOSST_typ_1_80V_25C 
AND6X2            2     73.786      0.090        0.000    D_CELLS_MOSST_typ_1_80V_25C 
AO211X1           3     64.562      0.118      171.299    D_CELLS_MOSST_typ_1_80V_25C 
AO211X2           1     27.670      0.063        0.000    D_CELLS_MOSST_typ_1_80V_25C 
AO21X1           19    350.482      0.772     4920.011    D_CELLS_MOSST_typ_1_80V_25C 
AO21X2            4     98.381      0.244      417.415    D_CELLS_MOSST_typ_1_80V_25C 
AO222X1           1     27.670      0.047        0.260    D_CELLS_MOSST_typ_1_80V_25C 
AO22X0            6    110.678      0.380      831.122    D_CELLS_MOSST_typ_1_80V_25C 
AO22X1            3     64.562      0.125      360.813    D_CELLS_MOSST_typ_1_80V_25C 
AO31X1            1     21.521      0.037      325.932    D_CELLS_MOSST_typ_1_80V_25C 
AO32X1            2     49.190      0.076        3.516    D_CELLS_MOSST_typ_1_80V_25C 
AO32X2            1     27.670      0.057        0.000    D_CELLS_MOSST_typ_1_80V_25C 
BTHCX4            1     33.818      0.101        0.000    D_CELLS_MOSST_typ_1_80V_25C 
BTHCX6            1     43.042      0.133        0.000    D_CELLS_MOSST_typ_1_80V_25C 
BTHX1           128   3148.186      9.524    29222.349    D_CELLS_MOSST_typ_1_80V_25C 
BTHX12           16   1278.950      5.323    82256.816    D_CELLS_MOSST_typ_1_80V_25C 
BTHX16            3    285.919      1.249    33569.415    D_CELLS_MOSST_typ_1_80V_25C 
BTHX2            19    525.722      1.764     7222.072    D_CELLS_MOSST_typ_1_80V_25C 
BTHX20            3    359.705      1.620    36723.557    D_CELLS_MOSST_typ_1_80V_25C 
BTHX3             2     73.786      0.230        0.000    D_CELLS_MOSST_typ_1_80V_25C 
BTHX4             1     39.967      0.130     4548.337    D_CELLS_MOSST_typ_1_80V_25C 
BTHX8             4    221.357      0.890    25489.849    D_CELLS_MOSST_typ_1_80V_25C 
BTLX0             6    147.571      0.540        0.000    D_CELLS_MOSST_typ_1_80V_25C 
BTLX1            64   1574.093      4.762    26694.433    D_CELLS_MOSST_typ_1_80V_25C 
BTLX12            6    479.606      1.996    35321.866    D_CELLS_MOSST_typ_1_80V_25C 
BTLX16            2    190.613      0.832    16664.049    D_CELLS_MOSST_typ_1_80V_25C 
BTLX2             6    166.018      0.557     1154.158    D_CELLS_MOSST_typ_1_80V_25C 
BTLX20            5    599.508      2.692   101287.026    D_CELLS_MOSST_typ_1_80V_25C 
BTLX3             4    147.571      0.460     4290.285    D_CELLS_MOSST_typ_1_80V_25C 
BTLX4             1     39.967      0.130     5523.346    D_CELLS_MOSST_typ_1_80V_25C 
BTLX8             2    110.678      0.445     7968.482    D_CELLS_MOSST_typ_1_80V_25C 
BUCX4             1     24.595      0.093        0.000    D_CELLS_MOSST_typ_1_80V_25C 
BUX0             81    996.106      4.212    48715.282    D_CELLS_MOSST_typ_1_80V_25C 
BUX1             63    774.749      2.469    17633.768    D_CELLS_MOSST_typ_1_80V_25C 
BUX12             1     61.488      0.373     1199.448    D_CELLS_MOSST_typ_1_80V_25C 
BUX2             52    799.344      3.340    14875.279    D_CELLS_MOSST_typ_1_80V_25C 
BUX3             11    236.729      1.062    14072.750    D_CELLS_MOSST_typ_1_80V_25C 
BUX4             14    344.333      1.799    14620.221    D_CELLS_MOSST_typ_1_80V_25C 
BUX6              3    101.455      0.558    12247.747    D_CELLS_MOSST_typ_1_80V_25C 
BUX8              8    344.333      2.031    44951.307    D_CELLS_MOSST_typ_1_80V_25C 
DFFQX1           15    783.972      2.281    30994.180    D_CELLS_MOSST_typ_1_80V_25C 
DFFQX2            1     55.339      0.160      682.563    D_CELLS_MOSST_typ_1_80V_25C 
DFFQX4            5    353.556      0.904     6361.022    D_CELLS_MOSST_typ_1_80V_25C 
DFFRQX1          12    737.856      1.320    93272.180    D_CELLS_MOSST_typ_1_80V_25C 
DFFSQX1           1     61.488      0.141     7211.629    D_CELLS_MOSST_typ_1_80V_25C 
DFFX1            17    940.766      2.650   108160.818    D_CELLS_MOSST_typ_1_80V_25C 
DFFX2             6    368.928      1.003     6056.146    D_CELLS_MOSST_typ_1_80V_25C 
DFRQX1          229  11968.639     34.081   313901.118    D_CELLS_MOSST_typ_1_80V_25C 
DFRQX2            1     55.339      0.156    13492.895    D_CELLS_MOSST_typ_1_80V_25C 
DFRQX4            1     70.711      0.177    14293.518    D_CELLS_MOSST_typ_1_80V_25C 
DFRRQX1          30   1844.640      2.809   125958.797    D_CELLS_MOSST_typ_1_80V_25C 
DFRRQX2           4    258.250      0.448    22306.535    D_CELLS_MOSST_typ_1_80V_25C 
DFRRQX4           9    747.079      1.360    67175.328    D_CELLS_MOSST_typ_1_80V_25C 
DFRRX1            1     64.562      0.094     5547.774    D_CELLS_MOSST_typ_1_80V_25C 
DFRRX4            9    830.088      1.405    53576.738    D_CELLS_MOSST_typ_1_80V_25C 
DFRSQX2           1     61.488      0.151     9289.618    D_CELLS_MOSST_typ_1_80V_25C 
DFRSQX4           1     73.786      0.179     4763.638    D_CELLS_MOSST_typ_1_80V_25C 
DFRX1             2    110.678      0.298     1868.633    D_CELLS_MOSST_typ_1_80V_25C 
DFRX2             1     61.488      0.156    10813.280    D_CELLS_MOSST_typ_1_80V_25C 
DLHQX1            6    221.357      0.568    38887.030    D_CELLS_MOSST_typ_1_80V_25C 
DLHRX1            1     43.042      0.087     6993.486    D_CELLS_MOSST_typ_1_80V_25C 
DLLQX1           35   1291.248      3.315   200014.269    D_CELLS_MOSST_typ_1_80V_25C 
DLY1X0            1     24.595      0.055      877.945    D_CELLS_MOSST_typ_1_80V_25C 
EN2X0            12    184.464      0.569     4714.551    D_CELLS_MOSST_typ_1_80V_25C 
EN2X1            21    451.937      0.953    17639.549    D_CELLS_MOSST_typ_1_80V_25C 
EN3X1             1     39.967      0.090    10411.231    D_CELLS_MOSST_typ_1_80V_25C 
EO2X0             1     15.372      0.072        0.000    D_CELLS_MOSST_typ_1_80V_25C 
EO2X1             5    107.604      0.254     3610.777    D_CELLS_MOSST_typ_1_80V_25C 
FAX1              1     58.414      0.072    10762.576    D_CELLS_MOSST_typ_1_80V_25C 
HAX2              1     36.893      0.063     3809.203    D_CELLS_MOSST_typ_1_80V_25C 
HAX4              1     46.116      0.077    13478.819    D_CELLS_MOSST_typ_1_80V_25C 
INX0             11     67.637      0.292      257.339    D_CELLS_MOSST_typ_1_80V_25C 
INX1            409   2514.859      8.206    75295.677    D_CELLS_MOSST_typ_1_80V_25C 
INX12             2    116.827      0.678     1279.016    D_CELLS_MOSST_typ_1_80V_25C 
INX16             1     73.786      0.471    10128.687    D_CELLS_MOSST_typ_1_80V_25C 
INX2            129   1189.793      5.207    25803.138    D_CELLS_MOSST_typ_1_80V_25C 
INX3             22    338.184      1.352    11605.653    D_CELLS_MOSST_typ_1_80V_25C 
INX4             23    424.267      1.943     7558.629    D_CELLS_MOSST_typ_1_80V_25C 
INX6              9    193.687      1.036     9890.782    D_CELLS_MOSST_typ_1_80V_25C 
INX8              8    245.952      1.322    15741.754    D_CELLS_MOSST_typ_1_80V_25C 
ITHCX12           6    405.821      1.503    14888.966    D_CELLS_MOSST_typ_1_80V_25C 
ITHCX16           6    516.499      1.952    50772.396    D_CELLS_MOSST_typ_1_80V_25C 
ITHX0            39    479.606      1.437    12207.995    D_CELLS_MOSST_typ_1_80V_25C 
ITHX1            72   1328.141      2.664   121810.049    D_CELLS_MOSST_typ_1_80V_25C 
ITHX12            1     86.083      0.381     8853.597    D_CELLS_MOSST_typ_1_80V_25C 
ITHX2             2     73.786      0.226    10242.922    D_CELLS_MOSST_typ_1_80V_25C 
ITHX8             1     61.488      0.262        0.000    D_CELLS_MOSST_typ_1_80V_25C 
ITLCX16           1     86.083      0.325        0.000    D_CELLS_MOSST_typ_1_80V_25C 
ITLX0            34    418.118      1.253    10045.728    D_CELLS_MOSST_typ_1_80V_25C 
ITLX1             7    129.125      0.262     5396.859    D_CELLS_MOSST_typ_1_80V_25C 
ITLX12            1     86.083      0.381        0.000    D_CELLS_MOSST_typ_1_80V_25C 
MU2IX1           16    295.142      0.742    17580.771    D_CELLS_MOSST_typ_1_80V_25C 
MU2X1            24    590.285      1.482    33347.239    D_CELLS_MOSST_typ_1_80V_25C 
MU2X2             5    122.976      0.382    13249.185    D_CELLS_MOSST_typ_1_80V_25C 
MU2X4             1     30.744      0.120        0.224    D_CELLS_MOSST_typ_1_80V_25C 
NA2I1X0           2     24.595      0.102      271.919    D_CELLS_MOSST_typ_1_80V_25C 
NA2I1X1          35    538.020      1.370     6151.524    D_CELLS_MOSST_typ_1_80V_25C 
NA2I1X2          18    332.035      0.986    10778.586    D_CELLS_MOSST_typ_1_80V_25C 
NA2I1X4          15    461.160      1.601    11135.444    D_CELLS_MOSST_typ_1_80V_25C 
NA2X0            16    147.571      0.405      733.193    D_CELLS_MOSST_typ_1_80V_25C 
NA2X1           297   2739.290      5.630    11160.335    D_CELLS_MOSST_typ_1_80V_25C 
NA2X2           127   1952.244      4.815    17735.782    D_CELLS_MOSST_typ_1_80V_25C 
NA2X4           142   4365.648     10.767    35752.691    D_CELLS_MOSST_typ_1_80V_25C 
NA3I1X0           3     46.116      0.140       46.261    D_CELLS_MOSST_typ_1_80V_25C 
NA3I1X1          31    571.838      1.151     1534.697    D_CELLS_MOSST_typ_1_80V_25C 
NA3I1X2          13    359.705      0.662      502.182    D_CELLS_MOSST_typ_1_80V_25C 
NA3I1X4          22    879.278      2.221    21021.021    D_CELLS_MOSST_typ_1_80V_25C 
NA3I2X1           9    193.687      0.515     3278.784    D_CELLS_MOSST_typ_1_80V_25C 
NA3I2X2           7    215.208      0.476     2005.371    D_CELLS_MOSST_typ_1_80V_25C 
NA3I2X4           7    344.333      0.947     8750.757    D_CELLS_MOSST_typ_1_80V_25C 
NA3X0             9    110.678      0.192      249.146    D_CELLS_MOSST_typ_1_80V_25C 
NA3X1            62    762.451      1.043     4282.986    D_CELLS_MOSST_typ_1_80V_25C 
NA3X2            43   1057.594      1.456     3447.939    D_CELLS_MOSST_typ_1_80V_25C 
NA3X4            36   1660.176      2.439    13767.760    D_CELLS_MOSST_typ_1_80V_25C 
NA4I1X2           2     67.637      0.225        0.000    D_CELLS_MOSST_typ_1_80V_25C 
NA4I2X2           2     67.637      0.251      542.168    D_CELLS_MOSST_typ_1_80V_25C 
NA4X1             1     27.670      0.065        0.000    D_CELLS_MOSST_typ_1_80V_25C 
NA4X4             2     92.232      0.313     4328.155    D_CELLS_MOSST_typ_1_80V_25C 
NA5I1X1           2     67.637      0.160     1746.794    D_CELLS_MOSST_typ_1_80V_25C 
NA5I1X4           1     46.116      0.158      296.843    D_CELLS_MOSST_typ_1_80V_25C 
NA5I3X1           2     67.637      0.192        0.000    D_CELLS_MOSST_typ_1_80V_25C 
NA5I4X1           1     36.893      0.116        0.000    D_CELLS_MOSST_typ_1_80V_25C 
NA6I1X1           5    184.464      0.380     2172.262    D_CELLS_MOSST_typ_1_80V_25C 
NA6I1X2           3    119.902      0.313        0.000    D_CELLS_MOSST_typ_1_80V_25C 
NA6I2X1           1     43.042      0.096        0.000    D_CELLS_MOSST_typ_1_80V_25C 
NA6I2X2           1     46.116      0.125        0.000    D_CELLS_MOSST_typ_1_80V_25C 
NA6I2X4           2    110.678      0.351      739.031    D_CELLS_MOSST_typ_1_80V_25C 
NA6I3X1           6    221.357      0.550      205.683    D_CELLS_MOSST_typ_1_80V_25C 
NA6I4X1           1     39.967      0.112        0.000    D_CELLS_MOSST_typ_1_80V_25C 
NA6X1             1     33.818      0.056        0.000    D_CELLS_MOSST_typ_1_80V_25C 
NA6X2             2     79.934      0.169     2375.111    D_CELLS_MOSST_typ_1_80V_25C 
NO2I1X0           1     12.298      0.051      910.651    D_CELLS_MOSST_typ_1_80V_25C 
NO2I1X1          77    946.915      3.060    17346.911    D_CELLS_MOSST_typ_1_80V_25C 
NO2I1X2          32    688.666      1.795    33511.802    D_CELLS_MOSST_typ_1_80V_25C 
NO2I1X4          18    553.392      1.767    28350.208    D_CELLS_MOSST_typ_1_80V_25C 
NO2X0             9     83.009      0.232     1067.958    D_CELLS_MOSST_typ_1_80V_25C 
NO2X1           222   2047.550      4.346    15318.114    D_CELLS_MOSST_typ_1_80V_25C 
NO2X2           108   1660.176      4.228    19365.623    D_CELLS_MOSST_typ_1_80V_25C 
NO2X4           123   3403.361      8.851    46242.120    D_CELLS_MOSST_typ_1_80V_25C 
NO3I1X0           3     46.116      0.136      256.778    D_CELLS_MOSST_typ_1_80V_25C 
NO3I1X1          21    387.374      0.769     1263.368    D_CELLS_MOSST_typ_1_80V_25C 
NO3I1X2           4    110.678      0.199        0.000    D_CELLS_MOSST_typ_1_80V_25C 
NO3I1X4           1     46.116      0.091        0.000    D_CELLS_MOSST_typ_1_80V_25C 
NO3I2X1           7    150.646      0.398      837.727    D_CELLS_MOSST_typ_1_80V_25C 
NO3I2X2           1     33.818      0.067        0.000    D_CELLS_MOSST_typ_1_80V_25C 
NO3I2X4           2     98.381      0.234     4660.436    D_CELLS_MOSST_typ_1_80V_25C 
NO3X0            11    135.274      0.218       20.038    D_CELLS_MOSST_typ_1_80V_25C 
NO3X1            46    707.112      0.754     4780.000    D_CELLS_MOSST_typ_1_80V_25C 
NO3X2            15    368.928      0.492     1368.628    D_CELLS_MOSST_typ_1_80V_25C 
NO3X4            16    639.475      1.002    12647.689    D_CELLS_MOSST_typ_1_80V_25C 
NO4I1X4           1     43.042      0.118      164.825    D_CELLS_MOSST_typ_1_80V_25C 
NO4I2X1           1     30.744      0.073        0.000    D_CELLS_MOSST_typ_1_80V_25C 
NO4I2X2           2     73.786      0.165      268.799    D_CELLS_MOSST_typ_1_80V_25C 
NO4I2X4           2     86.083      0.206      128.547    D_CELLS_MOSST_typ_1_80V_25C 
NO4I3X2           1     39.967      0.103      517.447    D_CELLS_MOSST_typ_1_80V_25C 
NO4X2             3     92.232      0.192     6312.461    D_CELLS_MOSST_typ_1_80V_25C 
NO5I1X4           2     86.083      0.225     3082.536    D_CELLS_MOSST_typ_1_80V_25C 
NO5I2X2           2     73.786      0.150     1657.124    D_CELLS_MOSST_typ_1_80V_25C 
NO5I3X1           2     67.637      0.128     1860.356    D_CELLS_MOSST_typ_1_80V_25C 
NO5I3X2           1     36.893      0.073        0.000    D_CELLS_MOSST_typ_1_80V_25C 
NO5I4X4           1     46.116      0.120        0.000    D_CELLS_MOSST_typ_1_80V_25C 
NO5X1             1     33.818      0.059       71.876    D_CELLS_MOSST_typ_1_80V_25C 
NO5X2             2     67.637      0.117        0.000    D_CELLS_MOSST_typ_1_80V_25C 
NO5X4             1     39.967      0.091        0.000    D_CELLS_MOSST_typ_1_80V_25C 
NO6I1X2           1     46.116      0.109        0.000    D_CELLS_MOSST_typ_1_80V_25C 
NO6I2X1           4    172.166      0.348        0.000    D_CELLS_MOSST_typ_1_80V_25C 
NO6I2X2           1     46.116      0.096        0.000    D_CELLS_MOSST_typ_1_80V_25C 
NO6I3X1           1     46.116      0.107        0.000    D_CELLS_MOSST_typ_1_80V_25C 
NO6I4X1           1     43.042      0.094        0.000    D_CELLS_MOSST_typ_1_80V_25C 
NO6I5X2           1     52.265      0.124        0.000    D_CELLS_MOSST_typ_1_80V_25C 
NO6X0             3    101.455      0.184     1680.448    D_CELLS_MOSST_typ_1_80V_25C 
NO6X1             5    184.464      0.265     1226.266    D_CELLS_MOSST_typ_1_80V_25C 
NO6X4             1     46.116      0.085        0.000    D_CELLS_MOSST_typ_1_80V_25C 
OA211X1           6    129.125      0.169     1732.221    D_CELLS_MOSST_typ_1_80V_25C 
OA211X2           2     49.190      0.080        0.000    D_CELLS_MOSST_typ_1_80V_25C 
OA21X0            1     15.372      0.052        0.000    D_CELLS_MOSST_typ_1_80V_25C 
OA21X1           20    368.928      0.703     1719.682    D_CELLS_MOSST_typ_1_80V_25C 
OA21X2            4     86.083      0.201        0.499    D_CELLS_MOSST_typ_1_80V_25C 
OA21X4            2     55.339      0.177      341.780    D_CELLS_MOSST_typ_1_80V_25C 
OA221X1           5    122.976      0.174      172.363    D_CELLS_MOSST_typ_1_80V_25C 
OA221X2           1     27.670      0.049        0.000    D_CELLS_MOSST_typ_1_80V_25C 
OA22X1            2     43.042      0.082        0.260    D_CELLS_MOSST_typ_1_80V_25C 
OA31X1            1     21.521      0.036        0.000    D_CELLS_MOSST_typ_1_80V_25C 
OA32X1            2     49.190      0.085     2067.160    D_CELLS_MOSST_typ_1_80V_25C 
ON211X0           2     30.744      0.051        0.000    D_CELLS_MOSST_typ_1_80V_25C 
ON211X1          16    295.142      0.330     1418.174    D_CELLS_MOSST_typ_1_80V_25C 
ON211X2           1     27.670      0.073      271.577    D_CELLS_MOSST_typ_1_80V_25C 
ON21X0            4     49.190      0.123        0.000    D_CELLS_MOSST_typ_1_80V_25C 
ON21X1           51    783.972      1.234     1973.309    D_CELLS_MOSST_typ_1_80V_25C 
ON221X0           3     55.339      0.100        0.000    D_CELLS_MOSST_typ_1_80V_25C 
ON221X1           1     24.595      0.027        0.260    D_CELLS_MOSST_typ_1_80V_25C 
ON221X2           1     33.818      0.076        0.000    D_CELLS_MOSST_typ_1_80V_25C 
ON222X1           1     27.670      0.035        0.000    D_CELLS_MOSST_typ_1_80V_25C 
ON22X0            1     15.372      0.036        0.000    D_CELLS_MOSST_typ_1_80V_25C 
ON22X1            8    147.571      0.245        1.823    D_CELLS_MOSST_typ_1_80V_25C 
ON311X1           1     18.446      0.022     2457.202    D_CELLS_MOSST_typ_1_80V_25C 
ON31X1            5     92.232      0.128      985.122    D_CELLS_MOSST_typ_1_80V_25C 
ON31X2            1     27.670      0.071        0.000    D_CELLS_MOSST_typ_1_80V_25C 
ON33X0            1     21.521      0.031      145.297    D_CELLS_MOSST_typ_1_80V_25C 
OR2X0             2     24.595      0.125        0.000    D_CELLS_MOSST_typ_1_80V_25C 
OR2X1            91   1119.082      3.868    29751.209    D_CELLS_MOSST_typ_1_80V_25C 
OR2X2            18    276.696      1.121     1642.655    D_CELLS_MOSST_typ_1_80V_25C 
OR2X4            15    368.928      1.606    11186.318    D_CELLS_MOSST_typ_1_80V_25C 
OR3X1             7    129.125      0.280      539.264    D_CELLS_MOSST_typ_1_80V_25C 
OR3X2             4     86.083      0.256      896.026    D_CELLS_MOSST_typ_1_80V_25C 
OR3X4             6    202.910      0.732     8253.232    D_CELLS_MOSST_typ_1_80V_25C 
OR4X1             8    196.762      0.456     7114.225    D_CELLS_MOSST_typ_1_80V_25C 
OR4X2             3     92.232      0.206     3549.767    D_CELLS_MOSST_typ_1_80V_25C 
OR4X4             1     43.042      0.164        0.000    D_CELLS_MOSST_typ_1_80V_25C 
OR5X0             1     27.670      0.066        0.000    D_CELLS_MOSST_typ_1_80V_25C 
OR5X1             6    166.018      0.304     3952.839    D_CELLS_MOSST_typ_1_80V_25C 
OR5X2             1     33.818      0.062        0.000    D_CELLS_MOSST_typ_1_80V_25C 
OR6X1            11    372.002      0.797      433.443    D_CELLS_MOSST_typ_1_80V_25C 
OR6X2             2     92.232      0.155     4172.913    D_CELLS_MOSST_typ_1_80V_25C 
OR6X4             1     52.265      0.181        0.000    D_CELLS_MOSST_typ_1_80V_25C 
SDFFRQX1          1     76.860      0.131     9597.119    D_CELLS_MOSST_typ_1_80V_25C 
SDFFRX4           1    107.604      0.169    15062.164    D_CELLS_MOSST_typ_1_80V_25C 
SDFRQX1           4    282.845      0.734    43623.837    D_CELLS_MOSST_typ_1_80V_25C 
SDFRQX2           1     70.711      0.192    14255.081    D_CELLS_MOSST_typ_1_80V_25C 
SDFRRQX0          1     73.786      0.158     6493.874    D_CELLS_MOSST_typ_1_80V_25C 
SDFRRQX1          3    230.580      0.398    19839.645    D_CELLS_MOSST_typ_1_80V_25C 
SDFRRQX2          2    166.018      0.285    16237.790    D_CELLS_MOSST_typ_1_80V_25C 
SDFRRQX4          3    285.919      0.517    38201.159    D_CELLS_MOSST_typ_1_80V_25C 
SDFRRX4           2    215.208      0.358    25417.741    D_CELLS_MOSST_typ_1_80V_25C 
--------------------------------------------------------------------------------------
total          4368  94799.124    252.309  2994260.443                                


                                            Leakage  Leakage   Internal  Internal 
     Type      Instances    Area   Area % Power (nW) Power %  Power (nW)  Power % 
----------------------------------------------------------------------------------
sequential           406 22513.831   23.7     56.684    22.5 1330349.607     44.4 
inverter             614  5164.992    5.4     20.507     8.1  157560.676      5.3 
buffer               235  3707.726    3.9     15.992     6.3  169193.748      5.7 
tristate             444 13136.911   13.9     44.024    17.4  652154.554     21.8 
logic               2669 50275.663   53.0    115.100    45.6  685001.859     22.9 
physical_cells         0     0.000    0.0      0.000     0.0       0.000      0.0 
----------------------------------------------------------------------------------
total               4368 94799.124  100.0    252.309   100.0 2994260.443    100.0 

