============================================================
  Generated by:           Genus(TM) Synthesis Solution GENUS15.22 - 15.20-s024_1
  Generated on:           Apr 11 2022  08:50:03 pm
  Module:                 z80_top_direct_n
  Interconnect mode:      global
  Area mode:              physical library
============================================================

Timing
--------

Clock  Period 
--------------
CLK   16000.0 


        Cost          Critical       Violating 
       Group         Path Slack TNS    Paths   
-----------------------------------------------
C2C                         0.1   0          0 
C2O                    No paths   0            
cg_enable_group_CLK         0.0   0          0 
CLK                      4072.8   0          0 
default                No paths   0            
I2C                      7009.7   0          0 
I2O                    No paths   0            
-----------------------------------------------
Total                             0          0 

Instance Count
--------------
Leaf Instance Count             3422 
Sequential Instance Count        406 
Combinational Instance Count    3016 
Hierarchical Instance Count       43 

Area
----
Cell Area                          73093.860
Physical Cell Area                 0.000
Total Cell Area (Cell+Physical)    73093.860
Net Area                           40210.842
Total Area (Cell+Physical+Net)     113304.702

Runtime                            -133.736 seconds
Elapsed Runtime                    252 seconds
Genus peak memory usage            670.95 
Innovus peak memory usage          no_value 
Hostname                           pgmicro04.ufrgs.br
