============================================================
  Generated by:           Genus(TM) Synthesis Solution GENUS15.22 - 15.20-s024_1
  Generated on:           Apr 11 2022  11:05:42 pm
  Module:                 z80_top_direct_n
  Interconnect mode:      global
  Area mode:              physical library
============================================================

                               
  Gate    Instances    Area                Library            
--------------------------------------------------------------
AN211X0           4     61.488    D_CELLS_MOSST_typ_1_80V_25C 
AN211X1          23    424.267    D_CELLS_MOSST_typ_1_80V_25C 
AN211X2           2     61.488    D_CELLS_MOSST_typ_1_80V_25C 
AN21X0            3     36.893    D_CELLS_MOSST_typ_1_80V_25C 
AN21X1           68    836.237    D_CELLS_MOSST_typ_1_80V_25C 
AN21X2            1     27.670    D_CELLS_MOSST_typ_1_80V_25C 
AN21X4            3     92.232    D_CELLS_MOSST_typ_1_80V_25C 
AN221X0           1     18.446    D_CELLS_MOSST_typ_1_80V_25C 
AN221X1           9    193.687    D_CELLS_MOSST_typ_1_80V_25C 
AN221X4           1     39.967    D_CELLS_MOSST_typ_1_80V_25C 
AN222X1           4     98.381    D_CELLS_MOSST_typ_1_80V_25C 
AN22X1           16    245.952    D_CELLS_MOSST_typ_1_80V_25C 
AN311X1           1     21.521    D_CELLS_MOSST_typ_1_80V_25C 
AN31X1            4     61.488    D_CELLS_MOSST_typ_1_80V_25C 
AN31X2            1     27.670    D_CELLS_MOSST_typ_1_80V_25C 
AN321X1           1     24.595    D_CELLS_MOSST_typ_1_80V_25C 
AN32X1            2     36.893    D_CELLS_MOSST_typ_1_80V_25C 
AN33X1            3     64.562    D_CELLS_MOSST_typ_1_80V_25C 
AND2X0            7     86.083    D_CELLS_MOSST_typ_1_80V_25C 
AND2X1          180   2213.568    D_CELLS_MOSST_typ_1_80V_25C 
AND2X2           31    571.838    D_CELLS_MOSST_typ_1_80V_25C 
AND2X4           54   1494.158    D_CELLS_MOSST_typ_1_80V_25C 
AND3X0            2     30.744    D_CELLS_MOSST_typ_1_80V_25C 
AND3X1           23    353.556    D_CELLS_MOSST_typ_1_80V_25C 
AND3X2           15    322.812    D_CELLS_MOSST_typ_1_80V_25C 
AND3X4           29    980.734    D_CELLS_MOSST_typ_1_80V_25C 
AND4X1            6    147.571    D_CELLS_MOSST_typ_1_80V_25C 
AND4X2            6    184.464    D_CELLS_MOSST_typ_1_80V_25C 
AND5X1           11    304.366    D_CELLS_MOSST_typ_1_80V_25C 
AND5X2            3    101.455    D_CELLS_MOSST_typ_1_80V_25C 
AND6X0            1     30.744    D_CELLS_MOSST_typ_1_80V_25C 
AND6X1           16    491.904    D_CELLS_MOSST_typ_1_80V_25C 
AND6X2            2     73.786    D_CELLS_MOSST_typ_1_80V_25C 
AO211X1           3     64.562    D_CELLS_MOSST_typ_1_80V_25C 
AO211X2           1     27.670    D_CELLS_MOSST_typ_1_80V_25C 
AO21X1           19    350.482    D_CELLS_MOSST_typ_1_80V_25C 
AO21X2            4     98.381    D_CELLS_MOSST_typ_1_80V_25C 
AO222X1           1     27.670    D_CELLS_MOSST_typ_1_80V_25C 
AO22X0            6    110.678    D_CELLS_MOSST_typ_1_80V_25C 
AO22X1            3     64.562    D_CELLS_MOSST_typ_1_80V_25C 
AO31X1            1     21.521    D_CELLS_MOSST_typ_1_80V_25C 
AO32X1            2     49.190    D_CELLS_MOSST_typ_1_80V_25C 
AO32X2            1     27.670    D_CELLS_MOSST_typ_1_80V_25C 
BTHCX4            1     33.818    D_CELLS_MOSST_typ_1_80V_25C 
BTHCX6            1     43.042    D_CELLS_MOSST_typ_1_80V_25C 
BTHX1           128   3148.186    D_CELLS_MOSST_typ_1_80V_25C 
BTHX12           16   1278.950    D_CELLS_MOSST_typ_1_80V_25C 
BTHX16            3    285.919    D_CELLS_MOSST_typ_1_80V_25C 
BTHX2            19    525.722    D_CELLS_MOSST_typ_1_80V_25C 
BTHX20            3    359.705    D_CELLS_MOSST_typ_1_80V_25C 
BTHX3             2     73.786    D_CELLS_MOSST_typ_1_80V_25C 
BTHX4             1     39.967    D_CELLS_MOSST_typ_1_80V_25C 
BTHX8             4    221.357    D_CELLS_MOSST_typ_1_80V_25C 
BTLX0             6    147.571    D_CELLS_MOSST_typ_1_80V_25C 
BTLX1            64   1574.093    D_CELLS_MOSST_typ_1_80V_25C 
BTLX12            6    479.606    D_CELLS_MOSST_typ_1_80V_25C 
BTLX16            2    190.613    D_CELLS_MOSST_typ_1_80V_25C 
BTLX2             6    166.018    D_CELLS_MOSST_typ_1_80V_25C 
BTLX20            5    599.508    D_CELLS_MOSST_typ_1_80V_25C 
BTLX3             4    147.571    D_CELLS_MOSST_typ_1_80V_25C 
BTLX4             1     39.967    D_CELLS_MOSST_typ_1_80V_25C 
BTLX8             2    110.678    D_CELLS_MOSST_typ_1_80V_25C 
BUCX4             1     24.595    D_CELLS_MOSST_typ_1_80V_25C 
BUX0             81    996.106    D_CELLS_MOSST_typ_1_80V_25C 
BUX1             63    774.749    D_CELLS_MOSST_typ_1_80V_25C 
BUX12             1     61.488    D_CELLS_MOSST_typ_1_80V_25C 
BUX2             52    799.344    D_CELLS_MOSST_typ_1_80V_25C 
BUX3             11    236.729    D_CELLS_MOSST_typ_1_80V_25C 
BUX4             14    344.333    D_CELLS_MOSST_typ_1_80V_25C 
BUX6              3    101.455    D_CELLS_MOSST_typ_1_80V_25C 
BUX8              8    344.333    D_CELLS_MOSST_typ_1_80V_25C 
DFFQX1           15    783.972    D_CELLS_MOSST_typ_1_80V_25C 
DFFQX2            1     55.339    D_CELLS_MOSST_typ_1_80V_25C 
DFFQX4            5    353.556    D_CELLS_MOSST_typ_1_80V_25C 
DFFRQX1          12    737.856    D_CELLS_MOSST_typ_1_80V_25C 
DFFSQX1           1     61.488    D_CELLS_MOSST_typ_1_80V_25C 
DFFX1            17    940.766    D_CELLS_MOSST_typ_1_80V_25C 
DFFX2             6    368.928    D_CELLS_MOSST_typ_1_80V_25C 
DFRQX1          229  11968.639    D_CELLS_MOSST_typ_1_80V_25C 
DFRQX2            1     55.339    D_CELLS_MOSST_typ_1_80V_25C 
DFRQX4            1     70.711    D_CELLS_MOSST_typ_1_80V_25C 
DFRRQX1          30   1844.640    D_CELLS_MOSST_typ_1_80V_25C 
DFRRQX2           4    258.250    D_CELLS_MOSST_typ_1_80V_25C 
DFRRQX4           9    747.079    D_CELLS_MOSST_typ_1_80V_25C 
DFRRX1            1     64.562    D_CELLS_MOSST_typ_1_80V_25C 
DFRRX4            9    830.088    D_CELLS_MOSST_typ_1_80V_25C 
DFRSQX2           1     61.488    D_CELLS_MOSST_typ_1_80V_25C 
DFRSQX4           1     73.786    D_CELLS_MOSST_typ_1_80V_25C 
DFRX1             2    110.678    D_CELLS_MOSST_typ_1_80V_25C 
DFRX2             1     61.488    D_CELLS_MOSST_typ_1_80V_25C 
DLHQX1            6    221.357    D_CELLS_MOSST_typ_1_80V_25C 
DLHRX1            1     43.042    D_CELLS_MOSST_typ_1_80V_25C 
DLLQX1           35   1291.248    D_CELLS_MOSST_typ_1_80V_25C 
DLY1X0            1     24.595    D_CELLS_MOSST_typ_1_80V_25C 
EN2X0            12    184.464    D_CELLS_MOSST_typ_1_80V_25C 
EN2X1            21    451.937    D_CELLS_MOSST_typ_1_80V_25C 
EN3X1             1     39.967    D_CELLS_MOSST_typ_1_80V_25C 
EO2X0             1     15.372    D_CELLS_MOSST_typ_1_80V_25C 
EO2X1             5    107.604    D_CELLS_MOSST_typ_1_80V_25C 
FAX1              1     58.414    D_CELLS_MOSST_typ_1_80V_25C 
HAX2              1     36.893    D_CELLS_MOSST_typ_1_80V_25C 
HAX4              1     46.116    D_CELLS_MOSST_typ_1_80V_25C 
INX0             11     67.637    D_CELLS_MOSST_typ_1_80V_25C 
INX1            409   2514.859    D_CELLS_MOSST_typ_1_80V_25C 
INX12             2    116.827    D_CELLS_MOSST_typ_1_80V_25C 
INX16             1     73.786    D_CELLS_MOSST_typ_1_80V_25C 
INX2            129   1189.793    D_CELLS_MOSST_typ_1_80V_25C 
INX3             22    338.184    D_CELLS_MOSST_typ_1_80V_25C 
INX4             23    424.267    D_CELLS_MOSST_typ_1_80V_25C 
INX6              9    193.687    D_CELLS_MOSST_typ_1_80V_25C 
INX8              8    245.952    D_CELLS_MOSST_typ_1_80V_25C 
ITHCX12           6    405.821    D_CELLS_MOSST_typ_1_80V_25C 
ITHCX16           6    516.499    D_CELLS_MOSST_typ_1_80V_25C 
ITHX0            39    479.606    D_CELLS_MOSST_typ_1_80V_25C 
ITHX1            72   1328.141    D_CELLS_MOSST_typ_1_80V_25C 
ITHX12            1     86.083    D_CELLS_MOSST_typ_1_80V_25C 
ITHX2             2     73.786    D_CELLS_MOSST_typ_1_80V_25C 
ITHX8             1     61.488    D_CELLS_MOSST_typ_1_80V_25C 
ITLCX16           1     86.083    D_CELLS_MOSST_typ_1_80V_25C 
ITLX0            34    418.118    D_CELLS_MOSST_typ_1_80V_25C 
ITLX1             7    129.125    D_CELLS_MOSST_typ_1_80V_25C 
ITLX12            1     86.083    D_CELLS_MOSST_typ_1_80V_25C 
MU2IX1           16    295.142    D_CELLS_MOSST_typ_1_80V_25C 
MU2X1            24    590.285    D_CELLS_MOSST_typ_1_80V_25C 
MU2X2             5    122.976    D_CELLS_MOSST_typ_1_80V_25C 
MU2X4             1     30.744    D_CELLS_MOSST_typ_1_80V_25C 
NA2I1X0           2     24.595    D_CELLS_MOSST_typ_1_80V_25C 
NA2I1X1          35    538.020    D_CELLS_MOSST_typ_1_80V_25C 
NA2I1X2          18    332.035    D_CELLS_MOSST_typ_1_80V_25C 
NA2I1X4          15    461.160    D_CELLS_MOSST_typ_1_80V_25C 
NA2X0            16    147.571    D_CELLS_MOSST_typ_1_80V_25C 
NA2X1           297   2739.290    D_CELLS_MOSST_typ_1_80V_25C 
NA2X2           127   1952.244    D_CELLS_MOSST_typ_1_80V_25C 
NA2X4           142   4365.648    D_CELLS_MOSST_typ_1_80V_25C 
NA3I1X0           3     46.116    D_CELLS_MOSST_typ_1_80V_25C 
NA3I1X1          31    571.838    D_CELLS_MOSST_typ_1_80V_25C 
NA3I1X2          13    359.705    D_CELLS_MOSST_typ_1_80V_25C 
NA3I1X4          22    879.278    D_CELLS_MOSST_typ_1_80V_25C 
NA3I2X1           9    193.687    D_CELLS_MOSST_typ_1_80V_25C 
NA3I2X2           7    215.208    D_CELLS_MOSST_typ_1_80V_25C 
NA3I2X4           7    344.333    D_CELLS_MOSST_typ_1_80V_25C 
NA3X0             9    110.678    D_CELLS_MOSST_typ_1_80V_25C 
NA3X1            62    762.451    D_CELLS_MOSST_typ_1_80V_25C 
NA3X2            43   1057.594    D_CELLS_MOSST_typ_1_80V_25C 
NA3X4            36   1660.176    D_CELLS_MOSST_typ_1_80V_25C 
NA4I1X2           2     67.637    D_CELLS_MOSST_typ_1_80V_25C 
NA4I2X2           2     67.637    D_CELLS_MOSST_typ_1_80V_25C 
NA4X1             1     27.670    D_CELLS_MOSST_typ_1_80V_25C 
NA4X4             2     92.232    D_CELLS_MOSST_typ_1_80V_25C 
NA5I1X1           2     67.637    D_CELLS_MOSST_typ_1_80V_25C 
NA5I1X4           1     46.116    D_CELLS_MOSST_typ_1_80V_25C 
NA5I3X1           2     67.637    D_CELLS_MOSST_typ_1_80V_25C 
NA5I4X1           1     36.893    D_CELLS_MOSST_typ_1_80V_25C 
NA6I1X1           5    184.464    D_CELLS_MOSST_typ_1_80V_25C 
NA6I1X2           3    119.902    D_CELLS_MOSST_typ_1_80V_25C 
NA6I2X1           1     43.042    D_CELLS_MOSST_typ_1_80V_25C 
NA6I2X2           1     46.116    D_CELLS_MOSST_typ_1_80V_25C 
NA6I2X4           2    110.678    D_CELLS_MOSST_typ_1_80V_25C 
NA6I3X1           6    221.357    D_CELLS_MOSST_typ_1_80V_25C 
NA6I4X1           1     39.967    D_CELLS_MOSST_typ_1_80V_25C 
NA6X1             1     33.818    D_CELLS_MOSST_typ_1_80V_25C 
NA6X2             2     79.934    D_CELLS_MOSST_typ_1_80V_25C 
NO2I1X0           1     12.298    D_CELLS_MOSST_typ_1_80V_25C 
NO2I1X1          77    946.915    D_CELLS_MOSST_typ_1_80V_25C 
NO2I1X2          32    688.666    D_CELLS_MOSST_typ_1_80V_25C 
NO2I1X4          18    553.392    D_CELLS_MOSST_typ_1_80V_25C 
NO2X0             9     83.009    D_CELLS_MOSST_typ_1_80V_25C 
NO2X1           222   2047.550    D_CELLS_MOSST_typ_1_80V_25C 
NO2X2           108   1660.176    D_CELLS_MOSST_typ_1_80V_25C 
NO2X4           123   3403.361    D_CELLS_MOSST_typ_1_80V_25C 
NO3I1X0           3     46.116    D_CELLS_MOSST_typ_1_80V_25C 
NO3I1X1          21    387.374    D_CELLS_MOSST_typ_1_80V_25C 
NO3I1X2           4    110.678    D_CELLS_MOSST_typ_1_80V_25C 
NO3I1X4           1     46.116    D_CELLS_MOSST_typ_1_80V_25C 
NO3I2X1           7    150.646    D_CELLS_MOSST_typ_1_80V_25C 
NO3I2X2           1     33.818    D_CELLS_MOSST_typ_1_80V_25C 
NO3I2X4           2     98.381    D_CELLS_MOSST_typ_1_80V_25C 
NO3X0            11    135.274    D_CELLS_MOSST_typ_1_80V_25C 
NO3X1            46    707.112    D_CELLS_MOSST_typ_1_80V_25C 
NO3X2            15    368.928    D_CELLS_MOSST_typ_1_80V_25C 
NO3X4            16    639.475    D_CELLS_MOSST_typ_1_80V_25C 
NO4I1X4           1     43.042    D_CELLS_MOSST_typ_1_80V_25C 
NO4I2X1           1     30.744    D_CELLS_MOSST_typ_1_80V_25C 
NO4I2X2           2     73.786    D_CELLS_MOSST_typ_1_80V_25C 
NO4I2X4           2     86.083    D_CELLS_MOSST_typ_1_80V_25C 
NO4I3X2           1     39.967    D_CELLS_MOSST_typ_1_80V_25C 
NO4X2             3     92.232    D_CELLS_MOSST_typ_1_80V_25C 
NO5I1X4           2     86.083    D_CELLS_MOSST_typ_1_80V_25C 
NO5I2X2           2     73.786    D_CELLS_MOSST_typ_1_80V_25C 
NO5I3X1           2     67.637    D_CELLS_MOSST_typ_1_80V_25C 
NO5I3X2           1     36.893    D_CELLS_MOSST_typ_1_80V_25C 
NO5I4X4           1     46.116    D_CELLS_MOSST_typ_1_80V_25C 
NO5X1             1     33.818    D_CELLS_MOSST_typ_1_80V_25C 
NO5X2             2     67.637    D_CELLS_MOSST_typ_1_80V_25C 
NO5X4             1     39.967    D_CELLS_MOSST_typ_1_80V_25C 
NO6I1X2           1     46.116    D_CELLS_MOSST_typ_1_80V_25C 
NO6I2X1           4    172.166    D_CELLS_MOSST_typ_1_80V_25C 
NO6I2X2           1     46.116    D_CELLS_MOSST_typ_1_80V_25C 
NO6I3X1           1     46.116    D_CELLS_MOSST_typ_1_80V_25C 
NO6I4X1           1     43.042    D_CELLS_MOSST_typ_1_80V_25C 
NO6I5X2           1     52.265    D_CELLS_MOSST_typ_1_80V_25C 
NO6X0             3    101.455    D_CELLS_MOSST_typ_1_80V_25C 
NO6X1             5    184.464    D_CELLS_MOSST_typ_1_80V_25C 
NO6X4             1     46.116    D_CELLS_MOSST_typ_1_80V_25C 
OA211X1           6    129.125    D_CELLS_MOSST_typ_1_80V_25C 
OA211X2           2     49.190    D_CELLS_MOSST_typ_1_80V_25C 
OA21X0            1     15.372    D_CELLS_MOSST_typ_1_80V_25C 
OA21X1           20    368.928    D_CELLS_MOSST_typ_1_80V_25C 
OA21X2            4     86.083    D_CELLS_MOSST_typ_1_80V_25C 
OA21X4            2     55.339    D_CELLS_MOSST_typ_1_80V_25C 
OA221X1           5    122.976    D_CELLS_MOSST_typ_1_80V_25C 
OA221X2           1     27.670    D_CELLS_MOSST_typ_1_80V_25C 
OA22X1            2     43.042    D_CELLS_MOSST_typ_1_80V_25C 
OA31X1            1     21.521    D_CELLS_MOSST_typ_1_80V_25C 
OA32X1            2     49.190    D_CELLS_MOSST_typ_1_80V_25C 
ON211X0           2     30.744    D_CELLS_MOSST_typ_1_80V_25C 
ON211X1          16    295.142    D_CELLS_MOSST_typ_1_80V_25C 
ON211X2           1     27.670    D_CELLS_MOSST_typ_1_80V_25C 
ON21X0            4     49.190    D_CELLS_MOSST_typ_1_80V_25C 
ON21X1           51    783.972    D_CELLS_MOSST_typ_1_80V_25C 
ON221X0           3     55.339    D_CELLS_MOSST_typ_1_80V_25C 
ON221X1           1     24.595    D_CELLS_MOSST_typ_1_80V_25C 
ON221X2           1     33.818    D_CELLS_MOSST_typ_1_80V_25C 
ON222X1           1     27.670    D_CELLS_MOSST_typ_1_80V_25C 
ON22X0            1     15.372    D_CELLS_MOSST_typ_1_80V_25C 
ON22X1            8    147.571    D_CELLS_MOSST_typ_1_80V_25C 
ON311X1           1     18.446    D_CELLS_MOSST_typ_1_80V_25C 
ON31X1            5     92.232    D_CELLS_MOSST_typ_1_80V_25C 
ON31X2            1     27.670    D_CELLS_MOSST_typ_1_80V_25C 
ON33X0            1     21.521    D_CELLS_MOSST_typ_1_80V_25C 
OR2X0             2     24.595    D_CELLS_MOSST_typ_1_80V_25C 
OR2X1            91   1119.082    D_CELLS_MOSST_typ_1_80V_25C 
OR2X2            18    276.696    D_CELLS_MOSST_typ_1_80V_25C 
OR2X4            15    368.928    D_CELLS_MOSST_typ_1_80V_25C 
OR3X1             7    129.125    D_CELLS_MOSST_typ_1_80V_25C 
OR3X2             4     86.083    D_CELLS_MOSST_typ_1_80V_25C 
OR3X4             6    202.910    D_CELLS_MOSST_typ_1_80V_25C 
OR4X1             8    196.762    D_CELLS_MOSST_typ_1_80V_25C 
OR4X2             3     92.232    D_CELLS_MOSST_typ_1_80V_25C 
OR4X4             1     43.042    D_CELLS_MOSST_typ_1_80V_25C 
OR5X0             1     27.670    D_CELLS_MOSST_typ_1_80V_25C 
OR5X1             6    166.018    D_CELLS_MOSST_typ_1_80V_25C 
OR5X2             1     33.818    D_CELLS_MOSST_typ_1_80V_25C 
OR6X1            11    372.002    D_CELLS_MOSST_typ_1_80V_25C 
OR6X2             2     92.232    D_CELLS_MOSST_typ_1_80V_25C 
OR6X4             1     52.265    D_CELLS_MOSST_typ_1_80V_25C 
SDFFRQX1          1     76.860    D_CELLS_MOSST_typ_1_80V_25C 
SDFFRX4           1    107.604    D_CELLS_MOSST_typ_1_80V_25C 
SDFRQX1           4    282.845    D_CELLS_MOSST_typ_1_80V_25C 
SDFRQX2           1     70.711    D_CELLS_MOSST_typ_1_80V_25C 
SDFRRQX0          1     73.786    D_CELLS_MOSST_typ_1_80V_25C 
SDFRRQX1          3    230.580    D_CELLS_MOSST_typ_1_80V_25C 
SDFRRQX2          2    166.018    D_CELLS_MOSST_typ_1_80V_25C 
SDFRRQX4          3    285.919    D_CELLS_MOSST_typ_1_80V_25C 
SDFRRX4           2    215.208    D_CELLS_MOSST_typ_1_80V_25C 
--------------------------------------------------------------
total          4368  94799.124                                


                                          
     Type      Instances    Area   Area % 
------------------------------------------
sequential           406 22513.831   23.7 
inverter             614  5164.992    5.4 
buffer               235  3707.726    3.9 
tristate             444 13136.911   13.9 
logic               2669 50275.663   53.0 
physical_cells         0     0.000    0.0 
------------------------------------------
total               4368 94799.124  100.0 

