

Working Directory = /home/inf01185/leonardo.augusto/Downloads/projeto-cci2-az80/a-z80/export
QoS Summary for z80_top_direct_n
========================================================================================
Metric                  generic    map        syn_opt    syn_opt_low_incr final     
========================================================================================
Slack (ps):                  0.0        0.0        0.0        0.0        0.0
  R2R (ps):                  0.0        0.0        0.0        0.0        0.0
  I2R (ps):              26971.9    26509.7    26509.7    26509.7    26509.7
  R2O (ps):             no_value   no_value   no_value   no_value   no_value
  I2O (ps):             no_value   no_value   no_value   no_value   no_value
  CG  (ps):              24881.7    21406.3    21254.6    21254.6    21254.6
TNS (ps):                      0          0          0          0          0
  R2R (ps):                  0.0        0.0        0.0        0.0        0.0
  I2R (ps):                  0.0        0.0        0.0        0.0        0.0
  R2O (ps):             no_value   no_value   no_value   no_value   no_value
  I2O (ps):             no_value   no_value   no_value   no_value   no_value
  CG  (ps):                  0.0        0.0        0.0        0.0        0.0
Failing Paths:                 0          0          0          0          0
Area:                        898      66075      63579      63579      63579
Instances:                  6065       3372       3113       3113       3113
Utilization (%):            0.00       0.00       0.00       0.00       0.00
Tot. Net Length (um):   no_value   no_value   no_value   no_value   no_value
Avg. Net Length (um):   no_value   no_value   no_value   no_value   no_value
Total Overflow H:              0          0          0          0          0
Total Overflow V:              0          0          0          0          0
Route Overflow H (%):   no_value   no_value   no_value   no_value   no_value
Route Overflow V (%):   no_value   no_value   no_value   no_value   no_value
========================================================================================
CPU  Runtime (m:s):        00:29      04:38      00:19      00:02      00:06
Real Runtime (m:s):        00:40      02:14      00:26      00:09      00:12
CPU  Elapsed (m:s):        00:39      05:17      05:36      05:38      05:44
Real Elapsed (m:s):        00:43      02:57      03:23      03:32      03:44
Memory (MB):              629.15     667.16     669.16     669.16     669.16
========================================================================================

========================================================================================
Flow Settings:
========================================================================================
Total Runtime (m:s): 03:48
Total Memory (MB):   669.16
Executable Version:  15.22
========================================================================================


