============================================================
  Generated by:           Genus(TM) Synthesis Solution GENUS15.22 - 15.20-s024_1
  Generated on:           Apr 11 2022  08:08:23 pm
  Module:                 z80_top_direct_n
  Interconnect mode:      global
  Area mode:              physical library
============================================================


Path 1: MET (3096 ps) Setup Check with Pin data_pins__dout_reg[2]/CN->D
          Group: C2C
     Startpoint: (R) decode_state__DFFE_instED_reg/C
          Clock: (R) CLK
       Endpoint: (R) data_pins__dout_reg[2]/D
          Clock: (F) CLK

                     Capture       Launch     
        Clock Edge:+   27500            0     
       Src Latency:+       0            0     
       Net Latency:+       0 (I)        0 (I) 
           Arrival:=   27500            0     
                                              
             Setup:-      63                  
     Required Time:=   27437                  
      Launch Clock:-       0                  
         Data Path:-   24341                  
             Slack:=    3096                  

#-------------------------------------------------------------------------------------------------
#          Timing Point           Flags    Arc   Edge   Cell     Fanout  Load Trans Delay Arrival 
#                                                                        (fF)  (ps)  (ps)   (ps)  
#-------------------------------------------------------------------------------------------------
  decode_state__DFFE_instED_reg/C -       -      R     (arrival)    116     -     0     -       0 
  decode_state__DFFE_instED_reg/Q -       C->Q   F     SDFRRQX1      13  84.0   398   511     511 
  g5170/Q                         -       A->Q   R     NO2X1         20 128.3  1370   831    1342 
  g5162/Q                         -       A->Q   F     INX2          27 156.8   552   413    1755 
  g5056/Q                         -       B->Q   R     NO3X0          8  53.6  2402  1436    3190 
  execute__g102457/Q              -       A->Q   R     OR2X1          2  16.2   195   146    3337 
  execute__g102234/Q              -       A->Q   F     NA2X1          2  15.9   235    98    3434 
  execute__g102123/Q              -       C->Q   F     OA21X1         4  25.4   154   216    3650 
  execute__g101980/Q              -       A->Q   F     AND2X1         2  16.3   101   169    3819 
  execute__g101793/Q              -       B->Q   R     NA2X1          2  16.7   183   133    3952 
  execute__g101762/Q              -       A->Q   F     NO2X1          2  17.1   152    88    4041 
  execute__g101734/Q              -       A->Q   R     NA3X1          1   9.3   185   119    4160 
  execute__g101686/Q              -       AN->Q  R     NA3I1X1        1   8.8   188   148    4308 
  execute__g101671/Q              -       A->Q   R     OR5X1          3  25.9   263   221    4529 
  execute__g101647/Q              -       A->Q   F     NO2X1          3  25.8   156   124    4653 
  execute__g101627/Q              -       A->Q   R     NA2X1          3  24.3   282   170    4823 
  execute__g101602/Q              -       E->Q   F     AN221X1        2  19.7   413   125    4948 
  execute__g102544/Q              -       C->Q   R     NA3I1X1        3  23.0   294   274    5222 
  execute__g101560/Q              -       A->Q   F     NO2X1          2  17.7   149   104    5326 
  execute__g101552/Q              -       A->Q   R     INX1           4  29.0   166   126    5453 
  execute__g101527/Q              -       A->Q   F     AN22X1         1   9.8   305   122    5575 
  g102614/Q                       -       C->Q   R     ON21X1         1  10.0   204   152    5727 
  g102612/Q                       -       C->Q   F     AN21X1         1   9.9   148    70    5798 
  execute__g101497/Q              -       A->Q   R     NA2X1          1  10.1   152   106    5904 
  execute__g101472/Q              -       A->Q   F     NO3X1          1   8.6   115    68    5972 
  execute__g101437/Q              -       A->Q   F     AND6X1         1   9.5    96   182    6154 
  execute__g2/Q                   -       C->Q   R     NA6I2X1        1  10.4   116   263    6417 
  g5012/Q                         -       B->Q   R     EN2X0          3  26.7  1018   598    7015 
  execute__g25949/Q               -       B->Q   F     NO2I1X1        1   8.8   225   114    7128 
  execute__g25948/Q               -       A->Q   F     OR5X1          1  10.4   114   227    7356 
  g5010/Q                         -       B->Q   R     EN2X0          2  16.6   693   421    7777 
  g5009/Q                         -       IN1->Q F     MU2IX1         3  24.0   265   188    7965 
  alu_/g728/Q                     -       D->Q   R     AN221X1        2  15.3   372   270    8236 
  alu_/g725/Q                     -       A->Q   F     NO2X1          3  24.0   172   135    8371 
  alu_/g717/Q                     -       D->Q   R     AN221X1        2  15.3   372   255    8626 
  alu_/g716/Q                     -       A->Q   F     NO2X1          3  24.0   172   135    8761 
  alu_/g714/Q                     -       D->Q   R     AN221X1        2  15.3   372   255    9016 
  alu_/g777/Q                     -       E->Q   R     OA32X1         1   9.9   123   232    9248 
  alu_/g709/Q                     -       D->Q   F     AN31X1         3  25.9   281   103    9351 
  alu_/g46/Q                      -       A->Q   R     ITHX0          5  53.0  1808  1061   10412 
  alu_/g706/Q                     -       A->Q   F     INX1           1   8.9   274    89   10501 
  alu_/g14/Q                      -       A->Q   R     ITHX0          5  36.1  1264   766   11267 
  alu_/g701/Q                     -       A->Q   F     AN211X0        1   8.9   451   274   11541 
  alu_/g74/Q                      -       A->Q   R     ITHX0          6  56.2  1911  1147   12688 
  alu_/g700/Q                     -       A->Q   F     INX1           1  15.9   347   150   12838 
  alu_/g15/Q                      -       A->Q   R     ITHX1          5  39.3   500   229   13067 
  g4930/Q                         -       A->Q   F     INX1           1   8.9   230    92   13159 
  sw2__g3/Q                       -       A->Q   R     ITHX0          4  37.4  1306   781   13940 
  sw1__g11/Q                      -       A->Q   R     BTHX1         11  68.2   500   390   14330 
  alu_/g697/Q                     -       AN->Q  R     NA2I1X0        1   8.9   325   272   14602 
  alu_/g1/Q                       -       A->Q   F     ITHX0          6  58.2  1014   604   15206 
  alu_/g696/Q                     -       A->Q   R     INX1           1   8.9   193   178   15384 
  alu_/g9/Q                       -       A->Q   F     ITHX0          5  40.4   724   432   15816 
  alu_/g694/Q                     -       A->Q   F     AND2X1         1   8.4    78   270   16086 
  alu_/g689/Q                     -       D->Q   R     AN211X0        1  15.9   816   455   16541 
  alu_/g75/Q                      -       A->Q   F     ITHX1          5  53.0   500   190   16731 
  alu_/g688/Q                     -       A->Q   R     INX1           1  15.9   232   218   16949 
  alu_/g16/Q                      -       A->Q   F     ITHX1          5  39.2   500   124   17073 
  g4918/Q                         -       A->Q   R     INX1           1  15.9   201   188   17261 
  sw2__g4/Q                       -       A->Q   F     ITHX1          4  38.3   500   119   17380 
  sw1__g12/Q                      -       A->Q   F     BTHX1          9  61.9   500   472   17852 
  alu_/g685/Q                     -       B->Q   R     NO2I1X1        2  13.4   234   203   18056 
  alu_/g683/Q                     -       B->Q   F     NA2I1X0        1   8.9   205   135   18190 
  alu_/g3/Q                       -       A->Q   R     ITHX0          5  52.9  1805  1046   19237 
  alu_/g680/Q                     -       A->Q   F     INX1           1   8.9   274    89   19325 
  alu_/g11/Q                      -       A->Q   R     ITHX0          5  36.1  1264   766   20091 
  alu_/g656/Q                     -       A->Q   F     AN211X0        1   8.9   451   274   20366 
  alu_/g69/Q                      -       A->Q   R     ITHX0          5  52.5  1792  1083   21448 
  alu_/g650/Q                     -       A->Q   F     INX1           1   8.9   272    89   21537 
  alu_/g10/Q                      -       A->Q   R     ITHX0          5  39.2  1364   820   22356 
  g4858/Q                         -       A->Q   F     INX1           1   8.9   229    92   22448 
  sw2__g6/Q                       -       A->Q   R     ITHX0          4  41.4  1434   850   23298 
  g4836/Q                         -       A->Q   F     INX1           1   8.9   237    92   23390 
  sw1__g14/Q                      -       A->Q   R     ITHX0          3  25.9   935   582   23972 
  g4725/Q                         -       A->Q   R     AO22X0         1   9.6   318   370   24341 
  data_pins__dout_reg[2]/D        -       -      R     DFFX1          1     -     -     0   24341 
#-------------------------------------------------------------------------------------------------

