============================================================
  Generated by:           Genus(TM) Synthesis Solution GENUS15.22 - 15.20-s024_1
  Generated on:           Apr 11 2022  08:07:57 pm
  Module:                 z80_top_direct_n
  Interconnect mode:      global
  Area mode:              physical library
============================================================


Path 1: MET (2992 ps) Setup Check with Pin data_pins__dout_reg[2]/CN->D
          Group: C2C
     Startpoint: (R) decode_state__DFFE_instED_reg/C
          Clock: (R) CLK
       Endpoint: (R) data_pins__dout_reg[2]/D
          Clock: (F) CLK

                     Capture       Launch     
        Clock Edge:+   27500            0     
       Src Latency:+       0            0     
       Net Latency:+       0 (I)        0 (I) 
           Arrival:=   27500            0     
                                              
             Setup:-      65                  
     Required Time:=   27435                  
      Launch Clock:-       0                  
         Data Path:-   24443                  
             Slack:=    2992                  

#-------------------------------------------------------------------------------------------------
#          Timing Point           Flags    Arc   Edge   Cell     Fanout  Load Trans Delay Arrival 
#                                                                        (fF)  (ps)  (ps)   (ps)  
#-------------------------------------------------------------------------------------------------
  decode_state__DFFE_instED_reg/C -       -      R     (arrival)    120     -     0     -       0 
  decode_state__DFFE_instED_reg/Q -       C->Q   F     SDFRRX4       13  86.6   158   331     331 
  g5170/Q                         -       A->Q   R     NO2X2         20 128.3   707   418     749 
  g5162/Q                         -       A->Q   F     INX2          27 156.8   416   332    1081 
  g5111/Q                         -       A->Q   R     NO2X1          2  14.9   246   215    1296 
  g5080/Q                         -       A->Q   R     AND2X1         3  22.8   220   196    1492 
  execute__g34156/Q               -       B->Q   F     NO2I1X1        5  36.1   196   155    1646 
  execute__g34105/Q               -       A->Q   F     AND2X1         2  16.2   100   180    1826 
  execute__g102421/Q              -       A->Q   R     NO2X1          4  33.1   399   237    2063 
  execute__g102000/Q              -       C->Q   F     NA3X1          3  22.6   249   150    2213 
  execute__g101898/Q              -       D->Q   R     AN211X1        2  16.0   352   239    2452 
  execute__g101843/Q              -       C->Q   R     OA21X1         2  17.0   173   239    2691 
  execute__g101793/Q              -       A->Q   F     NA2X1          2  17.3   134    99    2790 
  execute__g101762/Q              -       A->Q   R     NO2X1          2  17.1   239   157    2947 
  execute__g101734/Q              -       A->Q   F     NA3X1          1   9.3   134    95    3042 
  execute__g101686/Q              -       AN->Q  F     NA3I1X1        1   8.8   135   171    3212 
  execute__g101671/Q              -       A->Q   F     OR5X1          3  25.9   193   258    3470 
  execute__g101647/Q              -       A->Q   R     NO2X1          3  25.8   328   220    3691 
  execute__g101627/Q              -       A->Q   F     NA2X1          3  24.3   209   147    3838 
  execute__g101602/Q              -       E->Q   R     AN221X1        2  19.7   452   264    4102 
  execute__g102544/Q              -       C->Q   F     NA3I1X1        3  26.1   242   165    4267 
  execute__g101560/Q              -       A->Q   R     NO2X1          2  17.7   253   188    4455 
  execute__g101552/Q              -       A->Q   F     INX1           4  29.4   165   132    4588 
  execute__g101527/Q              -       A->Q   R     AN22X1         1  10.0   242   178    4766 
  execute__g101517/Q              -       E->Q   F     ON221X1        1   9.9   185   148    4914 
  execute__g101508/Q              -       E->Q   R     AN221X1        1   9.9   299   190    5104 
  execute__g101497/Q              -       A->Q   F     NA2X1          1  10.1   124    87    5191 
  execute__g101472/Q              -       A->Q   R     NO3X1          1   8.6   229   131    5322 
  execute__g101437/Q              -       A->Q   R     AND6X1         1   9.5   169   222    5545 
  execute__g2/Q                   -       C->Q   F     NA6I2X1        1  10.4    88   274    5818 
  g5012/Q                         -       B->Q   R     EN2X0          3  26.7  1018   592    6410 
  execute__g25949/Q               -       B->Q   F     NO2I1X1        1   8.8   225   114    6524 
  execute__g25948/Q               -       A->Q   F     OR5X1          1  10.4   114   227    6751 
  g5010/Q                         -       B->Q   R     EN2X0          2  16.6   693   421    7172 
  g5009/Q                         -       IN1->Q F     MU2IX1         3  20.9   250   176    7348 
  alu_/g728/Q                     -       D->Q   R     AN221X0        2  14.4   851   550    7898 
  alu_/g725/Q                     -       A->Q   F     NO2X1          3  20.9   249   148    8046 
  alu_/g717/Q                     -       D->Q   R     AN221X0        2  14.4   851   550    8596 
  alu_/g716/Q                     -       A->Q   F     NO2X1          3  22.9   258   157    8753 
  alu_/g714/Q                     -       D->Q   R     AN221X1        2  14.4   360   263    9016 
  alu_/g711/Q                     -       E->Q   R     OA32X0         1   9.9   310   330    9346 
  alu_/g709/Q                     -       D->Q   F     AN31X1         3  23.2   263   126    9471 
  alu_/g46/Q                      -       A->Q   R     ITHX0          5  53.0  1808  1058   10529 
  alu_/g706/Q                     -       A->Q   F     INX1           1   8.9   274    89   10618 
  alu_/g14/Q                      -       A->Q   R     ITHX0          5  36.1  1264   766   11384 
  alu_/g701/Q                     -       A->Q   F     AN211X0        1   8.9   451   274   11658 
  alu_/g74/Q                      -       A->Q   R     ITHX0          6  56.2  1911  1147   12805 
  alu_/g700/Q                     -       A->Q   F     INX1           1  15.9   347   150   12955 
  alu_/g15/Q                      -       A->Q   R     ITHX1          5  39.3   500   229   13184 
  g4930/Q                         -       A->Q   F     INX1           1   8.9   230    92   13276 
  sw2__g3/Q                       -       A->Q   R     ITHX0          4  37.4  1306   781   14056 
  sw1__g11/Q                      -       A->Q   R     BTHX1         11  68.4   500   391   14447 
  alu_/g697/Q                     -       AN->Q  R     NA2I1X0        1   8.9   325   272   14719 
  alu_/g1/Q                       -       A->Q   F     ITHX0          6  58.2  1014   604   15323 
  alu_/g696/Q                     -       A->Q   R     INX1           1   8.9   193   178   15502 
  alu_/g9/Q                       -       A->Q   F     ITHX0          5  40.4   724   432   15933 
  alu_/g694/Q                     -       A->Q   F     AND2X1         1   8.4    78   270   16203 
  alu_/g689/Q                     -       D->Q   R     AN211X0        1  15.9   813   455   16658 
  alu_/g75/Q                      -       A->Q   F     ITHX1          5  53.0   500   190   16848 
  alu_/g688/Q                     -       A->Q   R     INX1           1  15.9   232   218   17066 
  alu_/g16/Q                      -       A->Q   F     ITHX1          5  39.2   500   124   17190 
  g4918/Q                         -       A->Q   R     INX1           1  15.9   201   188   17377 
  sw2__g4/Q                       -       A->Q   F     ITHX1          4  37.5   500   118   17495 
  sw1__g12/Q                      -       A->Q   F     BTHX1          9  62.1   500   470   17965 
  alu_/g685/Q                     -       B->Q   R     NO2I1X1        2  13.4   234   203   18169 
  alu_/g683/Q                     -       B->Q   F     NA2I1X0        1   8.9   205   135   18303 
  alu_/g3/Q                       -       A->Q   R     ITHX0          5  52.9  1805  1046   19350 
  alu_/g680/Q                     -       A->Q   F     INX1           1   8.9   274    89   19438 
  alu_/g11/Q                      -       A->Q   R     ITHX0          5  36.1  1264   766   20204 
  alu_/g656/Q                     -       A->Q   F     AN211X0        1   8.9   451   274   20478 
  alu_/g69/Q                      -       A->Q   R     ITHX0          5  52.5  1792  1083   21561 
  alu_/g650/Q                     -       A->Q   F     INX1           1   8.9   272    89   21650 
  alu_/g10/Q                      -       A->Q   R     ITHX0          5  39.2  1364   820   22469 
  g4858/Q                         -       A->Q   F     INX1           1   8.9   229    92   22561 
  sw2__g6/Q                       -       A->Q   R     ITHX0          4  40.6  1409   836   23397 
  g4836/Q                         -       A->Q   F     INX1           1   8.9   234    92   23489 
  sw1__g14/Q                      -       A->Q   R     ITHX0          3  26.1   942   585   24074 
  g4725/Q                         -       A->Q   R     AO22X0         1   9.6   318   370   24443 
  data_pins__dout_reg[2]/D        -       -      R     DFFQX1         1     -     -     0   24443 
#-------------------------------------------------------------------------------------------------

