============================================================
  Generated by:           Genus(TM) Synthesis Solution GENUS15.22 - 15.20-s024_1
  Generated on:           Apr 11 2022  08:08:23 pm
  Module:                 z80_top_direct_n
  Interconnect mode:      global
  Area mode:              physical library
============================================================


Path 1: MET (21255 ps) Late External Delay Assertion at pin alu_/RC_CG_HIER_INST9/g6/B
          Group: CLK
     Startpoint: (R) alu_/RC_CG_HIER_INST9/enl_reg/G
          Clock: (R) CLK
       Endpoint: (F) alu_/RC_CG_HIER_INST9/g6/B
          Clock: (F) CLK

                     Capture       Launch     
        Clock Edge:+   27500            0     
       Src Latency:+       0            0     
       Net Latency:+       0 (I)        0 (I) 
           Arrival:=   27500            0     
                                              
      Output Delay:-       0                  
     Required Time:=   27500                  
      Launch Clock:-       0                  
         Data Path:-    6245                  
             Slack:=   21255                  

#-----------------------------------------------------------------------------------------------------
#          Timing Point           Flags   Arc   Edge      Cell        Fanout Load Trans Delay Arrival 
#                                                                            (fF)  (ps)  (ps)   (ps)  
#-----------------------------------------------------------------------------------------------------
  alu_/RC_CG_HIER_INST9/enl_reg/G -       -     R     (arrival)            -    -     -     -       0 
  -                               -       -     R     latch_d_arrival      -    -     -     -    5962 
  alu_/RC_CG_HIER_INST9/enl_reg/Q -       -     R     DLHQX1               1 12.4   149  6186    6186 
  alu_/RC_CG_HIER_INST9/g7/Q      -       A->Q  F     INX1                 1  9.2    71    59    6245 
  alu_/RC_CG_HIER_INST9/g6/B      (b)     -     F     OR2X1                -    -     -     0    6245 
#-----------------------------------------------------------------------------------------------------

(b) : Timing paths are broken.

