============================================================
  Generated by:           Genus(TM) Synthesis Solution GENUS15.22 - 15.20-s024_1
  Generated on:           Apr 11 2022  08:08:37 pm
  Module:                 z80_top_direct_n
  Interconnect mode:      global
  Area mode:              physical library
============================================================

                                 Leakage    Internal  
  Gate    Instances    Area    Power (nW)  Power (nW)             Library            
-------------------------------------------------------------------------------------
AN211X0           7    107.604      0.181    1274.410    D_CELLS_MOSST_typ_1_80V_25C 
AN211X1          20    368.928      0.446     278.985    D_CELLS_MOSST_typ_1_80V_25C 
AN21X1           65    799.344      1.547     214.457    D_CELLS_MOSST_typ_1_80V_25C 
AN221X0           1     18.446      0.034     195.005    D_CELLS_MOSST_typ_1_80V_25C 
AN221X1          21    451.937      0.604       1.432    D_CELLS_MOSST_typ_1_80V_25C 
AN222X1           3     73.786      0.112       0.000    D_CELLS_MOSST_typ_1_80V_25C 
AN22X1           43    660.996      1.316       2.238    D_CELLS_MOSST_typ_1_80V_25C 
AN311X1           1     21.521      0.024     146.869    D_CELLS_MOSST_typ_1_80V_25C 
AN31X1            5     76.860      0.123     146.213    D_CELLS_MOSST_typ_1_80V_25C 
AN321X1           1     24.595      0.030       0.000    D_CELLS_MOSST_typ_1_80V_25C 
AN32X1            1     18.446      0.031       0.000    D_CELLS_MOSST_typ_1_80V_25C 
AN33X1            4     86.083      0.120       0.781    D_CELLS_MOSST_typ_1_80V_25C 
AND2X1          297   3652.387      8.431    5583.939    D_CELLS_MOSST_typ_1_80V_25C 
AND2X2            1     18.446      0.044       0.000    D_CELLS_MOSST_typ_1_80V_25C 
AND3X1           49    753.228      1.151     630.845    D_CELLS_MOSST_typ_1_80V_25C 
AND4X1            8    196.762      0.341     279.402    D_CELLS_MOSST_typ_1_80V_25C 
AND5X1            5    138.348      0.186       0.000    D_CELLS_MOSST_typ_1_80V_25C 
AND6X1           36   1106.784      1.175     469.088    D_CELLS_MOSST_typ_1_80V_25C 
AO211X1           2     43.042      0.079       0.000    D_CELLS_MOSST_typ_1_80V_25C 
AO21X1           18    332.035      0.731     537.898    D_CELLS_MOSST_typ_1_80V_25C 
AO221X1           1     24.595      0.043       0.000    D_CELLS_MOSST_typ_1_80V_25C 
AO222X1           2     55.339      0.095       0.000    D_CELLS_MOSST_typ_1_80V_25C 
AO22X0           10    184.464      0.633       0.000    D_CELLS_MOSST_typ_1_80V_25C 
AO22X1            8    172.166      0.333     238.163    D_CELLS_MOSST_typ_1_80V_25C 
AO311X1           1     21.521      0.038       0.000    D_CELLS_MOSST_typ_1_80V_25C 
AO31X1            2     43.042      0.075       0.181    D_CELLS_MOSST_typ_1_80V_25C 
AO321X1           1     27.670      0.041    1192.229    D_CELLS_MOSST_typ_1_80V_25C 
AO32X1            2     49.190      0.076       0.260    D_CELLS_MOSST_typ_1_80V_25C 
AO33X1            1     27.670      0.035    1848.574    D_CELLS_MOSST_typ_1_80V_25C 
BTHX1           142   3492.518     10.566   14526.620    D_CELLS_MOSST_typ_1_80V_25C 
BTLX1            91   2238.163      6.771   17832.741    D_CELLS_MOSST_typ_1_80V_25C 
BUX0             73    897.725      3.796   26811.684    D_CELLS_MOSST_typ_1_80V_25C 
DFFQX1            6    313.589      0.912    4560.379    D_CELLS_MOSST_typ_1_80V_25C 
DFFRQX1          11    676.368      1.210   12540.918    D_CELLS_MOSST_typ_1_80V_25C 
DFFRX1            1     64.562      0.118    1255.528    D_CELLS_MOSST_typ_1_80V_25C 
DFFSQX1           1     61.488      0.141    1469.473    D_CELLS_MOSST_typ_1_80V_25C 
DFFX1            38   2102.890      5.925   18852.479    D_CELLS_MOSST_typ_1_80V_25C 
DFRQX1          192  10034.842     28.574  114574.874    D_CELLS_MOSST_typ_1_80V_25C 
DFRRQX1          36   2213.568      3.370   21924.804    D_CELLS_MOSST_typ_1_80V_25C 
DFRRQX2           2    129.125      0.224    2294.271    D_CELLS_MOSST_typ_1_80V_25C 
DFRRX1           11    710.186      1.030    5919.182    D_CELLS_MOSST_typ_1_80V_25C 
DFRSQX1           2    122.976      0.271    1417.569    D_CELLS_MOSST_typ_1_80V_25C 
DFRX1            37   2047.550      5.507   48887.482    D_CELLS_MOSST_typ_1_80V_25C 
DLHQX1            6    221.357      0.568    6506.860    D_CELLS_MOSST_typ_1_80V_25C 
DLHRX1            1     43.042      0.087    1053.405    D_CELLS_MOSST_typ_1_80V_25C 
DLLQX1           35   1291.248      3.315   36122.159    D_CELLS_MOSST_typ_1_80V_25C 
EN2X0            19    292.068      0.901     873.627    D_CELLS_MOSST_typ_1_80V_25C 
EN2X1            18    387.374      0.817    1075.698    D_CELLS_MOSST_typ_1_80V_25C 
EN3X1             2     79.934      0.179    3281.167    D_CELLS_MOSST_typ_1_80V_25C 
EO2X1             4     86.083      0.203     289.050    D_CELLS_MOSST_typ_1_80V_25C 
INX1            273   1678.622      5.477   24478.416    D_CELLS_MOSST_typ_1_80V_25C 
INX2              1      9.223      0.040     367.679    D_CELLS_MOSST_typ_1_80V_25C 
ITHX0           142   1746.259      5.231   16848.787    D_CELLS_MOSST_typ_1_80V_25C 
ITHX1            24    442.714      0.888   12005.098    D_CELLS_MOSST_typ_1_80V_25C 
ITLX0            37    455.011      1.363    4341.373    D_CELLS_MOSST_typ_1_80V_25C 
ITLX1             8    147.571      0.299       0.000    D_CELLS_MOSST_typ_1_80V_25C 
MU2IX1           18    332.035      0.835    3460.355    D_CELLS_MOSST_typ_1_80V_25C 
MU2X1            28    688.666      1.729    7125.224    D_CELLS_MOSST_typ_1_80V_25C 
MU4X1             3    138.348      0.355       0.000    D_CELLS_MOSST_typ_1_80V_25C 
NA2I1X0           4     49.190      0.203    1114.268    D_CELLS_MOSST_typ_1_80V_25C 
NA2I1X1          33    507.276      1.291     371.936    D_CELLS_MOSST_typ_1_80V_25C 
NA2X1           219   2019.881      4.152    1822.221    D_CELLS_MOSST_typ_1_80V_25C 
NA3I1X1          21    387.374      0.780     376.686    D_CELLS_MOSST_typ_1_80V_25C 
NA3I2X1           2     43.042      0.114     157.546    D_CELLS_MOSST_typ_1_80V_25C 
NA3X1            59    725.558      0.993     557.892    D_CELLS_MOSST_typ_1_80V_25C 
NA4I1X1           1     30.744      0.085       0.000    D_CELLS_MOSST_typ_1_80V_25C 
NA4X1             3     83.009      0.196       0.000    D_CELLS_MOSST_typ_1_80V_25C 
NA5I1X1           4    135.274      0.321       0.000    D_CELLS_MOSST_typ_1_80V_25C 
NA5I2X1           4    135.274      0.372       0.000    D_CELLS_MOSST_typ_1_80V_25C 
NA5I3X1           4    135.274      0.385       0.000    D_CELLS_MOSST_typ_1_80V_25C 
NA5X1             1     30.744      0.060       0.000    D_CELLS_MOSST_typ_1_80V_25C 
NA6I1X1           8    295.142      0.607       0.000    D_CELLS_MOSST_typ_1_80V_25C 
NA6I2X1           2     86.083      0.192       0.000    D_CELLS_MOSST_typ_1_80V_25C 
NA6I3X1          23    848.534      2.107     335.845    D_CELLS_MOSST_typ_1_80V_25C 
NA6I4X1           7    279.770      0.782       0.000    D_CELLS_MOSST_typ_1_80V_25C 
NA6X1             1     33.818      0.056       0.000    D_CELLS_MOSST_typ_1_80V_25C 
NO2I1X1          96   1180.570      3.816   11890.410    D_CELLS_MOSST_typ_1_80V_25C 
NO2X1           217   2001.434      4.248    2486.308    D_CELLS_MOSST_typ_1_80V_25C 
NO3I1X0           1     15.372      0.045      -0.021    D_CELLS_MOSST_typ_1_80V_25C 
NO3I1X1          18    332.035      0.659       0.000    D_CELLS_MOSST_typ_1_80V_25C 
NO3I2X1           5    107.604      0.284     147.816    D_CELLS_MOSST_typ_1_80V_25C 
NO3X0            26    319.738      0.515     154.174    D_CELLS_MOSST_typ_1_80V_25C 
NO3X1            51    783.972      0.836     305.623    D_CELLS_MOSST_typ_1_80V_25C 
NO3X2             1     24.595      0.033       0.202    D_CELLS_MOSST_typ_1_80V_25C 
NO4I1X2           1     36.893      0.095       0.000    D_CELLS_MOSST_typ_1_80V_25C 
NO4X2             3     92.232      0.192     366.033    D_CELLS_MOSST_typ_1_80V_25C 
NO5I2X1           3    101.455      0.200       0.000    D_CELLS_MOSST_typ_1_80V_25C 
NO5I3X1           8    270.547      0.514       0.000    D_CELLS_MOSST_typ_1_80V_25C 
NO5I4X1           2     73.786      0.169     514.303    D_CELLS_MOSST_typ_1_80V_25C 
NO5X2             2     67.637      0.117    1025.603    D_CELLS_MOSST_typ_1_80V_25C 
NO6I1X1           1     43.042      0.100       0.000    D_CELLS_MOSST_typ_1_80V_25C 
NO6I2X1           6    258.250      0.522     262.148    D_CELLS_MOSST_typ_1_80V_25C 
NO6I3X1           1     46.116      0.107       0.000    D_CELLS_MOSST_typ_1_80V_25C 
NO6I4X1           4    172.166      0.378       0.000    D_CELLS_MOSST_typ_1_80V_25C 
NO6X0             1     33.818      0.061     174.181    D_CELLS_MOSST_typ_1_80V_25C 
NO6X1            13    479.606      0.689      64.904    D_CELLS_MOSST_typ_1_80V_25C 
OA211X1          12    258.250      0.338     199.203    D_CELLS_MOSST_typ_1_80V_25C 
OA21X1           25    461.160      0.879     200.418    D_CELLS_MOSST_typ_1_80V_25C 
OA221X1           6    147.571      0.209       0.000    D_CELLS_MOSST_typ_1_80V_25C 
OA222X1           3     83.009      0.126     259.843    D_CELLS_MOSST_typ_1_80V_25C 
OA22X1            2     43.042      0.082       0.000    D_CELLS_MOSST_typ_1_80V_25C 
OA31X1            4     86.083      0.145       0.000    D_CELLS_MOSST_typ_1_80V_25C 
OA32X1            4     98.381      0.171     358.706    D_CELLS_MOSST_typ_1_80V_25C 
ON211X0           1     15.372      0.026     158.784    D_CELLS_MOSST_typ_1_80V_25C 
ON211X1          16    295.142      0.330     174.595    D_CELLS_MOSST_typ_1_80V_25C 
ON21X1           68   1045.296      1.646      93.497    D_CELLS_MOSST_typ_1_80V_25C 
ON221X1          15    368.928      0.409       1.042    D_CELLS_MOSST_typ_1_80V_25C 
ON222X1           3     83.009      0.104       0.521    D_CELLS_MOSST_typ_1_80V_25C 
ON22X1            8    147.571      0.245       0.000    D_CELLS_MOSST_typ_1_80V_25C 
ON311X1           1     18.446      0.022     609.187    D_CELLS_MOSST_typ_1_80V_25C 
ON31X1           10    184.464      0.255       1.148    D_CELLS_MOSST_typ_1_80V_25C 
OR2X1           100   1229.760      4.251    4443.396    D_CELLS_MOSST_typ_1_80V_25C 
OR3X0             1     15.372      0.062       0.000    D_CELLS_MOSST_typ_1_80V_25C 
OR3X1            10    184.464      0.400     173.141    D_CELLS_MOSST_typ_1_80V_25C 
OR4X1            16    393.523      0.912    2253.702    D_CELLS_MOSST_typ_1_80V_25C 
OR5X1            27    747.079      1.367     552.683    D_CELLS_MOSST_typ_1_80V_25C 
OR6X1            20    676.368      1.450     425.219    D_CELLS_MOSST_typ_1_80V_25C 
SDFFRQX1          1     76.860      0.131    1697.976    D_CELLS_MOSST_typ_1_80V_25C 
SDFFRX4           1    107.604      0.169    2640.150    D_CELLS_MOSST_typ_1_80V_25C 
SDFRQX1          12    848.534      2.201   25037.616    D_CELLS_MOSST_typ_1_80V_25C 
SDFRRQX0          1     73.786      0.158    1160.396    D_CELLS_MOSST_typ_1_80V_25C 
SDFRRQX1         12    922.320      1.593   17259.858    D_CELLS_MOSST_typ_1_80V_25C 
-------------------------------------------------------------------------------------
total          3113  63578.592    152.734  503567.023                                


                                            Leakage  Leakage  Internal  Internal 
     Type      Instances    Area   Area % Power (nW) Power % Power (nW)  Power % 
---------------------------------------------------------------------------------
sequential           406 22061.894   34.7     55.505    36.3 325175.378     64.6 
inverter             274  1687.846    2.7      5.518     3.6  24846.095      4.9 
buffer                73   897.725    1.4      3.796     2.5  26811.684      5.3 
tristate             444  8522.237   13.4     25.118    16.4  65554.619     13.0 
logic               1916 30408.890   47.8     62.798    41.1  61179.248     12.1 
physical_cells         0     0.000    0.0      0.000     0.0      0.000      0.0 
---------------------------------------------------------------------------------
total               3113 63578.592  100.0    152.734   100.0 503567.023    100.0 

