============================================================
  Generated by:           Genus(TM) Synthesis Solution GENUS15.22 - 15.20-s024_1
  Generated on:           Apr 11 2022  09:11:34 pm
  Module:                 z80_top_direct_n
  Interconnect mode:      global
  Area mode:              physical library
============================================================


Path 1: MET (0 ps)
          Group: cg_enable_group_CLK
     Startpoint: (F) clk_delay__SYNTHESIZED_WIRE_9_reg/CN
          Clock: (F) CLK
       Endpoint: (R) sequencer__RC_CG_HIER_INST43/enl_reg/D
          Clock: (F) CLK

                     Capture       Launch     
        Clock Edge:+    8000         8000     
       Src Latency:+       0            0     
       Net Latency:+       0 (I)        0 (I) 
           Arrival:=    8000         8000     
                                              
     Required Time:=    8000                  
      Launch Clock:-    8000                  
         Data Path:-     720                  
             Slack:=       0                  

#------------------------------------------------------------------------------------------------------
#             Timing Point               Flags   Arc   Edge   Cell     Fanout Load Trans Delay Arrival 
#                                                                             (fF)  (ps)  (ps)   (ps)  
#------------------------------------------------------------------------------------------------------
  clk_delay__SYNTHESIZED_WIRE_9_reg/CN   -       -     F     (arrival)    120    -     0     -    8000 
  clk_delay__SYNTHESIZED_WIRE_9_reg/Q    -       CN->Q F     SDFFRX4        6 44.6   115   350    8350 
  g5053/Q                                -       A->Q  R     NO4X2          3 18.9   105   235    8585 
  sequencer__RC_CG_HIER_INST43/g7/Q      -       A->Q  R     OR2X1          1  9.4   109   136    8720 
  sequencer__RC_CG_HIER_INST43/enl_reg/D -       -     R     DLLQX1         1    -     -     0    8720 
#------------------------------------------------------------------------------------------------------

