============================================================
  Generated by:           Genus(TM) Synthesis Solution GENUS15.22 - 15.20-s024_1
  Generated on:           Apr 11 2022  09:12:24 pm
  Module:                 z80_top_direct_n
  Interconnect mode:      global
  Area mode:              physical library
============================================================


Path 1: MET (0 ps) Setup Check with Pin data_pins__dout_reg[2]/CN->D
          Group: C2C
     Startpoint: (R) sequencer__DFFE_T1_ff_reg/C
          Clock: (R) CLK
       Endpoint: (R) data_pins__dout_reg[2]/D
          Clock: (F) CLK

                     Capture       Launch     
        Clock Edge:+    8000            0     
       Src Latency:+       0            0     
       Net Latency:+       0 (I)        0 (I) 
           Arrival:=    8000            0     
                                              
             Setup:-      61                  
     Required Time:=    7939                  
      Launch Clock:-       0                  
         Data Path:-    7938                  
             Slack:=       0                  

#-----------------------------------------------------------------------------------------------
#          Timing Point           Flags   Arc   Edge   Cell     Fanout Load Trans Delay Arrival 
#                                                                      (fF)  (ps)  (ps)   (ps)  
#-----------------------------------------------------------------------------------------------
  sequencer__DFFE_T1_ff_reg/C     -       -     R     (arrival)     14    -     0     -       0 
  sequencer__DFFE_T1_ff_reg/Q     -       C->Q  R     DFRSQX2        2 31.9   170   326     326 
  fopt123200/Q                    -       A->Q  R     BUX3           4 43.5    88   113     439 
  fopt123797/Q                    -       A->Q  R     BUX2           6 51.2   135   136     576 
  execute__g123799/Q              -       B->Q  R     AND2X4        10 92.7   198   184     760 
  execute__g123801/Q              -       A->Q  F     INX4          11 86.8   123    99     858 
  execute__g123731/Q              -       A->Q  R     NA2X2          8 70.3   331   204    1062 
  execute__g122423/Q              -       A->Q  F     INX2           7 47.8   157   124    1186 
  execute__g122313/Q              -       A->Q  R     NA2X1          6 45.8   416   261    1448 
  execute__g122130/Q              -       C->Q  F     ON21X1         2 18.7   206   165    1613 
  execute__g121920/Q              -       B->Q  R     NA3I1X2        2 17.6   160   135    1748 
  execute__g121849/Q              -       AN->Q R     NA2I1X2        4 28.5   196   154    1902 
  g123833/Q                       -       B->Q  F     NO2X1          1 14.9   113    95    1996 
  execute__g121651/Q              -       C->Q  R     NA3X2          1 10.0   122   106    2103 
  execute__g121621/Q              -       C->Q  F     AN21X1         1 15.0   155    76    2178 
  execute__g121584/Q              -       B->Q  R     NA2X2          4 32.3   182   144    2323 
  g5019/Q                         -       A->Q  F     NA2X1          3 23.4   166   121    2444 
  g123944/Q                       -       AN->Q F     NA3I2X2        4 33.9   171   195    2639 
  g4982/Q                         -       A->Q  R     NO2X1          8 65.4   727   432    3071 
  reg_file__b2v_latch_af2_lo_g2/Q -       E->Q  R     BTHCX4         2 78.8   500   306    3377 
  fopt123092/Q                    -       A->Q  F     INX4           1 15.9    94    48    3425 
  reg_file__g149/Q                -       A->Q  R     ITHX1          3 49.1   500   214    3640 
  g122860/Q                       -       A->Q  F     INX4           2 21.2   217    52    3692 
  sw2__g10/Q                      -       A->Q  R     ITHX1          5 45.4   500   225    3917 
  alu_/g719/Q                     -       A->Q  F     NA2X4          1 18.0   118    56    3973 
  alu_/g716/Q                     -       A->Q  R     NA2X4          1 30.0   112    84    4057 
  alu_/g74/Q                      -       A->Q  R     BTLX12         2 56.3   500   130    4187 
  alu_/g15/Q                      -       A->Q  R     BTLX16         5 52.3   500   142    4329 
  sw2__g3/Q                       -       A->Q  R     BTLX8          4 59.0   500   156    4485 
  sw1__g11/Q                      -       A->Q  R     BTLX12         5 45.6   500   123    4608 
  alu_/g890/Q                     -       A->Q  F     NO2X4          1 21.7   112    56    4664 
  alu_/g1/Q                       -       A->Q  F     BTHX8          3 46.7   500   149    4813 
  alu_/g9/Q                       -       A->Q  F     BTHX8          4 46.4   500   220    5033 
  alu_/g710/Q                     -       B->Q  R     NA2I1X4        1 16.8   175   206    5239 
  alu_/g709/Q                     -       A->Q  F     INX2           1 12.6    59    46    5286 
  alu_/g702/Q                     -       A->Q  F     OR3X4          1 30.0    73   145    5431 
  alu_/g75/Q                      -       A->Q  F     BTHX12         3 46.7   500   126    5556 
  alu_/g16/Q                      -       A->Q  F     BTHX8          5 56.8   500   226    5782 
  sw2__g4/Q                       -       A->Q  F     BTLX12         4 65.5   500   281    6063 
  sw1__g12/Q                      -       A->Q  F     BTLX16         3 37.5   500   198    6261 
  alu_/g900/Q                     -       B->Q  R     NO2I1X4        1 21.7   159   157    6418 
  alu_/g3/Q                       -       A->Q  R     BTHX8          3 47.5   500   142    6560 
  alu_/g11/Q                      -       A->Q  R     BTHX8          5 48.3   500   156    6716 
  alu_/g894/Q                     -       B->Q  F     NA2I1X4        1 18.0   110    52    6769 
  alu_/g893/Q                     -       A->Q  R     NA2X4          1 30.0   108    82    6851 
  alu_/g69/Q                      -       A->Q  R     BTHX12         2 41.6   500   122    6973 
  alu_/g10/Q                      -       A->Q  R     BTHX8          5 47.7   500   156    7129 
  g4871/Q                         -       A->Q  F     INX3           1 15.9   222    74    7203 
  sw2__g6/Q                       -       A->Q  R     ITLX1          3 56.8   500   255    7458 
  g123004/Q                       -       A->Q  F     INX6           2 21.1   227    58    7516 
  sw1__g14/Q                      -       A->Q  R     ITHX1          3 38.8   500   208    7724 
  g123997/Q                       -       A->Q  F     INX3           1 11.2   182    61    7785 
  g4725/Q                         -       A->Q  R     ON21X1         1  9.6   213   153    7938 
  data_pins__dout_reg[2]/D        -       -     R     DFFQX1         1    -     -     0    7938 
#-----------------------------------------------------------------------------------------------

