============================================================
  Generated by:           Genus(TM) Synthesis Solution GENUS15.22 - 15.20-s024_1
  Generated on:           Apr 11 2022  09:12:38 pm
  Module:                 z80_top_direct_n
  Interconnect mode:      global
  Area mode:              physical library
============================================================

                                 Leakage    Internal   
  Gate    Instances    Area    Power (nW)  Power (nW)              Library            
--------------------------------------------------------------------------------------
AN211X0           5     76.860      0.129      693.067    D_CELLS_MOSST_typ_1_80V_25C 
AN211X1          29    534.946      0.647      396.378    D_CELLS_MOSST_typ_1_80V_25C 
AN211X2           1     30.744      0.064        0.000    D_CELLS_MOSST_typ_1_80V_25C 
AN211X4           2     67.637      0.200      454.067    D_CELLS_MOSST_typ_1_80V_25C 
AN21X0            2     24.595      0.064        0.000    D_CELLS_MOSST_typ_1_80V_25C 
AN21X1          102   1254.355      2.427     2642.345    D_CELLS_MOSST_typ_1_80V_25C 
AN21X2            3     83.009      0.219        0.000    D_CELLS_MOSST_typ_1_80V_25C 
AN21X4            3     92.232      0.332        3.789    D_CELLS_MOSST_typ_1_80V_25C 
AN221X0           1     18.446      0.034      276.922    D_CELLS_MOSST_typ_1_80V_25C 
AN221X1          13    279.770      0.374      166.372    D_CELLS_MOSST_typ_1_80V_25C 
AN222X1           5    122.976      0.186      254.509    D_CELLS_MOSST_typ_1_80V_25C 
AN22X0            1     15.372      0.039        0.000    D_CELLS_MOSST_typ_1_80V_25C 
AN22X1           15    230.580      0.459      993.312    D_CELLS_MOSST_typ_1_80V_25C 
AN31X0            1     15.372      0.033      195.799    D_CELLS_MOSST_typ_1_80V_25C 
AN31X1            3     46.116      0.074       11.719    D_CELLS_MOSST_typ_1_80V_25C 
AN321X1           1     24.595      0.030        3.646    D_CELLS_MOSST_typ_1_80V_25C 
AN32X1            2     36.893      0.061       51.012    D_CELLS_MOSST_typ_1_80V_25C 
AN33X0            1     21.521      0.038        1.302    D_CELLS_MOSST_typ_1_80V_25C 
AN33X1            2     43.042      0.060      143.752    D_CELLS_MOSST_typ_1_80V_25C 
AND2X0            3     36.893      0.122       66.581    D_CELLS_MOSST_typ_1_80V_25C 
AND2X1          198   2434.925      5.621     9821.053    D_CELLS_MOSST_typ_1_80V_25C 
AND2X2           16    295.142      0.702      750.162    D_CELLS_MOSST_typ_1_80V_25C 
AND2X4           18    498.053      1.595    11830.517    D_CELLS_MOSST_typ_1_80V_25C 
AND3X0            3     46.116      0.093        0.000    D_CELLS_MOSST_typ_1_80V_25C 
AND3X1           26    399.672      0.611     1951.468    D_CELLS_MOSST_typ_1_80V_25C 
AND3X2            3     64.562      0.112        0.000    D_CELLS_MOSST_typ_1_80V_25C 
AND3X4           11    372.002      0.858     3770.820    D_CELLS_MOSST_typ_1_80V_25C 
AND4X1            3     73.786      0.128      476.639    D_CELLS_MOSST_typ_1_80V_25C 
AND4X2            3     92.232      0.169     2370.571    D_CELLS_MOSST_typ_1_80V_25C 
AND5X0            1     27.670      0.054        0.000    D_CELLS_MOSST_typ_1_80V_25C 
AND5X1            8    221.357      0.297     1445.363    D_CELLS_MOSST_typ_1_80V_25C 
AND5X2            4    135.274      0.199     1940.289    D_CELLS_MOSST_typ_1_80V_25C 
AND6X1           29    891.576      0.947     4865.789    D_CELLS_MOSST_typ_1_80V_25C 
AND6X2            1     36.893      0.045      752.820    D_CELLS_MOSST_typ_1_80V_25C 
AO211X1           2     43.042      0.079        0.000    D_CELLS_MOSST_typ_1_80V_25C 
AO211X4           1     30.744      0.106        0.464    D_CELLS_MOSST_typ_1_80V_25C 
AO21X0            1     15.372      0.064      506.481    D_CELLS_MOSST_typ_1_80V_25C 
AO21X1           19    350.482      0.772      794.549    D_CELLS_MOSST_typ_1_80V_25C 
AO21X2            1     24.595      0.061        0.000    D_CELLS_MOSST_typ_1_80V_25C 
AO221X1           2     49.190      0.087        0.000    D_CELLS_MOSST_typ_1_80V_25C 
AO22X0            5     92.232      0.316        0.000    D_CELLS_MOSST_typ_1_80V_25C 
AO22X1            5    107.604      0.208     1279.249    D_CELLS_MOSST_typ_1_80V_25C 
AO31X1            3     64.562      0.112      466.994    D_CELLS_MOSST_typ_1_80V_25C 
AO321X0           1     24.595      0.071        0.000    D_CELLS_MOSST_typ_1_80V_25C 
AO321X1           1     27.670      0.041     3768.543    D_CELLS_MOSST_typ_1_80V_25C 
AO33X1            1     27.670      0.035     5830.332    D_CELLS_MOSST_typ_1_80V_25C 
BTHCX4            6    202.910      0.606    11505.242    D_CELLS_MOSST_typ_1_80V_25C 
BTHX0             1     24.595      0.090        0.000    D_CELLS_MOSST_typ_1_80V_25C 
BTHX1           148   3640.090     11.012    50269.399    D_CELLS_MOSST_typ_1_80V_25C 
BTHX12            2    159.869      0.665    17941.041    D_CELLS_MOSST_typ_1_80V_25C 
BTHX2             2     55.339      0.186     2598.312    D_CELLS_MOSST_typ_1_80V_25C 
BTHX8             6    332.035      1.335    28839.812    D_CELLS_MOSST_typ_1_80V_25C 
BTLCX12           8    491.904      1.868    30090.890    D_CELLS_MOSST_typ_1_80V_25C 
BTLX1            88   2164.378      6.548    21281.909    D_CELLS_MOSST_typ_1_80V_25C 
BTLX12            3    239.803      0.998    32363.765    D_CELLS_MOSST_typ_1_80V_25C 
BTLX16            2    190.613      0.832    15928.078    D_CELLS_MOSST_typ_1_80V_25C 
BTLX8             2    110.678      0.445    17401.726    D_CELLS_MOSST_typ_1_80V_25C 
BUX0             75    922.320      3.900    41079.523    D_CELLS_MOSST_typ_1_80V_25C 
BUX1             21    258.250      0.823     6483.139    D_CELLS_MOSST_typ_1_80V_25C 
BUX2             12    184.464      0.771     8462.732    D_CELLS_MOSST_typ_1_80V_25C 
BUX3              5    107.604      0.483     2285.801    D_CELLS_MOSST_typ_1_80V_25C 
BUX4              3     73.786      0.385     3495.932    D_CELLS_MOSST_typ_1_80V_25C 
BUX6              2     67.637      0.372     5869.409    D_CELLS_MOSST_typ_1_80V_25C 
BUX8              2     86.083      0.508     8665.082    D_CELLS_MOSST_typ_1_80V_25C 
DFFQX1           27   1411.150      4.106    16690.737    D_CELLS_MOSST_typ_1_80V_25C 
DFFRQX1          12    737.856      1.320    48663.610    D_CELLS_MOSST_typ_1_80V_25C 
DFFSQX1           1     61.488      0.141     5010.334    D_CELLS_MOSST_typ_1_80V_25C 
DFFX1            17    940.766      2.650    69408.533    D_CELLS_MOSST_typ_1_80V_25C 
DFRQX1          227  11864.110     33.783   220611.280    D_CELLS_MOSST_typ_1_80V_25C 
DFRRQX1          31   1906.128      2.902    76687.890    D_CELLS_MOSST_typ_1_80V_25C 
DFRRQX2           3    193.687      0.336    10439.273    D_CELLS_MOSST_typ_1_80V_25C 
DFRRQX4          12    996.106      1.814    33286.763    D_CELLS_MOSST_typ_1_80V_25C 
DFRRX1            1     64.562      0.094     3229.818    D_CELLS_MOSST_typ_1_80V_25C 
DFRRX4            2    184.464      0.312     6216.723    D_CELLS_MOSST_typ_1_80V_25C 
DFRSQX2           1     61.488      0.151     5105.460    D_CELLS_MOSST_typ_1_80V_25C 
DFRSQX4           1     73.786      0.179     1952.156    D_CELLS_MOSST_typ_1_80V_25C 
DFRX1             2    110.678      0.298     1315.526    D_CELLS_MOSST_typ_1_80V_25C 
DLHQX1            6    221.357      0.568    22038.306    D_CELLS_MOSST_typ_1_80V_25C 
DLHRX1            1     43.042      0.087     4157.177    D_CELLS_MOSST_typ_1_80V_25C 
DLLQX1           35   1291.248      3.315   120009.234    D_CELLS_MOSST_typ_1_80V_25C 
DLY1X0            1     24.595      0.055      878.021    D_CELLS_MOSST_typ_1_80V_25C 
EN2X0            21    322.812      0.996     6348.883    D_CELLS_MOSST_typ_1_80V_25C 
EN2X1            20    430.416      0.908    15357.928    D_CELLS_MOSST_typ_1_80V_25C 
EN3X1             1     39.967      0.090     6177.827    D_CELLS_MOSST_typ_1_80V_25C 
EO2X0             1     15.372      0.072      422.313    D_CELLS_MOSST_typ_1_80V_25C 
EO2X1             5    107.604      0.254     3646.942    D_CELLS_MOSST_typ_1_80V_25C 
FAX1              1     58.414      0.072     6538.949    D_CELLS_MOSST_typ_1_80V_25C 
HAX2              2     73.786      0.127     2176.188    D_CELLS_MOSST_typ_1_80V_25C 
HAX4              3    138.348      0.230     5694.872    D_CELLS_MOSST_typ_1_80V_25C 
INCX12            1     58.414      0.272        0.000    D_CELLS_MOSST_typ_1_80V_25C 
INX0              6     36.893      0.159       23.123    D_CELLS_MOSST_typ_1_80V_25C 
INX1            351   2158.229      7.042    57169.179    D_CELLS_MOSST_typ_1_80V_25C 
INX2             51    470.383      2.059     8553.159    D_CELLS_MOSST_typ_1_80V_25C 
INX3             14    215.208      0.860     9611.361    D_CELLS_MOSST_typ_1_80V_25C 
INX4             13    239.803      1.098    17767.670    D_CELLS_MOSST_typ_1_80V_25C 
INX6              4     86.083      0.460    13630.311    D_CELLS_MOSST_typ_1_80V_25C 
INX8              2     61.488      0.330     1422.328    D_CELLS_MOSST_typ_1_80V_25C 
ITHCX16           4    344.333      1.301    32651.092    D_CELLS_MOSST_typ_1_80V_25C 
ITHX0            71    873.130      2.616    17188.026    D_CELLS_MOSST_typ_1_80V_25C 
ITHX1            54    996.106      1.998    57747.024    D_CELLS_MOSST_typ_1_80V_25C 
ITHX2             3    110.678      0.339     8401.898    D_CELLS_MOSST_typ_1_80V_25C 
ITLCX20           1     98.381      0.399        0.000    D_CELLS_MOSST_typ_1_80V_25C 
ITLX0            36    442.714      1.326     8155.298    D_CELLS_MOSST_typ_1_80V_25C 
ITLX1             6    110.678      0.224     2867.836    D_CELLS_MOSST_typ_1_80V_25C 
ITLX12            1     86.083      0.381     8439.244    D_CELLS_MOSST_typ_1_80V_25C 
MU2IX1           14    258.250      0.649     8435.544    D_CELLS_MOSST_typ_1_80V_25C 
MU2IX2            1     36.893      0.100     1107.270    D_CELLS_MOSST_typ_1_80V_25C 
MU2X0             3     64.562      0.262     1466.034    D_CELLS_MOSST_typ_1_80V_25C 
MU2X1            29    713.261      1.791    20935.349    D_CELLS_MOSST_typ_1_80V_25C 
MU2X2             1     24.595      0.076     1334.233    D_CELLS_MOSST_typ_1_80V_25C 
NA2I1X0           1     12.298      0.051        0.000    D_CELLS_MOSST_typ_1_80V_25C 
NA2I1X1          31    476.532      1.213     3175.477    D_CELLS_MOSST_typ_1_80V_25C 
NA2I1X2           8    147.571      0.438     1814.614    D_CELLS_MOSST_typ_1_80V_25C 
NA2I1X4          10    307.440      1.068     6369.818    D_CELLS_MOSST_typ_1_80V_25C 
NA2X0             5     46.116      0.127        6.638    D_CELLS_MOSST_typ_1_80V_25C 
NA2X1           222   2047.550      4.208     9100.864    D_CELLS_MOSST_typ_1_80V_25C 
NA2X2            29    445.788      1.099     1503.693    D_CELLS_MOSST_typ_1_80V_25C 
NA2X4            29    891.576      2.199     9587.008    D_CELLS_MOSST_typ_1_80V_25C 
NA3I1X0           1     15.372      0.047        0.000    D_CELLS_MOSST_typ_1_80V_25C 
NA3I1X1          14    258.250      0.520      583.459    D_CELLS_MOSST_typ_1_80V_25C 
NA3I1X2           6    166.018      0.306     2078.116    D_CELLS_MOSST_typ_1_80V_25C 
NA3I1X4           7    279.770      0.707     4788.056    D_CELLS_MOSST_typ_1_80V_25C 
NA3I2X1           4     86.083      0.229     1621.472    D_CELLS_MOSST_typ_1_80V_25C 
NA3I2X2           4    122.976      0.272     4039.923    D_CELLS_MOSST_typ_1_80V_25C 
NA3I2X4           3    147.571      0.406     6447.780    D_CELLS_MOSST_typ_1_80V_25C 
NA3X0             4     49.190      0.085       45.845    D_CELLS_MOSST_typ_1_80V_25C 
NA3X1            42    516.499      0.707     2177.137    D_CELLS_MOSST_typ_1_80V_25C 
NA3X2             5    122.976      0.169        3.646    D_CELLS_MOSST_typ_1_80V_25C 
NA3X4             5    230.580      0.339     2091.062    D_CELLS_MOSST_typ_1_80V_25C 
NA4I1X1           2     61.488      0.170      531.076    D_CELLS_MOSST_typ_1_80V_25C 
NA4I2X2           2     67.637      0.251     1113.143    D_CELLS_MOSST_typ_1_80V_25C 
NA4I2X4           1     43.042      0.167        0.000    D_CELLS_MOSST_typ_1_80V_25C 
NA4X1             1     27.670      0.065        0.000    D_CELLS_MOSST_typ_1_80V_25C 
NA4X2             2     67.637      0.185     1805.205    D_CELLS_MOSST_typ_1_80V_25C 
NA4X4             1     46.116      0.156        0.000    D_CELLS_MOSST_typ_1_80V_25C 
NA5I1X2           1     36.893      0.108      280.725    D_CELLS_MOSST_typ_1_80V_25C 
NA5I2X0           1     33.818      0.137      121.056    D_CELLS_MOSST_typ_1_80V_25C 
NA5I2X1           2     67.637      0.186      407.064    D_CELLS_MOSST_typ_1_80V_25C 
NA5I2X4           1     46.116      0.162        0.000    D_CELLS_MOSST_typ_1_80V_25C 
NA5I3X1           2     67.637      0.192        0.000    D_CELLS_MOSST_typ_1_80V_25C 
NA5X1             2     61.488      0.120     1325.305    D_CELLS_MOSST_typ_1_80V_25C 
NA6I1X0           1     36.893      0.122        0.000    D_CELLS_MOSST_typ_1_80V_25C 
NA6I1X1           8    295.142      0.607     1939.411    D_CELLS_MOSST_typ_1_80V_25C 
NA6I3X0           1     36.893      0.136      151.514    D_CELLS_MOSST_typ_1_80V_25C 
NA6I3X1          13    479.606      1.191     2079.883    D_CELLS_MOSST_typ_1_80V_25C 
NA6I3X2           4    159.869      0.480      875.558    D_CELLS_MOSST_typ_1_80V_25C 
NA6I3X4           2     98.381      0.316     4948.250    D_CELLS_MOSST_typ_1_80V_25C 
NA6I4X1           1     39.967      0.112      192.738    D_CELLS_MOSST_typ_1_80V_25C 
NA6X1             4    135.274      0.224      510.058    D_CELLS_MOSST_typ_1_80V_25C 
NA6X4             1     52.265      0.148     1572.062    D_CELLS_MOSST_typ_1_80V_25C 
NO2I1X1          69    848.534      2.742    23123.148    D_CELLS_MOSST_typ_1_80V_25C 
NO2I1X2          10    215.208      0.561     1687.132    D_CELLS_MOSST_typ_1_80V_25C 
NO2I1X4          11    338.184      1.080     7115.139    D_CELLS_MOSST_typ_1_80V_25C 
NO2X0             7     64.562      0.181      373.400    D_CELLS_MOSST_typ_1_80V_25C 
NO2X1           205   1890.756      4.013     9792.566    D_CELLS_MOSST_typ_1_80V_25C 
NO2X2            40    614.880      1.566     3228.662    D_CELLS_MOSST_typ_1_80V_25C 
NO2X4            27    747.079      1.943    12915.460    D_CELLS_MOSST_typ_1_80V_25C 
NO3I1X0           4     61.488      0.181      142.223    D_CELLS_MOSST_typ_1_80V_25C 
NO3I1X1          22    405.821      0.806     3257.609    D_CELLS_MOSST_typ_1_80V_25C 
NO3I1X2           1     27.670      0.050      442.788    D_CELLS_MOSST_typ_1_80V_25C 
NO3I1X4           3    138.348      0.272     1137.766    D_CELLS_MOSST_typ_1_80V_25C 
NO3I2X1           8    172.166      0.454     1091.130    D_CELLS_MOSST_typ_1_80V_25C 
NO3I2X2           1     33.818      0.067        0.000    D_CELLS_MOSST_typ_1_80V_25C 
NO3I2X4           1     49.190      0.117     2310.640    D_CELLS_MOSST_typ_1_80V_25C 
NO3X0             9    110.678      0.178      736.226    D_CELLS_MOSST_typ_1_80V_25C 
NO3X1            42    645.624      0.688     2495.912    D_CELLS_MOSST_typ_1_80V_25C 
NO3X2            17    418.118      0.557     1661.041    D_CELLS_MOSST_typ_1_80V_25C 
NO3X4            12    479.606      0.751     4004.213    D_CELLS_MOSST_typ_1_80V_25C 
NO4I1X1           1     30.744      0.086        0.000    D_CELLS_MOSST_typ_1_80V_25C 
NO4I1X2           1     36.893      0.095      340.964    D_CELLS_MOSST_typ_1_80V_25C 
NO4I1X4           1     43.042      0.118        3.064    D_CELLS_MOSST_typ_1_80V_25C 
NO4I2X1           1     30.744      0.073     1070.363    D_CELLS_MOSST_typ_1_80V_25C 
NO4I2X4           1     43.042      0.103      344.118    D_CELLS_MOSST_typ_1_80V_25C 
NO4X1             1     30.744      0.066      394.873    D_CELLS_MOSST_typ_1_80V_25C 
NO4X2             6    184.464      0.384     4555.545    D_CELLS_MOSST_typ_1_80V_25C 
NO5I1X4           2     86.083      0.225     1115.534    D_CELLS_MOSST_typ_1_80V_25C 
NO5I2X1           1     33.818      0.067     1136.847    D_CELLS_MOSST_typ_1_80V_25C 
NO5I3X1           5    169.092      0.321     1808.285    D_CELLS_MOSST_typ_1_80V_25C 
NO5I3X4           1     43.042      0.100      665.022    D_CELLS_MOSST_typ_1_80V_25C 
NO5X2             1     33.818      0.059        0.000    D_CELLS_MOSST_typ_1_80V_25C 
NO5X4             1     39.967      0.091      457.122    D_CELLS_MOSST_typ_1_80V_25C 
NO6I2X1           2     86.083      0.174      201.114    D_CELLS_MOSST_typ_1_80V_25C 
NO6I3X1           1     46.116      0.107      386.767    D_CELLS_MOSST_typ_1_80V_25C 
NO6X0             3    101.455      0.184     1093.997    D_CELLS_MOSST_typ_1_80V_25C 
NO6X1             9    332.035      0.477     3500.701    D_CELLS_MOSST_typ_1_80V_25C 
NO6X4             2     92.232      0.170     1137.450    D_CELLS_MOSST_typ_1_80V_25C 
OA211X1          13    279.770      0.366      287.607    D_CELLS_MOSST_typ_1_80V_25C 
OA21X1           16    295.142      0.562        0.000    D_CELLS_MOSST_typ_1_80V_25C 
OA21X2            1     21.521      0.050        0.000    D_CELLS_MOSST_typ_1_80V_25C 
OA21X4            2     55.339      0.177      995.542    D_CELLS_MOSST_typ_1_80V_25C 
OA221X1           5    122.976      0.174        4.724    D_CELLS_MOSST_typ_1_80V_25C 
OA22X1            1     21.521      0.041        0.000    D_CELLS_MOSST_typ_1_80V_25C 
OA22X2            1     24.595      0.060        0.260    D_CELLS_MOSST_typ_1_80V_25C 
OA31X1            2     43.042      0.073        0.000    D_CELLS_MOSST_typ_1_80V_25C 
OA321X1           1     27.670      0.037        0.000    D_CELLS_MOSST_typ_1_80V_25C 
OA32X0            1     21.521      0.069      667.371    D_CELLS_MOSST_typ_1_80V_25C 
OA32X1            1     24.595      0.043      527.098    D_CELLS_MOSST_typ_1_80V_25C 
ON211X0           2     30.744      0.051      347.415    D_CELLS_MOSST_typ_1_80V_25C 
ON211X1          24    442.714      0.495      774.046    D_CELLS_MOSST_typ_1_80V_25C 
ON21X0            5     61.488      0.154        0.000    D_CELLS_MOSST_typ_1_80V_25C 
ON21X1           66   1014.552      1.597      589.490    D_CELLS_MOSST_typ_1_80V_25C 
ON221X1           6    147.571      0.164        9.635    D_CELLS_MOSST_typ_1_80V_25C 
ON222X1           3     83.009      0.104        5.541    D_CELLS_MOSST_typ_1_80V_25C 
ON22X1            8    147.571      0.245      428.217    D_CELLS_MOSST_typ_1_80V_25C 
ON22X4            1     33.818      0.119        0.000    D_CELLS_MOSST_typ_1_80V_25C 
ON311X1           1     18.446      0.022     1125.659    D_CELLS_MOSST_typ_1_80V_25C 
ON311X2           1     30.744      0.073        0.260    D_CELLS_MOSST_typ_1_80V_25C 
ON31X1           11    202.910      0.281      219.287    D_CELLS_MOSST_typ_1_80V_25C 
ON31X2            1     27.670      0.071        0.000    D_CELLS_MOSST_typ_1_80V_25C 
ON321X1           2     49.190      0.056        0.781    D_CELLS_MOSST_typ_1_80V_25C 
ON32X0            1     18.446      0.034      239.655    D_CELLS_MOSST_typ_1_80V_25C 
OR2X1            87   1069.891      3.698    20454.568    D_CELLS_MOSST_typ_1_80V_25C 
OR2X2             7    107.604      0.436     2354.581    D_CELLS_MOSST_typ_1_80V_25C 
OR2X4             5    122.976      0.535     7670.979    D_CELLS_MOSST_typ_1_80V_25C 
OR3X0             1     15.372      0.062       68.551    D_CELLS_MOSST_typ_1_80V_25C 
OR3X1             5     92.232      0.200        2.305    D_CELLS_MOSST_typ_1_80V_25C 
OR3X2             1     21.521      0.064      224.527    D_CELLS_MOSST_typ_1_80V_25C 
OR3X4             3    101.455      0.366     6971.677    D_CELLS_MOSST_typ_1_80V_25C 
OR4X1            10    245.952      0.570     3477.026    D_CELLS_MOSST_typ_1_80V_25C 
OR4X2             1     30.744      0.069     3101.256    D_CELLS_MOSST_typ_1_80V_25C 
OR5X0             1     27.670      0.066      130.634    D_CELLS_MOSST_typ_1_80V_25C 
OR5X1            17    470.383      0.861     3583.450    D_CELLS_MOSST_typ_1_80V_25C 
OR5X2             2     67.637      0.124      447.357    D_CELLS_MOSST_typ_1_80V_25C 
OR6X0             3    101.455      0.270       79.738    D_CELLS_MOSST_typ_1_80V_25C 
OR6X1            14    473.458      1.015     2236.510    D_CELLS_MOSST_typ_1_80V_25C 
OR6X2             1     46.116      0.077        0.000    D_CELLS_MOSST_typ_1_80V_25C 
SDFFRQX1          1     76.860      0.131     7017.840    D_CELLS_MOSST_typ_1_80V_25C 
SDFFRX4           1    107.604      0.169    10250.361    D_CELLS_MOSST_typ_1_80V_25C 
SDFRQX1          12    848.534      2.201    76956.788    D_CELLS_MOSST_typ_1_80V_25C 
SDFRRQX0          1     73.786      0.158     4834.570    D_CELLS_MOSST_typ_1_80V_25C 
SDFRRQX1          7    538.020      0.929    37056.561    D_CELLS_MOSST_typ_1_80V_25C 
SDFRRQX4          5    476.532      0.861    40990.482    D_CELLS_MOSST_typ_1_80V_25C 
--------------------------------------------------------------------------------------
total          3422  73093.860    185.920  1733656.018                                


                                            Leakage  Leakage   Internal  Internal 
     Type      Instances    Area   Area % Power (nW) Power %  Power (nW)  Power % 
----------------------------------------------------------------------------------
sequential           406 22283.251   30.5     56.505    30.4  821929.422     47.4 
inverter             442  3326.501    4.6     12.281     6.6  108177.131      6.2 
buffer               121  1724.738    2.4      7.297     3.9   77219.638      4.5 
tristate             444 10674.317   14.6     33.169    17.8  363670.593     21.0 
logic               2009 35085.053   48.0     76.669    41.2  362659.234     20.9 
physical_cells         0     0.000    0.0      0.000     0.0       0.000      0.0 
----------------------------------------------------------------------------------
total               3422 73093.860  100.0    185.920   100.0 1733656.018    100.0 

