============================================================
  Generated by:           Genus(TM) Synthesis Solution GENUS15.22 - 15.20-s024_1
  Generated on:           Apr 11 2022  06:43:30 pm
  Module:                 z80_top_direct_n
  Interconnect mode:      global
  Area mode:              physical library
============================================================

         Instance           Cells  Cell Area  Net Area   Total Area 
--------------------------------------------------------------------
z80_top_direct_n             5494     116028     66834       182862 
  execute_                   3180      60311     41579       101890 
  reg_file_                   849      22585      6563        29147 
    b2v_latch_pc_lo            29        639       150          789 
    b2v_latch_pc_hi            29        639       150          789 
    b2v_latch_ir_lo            29        639       150          789 
    b2v_latch_ir_hi            29        639       150          789 
    b2v_latch_hl_lo            21        695        90          785 
    b2v_latch_hl2_lo           21        695        90          785 
    b2v_latch_wz_lo            21        689        90          778 
    b2v_latch_wz_hi            21        689        90          778 
    b2v_latch_iy_lo            21        689        90          778 
    b2v_latch_iy_hi            21        689        90          778 
    b2v_latch_ix_lo            21        689        90          778 
    b2v_latch_ix_hi            21        689        90          778 
    b2v_latch_hl_hi            21        689        90          778 
    b2v_latch_hl2_hi           21        689        90          778 
    b2v_latch_de_lo            21        689        90          778 
    b2v_latch_de_hi            21        689        90          778 
    b2v_latch_de2_lo           21        689        90          778 
    b2v_latch_de2_hi           21        689        90          778 
    b2v_latch_bc_hi            21        689        90          778 
    b2v_latch_bc2_hi           21        689        90          778 
    b2v_latch_af_lo            21        689        90          778 
    b2v_latch_af_hi            21        689        90          778 
    b2v_latch_af2_lo           21        689        90          778 
    b2v_latch_af2_hi           21        689        90          778 
    b2v_latch_sp_lo            19        679        75          754 
    b2v_latch_bc_lo            19        679        75          754 
    b2v_latch_bc2_lo           19        679        75          754 
    b2v_latch_sp_hi            19        676        75          751 
  alu_                        358       7194      2617         9811 
    b2v_core                   58       1098       462         1560 
      b2v_alu_slice_bit_3      14        323       104          427 
      b2v_alu_slice_bit_2      15        286       112          398 
      b2v_alu_slice_bit_1      14        240       104          344 
      b2v_alu_slice_bit_0      14        228       104          332 
    b2v_input_shift            51        710       347         1058 
    b2v_input_bit_select       26        387       171          559 
    b2v_op1_latch_mux_low      19        267       119          387 
    b2v_op2_latch_mux_high     19        258       119          378 
    b2v_op2_latch_mux_low      15        188        75          262 
    b2v_op1_latch_mux_high     13        144        71          215 
    b2v_prep_daa                3         68         0           68 
  pla_decode_                 261       6745      2386         9132 
  address_latch_              273       4347      2456         6803 
    b2v_inst_inc_dec           84       1466       662         2129 
      b2v_dual_adder_7          8        132        41          173 
      b2v_dual_adder_4          8        123        45          168 
      b2v_dual_adder_2          8        126        41          167 
      b2v_dual_adder_0          8        126        41          167 
      b2v_dual_adder_9          8        117        45          162 
      b2v_dual_adder_10         8        117        45          162 
    b2v_mux                    49        516       327          844 
    b2v_inst7                  49        458       302          760 
  alu_flags_                   96       1789       672         2461 
    b2v_inst_mux_cf2            6        126        48          174 
    b2v_inst_mux_cf             1         25         0           25 
  memory_ifc_                  40       1608       305         1913 
  reg_control_                 51       1368       368         1736 
  data_pins_                   64       1245       425         1670 
  address_pins_                38       1368       157         1525 
  sequencer_                   30       1300       149         1449 
  alu_control_                 53        928       342         1271 
    b2v_inst_shift_mux          9        135        78          213 
    b2v_inst_cond_mux           6         86        37          124 
    b2v_inst_pf_sel             5         68        30           98 
  sw1_                         42        639       198          838 
  sw2_                         33        486       135          620 
  pin_control_                 14        301        86          387 
  bus_control_                 10        132        66          198 
  control_pins_                 4         98         0           98 
