============================================================
  Generated by:           Genus(TM) Synthesis Solution GENUS15.22 - 15.20-s024_1
  Generated on:           Apr 11 2022  06:43:30 pm
  Module:                 z80_top_direct_n
  Interconnect mode:      global
  Area mode:              physical library
============================================================

                                
  Gate    Instances     Area                Library            
---------------------------------------------------------------
AN211X0           2      30.744    D_CELLS_MOSST_typ_1_80V_25C 
AN211X1          26     479.606    D_CELLS_MOSST_typ_1_80V_25C 
AN21X1           34     418.118    D_CELLS_MOSST_typ_1_80V_25C 
AN221X0           3      55.339    D_CELLS_MOSST_typ_1_80V_25C 
AN221X1          10     215.208    D_CELLS_MOSST_typ_1_80V_25C 
AN222X0           1      21.521    D_CELLS_MOSST_typ_1_80V_25C 
AN222X1           2      49.190    D_CELLS_MOSST_typ_1_80V_25C 
AN22X1            6      92.232    D_CELLS_MOSST_typ_1_80V_25C 
AN31X1            3      46.116    D_CELLS_MOSST_typ_1_80V_25C 
AN32X1            1      18.446    D_CELLS_MOSST_typ_1_80V_25C 
AN33X1            3      64.562    D_CELLS_MOSST_typ_1_80V_25C 
AND2X1          244    3000.614    D_CELLS_MOSST_typ_1_80V_25C 
AND2X2           41     756.302    D_CELLS_MOSST_typ_1_80V_25C 
AND2X4           47    1300.471    D_CELLS_MOSST_typ_1_80V_25C 
AND3X1           84    1291.248    D_CELLS_MOSST_typ_1_80V_25C 
AND3X2           20     430.416    D_CELLS_MOSST_typ_1_80V_25C 
AND3X4           29     980.734    D_CELLS_MOSST_typ_1_80V_25C 
AND4X1           67    1647.878    D_CELLS_MOSST_typ_1_80V_25C 
AND4X2            8     245.952    D_CELLS_MOSST_typ_1_80V_25C 
AND5X1           76    2102.890    D_CELLS_MOSST_typ_1_80V_25C 
AND5X2           18     608.731    D_CELLS_MOSST_typ_1_80V_25C 
AND6X1          292    8977.248    D_CELLS_MOSST_typ_1_80V_25C 
AND6X2           94    3467.923    D_CELLS_MOSST_typ_1_80V_25C 
AO211X1           3      64.562    D_CELLS_MOSST_typ_1_80V_25C 
AO21X0            1      15.372    D_CELLS_MOSST_typ_1_80V_25C 
AO21X1            3      55.339    D_CELLS_MOSST_typ_1_80V_25C 
AO221X0           1      21.521    D_CELLS_MOSST_typ_1_80V_25C 
AO221X1           3      73.786    D_CELLS_MOSST_typ_1_80V_25C 
AO22X1            7     150.646    D_CELLS_MOSST_typ_1_80V_25C 
AO32X1            1      24.595    D_CELLS_MOSST_typ_1_80V_25C 
BTHX1           273    6714.490    D_CELLS_MOSST_typ_1_80V_25C 
BTHX16            1      95.306    D_CELLS_MOSST_typ_1_80V_25C 
BTHX2             6     166.018    D_CELLS_MOSST_typ_1_80V_25C 
BTHX4             8     319.738    D_CELLS_MOSST_typ_1_80V_25C 
BTHX6             1      46.116    D_CELLS_MOSST_typ_1_80V_25C 
BTHX8             4     221.357    D_CELLS_MOSST_typ_1_80V_25C 
BTLX2             1      27.670    D_CELLS_MOSST_typ_1_80V_25C 
BTLX8             2     110.678    D_CELLS_MOSST_typ_1_80V_25C 
BUX0             73     897.725    D_CELLS_MOSST_typ_1_80V_25C 
BUX1             37     455.011    D_CELLS_MOSST_typ_1_80V_25C 
BUX12             2     122.976    D_CELLS_MOSST_typ_1_80V_25C 
BUX16             2     166.018    D_CELLS_MOSST_typ_1_80V_25C 
BUX2             10     153.720    D_CELLS_MOSST_typ_1_80V_25C 
BUX3              4      86.083    D_CELLS_MOSST_typ_1_80V_25C 
BUX4              6     147.571    D_CELLS_MOSST_typ_1_80V_25C 
BUX6              8     270.547    D_CELLS_MOSST_typ_1_80V_25C 
BUX8             16     688.666    D_CELLS_MOSST_typ_1_80V_25C 
DFFQX0            1      49.190    D_CELLS_MOSST_typ_1_80V_25C 
DFFQX1            3     156.794    D_CELLS_MOSST_typ_1_80V_25C 
DFFQX2           32    1770.854    D_CELLS_MOSST_typ_1_80V_25C 
DFFRQX2          13     839.311    D_CELLS_MOSST_typ_1_80V_25C 
DFFRX2            1      70.711    D_CELLS_MOSST_typ_1_80V_25C 
DFFSQX2           1      61.488    D_CELLS_MOSST_typ_1_80V_25C 
DFFSQX4           1      73.786    D_CELLS_MOSST_typ_1_80V_25C 
DFFX0             7     365.854    D_CELLS_MOSST_typ_1_80V_25C 
DFRQX0            1      49.190    D_CELLS_MOSST_typ_1_80V_25C 
DFRQX1          232   12125.434    D_CELLS_MOSST_typ_1_80V_25C 
DFRQX2            3     166.018    D_CELLS_MOSST_typ_1_80V_25C 
DFRQX4            1      70.711    D_CELLS_MOSST_typ_1_80V_25C 
DFRRQX1           9     553.392    D_CELLS_MOSST_typ_1_80V_25C 
DFRRQX2          10     645.624    D_CELLS_MOSST_typ_1_80V_25C 
DFRRQX4           8     664.070    D_CELLS_MOSST_typ_1_80V_25C 
DFRRSQX1         15    1014.552    D_CELLS_MOSST_typ_1_80V_25C 
DFRRX4           13    1199.016    D_CELLS_MOSST_typ_1_80V_25C 
DFRSQX4           3     221.357    D_CELLS_MOSST_typ_1_80V_25C 
DFRX4             1      83.009    D_CELLS_MOSST_typ_1_80V_25C 
DLHQX1            8     295.142    D_CELLS_MOSST_typ_1_80V_25C 
DLLQX1           32    1180.570    D_CELLS_MOSST_typ_1_80V_25C 
DLLQX2            1      36.893    D_CELLS_MOSST_typ_1_80V_25C 
DLLRQX1           2      79.934    D_CELLS_MOSST_typ_1_80V_25C 
EN2X0            11     169.092    D_CELLS_MOSST_typ_1_80V_25C 
EN3X4             1      55.339    D_CELLS_MOSST_typ_1_80V_25C 
EO2X1            16     344.333    D_CELLS_MOSST_typ_1_80V_25C 
HAX1              1      30.744    D_CELLS_MOSST_typ_1_80V_25C 
INX1            558    3431.030    D_CELLS_MOSST_typ_1_80V_25C 
INX12             1      58.414    D_CELLS_MOSST_typ_1_80V_25C 
INX16             1      73.786    D_CELLS_MOSST_typ_1_80V_25C 
INX2            168    1549.498    D_CELLS_MOSST_typ_1_80V_25C 
INX20             1      95.306    D_CELLS_MOSST_typ_1_80V_25C 
INX3             55     845.460    D_CELLS_MOSST_typ_1_80V_25C 
INX4             54     996.106    D_CELLS_MOSST_typ_1_80V_25C 
INX6             21     451.937    D_CELLS_MOSST_typ_1_80V_25C 
INX8             28     860.832    D_CELLS_MOSST_typ_1_80V_25C 
ITHCX16           3     258.250    D_CELLS_MOSST_typ_1_80V_25C 
ITHCX8            1      55.339    D_CELLS_MOSST_typ_1_80V_25C 
ITHX0           101    1242.058    D_CELLS_MOSST_typ_1_80V_25C 
ITHX1            15     276.696    D_CELLS_MOSST_typ_1_80V_25C 
ITLX0            10     122.976    D_CELLS_MOSST_typ_1_80V_25C 
ITLX1            18     332.035    D_CELLS_MOSST_typ_1_80V_25C 
MU2IX1            6     110.678    D_CELLS_MOSST_typ_1_80V_25C 
MU2IX2            2      73.786    D_CELLS_MOSST_typ_1_80V_25C 
MU2IX4            1      67.637    D_CELLS_MOSST_typ_1_80V_25C 
MU2X1             6     147.571    D_CELLS_MOSST_typ_1_80V_25C 
NA2I1X0           4      49.190    D_CELLS_MOSST_typ_1_80V_25C 
NA2I1X1          53     814.716    D_CELLS_MOSST_typ_1_80V_25C 
NA2I1X2          63    1162.123    D_CELLS_MOSST_typ_1_80V_25C 
NA2I1X4          62    1906.128    D_CELLS_MOSST_typ_1_80V_25C 
NA2X1           514    4740.725    D_CELLS_MOSST_typ_1_80V_25C 
NA2X2           251    3858.372    D_CELLS_MOSST_typ_1_80V_25C 
NA2X4           197    6056.568    D_CELLS_MOSST_typ_1_80V_25C 
NA3I1X0           2      30.744    D_CELLS_MOSST_typ_1_80V_25C 
NA3I1X1          11     202.910    D_CELLS_MOSST_typ_1_80V_25C 
NA3I1X2          13     359.705    D_CELLS_MOSST_typ_1_80V_25C 
NA3I1X4          35    1398.852    D_CELLS_MOSST_typ_1_80V_25C 
NA3I2X1           2      43.042    D_CELLS_MOSST_typ_1_80V_25C 
NA3I2X2           1      30.744    D_CELLS_MOSST_typ_1_80V_25C 
NA3I2X4           7     344.333    D_CELLS_MOSST_typ_1_80V_25C 
NA3X1            68     836.237    D_CELLS_MOSST_typ_1_80V_25C 
NA3X2            42    1032.998    D_CELLS_MOSST_typ_1_80V_25C 
NA3X4            17     783.972    D_CELLS_MOSST_typ_1_80V_25C 
NA4X1             5     138.348    D_CELLS_MOSST_typ_1_80V_25C 
NA5X1            10     307.440    D_CELLS_MOSST_typ_1_80V_25C 
NA6I1X1           3     110.678    D_CELLS_MOSST_typ_1_80V_25C 
NA6I1X4           2     104.530    D_CELLS_MOSST_typ_1_80V_25C 
NA6I3X1           3     110.678    D_CELLS_MOSST_typ_1_80V_25C 
NA6I3X2           1      39.967    D_CELLS_MOSST_typ_1_80V_25C 
NA6I3X4           1      49.190    D_CELLS_MOSST_typ_1_80V_25C 
NA6X1            15     507.276    D_CELLS_MOSST_typ_1_80V_25C 
NA6X4             1      52.265    D_CELLS_MOSST_typ_1_80V_25C 
NO2I1X1         117    1438.819    D_CELLS_MOSST_typ_1_80V_25C 
NO2I1X2         107    2302.726    D_CELLS_MOSST_typ_1_80V_25C 
NO2I1X4         123    3781.512    D_CELLS_MOSST_typ_1_80V_25C 
NO2X1           233    2149.006    D_CELLS_MOSST_typ_1_80V_25C 
NO2X2           100    1537.200    D_CELLS_MOSST_typ_1_80V_25C 
NO2X4            46    1272.802    D_CELLS_MOSST_typ_1_80V_25C 
NO3I1X1          11     202.910    D_CELLS_MOSST_typ_1_80V_25C 
NO3I1X2           2      55.339    D_CELLS_MOSST_typ_1_80V_25C 
NO3I1X4           2      92.232    D_CELLS_MOSST_typ_1_80V_25C 
NO3I2X1           6     129.125    D_CELLS_MOSST_typ_1_80V_25C 
NO3X0             1      12.298    D_CELLS_MOSST_typ_1_80V_25C 
NO3X1            26     399.672    D_CELLS_MOSST_typ_1_80V_25C 
NO3X2            13     319.738    D_CELLS_MOSST_typ_1_80V_25C 
NO3X4            13     519.574    D_CELLS_MOSST_typ_1_80V_25C 
NO4I2X1           3      92.232    D_CELLS_MOSST_typ_1_80V_25C 
NO4X2             2      61.488    D_CELLS_MOSST_typ_1_80V_25C 
NO4X4             1      36.893    D_CELLS_MOSST_typ_1_80V_25C 
NO5I1X1           1      33.818    D_CELLS_MOSST_typ_1_80V_25C 
NO5I3X1           3     101.455    D_CELLS_MOSST_typ_1_80V_25C 
NO6I1X1           1      43.042    D_CELLS_MOSST_typ_1_80V_25C 
NO6I1X4           1      52.265    D_CELLS_MOSST_typ_1_80V_25C 
NO6I4X1           3     129.125    D_CELLS_MOSST_typ_1_80V_25C 
NO6X0             2      67.637    D_CELLS_MOSST_typ_1_80V_25C 
NO6X1             3     110.678    D_CELLS_MOSST_typ_1_80V_25C 
OA211X0           1      18.446    D_CELLS_MOSST_typ_1_80V_25C 
OA211X1          14     301.291    D_CELLS_MOSST_typ_1_80V_25C 
OA211X2           2      49.190    D_CELLS_MOSST_typ_1_80V_25C 
OA21X0            3      46.116    D_CELLS_MOSST_typ_1_80V_25C 
OA21X1            5      92.232    D_CELLS_MOSST_typ_1_80V_25C 
OA21X2            2      43.042    D_CELLS_MOSST_typ_1_80V_25C 
OA221X1           2      49.190    D_CELLS_MOSST_typ_1_80V_25C 
OA222X0           1      24.595    D_CELLS_MOSST_typ_1_80V_25C 
OA22X0            1      18.446    D_CELLS_MOSST_typ_1_80V_25C 
OA22X1            4      86.083    D_CELLS_MOSST_typ_1_80V_25C 
ON211X0           1      15.372    D_CELLS_MOSST_typ_1_80V_25C 
ON211X1          13     239.803    D_CELLS_MOSST_typ_1_80V_25C 
ON21X0            2      24.595    D_CELLS_MOSST_typ_1_80V_25C 
ON21X1           26     399.672    D_CELLS_MOSST_typ_1_80V_25C 
ON221X0           2      36.893    D_CELLS_MOSST_typ_1_80V_25C 
ON221X1           5     122.976    D_CELLS_MOSST_typ_1_80V_25C 
ON222X0           1      21.521    D_CELLS_MOSST_typ_1_80V_25C 
ON22X0            2      30.744    D_CELLS_MOSST_typ_1_80V_25C 
ON22X1           10     184.464    D_CELLS_MOSST_typ_1_80V_25C 
ON31X1            3      55.339    D_CELLS_MOSST_typ_1_80V_25C 
ON321X1           1      24.595    D_CELLS_MOSST_typ_1_80V_25C 
ON32X1            2      43.042    D_CELLS_MOSST_typ_1_80V_25C 
OR2X1            43     528.797    D_CELLS_MOSST_typ_1_80V_25C 
OR2X2            24     368.928    D_CELLS_MOSST_typ_1_80V_25C 
OR2X4            15     368.928    D_CELLS_MOSST_typ_1_80V_25C 
OR3X0             1      15.372    D_CELLS_MOSST_typ_1_80V_25C 
OR3X1             3      55.339    D_CELLS_MOSST_typ_1_80V_25C 
OR3X4             1      33.818    D_CELLS_MOSST_typ_1_80V_25C 
OR4X1             2      49.190    D_CELLS_MOSST_typ_1_80V_25C 
OR4X2             2      61.488    D_CELLS_MOSST_typ_1_80V_25C 
OR4X4             1      43.042    D_CELLS_MOSST_typ_1_80V_25C 
OR5X1             3      83.009    D_CELLS_MOSST_typ_1_80V_25C 
OR5X2             2      67.637    D_CELLS_MOSST_typ_1_80V_25C 
OR6X1             5     169.092    D_CELLS_MOSST_typ_1_80V_25C 
OR6X2            16     737.856    D_CELLS_MOSST_typ_1_80V_25C 
SDFRQX1           1      70.711    D_CELLS_MOSST_typ_1_80V_25C 
SDFRQX2           1      70.711    D_CELLS_MOSST_typ_1_80V_25C 
SDFRRQX1          6     461.160    D_CELLS_MOSST_typ_1_80V_25C 
SDFRRQX2          1      83.009    D_CELLS_MOSST_typ_1_80V_25C 
---------------------------------------------------------------
total          5494  116027.856                                


                                           
     Type      Instances    Area    Area % 
-------------------------------------------
sequential           407  22458.492   19.4 
inverter             887   8362.368    7.2 
buffer               158   2988.317    2.6 
tristate             444   9988.726    8.6 
logic               3598  72229.954   62.3 
physical_cells         0      0.000    0.0 
-------------------------------------------
total               5494 116027.856  100.0 

