============================================================
  Generated by:           Genus(TM) Synthesis Solution GENUS15.22 - 15.20-s024_1
  Generated on:           Apr 11 2022  06:43:30 pm
  Module:                 z80_top_direct_n
  Interconnect mode:      global
  Area mode:              physical library
============================================================

Timing
--------

Clock Period 
-------------
CLK   2000.0 


        Cost          Critical              Violating 
       Group         Path Slack     TNS       Paths   
------------------------------------------------------
C2C                     -9694.8   -1215508        331 
C2O                    No paths          0            
cg_enable_group_CLK     -1307.2     -28813         39 
CLK                      -194.4      -3807         39 
default                No paths          0            
I2C                       361.0          0          0 
I2O                    No paths          0            
------------------------------------------------------
Total                             -1248129        409 

Instance Count
--------------
Leaf Instance Count             5494 
Sequential Instance Count        407 
Combinational Instance Count    5087 
Hierarchical Instance Count      114 

Area
----
Cell Area                          116027.856
Physical Cell Area                 0.000
Total Cell Area (Cell+Physical)    116027.856
Net Area                           66834.422
Total Area (Cell+Physical+Net)     182862.278

Runtime                            -112.892 seconds
Elapsed Runtime                    1042 seconds
Genus peak memory usage            659.82 
Innovus peak memory usage          no_value 
Hostname                           pgmicro04.ufrgs.br
