============================================================
  Generated by:           Genus(TM) Synthesis Solution GENUS15.22 - 15.20-s024_1
  Generated on:           Apr 19 2022  08:01:52 pm
  Module:                 z80_top_direct_n
  Interconnect mode:      global
  Area mode:              physical library
============================================================


Path 1: MET (9010 ps) Setup Check with Pin data_pins__dout_reg[0]/CN->D
          Group: I2C
     Startpoint: (F) D[0]
          Clock: (R) CLK
       Endpoint: (F) data_pins__dout_reg[0]/D
          Clock: (F) CLK

                     Capture       Launch     
        Clock Edge:+   10000            0     
       Src Latency:+       0            0     
       Net Latency:+       0 (I)        0 (I) 
           Arrival:=   10000            0     
                                              
             Setup:-     188                  
     Required Time:=    9812                  
      Launch Clock:-       0                  
       Input Delay:-     200                  
         Data Path:-     602                  
             Slack:=    9010                  

#-----------------------------------------------------------------------------------------
#      Timing Point        Flags   Arc   Edge   Cell     Fanout  Load Trans Delay Arrival 
#                                                                (fF)  (ps)  (ps)   (ps)  
#-----------------------------------------------------------------------------------------
  D[0]                     -       -     F     (arrival)      1 331.8   160     0     200 
  g4722/Q                  -       D->Q  F     AO22X0         1   9.6   199   602     802 
  data_pins__dout_reg[0]/D -       -     F     DFFQX1         1     -     -     0     802 
#-----------------------------------------------------------------------------------------

