============================================================
  Generated by:           Genus(TM) Synthesis Solution GENUS15.22 - 15.20-s024_1
  Generated on:           Apr 11 2022  07:00:01 pm
  Module:                 z80_top_direct_n
  Interconnect mode:      global
  Area mode:              physical library
============================================================

                          
 Gate  Instances   Area               Library            
---------------------------------------------------------
BUX0          73  897.725    D_CELLS_MOSST_typ_1_80V_25C 
---------------------------------------------------------
total         73  897.725                                


                                        
     Type      Instances   Area  Area % 
----------------------------------------
sequential           408   0.000    0.0 
inverter             422   0.000    0.0 
buffer                73 897.725  100.0 
tristate             444   0.000    0.0 
logic               4718   0.000    0.0 
physical_cells         0   0.000    0.0 
----------------------------------------
total               6065 897.725  100.0 

