============================================================
  Generated by:           Genus(TM) Synthesis Solution GENUS15.22 - 15.20-s024_1
  Generated on:           Apr 11 2022  09:12:19 pm
  Module:                 z80_top_direct_n
  Interconnect mode:      global
  Area mode:              physical library
============================================================

Timing
--------

Clock  Period 
--------------
CLK   16000.0 


        Cost          Critical       Violating 
       Group         Path Slack TNS    Paths   
-----------------------------------------------
C2C                         0.1   0          0 
C2O                    No paths   0            
cg_enable_group_CLK         0.0   0          0 
CLK                      4072.8   0          0 
default                No paths   0            
I2C                      7009.7   0          0 
I2O                    No paths   0            
-----------------------------------------------
Total                             0          0 

Instance Count
--------------
Leaf Instance Count             3424 
Sequential Instance Count        406 
Combinational Instance Count    3018 
Hierarchical Instance Count       43 

Area
----
Cell Area                          73118.455
Physical Cell Area                 0.000
Total Cell Area (Cell+Physical)    73118.455
Net Area                           40233.102
Total Area (Cell+Physical+Net)     113351.557

Runtime                            -134.779 seconds
Elapsed Runtime                    559 seconds
Genus peak memory usage            667.20 
Innovus peak memory usage          no_value 
Hostname                           pgmicro04.ufrgs.br
