

Working Directory = /home/inf01185/leonardo.augusto/Downloads/projeto-cci2-az80/a-z80/export
QoS Summary for z80_top_direct_n
========================================================================================
Metric                  generic    map        syn_opt    syn_opt_low_incr final     
========================================================================================
Slack (ps):                  0.0        0.0        0.0        0.0        0.0
  R2R (ps):                  0.0        0.0        0.0        0.0        0.0
  I2R (ps):             999471.9   999009.7   999009.7   999009.7   999009.7
  R2O (ps):             no_value   no_value   no_value   no_value   no_value
  I2O (ps):             no_value   no_value   no_value   no_value   no_value
  CG  (ps):             997381.7   993943.4   993936.1   993936.1   993936.1
TNS (ps):                      0          0          0          0          0
  R2R (ps):                  0.0        0.0        0.0        0.0        0.0
  I2R (ps):                  0.0        0.0        0.0        0.0        0.0
  R2O (ps):             no_value   no_value   no_value   no_value   no_value
  I2O (ps):             no_value   no_value   no_value   no_value   no_value
  CG  (ps):                  0.0        0.0        0.0        0.0        0.0
Failing Paths:                 0          0          0          0          0
Area:                        898      65623      63809      63809      63809
Instances:                  6065       3387       3208       3208       3208
Utilization (%):            0.00       0.00       0.00       0.00       0.00
Tot. Net Length (um):   no_value   no_value   no_value   no_value   no_value
Avg. Net Length (um):   no_value   no_value   no_value   no_value   no_value
Total Overflow H:              0          0          0          0          0
Total Overflow V:              0          0          0          0          0
Route Overflow H (%):   no_value   no_value   no_value   no_value   no_value
Route Overflow V (%):   no_value   no_value   no_value   no_value   no_value
========================================================================================
CPU  Runtime (m:s):        00:30      04:38      00:12      00:02      00:06
Real Runtime (m:s):        03:46      02:13      00:19      00:10      00:13
CPU  Elapsed (m:s):        00:40      05:18      05:30      05:32      05:38
Real Elapsed (m:s):        03:49      06:02      06:21      06:31      06:44
Memory (MB):              648.66     677.65     679.65     679.65     679.65
========================================================================================

========================================================================================
Flow Settings:
========================================================================================
Total Runtime (m:s): 06:48
Total Memory (MB):   679.65
Executable Version:  15.22
========================================================================================


