============================================================
  Generated by:           Genus(TM) Synthesis Solution GENUS15.22 - 15.20-s024_1
  Generated on:           Apr 11 2022  07:41:10 pm
  Module:                 z80_top_direct_n
  Interconnect mode:      global
  Area mode:              physical library
============================================================


Path 1: MET (993943 ps) Late External Delay Assertion at pin alu_/RC_CG_HIER_INST9/g6/B
          Group: CLK
     Startpoint: (R) alu_/RC_CG_HIER_INST9/enl_reg/G
          Clock: (R) CLK
       Endpoint: (F) alu_/RC_CG_HIER_INST9/g6/B
          Clock: (F) CLK

                      Capture       Launch     
        Clock Edge:+  1000000            0     
       Src Latency:+        0            0     
       Net Latency:+        0 (I)        0 (I) 
           Arrival:=  1000000            0     
                                               
      Output Delay:-        0                  
     Required Time:=  1000000                  
      Launch Clock:-        0                  
         Data Path:-     6057                  
             Slack:=   993943                  

#-----------------------------------------------------------------------------------------------------
#          Timing Point           Flags   Arc   Edge      Cell        Fanout Load Trans Delay Arrival 
#                                                                            (fF)  (ps)  (ps)   (ps)  
#-----------------------------------------------------------------------------------------------------
  alu_/RC_CG_HIER_INST9/enl_reg/G -       -     R     (arrival)            -    -     -     -       0 
  -                               -       -     R     latch_d_arrival      -    -     -     -    5773 
  alu_/RC_CG_HIER_INST9/enl_reg/Q -       -     R     DLHQX1               1 12.4   149  5997    5997 
  alu_/RC_CG_HIER_INST9/g7/Q      -       A->Q  F     INX1                 1  9.2    71    59    6056 
  alu_/RC_CG_HIER_INST9/g6/B      (b)     -     F     OR2X1                -    -     -     0    6057 
#-----------------------------------------------------------------------------------------------------

(b) : Timing paths are broken.

