============================================================
  Generated by:           Genus(TM) Synthesis Solution GENUS15.22 - 15.20-s024_1
  Generated on:           Apr 11 2022  07:41:11 pm
  Module:                 z80_top_direct_n
  Interconnect mode:      global
  Area mode:              physical library
============================================================


Path 1: MET (0 ps)
          Group: cg_enable_group_CLK
     Startpoint: (F) clk_delay__SYNTHESIZED_WIRE_9_reg/CN
          Clock: (F) CLK
       Endpoint: (R) sequencer__RC_CG_HIER_INST43/enl_reg/D
          Clock: (F) CLK

                      Capture       Launch     
        Clock Edge:+  1000000      1000000     
       Src Latency:+        0            0     
       Net Latency:+        0 (I)        0 (I) 
           Arrival:=  1000000      1000000     
                                               
     Required Time:=  1000000                  
      Launch Clock:-  1000000                  
         Data Path:-      745                  
             Slack:=        0                  

#-------------------------------------------------------------------------------------------------------
#             Timing Point               Flags   Arc   Edge   Cell     Fanout Load Trans Delay  Arrival 
#                                                                             (fF)  (ps)  (ps)   (ps)   
#-------------------------------------------------------------------------------------------------------
  clk_delay__SYNTHESIZED_WIRE_9_reg/CN   -       -     F     (arrival)    120    -     0     -  1000000 
  clk_delay__SYNTHESIZED_WIRE_9_reg/Q    -       CN->Q F     SDFFRX4        5 39.0   108   343  1000343 
  g5220/Q                                -       A->Q  R     INX2           6 39.6   113    89  1000432 
  g5026/Q                                -       A->Q  R     AND2X1         3 18.9   189   170  1000601 
  sequencer__RC_CG_HIER_INST43/g7/Q      -       A->Q  R     OR2X1          1  9.4   110   144  1000745 
  sequencer__RC_CG_HIER_INST43/enl_reg/D -       -     R     DLLQX1         1    -     -     0  1000745 
#-------------------------------------------------------------------------------------------------------

