============================================================
  Generated by:           Genus(TM) Synthesis Solution GENUS15.22 - 15.20-s024_1
  Generated on:           Apr 11 2022  10:31:11 pm
  Module:                 z80_top_direct_n
  Interconnect mode:      global
  Area mode:              physical library
============================================================

                               
  Gate    Instances    Area                Library            
--------------------------------------------------------------
AN211X0           6     92.232    D_CELLS_MOSST_typ_1_80V_25C 
AN211X1          34    627.178    D_CELLS_MOSST_typ_1_80V_25C 
AN21X1           83   1020.701    D_CELLS_MOSST_typ_1_80V_25C 
AN221X0           2     36.893    D_CELLS_MOSST_typ_1_80V_25C 
AN221X1          12    258.250    D_CELLS_MOSST_typ_1_80V_25C 
AN222X1           3     73.786    D_CELLS_MOSST_typ_1_80V_25C 
AN22X1           23    353.556    D_CELLS_MOSST_typ_1_80V_25C 
AN311X0           1     18.446    D_CELLS_MOSST_typ_1_80V_25C 
AN311X1           1     21.521    D_CELLS_MOSST_typ_1_80V_25C 
AN31X1            6     92.232    D_CELLS_MOSST_typ_1_80V_25C 
AN321X0           1     21.521    D_CELLS_MOSST_typ_1_80V_25C 
AN32X1            3     55.339    D_CELLS_MOSST_typ_1_80V_25C 
AN33X1            3     64.562    D_CELLS_MOSST_typ_1_80V_25C 
AND2X1          277   3406.435    D_CELLS_MOSST_typ_1_80V_25C 
AND2X2           18    332.035    D_CELLS_MOSST_typ_1_80V_25C 
AND2X4           13    359.705    D_CELLS_MOSST_typ_1_80V_25C 
AND3X1           42    645.624    D_CELLS_MOSST_typ_1_80V_25C 
AND3X2           11    236.729    D_CELLS_MOSST_typ_1_80V_25C 
AND3X4            4    135.274    D_CELLS_MOSST_typ_1_80V_25C 
AND4X1            6    147.571    D_CELLS_MOSST_typ_1_80V_25C 
AND5X1            9    249.026    D_CELLS_MOSST_typ_1_80V_25C 
AND5X2            1     33.818    D_CELLS_MOSST_typ_1_80V_25C 
AND6X1           40   1229.760    D_CELLS_MOSST_typ_1_80V_25C 
AND6X2            2     73.786    D_CELLS_MOSST_typ_1_80V_25C 
AO211X1           3     64.562    D_CELLS_MOSST_typ_1_80V_25C 
AO21X0            6     92.232    D_CELLS_MOSST_typ_1_80V_25C 
AO21X1           10    184.464    D_CELLS_MOSST_typ_1_80V_25C 
AO221X1           3     73.786    D_CELLS_MOSST_typ_1_80V_25C 
AO222X1           2     55.339    D_CELLS_MOSST_typ_1_80V_25C 
AO22X0           13    239.803    D_CELLS_MOSST_typ_1_80V_25C 
AO22X1            5    107.604    D_CELLS_MOSST_typ_1_80V_25C 
AO311X1           1     21.521    D_CELLS_MOSST_typ_1_80V_25C 
AO31X1            6    129.125    D_CELLS_MOSST_typ_1_80V_25C 
AO321X0           1     24.595    D_CELLS_MOSST_typ_1_80V_25C 
AO32X1            1     24.595    D_CELLS_MOSST_typ_1_80V_25C 
AO33X0            1     24.595    D_CELLS_MOSST_typ_1_80V_25C 
BTHX1           152   3738.470    D_CELLS_MOSST_typ_1_80V_25C 
BTHX2             1     27.670    D_CELLS_MOSST_typ_1_80V_25C 
BTHX3             1     36.893    D_CELLS_MOSST_typ_1_80V_25C 
BTHX4             1     39.967    D_CELLS_MOSST_typ_1_80V_25C 
BTHX8             4    221.357    D_CELLS_MOSST_typ_1_80V_25C 
BTLX1            86   2115.187    D_CELLS_MOSST_typ_1_80V_25C 
BTLX12            1     79.934    D_CELLS_MOSST_typ_1_80V_25C 
BTLX2             9    249.026    D_CELLS_MOSST_typ_1_80V_25C 
BTLX4             2     79.934    D_CELLS_MOSST_typ_1_80V_25C 
BTLX8             2    110.678    D_CELLS_MOSST_typ_1_80V_25C 
BUX0             73    897.725    D_CELLS_MOSST_typ_1_80V_25C 
BUX1             38    467.309    D_CELLS_MOSST_typ_1_80V_25C 
BUX2             22    338.184    D_CELLS_MOSST_typ_1_80V_25C 
BUX3              2     43.042    D_CELLS_MOSST_typ_1_80V_25C 
BUX4              3     73.786    D_CELLS_MOSST_typ_1_80V_25C 
DFFQX0            1     49.190    D_CELLS_MOSST_typ_1_80V_25C 
DFFQX1           26   1358.885    D_CELLS_MOSST_typ_1_80V_25C 
DFFRQX0          12    700.963    D_CELLS_MOSST_typ_1_80V_25C 
DFFSQX0           1     55.339    D_CELLS_MOSST_typ_1_80V_25C 
DFFX1            17    940.766    D_CELLS_MOSST_typ_1_80V_25C 
DFRQX1          227  11864.110    D_CELLS_MOSST_typ_1_80V_25C 
DFRRQX1          31   1906.128    D_CELLS_MOSST_typ_1_80V_25C 
DFRRX1            1     64.562    D_CELLS_MOSST_typ_1_80V_25C 
DFRRX4           17   1567.944    D_CELLS_MOSST_typ_1_80V_25C 
DFRSQX2           1     61.488    D_CELLS_MOSST_typ_1_80V_25C 
DFRSX4            1     86.083    D_CELLS_MOSST_typ_1_80V_25C 
DFRX1             2    110.678    D_CELLS_MOSST_typ_1_80V_25C 
DLHQX1            7    258.250    D_CELLS_MOSST_typ_1_80V_25C 
DLHRX1            1     43.042    D_CELLS_MOSST_typ_1_80V_25C 
DLLQX1           36   1328.141    D_CELLS_MOSST_typ_1_80V_25C 
EN2X0            38    584.136    D_CELLS_MOSST_typ_1_80V_25C 
EN2X1             2     43.042    D_CELLS_MOSST_typ_1_80V_25C 
EN3X0             1     27.670    D_CELLS_MOSST_typ_1_80V_25C 
EN3X1             1     39.967    D_CELLS_MOSST_typ_1_80V_25C 
EO2X0             4     61.488    D_CELLS_MOSST_typ_1_80V_25C 
EO2X4             1     36.893    D_CELLS_MOSST_typ_1_80V_25C 
HAX1              1     30.744    D_CELLS_MOSST_typ_1_80V_25C 
INX1            425   2613.240    D_CELLS_MOSST_typ_1_80V_25C 
INX12             2    116.827    D_CELLS_MOSST_typ_1_80V_25C 
INX2             41    378.151    D_CELLS_MOSST_typ_1_80V_25C 
INX3              8    122.976    D_CELLS_MOSST_typ_1_80V_25C 
INX4              2     36.893    D_CELLS_MOSST_typ_1_80V_25C 
INX6              1     21.521    D_CELLS_MOSST_typ_1_80V_25C 
INX8              1     30.744    D_CELLS_MOSST_typ_1_80V_25C 
ITHX0            93   1143.677    D_CELLS_MOSST_typ_1_80V_25C 
ITHX1            45    830.088    D_CELLS_MOSST_typ_1_80V_25C 
ITHX2             1     36.893    D_CELLS_MOSST_typ_1_80V_25C 
ITLX0            37    455.011    D_CELLS_MOSST_typ_1_80V_25C 
ITLX1             8    147.571    D_CELLS_MOSST_typ_1_80V_25C 
ITLX8             1     61.488    D_CELLS_MOSST_typ_1_80V_25C 
MU2IX1           17    313.589    D_CELLS_MOSST_typ_1_80V_25C 
MU2IX2            1     36.893    D_CELLS_MOSST_typ_1_80V_25C 
MU2X0            28    602.582    D_CELLS_MOSST_typ_1_80V_25C 
MU2X1             3     73.786    D_CELLS_MOSST_typ_1_80V_25C 
MU4X1             1     46.116    D_CELLS_MOSST_typ_1_80V_25C 
NA2I1X1          19    292.068    D_CELLS_MOSST_typ_1_80V_25C 
NA2I1X2           5     92.232    D_CELLS_MOSST_typ_1_80V_25C 
NA2I1X4           2     61.488    D_CELLS_MOSST_typ_1_80V_25C 
NA2X1           263   2425.702    D_CELLS_MOSST_typ_1_80V_25C 
NA2X2            32    491.904    D_CELLS_MOSST_typ_1_80V_25C 
NA2X4             6    184.464    D_CELLS_MOSST_typ_1_80V_25C 
NA3I1X0           1     15.372    D_CELLS_MOSST_typ_1_80V_25C 
NA3I1X1          20    368.928    D_CELLS_MOSST_typ_1_80V_25C 
NA3I1X2           3     83.009    D_CELLS_MOSST_typ_1_80V_25C 
NA3I1X4           4    159.869    D_CELLS_MOSST_typ_1_80V_25C 
NA3I2X1           3     64.562    D_CELLS_MOSST_typ_1_80V_25C 
NA3X1            42    516.499    D_CELLS_MOSST_typ_1_80V_25C 
NA3X2             2     49.190    D_CELLS_MOSST_typ_1_80V_25C 
NA3X4             1     46.116    D_CELLS_MOSST_typ_1_80V_25C 
NA4I2X1           1     30.744    D_CELLS_MOSST_typ_1_80V_25C 
NA4X1             1     27.670    D_CELLS_MOSST_typ_1_80V_25C 
NA5I1X1           3    101.455    D_CELLS_MOSST_typ_1_80V_25C 
NA5I2X1           3    101.455    D_CELLS_MOSST_typ_1_80V_25C 
NA5I3X1           1     33.818    D_CELLS_MOSST_typ_1_80V_25C 
NA5X1             4    122.976    D_CELLS_MOSST_typ_1_80V_25C 
NA6I1X1           8    295.142    D_CELLS_MOSST_typ_1_80V_25C 
NA6I3X1           8    295.142    D_CELLS_MOSST_typ_1_80V_25C 
NA6I4X1           1     39.967    D_CELLS_MOSST_typ_1_80V_25C 
NA6X1            15    507.276    D_CELLS_MOSST_typ_1_80V_25C 
NO2I1X1          76    934.618    D_CELLS_MOSST_typ_1_80V_25C 
NO2I1X2           8    172.166    D_CELLS_MOSST_typ_1_80V_25C 
NO2I1X4           7    215.208    D_CELLS_MOSST_typ_1_80V_25C 
NO2X1           235   2167.452    D_CELLS_MOSST_typ_1_80V_25C 
NO2X2            39    599.508    D_CELLS_MOSST_typ_1_80V_25C 
NO2X4            11    304.366    D_CELLS_MOSST_typ_1_80V_25C 
NO3I1X0           2     30.744    D_CELLS_MOSST_typ_1_80V_25C 
NO3I1X1          26    479.606    D_CELLS_MOSST_typ_1_80V_25C 
NO3I1X2           1     27.670    D_CELLS_MOSST_typ_1_80V_25C 
NO3I2X1           6    129.125    D_CELLS_MOSST_typ_1_80V_25C 
NO3X0            12    147.571    D_CELLS_MOSST_typ_1_80V_25C 
NO3X1            63    968.436    D_CELLS_MOSST_typ_1_80V_25C 
NO3X2             7    172.166    D_CELLS_MOSST_typ_1_80V_25C 
NO3X4             3    119.902    D_CELLS_MOSST_typ_1_80V_25C 
NO4I2X1           3     92.232    D_CELLS_MOSST_typ_1_80V_25C 
NO4I2X4           1     43.042    D_CELLS_MOSST_typ_1_80V_25C 
NO4X2             8    245.952    D_CELLS_MOSST_typ_1_80V_25C 
NO4X4             1     36.893    D_CELLS_MOSST_typ_1_80V_25C 
NO5I2X1           4    135.274    D_CELLS_MOSST_typ_1_80V_25C 
NO5I3X1           8    270.547    D_CELLS_MOSST_typ_1_80V_25C 
NO5X2             3    101.455    D_CELLS_MOSST_typ_1_80V_25C 
NO6I2X1           6    258.250    D_CELLS_MOSST_typ_1_80V_25C 
NO6X0             3    101.455    D_CELLS_MOSST_typ_1_80V_25C 
NO6X1            18    664.070    D_CELLS_MOSST_typ_1_80V_25C 
NO6X2             1     36.893    D_CELLS_MOSST_typ_1_80V_25C 
OA211X1          16    344.333    D_CELLS_MOSST_typ_1_80V_25C 
OA21X0            1     15.372    D_CELLS_MOSST_typ_1_80V_25C 
OA21X1           27    498.053    D_CELLS_MOSST_typ_1_80V_25C 
OA21X2            3     64.562    D_CELLS_MOSST_typ_1_80V_25C 
OA221X1           2     49.190    D_CELLS_MOSST_typ_1_80V_25C 
OA222X1           1     27.670    D_CELLS_MOSST_typ_1_80V_25C 
OA22X1            2     43.042    D_CELLS_MOSST_typ_1_80V_25C 
OA22X2            1     24.595    D_CELLS_MOSST_typ_1_80V_25C 
OA31X1            3     64.562    D_CELLS_MOSST_typ_1_80V_25C 
OA32X0            3     64.562    D_CELLS_MOSST_typ_1_80V_25C 
OA32X2            1     27.670    D_CELLS_MOSST_typ_1_80V_25C 
ON211X0           2     30.744    D_CELLS_MOSST_typ_1_80V_25C 
ON211X1          22    405.821    D_CELLS_MOSST_typ_1_80V_25C 
ON21X0            3     36.893    D_CELLS_MOSST_typ_1_80V_25C 
ON21X1           61    937.692    D_CELLS_MOSST_typ_1_80V_25C 
ON221X0           2     36.893    D_CELLS_MOSST_typ_1_80V_25C 
ON221X1           5    122.976    D_CELLS_MOSST_typ_1_80V_25C 
ON222X1           1     27.670    D_CELLS_MOSST_typ_1_80V_25C 
ON22X0            2     30.744    D_CELLS_MOSST_typ_1_80V_25C 
ON22X1           11    202.910    D_CELLS_MOSST_typ_1_80V_25C 
ON311X1           1     18.446    D_CELLS_MOSST_typ_1_80V_25C 
ON31X0            3     46.116    D_CELLS_MOSST_typ_1_80V_25C 
ON31X1            9    166.018    D_CELLS_MOSST_typ_1_80V_25C 
OR2X1            82   1008.403    D_CELLS_MOSST_typ_1_80V_25C 
OR2X2             6     92.232    D_CELLS_MOSST_typ_1_80V_25C 
OR2X4             3     73.786    D_CELLS_MOSST_typ_1_80V_25C 
OR3X0             1     15.372    D_CELLS_MOSST_typ_1_80V_25C 
OR3X1             9    166.018    D_CELLS_MOSST_typ_1_80V_25C 
OR3X2             6    129.125    D_CELLS_MOSST_typ_1_80V_25C 
OR4X1            12    295.142    D_CELLS_MOSST_typ_1_80V_25C 
OR4X2             1     30.744    D_CELLS_MOSST_typ_1_80V_25C 
OR5X1            13    359.705    D_CELLS_MOSST_typ_1_80V_25C 
OR5X2             1     33.818    D_CELLS_MOSST_typ_1_80V_25C 
OR6X1            21    710.186    D_CELLS_MOSST_typ_1_80V_25C 
SDFFRQX1          1     76.860    D_CELLS_MOSST_typ_1_80V_25C 
SDFFRX4           1    107.604    D_CELLS_MOSST_typ_1_80V_25C 
SDFRQX0           1     64.562    D_CELLS_MOSST_typ_1_80V_25C 
SDFRQX1           7    494.978    D_CELLS_MOSST_typ_1_80V_25C 
SDFRQX2           4    282.845    D_CELLS_MOSST_typ_1_80V_25C 
SDFRRQX0          3    221.357    D_CELLS_MOSST_typ_1_80V_25C 
SDFRRQX1          1     76.860    D_CELLS_MOSST_typ_1_80V_25C 
SDFRRQX2          3    249.026    D_CELLS_MOSST_typ_1_80V_25C 
SDFRRQX4          2    190.613    D_CELLS_MOSST_typ_1_80V_25C 
SDFRRX4           4    430.416    D_CELLS_MOSST_typ_1_80V_25C 
--------------------------------------------------------------
total          3558  70692.754                                


                                          
     Type      Instances    Area   Area % 
------------------------------------------
sequential           408 22590.691   32.0 
inverter             480  3320.352    4.7 
buffer               138  1820.045    2.6 
tristate             444  9373.846   13.3 
logic               2088 33587.820   47.5 
physical_cells         0     0.000    0.0 
------------------------------------------
total               3558 70692.754  100.0 

