============================================================
  Generated by:           Genus(TM) Synthesis Solution GENUS15.22 - 15.20-s024_1
  Generated on:           Apr 11 2022  08:49:55 pm
  Module:                 z80_top_direct_n
  Interconnect mode:      global
  Area mode:              physical library
============================================================

                               
  Gate    Instances    Area                Library            
--------------------------------------------------------------
AN211X0           5     76.860    D_CELLS_MOSST_typ_1_80V_25C 
AN211X1          29    534.946    D_CELLS_MOSST_typ_1_80V_25C 
AN211X2           1     30.744    D_CELLS_MOSST_typ_1_80V_25C 
AN211X4           2     67.637    D_CELLS_MOSST_typ_1_80V_25C 
AN21X0            2     24.595    D_CELLS_MOSST_typ_1_80V_25C 
AN21X1          101   1242.058    D_CELLS_MOSST_typ_1_80V_25C 
AN21X2            3     83.009    D_CELLS_MOSST_typ_1_80V_25C 
AN21X4            3     92.232    D_CELLS_MOSST_typ_1_80V_25C 
AN221X0           1     18.446    D_CELLS_MOSST_typ_1_80V_25C 
AN221X1          13    279.770    D_CELLS_MOSST_typ_1_80V_25C 
AN222X1           5    122.976    D_CELLS_MOSST_typ_1_80V_25C 
AN22X0            1     15.372    D_CELLS_MOSST_typ_1_80V_25C 
AN22X1           15    230.580    D_CELLS_MOSST_typ_1_80V_25C 
AN31X0            1     15.372    D_CELLS_MOSST_typ_1_80V_25C 
AN31X1            4     61.488    D_CELLS_MOSST_typ_1_80V_25C 
AN321X1           1     24.595    D_CELLS_MOSST_typ_1_80V_25C 
AN32X1            2     36.893    D_CELLS_MOSST_typ_1_80V_25C 
AN33X0            1     21.521    D_CELLS_MOSST_typ_1_80V_25C 
AN33X1            2     43.042    D_CELLS_MOSST_typ_1_80V_25C 
AND2X0            3     36.893    D_CELLS_MOSST_typ_1_80V_25C 
AND2X1          198   2434.925    D_CELLS_MOSST_typ_1_80V_25C 
AND2X2           16    295.142    D_CELLS_MOSST_typ_1_80V_25C 
AND2X4           18    498.053    D_CELLS_MOSST_typ_1_80V_25C 
AND3X0            3     46.116    D_CELLS_MOSST_typ_1_80V_25C 
AND3X1           25    384.300    D_CELLS_MOSST_typ_1_80V_25C 
AND3X2            3     64.562    D_CELLS_MOSST_typ_1_80V_25C 
AND3X4           11    372.002    D_CELLS_MOSST_typ_1_80V_25C 
AND4X1            3     73.786    D_CELLS_MOSST_typ_1_80V_25C 
AND4X2            3     92.232    D_CELLS_MOSST_typ_1_80V_25C 
AND5X0            1     27.670    D_CELLS_MOSST_typ_1_80V_25C 
AND5X1            8    221.357    D_CELLS_MOSST_typ_1_80V_25C 
AND5X2            4    135.274    D_CELLS_MOSST_typ_1_80V_25C 
AND6X1           29    891.576    D_CELLS_MOSST_typ_1_80V_25C 
AND6X2            1     36.893    D_CELLS_MOSST_typ_1_80V_25C 
AO211X1           2     43.042    D_CELLS_MOSST_typ_1_80V_25C 
AO211X4           1     30.744    D_CELLS_MOSST_typ_1_80V_25C 
AO21X0            1     15.372    D_CELLS_MOSST_typ_1_80V_25C 
AO21X1           19    350.482    D_CELLS_MOSST_typ_1_80V_25C 
AO21X2            1     24.595    D_CELLS_MOSST_typ_1_80V_25C 
AO221X1           2     49.190    D_CELLS_MOSST_typ_1_80V_25C 
AO22X0            5     92.232    D_CELLS_MOSST_typ_1_80V_25C 
AO22X1            5    107.604    D_CELLS_MOSST_typ_1_80V_25C 
AO31X1            3     64.562    D_CELLS_MOSST_typ_1_80V_25C 
AO321X0           1     24.595    D_CELLS_MOSST_typ_1_80V_25C 
AO321X1           1     27.670    D_CELLS_MOSST_typ_1_80V_25C 
AO33X1            1     27.670    D_CELLS_MOSST_typ_1_80V_25C 
BTHCX4            6    202.910    D_CELLS_MOSST_typ_1_80V_25C 
BTHX0             1     24.595    D_CELLS_MOSST_typ_1_80V_25C 
BTHX1           148   3640.090    D_CELLS_MOSST_typ_1_80V_25C 
BTHX12            2    159.869    D_CELLS_MOSST_typ_1_80V_25C 
BTHX2             2     55.339    D_CELLS_MOSST_typ_1_80V_25C 
BTHX8             6    332.035    D_CELLS_MOSST_typ_1_80V_25C 
BTLCX12           8    491.904    D_CELLS_MOSST_typ_1_80V_25C 
BTLX1            88   2164.378    D_CELLS_MOSST_typ_1_80V_25C 
BTLX12            3    239.803    D_CELLS_MOSST_typ_1_80V_25C 
BTLX16            2    190.613    D_CELLS_MOSST_typ_1_80V_25C 
BTLX8             2    110.678    D_CELLS_MOSST_typ_1_80V_25C 
BUX0             75    922.320    D_CELLS_MOSST_typ_1_80V_25C 
BUX1             21    258.250    D_CELLS_MOSST_typ_1_80V_25C 
BUX2             12    184.464    D_CELLS_MOSST_typ_1_80V_25C 
BUX3              5    107.604    D_CELLS_MOSST_typ_1_80V_25C 
BUX4              3     73.786    D_CELLS_MOSST_typ_1_80V_25C 
BUX6              2     67.637    D_CELLS_MOSST_typ_1_80V_25C 
BUX8              2     86.083    D_CELLS_MOSST_typ_1_80V_25C 
DFFQX1           27   1411.150    D_CELLS_MOSST_typ_1_80V_25C 
DFFRQX1          12    737.856    D_CELLS_MOSST_typ_1_80V_25C 
DFFSQX1           1     61.488    D_CELLS_MOSST_typ_1_80V_25C 
DFFX1            17    940.766    D_CELLS_MOSST_typ_1_80V_25C 
DFRQX1          227  11864.110    D_CELLS_MOSST_typ_1_80V_25C 
DFRRQX1          31   1906.128    D_CELLS_MOSST_typ_1_80V_25C 
DFRRQX2           3    193.687    D_CELLS_MOSST_typ_1_80V_25C 
DFRRQX4          12    996.106    D_CELLS_MOSST_typ_1_80V_25C 
DFRRX1            1     64.562    D_CELLS_MOSST_typ_1_80V_25C 
DFRRX4            2    184.464    D_CELLS_MOSST_typ_1_80V_25C 
DFRSQX2           1     61.488    D_CELLS_MOSST_typ_1_80V_25C 
DFRSQX4           1     73.786    D_CELLS_MOSST_typ_1_80V_25C 
DFRX1             2    110.678    D_CELLS_MOSST_typ_1_80V_25C 
DLHQX1            6    221.357    D_CELLS_MOSST_typ_1_80V_25C 
DLHRX1            1     43.042    D_CELLS_MOSST_typ_1_80V_25C 
DLLQX1           35   1291.248    D_CELLS_MOSST_typ_1_80V_25C 
DLY1X0            1     24.595    D_CELLS_MOSST_typ_1_80V_25C 
EN2X0            21    322.812    D_CELLS_MOSST_typ_1_80V_25C 
EN2X1            20    430.416    D_CELLS_MOSST_typ_1_80V_25C 
EN3X1             1     39.967    D_CELLS_MOSST_typ_1_80V_25C 
EO2X0             1     15.372    D_CELLS_MOSST_typ_1_80V_25C 
EO2X1             5    107.604    D_CELLS_MOSST_typ_1_80V_25C 
FAX1              1     58.414    D_CELLS_MOSST_typ_1_80V_25C 
HAX2              2     73.786    D_CELLS_MOSST_typ_1_80V_25C 
HAX4              3    138.348    D_CELLS_MOSST_typ_1_80V_25C 
INCX12            1     58.414    D_CELLS_MOSST_typ_1_80V_25C 
INX0              6     36.893    D_CELLS_MOSST_typ_1_80V_25C 
INX1            351   2158.229    D_CELLS_MOSST_typ_1_80V_25C 
INX2             51    470.383    D_CELLS_MOSST_typ_1_80V_25C 
INX3             14    215.208    D_CELLS_MOSST_typ_1_80V_25C 
INX4             13    239.803    D_CELLS_MOSST_typ_1_80V_25C 
INX6              4     86.083    D_CELLS_MOSST_typ_1_80V_25C 
INX8              2     61.488    D_CELLS_MOSST_typ_1_80V_25C 
ITHCX16           4    344.333    D_CELLS_MOSST_typ_1_80V_25C 
ITHX0            71    873.130    D_CELLS_MOSST_typ_1_80V_25C 
ITHX1            54    996.106    D_CELLS_MOSST_typ_1_80V_25C 
ITHX2             3    110.678    D_CELLS_MOSST_typ_1_80V_25C 
ITLCX20           1     98.381    D_CELLS_MOSST_typ_1_80V_25C 
ITLX0            36    442.714    D_CELLS_MOSST_typ_1_80V_25C 
ITLX1             6    110.678    D_CELLS_MOSST_typ_1_80V_25C 
ITLX12            1     86.083    D_CELLS_MOSST_typ_1_80V_25C 
MU2IX1           14    258.250    D_CELLS_MOSST_typ_1_80V_25C 
MU2IX2            1     36.893    D_CELLS_MOSST_typ_1_80V_25C 
MU2X0             3     64.562    D_CELLS_MOSST_typ_1_80V_25C 
MU2X1            29    713.261    D_CELLS_MOSST_typ_1_80V_25C 
MU2X2             1     24.595    D_CELLS_MOSST_typ_1_80V_25C 
NA2I1X0           1     12.298    D_CELLS_MOSST_typ_1_80V_25C 
NA2I1X1          31    476.532    D_CELLS_MOSST_typ_1_80V_25C 
NA2I1X2           8    147.571    D_CELLS_MOSST_typ_1_80V_25C 
NA2I1X4          10    307.440    D_CELLS_MOSST_typ_1_80V_25C 
NA2X0             5     46.116    D_CELLS_MOSST_typ_1_80V_25C 
NA2X1           222   2047.550    D_CELLS_MOSST_typ_1_80V_25C 
NA2X2            29    445.788    D_CELLS_MOSST_typ_1_80V_25C 
NA2X4            29    891.576    D_CELLS_MOSST_typ_1_80V_25C 
NA3I1X0           1     15.372    D_CELLS_MOSST_typ_1_80V_25C 
NA3I1X1          14    258.250    D_CELLS_MOSST_typ_1_80V_25C 
NA3I1X2           6    166.018    D_CELLS_MOSST_typ_1_80V_25C 
NA3I1X4           7    279.770    D_CELLS_MOSST_typ_1_80V_25C 
NA3I2X1           4     86.083    D_CELLS_MOSST_typ_1_80V_25C 
NA3I2X2           4    122.976    D_CELLS_MOSST_typ_1_80V_25C 
NA3I2X4           3    147.571    D_CELLS_MOSST_typ_1_80V_25C 
NA3X0             4     49.190    D_CELLS_MOSST_typ_1_80V_25C 
NA3X1            42    516.499    D_CELLS_MOSST_typ_1_80V_25C 
NA3X2             5    122.976    D_CELLS_MOSST_typ_1_80V_25C 
NA3X4             5    230.580    D_CELLS_MOSST_typ_1_80V_25C 
NA4I1X1           2     61.488    D_CELLS_MOSST_typ_1_80V_25C 
NA4I2X2           2     67.637    D_CELLS_MOSST_typ_1_80V_25C 
NA4I2X4           1     43.042    D_CELLS_MOSST_typ_1_80V_25C 
NA4X1             1     27.670    D_CELLS_MOSST_typ_1_80V_25C 
NA4X2             2     67.637    D_CELLS_MOSST_typ_1_80V_25C 
NA4X4             1     46.116    D_CELLS_MOSST_typ_1_80V_25C 
NA5I1X2           1     36.893    D_CELLS_MOSST_typ_1_80V_25C 
NA5I2X0           1     33.818    D_CELLS_MOSST_typ_1_80V_25C 
NA5I2X1           2     67.637    D_CELLS_MOSST_typ_1_80V_25C 
NA5I2X4           1     46.116    D_CELLS_MOSST_typ_1_80V_25C 
NA5I3X1           2     67.637    D_CELLS_MOSST_typ_1_80V_25C 
NA5X1             2     61.488    D_CELLS_MOSST_typ_1_80V_25C 
NA6I1X0           1     36.893    D_CELLS_MOSST_typ_1_80V_25C 
NA6I1X1           8    295.142    D_CELLS_MOSST_typ_1_80V_25C 
NA6I3X0           1     36.893    D_CELLS_MOSST_typ_1_80V_25C 
NA6I3X1          13    479.606    D_CELLS_MOSST_typ_1_80V_25C 
NA6I3X2           4    159.869    D_CELLS_MOSST_typ_1_80V_25C 
NA6I3X4           2     98.381    D_CELLS_MOSST_typ_1_80V_25C 
NA6I4X1           1     39.967    D_CELLS_MOSST_typ_1_80V_25C 
NA6X1             4    135.274    D_CELLS_MOSST_typ_1_80V_25C 
NA6X4             1     52.265    D_CELLS_MOSST_typ_1_80V_25C 
NO2I1X1          69    848.534    D_CELLS_MOSST_typ_1_80V_25C 
NO2I1X2          10    215.208    D_CELLS_MOSST_typ_1_80V_25C 
NO2I1X4          11    338.184    D_CELLS_MOSST_typ_1_80V_25C 
NO2X0             7     64.562    D_CELLS_MOSST_typ_1_80V_25C 
NO2X1           207   1909.202    D_CELLS_MOSST_typ_1_80V_25C 
NO2X2            40    614.880    D_CELLS_MOSST_typ_1_80V_25C 
NO2X4            27    747.079    D_CELLS_MOSST_typ_1_80V_25C 
NO3I1X0           4     61.488    D_CELLS_MOSST_typ_1_80V_25C 
NO3I1X1          23    424.267    D_CELLS_MOSST_typ_1_80V_25C 
NO3I1X2           1     27.670    D_CELLS_MOSST_typ_1_80V_25C 
NO3I1X4           3    138.348    D_CELLS_MOSST_typ_1_80V_25C 
NO3I2X1           8    172.166    D_CELLS_MOSST_typ_1_80V_25C 
NO3I2X2           1     33.818    D_CELLS_MOSST_typ_1_80V_25C 
NO3I2X4           1     49.190    D_CELLS_MOSST_typ_1_80V_25C 
NO3X0             9    110.678    D_CELLS_MOSST_typ_1_80V_25C 
NO3X1            42    645.624    D_CELLS_MOSST_typ_1_80V_25C 
NO3X2            17    418.118    D_CELLS_MOSST_typ_1_80V_25C 
NO3X4            12    479.606    D_CELLS_MOSST_typ_1_80V_25C 
NO4I1X1           1     30.744    D_CELLS_MOSST_typ_1_80V_25C 
NO4I1X2           1     36.893    D_CELLS_MOSST_typ_1_80V_25C 
NO4I1X4           1     43.042    D_CELLS_MOSST_typ_1_80V_25C 
NO4I2X1           1     30.744    D_CELLS_MOSST_typ_1_80V_25C 
NO4I2X4           1     43.042    D_CELLS_MOSST_typ_1_80V_25C 
NO4X1             1     30.744    D_CELLS_MOSST_typ_1_80V_25C 
NO4X2             6    184.464    D_CELLS_MOSST_typ_1_80V_25C 
NO5I1X4           2     86.083    D_CELLS_MOSST_typ_1_80V_25C 
NO5I2X1           1     33.818    D_CELLS_MOSST_typ_1_80V_25C 
NO5I3X1           5    169.092    D_CELLS_MOSST_typ_1_80V_25C 
NO5I3X4           1     43.042    D_CELLS_MOSST_typ_1_80V_25C 
NO5X2             1     33.818    D_CELLS_MOSST_typ_1_80V_25C 
NO5X4             1     39.967    D_CELLS_MOSST_typ_1_80V_25C 
NO6I2X1           2     86.083    D_CELLS_MOSST_typ_1_80V_25C 
NO6I3X1           1     46.116    D_CELLS_MOSST_typ_1_80V_25C 
NO6X0             3    101.455    D_CELLS_MOSST_typ_1_80V_25C 
NO6X1             9    332.035    D_CELLS_MOSST_typ_1_80V_25C 
NO6X4             2     92.232    D_CELLS_MOSST_typ_1_80V_25C 
OA211X1          13    279.770    D_CELLS_MOSST_typ_1_80V_25C 
OA21X1           16    295.142    D_CELLS_MOSST_typ_1_80V_25C 
OA21X2            1     21.521    D_CELLS_MOSST_typ_1_80V_25C 
OA21X4            2     55.339    D_CELLS_MOSST_typ_1_80V_25C 
OA221X1           5    122.976    D_CELLS_MOSST_typ_1_80V_25C 
OA22X1            1     21.521    D_CELLS_MOSST_typ_1_80V_25C 
OA22X2            1     24.595    D_CELLS_MOSST_typ_1_80V_25C 
OA31X1            2     43.042    D_CELLS_MOSST_typ_1_80V_25C 
OA321X1           1     27.670    D_CELLS_MOSST_typ_1_80V_25C 
OA32X0            1     21.521    D_CELLS_MOSST_typ_1_80V_25C 
OA32X1            1     24.595    D_CELLS_MOSST_typ_1_80V_25C 
ON211X0           2     30.744    D_CELLS_MOSST_typ_1_80V_25C 
ON211X1          24    442.714    D_CELLS_MOSST_typ_1_80V_25C 
ON21X0            5     61.488    D_CELLS_MOSST_typ_1_80V_25C 
ON21X1           66   1014.552    D_CELLS_MOSST_typ_1_80V_25C 
ON221X1           6    147.571    D_CELLS_MOSST_typ_1_80V_25C 
ON222X1           3     83.009    D_CELLS_MOSST_typ_1_80V_25C 
ON22X1            8    147.571    D_CELLS_MOSST_typ_1_80V_25C 
ON22X4            1     33.818    D_CELLS_MOSST_typ_1_80V_25C 
ON311X1           1     18.446    D_CELLS_MOSST_typ_1_80V_25C 
ON311X2           1     30.744    D_CELLS_MOSST_typ_1_80V_25C 
ON31X1           11    202.910    D_CELLS_MOSST_typ_1_80V_25C 
ON31X2            1     27.670    D_CELLS_MOSST_typ_1_80V_25C 
ON321X1           2     49.190    D_CELLS_MOSST_typ_1_80V_25C 
ON32X0            1     18.446    D_CELLS_MOSST_typ_1_80V_25C 
OR2X1            87   1069.891    D_CELLS_MOSST_typ_1_80V_25C 
OR2X2             7    107.604    D_CELLS_MOSST_typ_1_80V_25C 
OR2X4             5    122.976    D_CELLS_MOSST_typ_1_80V_25C 
OR3X0             1     15.372    D_CELLS_MOSST_typ_1_80V_25C 
OR3X1             5     92.232    D_CELLS_MOSST_typ_1_80V_25C 
OR3X2             1     21.521    D_CELLS_MOSST_typ_1_80V_25C 
OR3X4             3    101.455    D_CELLS_MOSST_typ_1_80V_25C 
OR4X1            10    245.952    D_CELLS_MOSST_typ_1_80V_25C 
OR4X2             1     30.744    D_CELLS_MOSST_typ_1_80V_25C 
OR5X0             1     27.670    D_CELLS_MOSST_typ_1_80V_25C 
OR5X1            17    470.383    D_CELLS_MOSST_typ_1_80V_25C 
OR5X2             2     67.637    D_CELLS_MOSST_typ_1_80V_25C 
OR6X0             3    101.455    D_CELLS_MOSST_typ_1_80V_25C 
OR6X1            14    473.458    D_CELLS_MOSST_typ_1_80V_25C 
OR6X2             1     46.116    D_CELLS_MOSST_typ_1_80V_25C 
SDFFRQX1          1     76.860    D_CELLS_MOSST_typ_1_80V_25C 
SDFFRX4           1    107.604    D_CELLS_MOSST_typ_1_80V_25C 
SDFRQX1          12    848.534    D_CELLS_MOSST_typ_1_80V_25C 
SDFRRQX0          1     73.786    D_CELLS_MOSST_typ_1_80V_25C 
SDFRRQX1          7    538.020    D_CELLS_MOSST_typ_1_80V_25C 
SDFRRQX4          5    476.532    D_CELLS_MOSST_typ_1_80V_25C 
--------------------------------------------------------------
total          3424  73118.455                                


                                          
     Type      Instances    Area   Area % 
------------------------------------------
sequential           406 22283.251   30.5 
inverter             442  3326.501    4.5 
buffer               121  1724.738    2.4 
tristate             444 10674.317   14.6 
logic               2011 35109.648   48.0 
physical_cells         0     0.000    0.0 
------------------------------------------
total               3424 73118.455  100.0 

