============================================================
  Generated by:           Genus(TM) Synthesis Solution GENUS15.22 - 15.20-s024_1
  Generated on:           Apr 11 2022  10:50:26 pm
  Module:                 z80_top_direct_n
  Interconnect mode:      global
  Area mode:              physical library
============================================================

                               
  Gate    Instances    Area                Library            
--------------------------------------------------------------
AN211X0           4     61.488    D_CELLS_MOSST_typ_1_80V_25C 
AN211X1          34    627.178    D_CELLS_MOSST_typ_1_80V_25C 
AN21X1           93   1143.677    D_CELLS_MOSST_typ_1_80V_25C 
AN221X0           2     36.893    D_CELLS_MOSST_typ_1_80V_25C 
AN221X1          12    258.250    D_CELLS_MOSST_typ_1_80V_25C 
AN222X1           3     73.786    D_CELLS_MOSST_typ_1_80V_25C 
AN22X1           23    353.556    D_CELLS_MOSST_typ_1_80V_25C 
AN311X1           1     21.521    D_CELLS_MOSST_typ_1_80V_25C 
AN31X1            6     92.232    D_CELLS_MOSST_typ_1_80V_25C 
AN321X0           1     21.521    D_CELLS_MOSST_typ_1_80V_25C 
AN32X1            3     55.339    D_CELLS_MOSST_typ_1_80V_25C 
AN33X1            3     64.562    D_CELLS_MOSST_typ_1_80V_25C 
AND2X0            1     12.298    D_CELLS_MOSST_typ_1_80V_25C 
AND2X1          233   2865.341    D_CELLS_MOSST_typ_1_80V_25C 
AND2X2           28    516.499    D_CELLS_MOSST_typ_1_80V_25C 
AND2X4           17    470.383    D_CELLS_MOSST_typ_1_80V_25C 
AND3X1           35    538.020    D_CELLS_MOSST_typ_1_80V_25C 
AND3X2           18    387.374    D_CELLS_MOSST_typ_1_80V_25C 
AND3X4            9    304.366    D_CELLS_MOSST_typ_1_80V_25C 
AND4X1            7    172.166    D_CELLS_MOSST_typ_1_80V_25C 
AND4X2            1     30.744    D_CELLS_MOSST_typ_1_80V_25C 
AND5X1            6    166.018    D_CELLS_MOSST_typ_1_80V_25C 
AND5X2            1     33.818    D_CELLS_MOSST_typ_1_80V_25C 
AND6X1           39   1199.016    D_CELLS_MOSST_typ_1_80V_25C 
AND6X2            4    147.571    D_CELLS_MOSST_typ_1_80V_25C 
AO211X1           9    193.687    D_CELLS_MOSST_typ_1_80V_25C 
AO21X0            3     46.116    D_CELLS_MOSST_typ_1_80V_25C 
AO21X1           16    295.142    D_CELLS_MOSST_typ_1_80V_25C 
AO222X1           1     27.670    D_CELLS_MOSST_typ_1_80V_25C 
AO22X0            7    129.125    D_CELLS_MOSST_typ_1_80V_25C 
AO22X1            4     86.083    D_CELLS_MOSST_typ_1_80V_25C 
AO31X1            1     21.521    D_CELLS_MOSST_typ_1_80V_25C 
AO321X1           1     27.670    D_CELLS_MOSST_typ_1_80V_25C 
AO32X1            1     24.595    D_CELLS_MOSST_typ_1_80V_25C 
BTHX1           148   3640.090    D_CELLS_MOSST_typ_1_80V_25C 
BTHX12            3    239.803    D_CELLS_MOSST_typ_1_80V_25C 
BTHX2            16    442.714    D_CELLS_MOSST_typ_1_80V_25C 
BTHX4             1     39.967    D_CELLS_MOSST_typ_1_80V_25C 
BTHX8             5    276.696    D_CELLS_MOSST_typ_1_80V_25C 
BTLX1            90   2213.568    D_CELLS_MOSST_typ_1_80V_25C 
BTLX12            2    159.869    D_CELLS_MOSST_typ_1_80V_25C 
BTLX2             6    166.018    D_CELLS_MOSST_typ_1_80V_25C 
BTLX4             3    119.902    D_CELLS_MOSST_typ_1_80V_25C 
BTLX8             2    110.678    D_CELLS_MOSST_typ_1_80V_25C 
BUX0             73    897.725    D_CELLS_MOSST_typ_1_80V_25C 
BUX1             46    565.690    D_CELLS_MOSST_typ_1_80V_25C 
BUX2             16    245.952    D_CELLS_MOSST_typ_1_80V_25C 
BUX3              3     64.562    D_CELLS_MOSST_typ_1_80V_25C 
BUX4              6    147.571    D_CELLS_MOSST_typ_1_80V_25C 
DFFQX0            1     49.190    D_CELLS_MOSST_typ_1_80V_25C 
DFFQX1           26   1358.885    D_CELLS_MOSST_typ_1_80V_25C 
DFFRQX0          12    700.963    D_CELLS_MOSST_typ_1_80V_25C 
DFFSQX0           1     55.339    D_CELLS_MOSST_typ_1_80V_25C 
DFFX1            17    940.766    D_CELLS_MOSST_typ_1_80V_25C 
DFRQX1          232  12125.434    D_CELLS_MOSST_typ_1_80V_25C 
DFRRQX1          34   2090.592    D_CELLS_MOSST_typ_1_80V_25C 
DFRRQX2           3    193.687    D_CELLS_MOSST_typ_1_80V_25C 
DFRRX1            1     64.562    D_CELLS_MOSST_typ_1_80V_25C 
DFRRX4           15   1383.480    D_CELLS_MOSST_typ_1_80V_25C 
DFRSQX2           1     61.488    D_CELLS_MOSST_typ_1_80V_25C 
DFRSX4            1     86.083    D_CELLS_MOSST_typ_1_80V_25C 
DFRX1             2    110.678    D_CELLS_MOSST_typ_1_80V_25C 
DLHQX1            7    258.250    D_CELLS_MOSST_typ_1_80V_25C 
DLHRX1            1     43.042    D_CELLS_MOSST_typ_1_80V_25C 
DLLQX1           36   1328.141    D_CELLS_MOSST_typ_1_80V_25C 
EN2X0            26    399.672    D_CELLS_MOSST_typ_1_80V_25C 
EN2X1            10    215.208    D_CELLS_MOSST_typ_1_80V_25C 
EN3X0             1     27.670    D_CELLS_MOSST_typ_1_80V_25C 
EN3X1             1     39.967    D_CELLS_MOSST_typ_1_80V_25C 
EO2X0             4     61.488    D_CELLS_MOSST_typ_1_80V_25C 
EO2X1             1     21.521    D_CELLS_MOSST_typ_1_80V_25C 
INX1            440   2705.472    D_CELLS_MOSST_typ_1_80V_25C 
INX12             2    116.827    D_CELLS_MOSST_typ_1_80V_25C 
INX2             62    571.838    D_CELLS_MOSST_typ_1_80V_25C 
INX3              7    107.604    D_CELLS_MOSST_typ_1_80V_25C 
INX4             10    184.464    D_CELLS_MOSST_typ_1_80V_25C 
INX6              3     64.562    D_CELLS_MOSST_typ_1_80V_25C 
INX8              2     61.488    D_CELLS_MOSST_typ_1_80V_25C 
ITHX0            59    725.558    D_CELLS_MOSST_typ_1_80V_25C 
ITHX1            63   1162.123    D_CELLS_MOSST_typ_1_80V_25C 
ITHX12            1     86.083    D_CELLS_MOSST_typ_1_80V_25C 
ITHX2             2     73.786    D_CELLS_MOSST_typ_1_80V_25C 
ITLX0            37    455.011    D_CELLS_MOSST_typ_1_80V_25C 
ITLX1             5     92.232    D_CELLS_MOSST_typ_1_80V_25C 
ITLX8             1     61.488    D_CELLS_MOSST_typ_1_80V_25C 
MU2IX1           20    368.928    D_CELLS_MOSST_typ_1_80V_25C 
MU2IX2            1     36.893    D_CELLS_MOSST_typ_1_80V_25C 
MU2X0             5    107.604    D_CELLS_MOSST_typ_1_80V_25C 
MU2X1            24    590.285    D_CELLS_MOSST_typ_1_80V_25C 
MU2X2             3     73.786    D_CELLS_MOSST_typ_1_80V_25C 
MU4IX2            1     55.339    D_CELLS_MOSST_typ_1_80V_25C 
NA2I1X0           3     36.893    D_CELLS_MOSST_typ_1_80V_25C 
NA2I1X1          29    445.788    D_CELLS_MOSST_typ_1_80V_25C 
NA2I1X2           4     73.786    D_CELLS_MOSST_typ_1_80V_25C 
NA2I1X4           3     92.232    D_CELLS_MOSST_typ_1_80V_25C 
NA2X1           303   2794.630    D_CELLS_MOSST_typ_1_80V_25C 
NA2X2            42    645.624    D_CELLS_MOSST_typ_1_80V_25C 
NA2X4            15    461.160    D_CELLS_MOSST_typ_1_80V_25C 
NA3I1X1          19    350.482    D_CELLS_MOSST_typ_1_80V_25C 
NA3I1X2           1     27.670    D_CELLS_MOSST_typ_1_80V_25C 
NA3I1X4           7    279.770    D_CELLS_MOSST_typ_1_80V_25C 
NA3I2X1           4     86.083    D_CELLS_MOSST_typ_1_80V_25C 
NA3X1            60    737.856    D_CELLS_MOSST_typ_1_80V_25C 
NA3X2             5    122.976    D_CELLS_MOSST_typ_1_80V_25C 
NA3X4             3    138.348    D_CELLS_MOSST_typ_1_80V_25C 
NA4I1X4           1     43.042    D_CELLS_MOSST_typ_1_80V_25C 
NA4I2X1           1     30.744    D_CELLS_MOSST_typ_1_80V_25C 
NA4X1             3     83.009    D_CELLS_MOSST_typ_1_80V_25C 
NA5I1X1           1     33.818    D_CELLS_MOSST_typ_1_80V_25C 
NA5I1X2           1     36.893    D_CELLS_MOSST_typ_1_80V_25C 
NA5I2X1           1     33.818    D_CELLS_MOSST_typ_1_80V_25C 
NA5I3X1           3    101.455    D_CELLS_MOSST_typ_1_80V_25C 
NA6I1X1           7    258.250    D_CELLS_MOSST_typ_1_80V_25C 
NA6I2X2           1     46.116    D_CELLS_MOSST_typ_1_80V_25C 
NA6I3X1          19    700.963    D_CELLS_MOSST_typ_1_80V_25C 
NA6X1             4    135.274    D_CELLS_MOSST_typ_1_80V_25C 
NA6X2             1     39.967    D_CELLS_MOSST_typ_1_80V_25C 
NO2I1X1          62    762.451    D_CELLS_MOSST_typ_1_80V_25C 
NO2I1X2           9    193.687    D_CELLS_MOSST_typ_1_80V_25C 
NO2I1X4           8    245.952    D_CELLS_MOSST_typ_1_80V_25C 
NO2X1           267   2462.594    D_CELLS_MOSST_typ_1_80V_25C 
NO2X2            49    753.228    D_CELLS_MOSST_typ_1_80V_25C 
NO2X4            17    470.383    D_CELLS_MOSST_typ_1_80V_25C 
NO3I1X0           2     30.744    D_CELLS_MOSST_typ_1_80V_25C 
NO3I1X1          21    387.374    D_CELLS_MOSST_typ_1_80V_25C 
NO3I1X2           1     27.670    D_CELLS_MOSST_typ_1_80V_25C 
NO3I2X1           1     21.521    D_CELLS_MOSST_typ_1_80V_25C 
NO3I2X2           1     33.818    D_CELLS_MOSST_typ_1_80V_25C 
NO3X0            10    122.976    D_CELLS_MOSST_typ_1_80V_25C 
NO3X1            68   1045.296    D_CELLS_MOSST_typ_1_80V_25C 
NO3X2            14    344.333    D_CELLS_MOSST_typ_1_80V_25C 
NO3X4             2     79.934    D_CELLS_MOSST_typ_1_80V_25C 
NO4I2X1           2     61.488    D_CELLS_MOSST_typ_1_80V_25C 
NO4I2X2           1     36.893    D_CELLS_MOSST_typ_1_80V_25C 
NO4X2             4    122.976    D_CELLS_MOSST_typ_1_80V_25C 
NO4X4             1     36.893    D_CELLS_MOSST_typ_1_80V_25C 
NO5I2X1           3    101.455    D_CELLS_MOSST_typ_1_80V_25C 
NO5I3X1           1     33.818    D_CELLS_MOSST_typ_1_80V_25C 
NO5I4X1           1     36.893    D_CELLS_MOSST_typ_1_80V_25C 
NO5X2             5    169.092    D_CELLS_MOSST_typ_1_80V_25C 
NO6I2X1           6    258.250    D_CELLS_MOSST_typ_1_80V_25C 
NO6I3X1           1     46.116    D_CELLS_MOSST_typ_1_80V_25C 
NO6I4X1           3    129.125    D_CELLS_MOSST_typ_1_80V_25C 
NO6X0             2     67.637    D_CELLS_MOSST_typ_1_80V_25C 
NO6X1            12    442.714    D_CELLS_MOSST_typ_1_80V_25C 
NO6X2             1     36.893    D_CELLS_MOSST_typ_1_80V_25C 
NO6X4             2     92.232    D_CELLS_MOSST_typ_1_80V_25C 
OA211X0           1     18.446    D_CELLS_MOSST_typ_1_80V_25C 
OA211X1           9    193.687    D_CELLS_MOSST_typ_1_80V_25C 
OA21X0            1     15.372    D_CELLS_MOSST_typ_1_80V_25C 
OA21X1           20    368.928    D_CELLS_MOSST_typ_1_80V_25C 
OA21X2            1     21.521    D_CELLS_MOSST_typ_1_80V_25C 
OA221X1           8    196.762    D_CELLS_MOSST_typ_1_80V_25C 
OA22X1            3     64.562    D_CELLS_MOSST_typ_1_80V_25C 
OA22X2            2     49.190    D_CELLS_MOSST_typ_1_80V_25C 
OA31X1            1     21.521    D_CELLS_MOSST_typ_1_80V_25C 
OA321X1           1     27.670    D_CELLS_MOSST_typ_1_80V_25C 
OA32X0            2     43.042    D_CELLS_MOSST_typ_1_80V_25C 
ON211X0           1     15.372    D_CELLS_MOSST_typ_1_80V_25C 
ON211X1          30    553.392    D_CELLS_MOSST_typ_1_80V_25C 
ON21X0            1     12.298    D_CELLS_MOSST_typ_1_80V_25C 
ON21X1           52    799.344    D_CELLS_MOSST_typ_1_80V_25C 
ON221X0           2     36.893    D_CELLS_MOSST_typ_1_80V_25C 
ON221X1           6    147.571    D_CELLS_MOSST_typ_1_80V_25C 
ON222X1           2     55.339    D_CELLS_MOSST_typ_1_80V_25C 
ON22X1           10    184.464    D_CELLS_MOSST_typ_1_80V_25C 
ON311X1           1     18.446    D_CELLS_MOSST_typ_1_80V_25C 
ON31X0            1     15.372    D_CELLS_MOSST_typ_1_80V_25C 
ON31X1           13    239.803    D_CELLS_MOSST_typ_1_80V_25C 
ON32X0            1     18.446    D_CELLS_MOSST_typ_1_80V_25C 
ON32X1            2     43.042    D_CELLS_MOSST_typ_1_80V_25C 
ON33X0            1     21.521    D_CELLS_MOSST_typ_1_80V_25C 
OR2X1            93   1143.677    D_CELLS_MOSST_typ_1_80V_25C 
OR2X2             7    107.604    D_CELLS_MOSST_typ_1_80V_25C 
OR2X4             4     98.381    D_CELLS_MOSST_typ_1_80V_25C 
OR3X0             1     15.372    D_CELLS_MOSST_typ_1_80V_25C 
OR3X1             8    147.571    D_CELLS_MOSST_typ_1_80V_25C 
OR3X2             2     43.042    D_CELLS_MOSST_typ_1_80V_25C 
OR3X4             1     33.818    D_CELLS_MOSST_typ_1_80V_25C 
OR4X1            10    245.952    D_CELLS_MOSST_typ_1_80V_25C 
OR5X1            13    359.705    D_CELLS_MOSST_typ_1_80V_25C 
OR5X2             1     33.818    D_CELLS_MOSST_typ_1_80V_25C 
OR6X1            13    439.639    D_CELLS_MOSST_typ_1_80V_25C 
OR6X2             1     46.116    D_CELLS_MOSST_typ_1_80V_25C 
SDFFRQX1          1     76.860    D_CELLS_MOSST_typ_1_80V_25C 
SDFFRX4           1    107.604    D_CELLS_MOSST_typ_1_80V_25C 
SDFRQX0           3    193.687    D_CELLS_MOSST_typ_1_80V_25C 
SDFRQX2           2    141.422    D_CELLS_MOSST_typ_1_80V_25C 
SDFRRQX0          3    221.357    D_CELLS_MOSST_typ_1_80V_25C 
SDFRRQX1          1     76.860    D_CELLS_MOSST_typ_1_80V_25C 
SDFRRQX2          3    249.026    D_CELLS_MOSST_typ_1_80V_25C 
SDFRRQX4          3    285.919    D_CELLS_MOSST_typ_1_80V_25C 
SDFRRX4           1    107.604    D_CELLS_MOSST_typ_1_80V_25C 
--------------------------------------------------------------
total          3690  73001.628                                


                                          
     Type      Instances    Area   Area % 
------------------------------------------
sequential           408 22310.921   30.6 
inverter             526  3812.256    5.2 
buffer               144  1921.500    2.6 
tristate             444 10065.586   13.8 
logic               2168 34891.366   47.8 
physical_cells         0     0.000    0.0 
------------------------------------------
total               3690 73001.628  100.0 

