============================================================
  Generated by:           Genus(TM) Synthesis Solution GENUS15.22 - 15.20-s024_1
  Generated on:           Apr 11 2022  10:50:26 pm
  Module:                 z80_top_direct_n
  Interconnect mode:      global
  Area mode:              physical library
============================================================

Timing
--------

Clock  Period 
--------------
CLK   10000.0 


        Cost          Critical            Violating 
       Group         Path Slack    TNS      Paths   
----------------------------------------------------
C2C                     -4114.8   -76596         50 
C2O                    No paths        0            
cg_enable_group_CLK         0.0        0          0 
CLK                      1156.1        0          0 
default                No paths        0            
I2C                      4158.8        0          0 
I2O                    No paths        0            
----------------------------------------------------
Total                             -76596         50 

Instance Count
--------------
Leaf Instance Count             3690 
Sequential Instance Count        408 
Combinational Instance Count    3282 
Hierarchical Instance Count       45 

Area
----
Cell Area                          73001.628
Physical Cell Area                 0.000
Total Cell Area (Cell+Physical)    73001.628
Net Area                           42383.913
Total Area (Cell+Physical+Net)     115385.541

Runtime                            -142.823 seconds
Elapsed Runtime                    212 seconds
Genus peak memory usage            666.61 
Innovus peak memory usage          no_value 
Hostname                           pgmicro04.ufrgs.br
