============================================================
  Generated by:           Genus(TM) Synthesis Solution GENUS15.22 - 15.20-s024_1
  Generated on:           Apr 11 2022  07:02:43 pm
  Module:                 z80_top_direct_n
  Interconnect mode:      global
  Area mode:              physical library
============================================================

Timing
--------

Clock   Period  
----------------
CLK   2000000.0 


        Cost          Critical       Violating 
       Group         Path Slack TNS    Paths   
-----------------------------------------------
C2C                    973079.6   0          0 
C2O                    No paths   0            
cg_enable_group_CLK         0.0   0          0 
CLK                    993936.1   0          0 
default                No paths   0            
I2C                    999009.7   0          0 
I2O                    No paths   0            
-----------------------------------------------
Total                             0          0 

Instance Count
--------------
Leaf Instance Count             3208 
Sequential Instance Count        406 
Combinational Instance Count    2802 
Hierarchical Instance Count       43 

Area
----
Cell Area                          63809.172
Physical Cell Area                 0.000
Total Cell Area (Cell+Physical)    63809.172
Net Area                           38828.013
Total Area (Cell+Physical+Net)     102637.185

Runtime                            -132.010 seconds
Elapsed Runtime                    215 seconds
Genus peak memory usage            672.23 
Innovus peak memory usage          no_value 
Hostname                           pgmicro04.ufrgs.br
