============================================================
  Generated by:           Genus(TM) Synthesis Solution GENUS15.22 - 15.20-s024_1
  Generated on:           Apr 11 2022  11:05:53 pm
  Module:                 z80_top_direct_n
  Interconnect mode:      global
  Area mode:              physical library
============================================================

Timing
--------

Clock  Period 
--------------
CLK   10000.0 


        Cost          Critical            Violating 
       Group         Path Slack    TNS      Paths   
----------------------------------------------------
C2C                     -1535.1   -21230         33 
C2O                    No paths        0            
cg_enable_group_CLK         0.0        0          0 
CLK                      1717.4        0          0 
default                No paths        0            
I2C                      4009.7        0          0 
I2O                    No paths        0            
----------------------------------------------------
Total                             -21230         33 

Instance Count
--------------
Leaf Instance Count             4368 
Sequential Instance Count        406 
Combinational Instance Count    3962 
Hierarchical Instance Count       43 

Area
----
Cell Area                          94799.124
Physical Cell Area                 0.000
Total Cell Area (Cell+Physical)    94799.124
Net Area                           49314.945
Total Area (Cell+Physical+Net)     144114.069

Runtime                            -142.823 seconds
Elapsed Runtime                    1140 seconds
Genus peak memory usage            668.61 
Innovus peak memory usage          no_value 
Hostname                           pgmicro04.ufrgs.br
