============================================================
  Generated by:           Genus(TM) Synthesis Solution GENUS15.22 - 15.20-s024_1
  Generated on:           Apr 11 2022  07:41:04 pm
  Module:                 z80_top_direct_n
  Interconnect mode:      global
  Area mode:              physical library
============================================================

                               
  Gate    Instances    Area                Library            
--------------------------------------------------------------
AN211X0           9    138.348    D_CELLS_MOSST_typ_1_80V_25C 
AN211X1          18    332.035    D_CELLS_MOSST_typ_1_80V_25C 
AN21X1           59    725.558    D_CELLS_MOSST_typ_1_80V_25C 
AN221X0           6    110.678    D_CELLS_MOSST_typ_1_80V_25C 
AN221X1          16    344.333    D_CELLS_MOSST_typ_1_80V_25C 
AN222X1           3     73.786    D_CELLS_MOSST_typ_1_80V_25C 
AN22X1           42    645.624    D_CELLS_MOSST_typ_1_80V_25C 
AN311X1           1     21.521    D_CELLS_MOSST_typ_1_80V_25C 
AN31X1           11    169.092    D_CELLS_MOSST_typ_1_80V_25C 
AN321X1           2     49.190    D_CELLS_MOSST_typ_1_80V_25C 
AN32X1            3     55.339    D_CELLS_MOSST_typ_1_80V_25C 
AN33X1            3     64.562    D_CELLS_MOSST_typ_1_80V_25C 
AND2X1          310   3812.256    D_CELLS_MOSST_typ_1_80V_25C 
AND2X2            3     55.339    D_CELLS_MOSST_typ_1_80V_25C 
AND2X4            1     27.670    D_CELLS_MOSST_typ_1_80V_25C 
AND3X1           54    830.088    D_CELLS_MOSST_typ_1_80V_25C 
AND4X1           13    319.738    D_CELLS_MOSST_typ_1_80V_25C 
AND5X1            5    138.348    D_CELLS_MOSST_typ_1_80V_25C 
AND6X1           43   1321.992    D_CELLS_MOSST_typ_1_80V_25C 
AO211X1           2     43.042    D_CELLS_MOSST_typ_1_80V_25C 
AO21X0            5     76.860    D_CELLS_MOSST_typ_1_80V_25C 
AO21X1           12    221.357    D_CELLS_MOSST_typ_1_80V_25C 
AO221X1           7    172.166    D_CELLS_MOSST_typ_1_80V_25C 
AO222X1           2     55.339    D_CELLS_MOSST_typ_1_80V_25C 
AO22X0           12    221.357    D_CELLS_MOSST_typ_1_80V_25C 
AO22X1            4     86.083    D_CELLS_MOSST_typ_1_80V_25C 
AO311X1           1     21.521    D_CELLS_MOSST_typ_1_80V_25C 
AO31X1            1     21.521    D_CELLS_MOSST_typ_1_80V_25C 
AO321X0           1     24.595    D_CELLS_MOSST_typ_1_80V_25C 
AO321X1           1     27.670    D_CELLS_MOSST_typ_1_80V_25C 
AO33X0            1     24.595    D_CELLS_MOSST_typ_1_80V_25C 
BTHX1           142   3492.518    D_CELLS_MOSST_typ_1_80V_25C 
BTLX1            91   2238.163    D_CELLS_MOSST_typ_1_80V_25C 
BUX0             73    897.725    D_CELLS_MOSST_typ_1_80V_25C 
BUX1             53    651.773    D_CELLS_MOSST_typ_1_80V_25C 
DFFQX1           27   1411.150    D_CELLS_MOSST_typ_1_80V_25C 
DFFRQX0          12    700.963    D_CELLS_MOSST_typ_1_80V_25C 
DFFSQX0           1     55.339    D_CELLS_MOSST_typ_1_80V_25C 
DFFX1            17    940.766    D_CELLS_MOSST_typ_1_80V_25C 
DFRQX1          227  11864.110    D_CELLS_MOSST_typ_1_80V_25C 
DFRRQX1          38   2336.544    D_CELLS_MOSST_typ_1_80V_25C 
DFRRQX2          10    645.624    D_CELLS_MOSST_typ_1_80V_25C 
DFRRX1            1     64.562    D_CELLS_MOSST_typ_1_80V_25C 
DFRSQX0           1     55.339    D_CELLS_MOSST_typ_1_80V_25C 
DFRSQX2           1     61.488    D_CELLS_MOSST_typ_1_80V_25C 
DFRX1             2    110.678    D_CELLS_MOSST_typ_1_80V_25C 
DLHQX1            7    258.250    D_CELLS_MOSST_typ_1_80V_25C 
DLHRX1            1     43.042    D_CELLS_MOSST_typ_1_80V_25C 
DLLQX1           36   1328.141    D_CELLS_MOSST_typ_1_80V_25C 
EN2X0            36    553.392    D_CELLS_MOSST_typ_1_80V_25C 
EN2X1             1     21.521    D_CELLS_MOSST_typ_1_80V_25C 
EN3X0             2     55.339    D_CELLS_MOSST_typ_1_80V_25C 
EO2X0             4     61.488    D_CELLS_MOSST_typ_1_80V_25C 
INX0              1      6.149    D_CELLS_MOSST_typ_1_80V_25C 
INX1            404   2484.115    D_CELLS_MOSST_typ_1_80V_25C 
INX2              3     27.670    D_CELLS_MOSST_typ_1_80V_25C 
INX3              2     30.744    D_CELLS_MOSST_typ_1_80V_25C 
ITHX0           146   1795.450    D_CELLS_MOSST_typ_1_80V_25C 
ITHX1            20    368.928    D_CELLS_MOSST_typ_1_80V_25C 
ITLX0            40    491.904    D_CELLS_MOSST_typ_1_80V_25C 
ITLX1             5     92.232    D_CELLS_MOSST_typ_1_80V_25C 
MU2IX1           17    313.589    D_CELLS_MOSST_typ_1_80V_25C 
MU2X0            28    602.582    D_CELLS_MOSST_typ_1_80V_25C 
MU4X1             3    138.348    D_CELLS_MOSST_typ_1_80V_25C 
NA2I1X0           5     61.488    D_CELLS_MOSST_typ_1_80V_25C 
NA2I1X1          25    384.300    D_CELLS_MOSST_typ_1_80V_25C 
NA2X1           212   1955.318    D_CELLS_MOSST_typ_1_80V_25C 
NA3I1X0           1     15.372    D_CELLS_MOSST_typ_1_80V_25C 
NA3I1X1          17    313.589    D_CELLS_MOSST_typ_1_80V_25C 
NA3I2X1           3     64.562    D_CELLS_MOSST_typ_1_80V_25C 
NA3X1            51    627.178    D_CELLS_MOSST_typ_1_80V_25C 
NA4I2X1           2     61.488    D_CELLS_MOSST_typ_1_80V_25C 
NA5I1X1           1     33.818    D_CELLS_MOSST_typ_1_80V_25C 
NA5I2X1           3    101.455    D_CELLS_MOSST_typ_1_80V_25C 
NA5I3X1           4    135.274    D_CELLS_MOSST_typ_1_80V_25C 
NA5X1             2     61.488    D_CELLS_MOSST_typ_1_80V_25C 
NA6I1X1          12    442.714    D_CELLS_MOSST_typ_1_80V_25C 
NA6I3X1          19    700.963    D_CELLS_MOSST_typ_1_80V_25C 
NA6I4X1           7    279.770    D_CELLS_MOSST_typ_1_80V_25C 
NA6X1             4    135.274    D_CELLS_MOSST_typ_1_80V_25C 
NO2I1X1         105   1291.248    D_CELLS_MOSST_typ_1_80V_25C 
NO2X1           250   2305.800    D_CELLS_MOSST_typ_1_80V_25C 
NO3I1X0           4     61.488    D_CELLS_MOSST_typ_1_80V_25C 
NO3I1X1          17    313.589    D_CELLS_MOSST_typ_1_80V_25C 
NO3I2X1           5    107.604    D_CELLS_MOSST_typ_1_80V_25C 
NO3X0            44    541.094    D_CELLS_MOSST_typ_1_80V_25C 
NO3X1            42    645.624    D_CELLS_MOSST_typ_1_80V_25C 
NO4X2             2     61.488    D_CELLS_MOSST_typ_1_80V_25C 
NO5I2X1           3    101.455    D_CELLS_MOSST_typ_1_80V_25C 
NO5I3X1           8    270.547    D_CELLS_MOSST_typ_1_80V_25C 
NO5I4X1           1     36.893    D_CELLS_MOSST_typ_1_80V_25C 
NO5X2             1     33.818    D_CELLS_MOSST_typ_1_80V_25C 
NO6I1X1           2     86.083    D_CELLS_MOSST_typ_1_80V_25C 
NO6I2X1           2     86.083    D_CELLS_MOSST_typ_1_80V_25C 
NO6I3X1           1     46.116    D_CELLS_MOSST_typ_1_80V_25C 
NO6I4X1           1     43.042    D_CELLS_MOSST_typ_1_80V_25C 
NO6X0             3    101.455    D_CELLS_MOSST_typ_1_80V_25C 
NO6X1            14    516.499    D_CELLS_MOSST_typ_1_80V_25C 
OA211X1          17    365.854    D_CELLS_MOSST_typ_1_80V_25C 
OA21X0            1     15.372    D_CELLS_MOSST_typ_1_80V_25C 
OA21X1           19    350.482    D_CELLS_MOSST_typ_1_80V_25C 
OA221X1           5    122.976    D_CELLS_MOSST_typ_1_80V_25C 
OA222X1           2     55.339    D_CELLS_MOSST_typ_1_80V_25C 
OA22X1            2     43.042    D_CELLS_MOSST_typ_1_80V_25C 
OA31X1            1     21.521    D_CELLS_MOSST_typ_1_80V_25C 
OA32X0            4     86.083    D_CELLS_MOSST_typ_1_80V_25C 
ON211X0           2     30.744    D_CELLS_MOSST_typ_1_80V_25C 
ON211X1          17    313.589    D_CELLS_MOSST_typ_1_80V_25C 
ON21X1           66   1014.552    D_CELLS_MOSST_typ_1_80V_25C 
ON221X1          16    393.523    D_CELLS_MOSST_typ_1_80V_25C 
ON222X1           3     83.009    D_CELLS_MOSST_typ_1_80V_25C 
ON22X0            3     46.116    D_CELLS_MOSST_typ_1_80V_25C 
ON22X1           15    276.696    D_CELLS_MOSST_typ_1_80V_25C 
ON311X1           1     18.446    D_CELLS_MOSST_typ_1_80V_25C 
ON31X0            2     30.744    D_CELLS_MOSST_typ_1_80V_25C 
ON31X1           12    221.357    D_CELLS_MOSST_typ_1_80V_25C 
ON321X0           1     21.521    D_CELLS_MOSST_typ_1_80V_25C 
OR2X1           113   1389.629    D_CELLS_MOSST_typ_1_80V_25C 
OR3X0             2     30.744    D_CELLS_MOSST_typ_1_80V_25C 
OR3X1            11    202.910    D_CELLS_MOSST_typ_1_80V_25C 
OR4X1            11    270.547    D_CELLS_MOSST_typ_1_80V_25C 
OR5X1            38   1051.445    D_CELLS_MOSST_typ_1_80V_25C 
OR6X1            20    676.368    D_CELLS_MOSST_typ_1_80V_25C 
SDFFRQX1          1     76.860    D_CELLS_MOSST_typ_1_80V_25C 
SDFFRX4           1    107.604    D_CELLS_MOSST_typ_1_80V_25C 
SDFRQX0           1     64.562    D_CELLS_MOSST_typ_1_80V_25C 
SDFRQX1           8    565.690    D_CELLS_MOSST_typ_1_80V_25C 
SDFRQX2           3    212.134    D_CELLS_MOSST_typ_1_80V_25C 
SDFRRQX0          3    221.357    D_CELLS_MOSST_typ_1_80V_25C 
SDFRRQX1          7    538.020    D_CELLS_MOSST_typ_1_80V_25C 
SDFRRQX2          3    249.026    D_CELLS_MOSST_typ_1_80V_25C 
--------------------------------------------------------------
total          3387  65623.068                                


                                          
     Type      Instances    Area   Area % 
------------------------------------------
sequential           408 21911.249   33.4 
inverter             410  2548.678    3.9 
buffer               126  1549.498    2.4 
tristate             444  8479.195   12.9 
logic               1999 31134.449   47.4 
physical_cells         0     0.000    0.0 
------------------------------------------
total               3387 65623.068  100.0 

