============================================================
  Generated by:           Genus(TM) Synthesis Solution GENUS15.22 - 15.20-s024_1
  Generated on:           Apr 11 2022  10:31:55 pm
  Module:                 z80_top_direct_n
  Interconnect mode:      global
  Area mode:              physical library
============================================================

                                 Leakage    Internal   
  Gate    Instances    Area    Power (nW)  Power (nW)              Library            
--------------------------------------------------------------------------------------
AN211X0           4     61.488      0.103     1008.580    D_CELLS_MOSST_typ_1_80V_25C 
AN211X1          32    590.285      0.714       79.567    D_CELLS_MOSST_typ_1_80V_25C 
AN21X1           89   1094.486      2.118     1847.655    D_CELLS_MOSST_typ_1_80V_25C 
AN221X0           2     36.893      0.068      423.076    D_CELLS_MOSST_typ_1_80V_25C 
AN221X1          15    322.812      0.431      348.600    D_CELLS_MOSST_typ_1_80V_25C 
AN222X1           2     49.190      0.075        0.000    D_CELLS_MOSST_typ_1_80V_25C 
AN22X0            1     15.372      0.039        0.000    D_CELLS_MOSST_typ_1_80V_25C 
AN22X1           24    368.928      0.734      322.574    D_CELLS_MOSST_typ_1_80V_25C 
AN31X1            6     92.232      0.148      420.978    D_CELLS_MOSST_typ_1_80V_25C 
AN321X1           1     24.595      0.030        1.042    D_CELLS_MOSST_typ_1_80V_25C 
AN32X1            1     18.446      0.031       85.080    D_CELLS_MOSST_typ_1_80V_25C 
AN33X1            3     64.562      0.090      888.360    D_CELLS_MOSST_typ_1_80V_25C 
AND2X1          255   3135.888      7.239    12033.543    D_CELLS_MOSST_typ_1_80V_25C 
AND2X2            7    129.125      0.307     1058.162    D_CELLS_MOSST_typ_1_80V_25C 
AND2X4            8    221.357      0.709     2131.224    D_CELLS_MOSST_typ_1_80V_25C 
AND3X1           47    722.484      1.104     1347.091    D_CELLS_MOSST_typ_1_80V_25C 
AND3X2            7    150.646      0.261        3.125    D_CELLS_MOSST_typ_1_80V_25C 
AND3X4            1     33.818      0.078        3.125    D_CELLS_MOSST_typ_1_80V_25C 
AND4X1            5    122.976      0.213     1721.722    D_CELLS_MOSST_typ_1_80V_25C 
AND5X1           10    276.696      0.372        0.000    D_CELLS_MOSST_typ_1_80V_25C 
AND5X2            1     33.818      0.050     1755.065    D_CELLS_MOSST_typ_1_80V_25C 
AND6X1           41   1260.504      1.339     2763.853    D_CELLS_MOSST_typ_1_80V_25C 
AO211X1           4     86.083      0.158        0.000    D_CELLS_MOSST_typ_1_80V_25C 
AO21X0            3     46.116      0.192      475.091    D_CELLS_MOSST_typ_1_80V_25C 
AO21X1           13    239.803      0.528      757.114    D_CELLS_MOSST_typ_1_80V_25C 
AO221X1           3     73.786      0.130        0.307    D_CELLS_MOSST_typ_1_80V_25C 
AO222X1           2     55.339      0.095        0.521    D_CELLS_MOSST_typ_1_80V_25C 
AO22X0           10    184.464      0.633      527.330    D_CELLS_MOSST_typ_1_80V_25C 
AO22X1            7    150.646      0.291        0.000    D_CELLS_MOSST_typ_1_80V_25C 
AO311X1           1     21.521      0.038        0.000    D_CELLS_MOSST_typ_1_80V_25C 
AO31X1            6    129.125      0.224        3.592    D_CELLS_MOSST_typ_1_80V_25C 
AO321X1           1     27.670      0.041     3201.737    D_CELLS_MOSST_typ_1_80V_25C 
AO32X1            1     24.595      0.038        0.000    D_CELLS_MOSST_typ_1_80V_25C 
AO33X1            1     27.670      0.035     5115.612    D_CELLS_MOSST_typ_1_80V_25C 
BTHX1           152   3738.470     11.310    19752.768    D_CELLS_MOSST_typ_1_80V_25C 
BTHX2             1     27.670      0.093     1708.699    D_CELLS_MOSST_typ_1_80V_25C 
BTHX3             1     36.893      0.115     3692.501    D_CELLS_MOSST_typ_1_80V_25C 
BTHX4             1     39.967      0.130     3765.781    D_CELLS_MOSST_typ_1_80V_25C 
BTHX8             4    221.357      0.890    28929.993    D_CELLS_MOSST_typ_1_80V_25C 
BTLX1            93   2287.354      6.920    17832.763    D_CELLS_MOSST_typ_1_80V_25C 
BTLX12            1     79.934      0.333     9488.056    D_CELLS_MOSST_typ_1_80V_25C 
BTLX2             2     55.339      0.186        0.000    D_CELLS_MOSST_typ_1_80V_25C 
BTLX4             2     79.934      0.261     7489.001    D_CELLS_MOSST_typ_1_80V_25C 
BTLX8             2    110.678      0.445    15005.326    D_CELLS_MOSST_typ_1_80V_25C 
BUX0             73    897.725      3.796    41103.269    D_CELLS_MOSST_typ_1_80V_25C 
BUX1              2     24.595      0.078      612.790    D_CELLS_MOSST_typ_1_80V_25C 
BUX2              1     15.372      0.064      616.885    D_CELLS_MOSST_typ_1_80V_25C 
DFFQX0            1     49.190      0.185        0.000    D_CELLS_MOSST_typ_1_80V_25C 
DFFQX1           26   1358.885      3.954    16114.365    D_CELLS_MOSST_typ_1_80V_25C 
DFFRQX1          12    737.856      1.320    41852.326    D_CELLS_MOSST_typ_1_80V_25C 
DFFSQX1           1     61.488      0.141     3521.650    D_CELLS_MOSST_typ_1_80V_25C 
DFFX1            17    940.766      2.650    56044.949    D_CELLS_MOSST_typ_1_80V_25C 
DFRQX1          227  11864.110     33.783   217391.806    D_CELLS_MOSST_typ_1_80V_25C 
DFRRQX1          34   2090.592      3.183    63579.472    D_CELLS_MOSST_typ_1_80V_25C 
DFRRQX2           3    193.687      0.336     4481.324    D_CELLS_MOSST_typ_1_80V_25C 
DFRRQX4           9    747.079      1.360    22606.333    D_CELLS_MOSST_typ_1_80V_25C 
DFRRX1            1     64.562      0.094     2478.373    D_CELLS_MOSST_typ_1_80V_25C 
DFRRX4            2    184.464      0.312     5742.047    D_CELLS_MOSST_typ_1_80V_25C 
DFRSQX2           1     61.488      0.151     4123.219    D_CELLS_MOSST_typ_1_80V_25C 
DFRSX4            1     86.083      0.194     2634.481    D_CELLS_MOSST_typ_1_80V_25C 
DFRX1             2    110.678      0.298      839.162    D_CELLS_MOSST_typ_1_80V_25C 
DLHQX1            6    221.357      0.568    18768.456    D_CELLS_MOSST_typ_1_80V_25C 
DLHRX1            1     43.042      0.087     3676.149    D_CELLS_MOSST_typ_1_80V_25C 
DLLQX1           35   1291.248      3.315   100035.617    D_CELLS_MOSST_typ_1_80V_25C 
EN2X0            23    353.556      1.091     2881.797    D_CELLS_MOSST_typ_1_80V_25C 
EN2X1            15    322.812      0.681     5450.128    D_CELLS_MOSST_typ_1_80V_25C 
EN3X0             1     27.670      0.121     1866.492    D_CELLS_MOSST_typ_1_80V_25C 
EN3X1             1     39.967      0.090     5477.793    D_CELLS_MOSST_typ_1_80V_25C 
EO2X1             4     86.083      0.203     1155.485    D_CELLS_MOSST_typ_1_80V_25C 
EO2X4             1     36.893      0.130     3642.009    D_CELLS_MOSST_typ_1_80V_25C 
HAX1              1     30.744      0.056     1573.607    D_CELLS_MOSST_typ_1_80V_25C 
HAX2              1     36.893      0.063        0.000    D_CELLS_MOSST_typ_1_80V_25C 
INX1            340   2090.592      6.821    48796.301    D_CELLS_MOSST_typ_1_80V_25C 
INX2             20    184.464      0.807    11927.628    D_CELLS_MOSST_typ_1_80V_25C 
INX20             1     95.306      0.628        0.000    D_CELLS_MOSST_typ_1_80V_25C 
INX3              3     46.116      0.184      757.772    D_CELLS_MOSST_typ_1_80V_25C 
INX4              4     73.786      0.338     4186.186    D_CELLS_MOSST_typ_1_80V_25C 
INX6              1     21.521      0.115      969.458    D_CELLS_MOSST_typ_1_80V_25C 
INX8              1     30.744      0.165        0.000    D_CELLS_MOSST_typ_1_80V_25C 
ITHX0            93   1143.677      3.426    22851.217    D_CELLS_MOSST_typ_1_80V_25C 
ITHX1            45    830.088      1.665    45100.912    D_CELLS_MOSST_typ_1_80V_25C 
ITHX2             1     36.893      0.113     2065.634    D_CELLS_MOSST_typ_1_80V_25C 
ITLX0            37    455.011      1.363     7294.449    D_CELLS_MOSST_typ_1_80V_25C 
ITLX1             8    147.571      0.299     4720.267    D_CELLS_MOSST_typ_1_80V_25C 
ITLX8             1     61.488      0.261     7173.154    D_CELLS_MOSST_typ_1_80V_25C 
MU2IX1           17    313.589      0.789     7133.809    D_CELLS_MOSST_typ_1_80V_25C 
MU2IX2            1     36.893      0.100     1834.228    D_CELLS_MOSST_typ_1_80V_25C 
MU2X0             3     64.562      0.262     1559.775    D_CELLS_MOSST_typ_1_80V_25C 
MU2X1            28    688.666      1.729    17944.825    D_CELLS_MOSST_typ_1_80V_25C 
MU4X1             1     46.116      0.118      318.373    D_CELLS_MOSST_typ_1_80V_25C 
NA2I1X1          24    368.928      0.939     1235.085    D_CELLS_MOSST_typ_1_80V_25C 
NA2I1X2           3     55.339      0.164     1183.669    D_CELLS_MOSST_typ_1_80V_25C 
NA2I1X4           3     92.232      0.320     2255.299    D_CELLS_MOSST_typ_1_80V_25C 
NA2X1           261   2407.255      4.948     7458.697    D_CELLS_MOSST_typ_1_80V_25C 
NA2X2            21    322.812      0.796     2735.202    D_CELLS_MOSST_typ_1_80V_25C 
NA2X4             7    215.208      0.531        5.063    D_CELLS_MOSST_typ_1_80V_25C 
NA3I1X0           1     15.372      0.047        0.000    D_CELLS_MOSST_typ_1_80V_25C 
NA3I1X1          21    387.374      0.780        0.000    D_CELLS_MOSST_typ_1_80V_25C 
NA3I1X2           4    110.678      0.204      283.384    D_CELLS_MOSST_typ_1_80V_25C 
NA3I1X4           3    119.902      0.303     3787.903    D_CELLS_MOSST_typ_1_80V_25C 
NA3I2X1           2     43.042      0.114      985.217    D_CELLS_MOSST_typ_1_80V_25C 
NA3I2X2           1     30.744      0.068      565.284    D_CELLS_MOSST_typ_1_80V_25C 
NA3X1            39    479.606      0.656      877.357    D_CELLS_MOSST_typ_1_80V_25C 
NA3X2             4     98.381      0.135      197.990    D_CELLS_MOSST_typ_1_80V_25C 
NA3X4             1     46.116      0.068     2533.399    D_CELLS_MOSST_typ_1_80V_25C 
NA4I2X1           1     30.744      0.098        0.000    D_CELLS_MOSST_typ_1_80V_25C 
NA4X1             2     55.339      0.131        0.000    D_CELLS_MOSST_typ_1_80V_25C 
NA5I1X1           3    101.455      0.240        0.000    D_CELLS_MOSST_typ_1_80V_25C 
NA5I2X1           3    101.455      0.279        0.000    D_CELLS_MOSST_typ_1_80V_25C 
NA5I3X1           2     67.637      0.192        0.000    D_CELLS_MOSST_typ_1_80V_25C 
NA5X1             4    122.976      0.241        0.000    D_CELLS_MOSST_typ_1_80V_25C 
NA6I1X1           7    258.250      0.532     1163.361    D_CELLS_MOSST_typ_1_80V_25C 
NA6I3X1           7    258.250      0.641     3828.136    D_CELLS_MOSST_typ_1_80V_25C 
NA6I4X1           1     39.967      0.112        0.000    D_CELLS_MOSST_typ_1_80V_25C 
NA6X0             1     33.818      0.097        0.000    D_CELLS_MOSST_typ_1_80V_25C 
NA6X1            14    473.458      0.782     1604.259    D_CELLS_MOSST_typ_1_80V_25C 
NO2I1X1          76    934.618      3.021    22652.902    D_CELLS_MOSST_typ_1_80V_25C 
NO2I1X2           9    193.687      0.505     1797.174    D_CELLS_MOSST_typ_1_80V_25C 
NO2I1X4           3     92.232      0.295     1171.766    D_CELLS_MOSST_typ_1_80V_25C 
NO2X1           239   2204.345      4.679    10749.908    D_CELLS_MOSST_typ_1_80V_25C 
NO2X2            21    322.812      0.822     3342.302    D_CELLS_MOSST_typ_1_80V_25C 
NO2X4             6    166.018      0.432     1314.704    D_CELLS_MOSST_typ_1_80V_25C 
NO3I1X0           1     15.372      0.045       -0.070    D_CELLS_MOSST_typ_1_80V_25C 
NO3I1X1          33    608.731      1.209     2722.318    D_CELLS_MOSST_typ_1_80V_25C 
NO3I1X2           1     27.670      0.050        0.000    D_CELLS_MOSST_typ_1_80V_25C 
NO3I1X4           1     46.116      0.091        0.000    D_CELLS_MOSST_typ_1_80V_25C 
NO3I2X1           8    172.166      0.454     1407.997    D_CELLS_MOSST_typ_1_80V_25C 
NO3X0             4     49.190      0.079      389.664    D_CELLS_MOSST_typ_1_80V_25C 
NO3X1            60    922.320      0.984     2851.074    D_CELLS_MOSST_typ_1_80V_25C 
NO3X2             8    196.762      0.262     4289.480    D_CELLS_MOSST_typ_1_80V_25C 
NO3X4             4    159.869      0.250     1779.633    D_CELLS_MOSST_typ_1_80V_25C 
NO4I2X1           3     92.232      0.219      379.746    D_CELLS_MOSST_typ_1_80V_25C 
NO4I2X2           2     73.786      0.165      163.715    D_CELLS_MOSST_typ_1_80V_25C 
NO4X2             5    153.720      0.320     3207.412    D_CELLS_MOSST_typ_1_80V_25C 
NO4X4             1     36.893      0.099      277.931    D_CELLS_MOSST_typ_1_80V_25C 
NO5I2X1           4    135.274      0.266        0.000    D_CELLS_MOSST_typ_1_80V_25C 
NO5I3X1           5    169.092      0.321        0.000    D_CELLS_MOSST_typ_1_80V_25C 
NO5I3X2           1     36.893      0.073        0.000    D_CELLS_MOSST_typ_1_80V_25C 
NO5I4X1           1     36.893      0.084      808.544    D_CELLS_MOSST_typ_1_80V_25C 
NO5X2             4    135.274      0.235     3106.005    D_CELLS_MOSST_typ_1_80V_25C 
NO6I2X1           5    215.208      0.435        0.000    D_CELLS_MOSST_typ_1_80V_25C 
NO6X0             1     33.818      0.061     1317.985    D_CELLS_MOSST_typ_1_80V_25C 
NO6X1            18    664.070      0.954      655.920    D_CELLS_MOSST_typ_1_80V_25C 
NO6X2             1     36.893      0.054      246.131    D_CELLS_MOSST_typ_1_80V_25C 
OA211X1          16    344.333      0.450     1709.918    D_CELLS_MOSST_typ_1_80V_25C 
OA21X1           32    590.285      1.125      894.969    D_CELLS_MOSST_typ_1_80V_25C 
OA21X2            1     21.521      0.050      209.971    D_CELLS_MOSST_typ_1_80V_25C 
OA221X1           2     49.190      0.070        0.087    D_CELLS_MOSST_typ_1_80V_25C 
OA222X1           1     27.670      0.042        0.000    D_CELLS_MOSST_typ_1_80V_25C 
OA22X1            1     21.521      0.041        0.000    D_CELLS_MOSST_typ_1_80V_25C 
OA22X2            1     24.595      0.060        0.000    D_CELLS_MOSST_typ_1_80V_25C 
OA31X1            3     64.562      0.109        0.000    D_CELLS_MOSST_typ_1_80V_25C 
OA32X0            2     43.042      0.137      592.848    D_CELLS_MOSST_typ_1_80V_25C 
OA32X1            1     24.595      0.043        0.003    D_CELLS_MOSST_typ_1_80V_25C 
OA32X2            1     27.670      0.062        0.260    D_CELLS_MOSST_typ_1_80V_25C 
ON211X0           1     15.372      0.026      587.048    D_CELLS_MOSST_typ_1_80V_25C 
ON211X1          20    368.928      0.413      920.248    D_CELLS_MOSST_typ_1_80V_25C 
ON21X0            1     12.298      0.031        0.000    D_CELLS_MOSST_typ_1_80V_25C 
ON21X1           68   1045.296      1.646      606.817    D_CELLS_MOSST_typ_1_80V_25C 
ON221X0           2     36.893      0.066      229.818    D_CELLS_MOSST_typ_1_80V_25C 
ON221X1           5    122.976      0.136     1127.136    D_CELLS_MOSST_typ_1_80V_25C 
ON22X1           11    202.910      0.336        2.855    D_CELLS_MOSST_typ_1_80V_25C 
ON311X1           1     18.446      0.022     1016.242    D_CELLS_MOSST_typ_1_80V_25C 
ON31X1           10    184.464      0.255        4.974    D_CELLS_MOSST_typ_1_80V_25C 
OR2X1            81    996.106      3.443    16464.828    D_CELLS_MOSST_typ_1_80V_25C 
OR2X2             3     46.116      0.187       -0.003    D_CELLS_MOSST_typ_1_80V_25C 
OR2X4             1     24.595      0.107     1380.029    D_CELLS_MOSST_typ_1_80V_25C 
OR3X1            10    184.464      0.400        0.000    D_CELLS_MOSST_typ_1_80V_25C 
OR3X2             5    107.604      0.320        3.342    D_CELLS_MOSST_typ_1_80V_25C 
OR4X1            12    295.142      0.684     3914.314    D_CELLS_MOSST_typ_1_80V_25C 
OR4X2             1     30.744      0.069     2228.653    D_CELLS_MOSST_typ_1_80V_25C 
OR5X1            13    359.705      0.658     1864.541    D_CELLS_MOSST_typ_1_80V_25C 
OR5X2             1     33.818      0.062        0.000    D_CELLS_MOSST_typ_1_80V_25C 
OR6X1            20    676.368      1.450      169.861    D_CELLS_MOSST_typ_1_80V_25C 
SDFFRQX1          1     76.860      0.131     5251.868    D_CELLS_MOSST_typ_1_80V_25C 
SDFFRX4           1    107.604      0.169     7536.326    D_CELLS_MOSST_typ_1_80V_25C 
SDFRQX1          12    848.534      2.201    63358.981    D_CELLS_MOSST_typ_1_80V_25C 
SDFRRQX0          1     73.786      0.158     3209.294    D_CELLS_MOSST_typ_1_80V_25C 
SDFRRQX1          9    691.740      1.195    35863.672    D_CELLS_MOSST_typ_1_80V_25C 
SDFRRQX4          3    285.919      0.517    17702.929    D_CELLS_MOSST_typ_1_80V_25C 
--------------------------------------------------------------------------------------
total          3299  67270.946    163.578  1221075.960                                


                                            Leakage  Leakage   Internal  Internal 
     Type      Instances    Area   Area % Power (nW) Power %  Power (nW)  Power % 
----------------------------------------------------------------------------------
sequential           406 22191.019   33.0     56.301    34.4  696812.798     57.1 
inverter             370  2542.529    3.8      9.060     5.5   66637.346      5.5 
buffer                76   937.692    1.4      3.939     2.4   42332.944      3.5 
tristate             444  9352.325   13.9     27.809    17.0  196870.520     16.1 
logic               2003 32247.382   47.9     66.469    40.6  218422.353     17.9 
physical_cells         0     0.000    0.0      0.000     0.0       0.000      0.0 
----------------------------------------------------------------------------------
total               3299 67270.946  100.0    163.578   100.0 1221075.960    100.0 

