============================================================
  Generated by:           Genus(TM) Synthesis Solution GENUS15.22 - 15.20-s024_1
  Generated on:           Apr 11 2022  10:31:17 pm
  Module:                 z80_top_direct_n
  Interconnect mode:      global
  Area mode:              physical library
============================================================


Path 1: VIOLATED (-686 ps) Setup Check with Pin data_pins__dout_reg[2]/CN->D
          Group: C2C
     Startpoint: (R) ir__opcode_reg[2]/C
          Clock: (R) CLK
       Endpoint: (R) data_pins__dout_reg[2]/D
          Clock: (F) CLK

                     Capture       Launch     
        Clock Edge:+   10000            0     
       Src Latency:+       0            0     
       Net Latency:+       0 (I)        0 (I) 
           Arrival:=   10000            0     
                                              
             Setup:-     -42                  
     Required Time:=   10042                  
      Launch Clock:-       0                  
         Data Path:-   10728                  
             Slack:=    -686                  

#------------------------------------------------------------------------------------------------
#          Timing Point           Flags   Arc   Edge   Cell     Fanout  Load Trans Delay Arrival 
#                                                                       (fF)  (ps)  (ps)   (ps)  
#------------------------------------------------------------------------------------------------
  ir__opcode_reg[2]/C             -       -     R     (arrival)      8     -     0     -       0 
  ir__opcode_reg[2]/Q             -       C->Q  F     DFRRX4         4  34.7   102   277     277 
  g5256/Q                         -       A->Q  F     BUX2           2  25.9    73   122     399 
  g5254/Q                         -       A->Q  F     BUX2           2  22.0    65   110     509 
  g5220/Q                         -       AN->Q F     NA2I1X2        1   9.8    63   120     629 
  g5164/Q                         -       A->Q  F     OR2X2          8  68.6   166   208     837 
  g5139/Q                         -       A->Q  R     NO2X2          3  31.3   218   153     990 
  g5128/Q                         -       A->Q  F     INX2           2  16.6    74    56    1046 
  g5068/Q                         -       A->Q  R     NO3X1          2  18.6   353   191    1237 
  execute__g34708/Q               -       A->Q  R     AND2X2        13  88.8   374   306    1543 
  execute__g109148/Q              -       A->Q  F     INX1           3  23.3   168   134    1677 
  execute__g109014/Q              -       B->Q  R     NA2X1          4  32.8   315   220    1897 
  execute__g108963/Q              -       A->Q  F     INX1           3  24.3   159   128    2024 
  execute__g108498/Q              -       A->Q  F     OA21X1         2  14.6   112   261    2285 
  execute__g108227/Q              -       B->Q  F     AND5X1         1  10.6    98   183    2469 
  execute__g108138/Q              -       B->Q  R     NA3X1          2  18.5   250   159    2628 
  execute__g108078/Q              -       A->Q  F     ON21X1         1   8.6   103    85    2713 
  execute__g108019/Q              -       A->Q  F     AND6X1         1  10.6    98   182    2895 
  execute__g107993/Q              -       B->Q  R     NA2X1          4  35.7   333   212    3107 
  g5008/Q                         -       A->Q  F     NA2X1          2  18.6   172   126    3233 
  g5005/Q                         -       A->Q  R     NO2X1          2  18.7   256   176    3409 
  g4990/Q                         -       A->Q  F     NA2X1          4  27.2   198   145    3554 
  g4973/Q                         -       A->Q  R     NO2X1          8  62.8   702   424    3978 
  reg_file__b2v_latch_af2_lo_g2/Q -       E->Q  R     BTHX1         13 129.7   715   508    4487 
  g4940/Q                         -       A->Q  F     INX1           2  14.2   186   118    4605 
  reg_file__g149/Q                -       A->Q  R     ITHX0          3  38.1  1328   785    5390 
  g4938/Q                         -       A->Q  F     INX1           2  21.2   307   174    5564 
  sw2__g10/Q                      -       A->Q  R     ITHX1          5  37.3   500   217    5781 
  alu_/g713/Q                     -       A->Q  F     NA2X1          1  12.3   176   109    5890 
  alu_/g710/Q                     -       A->Q  R     NA2X2          1  14.9   108    97    5986 
  alu_/g74/Q                      -       A->Q  R     BTLX4          6  60.6   500   176    6162 
  alu_/g709/Q                     -       A->Q  F     INX2           1  15.6   114    67    6230 
  alu_/g15/Q                      -       A->Q  R     ITLX8          5  42.3   500   208    6438 
  sw2__g3/Q                       -       A->Q  R     BTLX4          4  49.9   500   195    6633 
  sw1__g11/Q                      -       A->Q  R     BTLX8         10  92.9   500   180    6813 
  alu_/g705/Q                     -       B->Q  F     NO2I1X4        1  21.7   118    55    6868 
  alu_/g1/Q                       -       A->Q  F     BTHX8          6  67.5   500   160    7028 
  alu_/g9/Q                       -       A->Q  F     BTHX8          5  51.4   500   223    7250 
  alu_/g703/Q                     -       B->Q  R     NA2I1X4        1  12.4   174   211    7461 
  alu_/g702/Q                     -       A->Q  F     INX1           1  12.7    88    73    7534 
  alu_/g696/Q                     -       A->Q  R     NO3X2          1  15.9   202   110    7644 
  alu_/g75/Q                      -       A->Q  F     ITLX1          5  59.3   500   156    7801 
  alu_/g16/Q                      -       A->Q  F     BTHX8          5  48.5   500   299    8100 
  sw2__g4/Q                       -       A->Q  F     BTLX8          4  58.3   500   279    8379 
  sw1__g12/Q                      -       A->Q  F     BTLX12        11  85.2   500   290    8669 
  alu_/g689/Q                     -       A->Q  R     NO3X4          1  21.7   206   184    8853 
  alu_/g3/Q                       -       A->Q  R     BTHX8          5  53.6   500   148    9000 
  alu_/g11/Q                      -       A->Q  R     BTHX3          5  42.9   500   190    9190 
  alu_/g672/Q                     -       B->Q  F     NA2I1X2        1  10.0   114    53    9243 
  alu_/g661/Q                     -       A->Q  R     NA3X1          1  11.0   183   117    9360 
  alu_/g69/Q                      -       A->Q  R     BTHX2          5  52.6   500   220    9580 
  alu_/g10/Q                      -       A->Q  R     BTHX4          5  39.2   500   174    9754 
  g4861/Q                         -       A->Q  F     INX1           1  15.9   283   146    9900 
  sw2__g6/Q                       -       A->Q  R     ITHX1          4  40.6   500   222   10122 
  g4838/Q                         -       A->Q  F     INX1           1  15.9   289   146   10269 
  sw1__g14/Q                      -       A->Q  R     ITHX1          3  30.3   500   194   10463 
  g4768/Q                         -       A->Q  F     INX1           1  11.2   214   108   10570 
  g4725/Q                         -       A->Q  R     ON21X1         1   8.9   200   158   10728 
  data_pins__dout_reg[2]/D        -       -     R     DFFQX0         1     -     -     0   10728 
#------------------------------------------------------------------------------------------------

