============================================================
  Generated by:           Genus(TM) Synthesis Solution GENUS15.22 - 15.20-s024_1
  Generated on:           Apr 11 2022  10:31:42 pm
  Module:                 z80_top_direct_n
  Interconnect mode:      global
  Area mode:              physical library
============================================================


Path 1: MET (0 ps) Setup Check with Pin data_pins__dout_reg[2]/CN->D
          Group: C2C
     Startpoint: (R) decode_state__DFFE_instED_reg/C
          Clock: (R) CLK
       Endpoint: (R) data_pins__dout_reg[2]/D
          Clock: (F) CLK

                     Capture       Launch     
        Clock Edge:+   10000            0     
       Src Latency:+       0            0     
       Net Latency:+       0 (I)        0 (I) 
           Arrival:=   10000            0     
                                              
             Setup:-     -42                  
     Required Time:=   10042                  
      Launch Clock:-       0                  
         Data Path:-   10042                  
             Slack:=       0                  

#-------------------------------------------------------------------------------------------------
#          Timing Point           Flags    Arc   Edge   Cell     Fanout  Load Trans Delay Arrival 
#                                                                        (fF)  (ps)  (ps)   (ps)  
#-------------------------------------------------------------------------------------------------
  decode_state__DFFE_instED_reg/C -       -      R     (arrival)    116     -     0     -       0 
  decode_state__DFFE_instED_reg/Q -       C->Q   F     SDFRRQX4       7  53.6   127   303     303 
  g5214/Q                         -       A->Q   F     OR2X4          7  82.9   123   186     489 
  g5205/Q                         -       A->Q   R     INX6          29 199.5   176   126     614 
  g5105/Q                         -       A->Q   R     AND3X2         7  53.2   239   237     852 
  execute__g34644/Q               -       A->Q   F     INX1           2  18.6   123    99     951 
  execute__g34392/Q               -       A->Q   R     NO2X1          4  32.1   394   237    1188 
  g109513/Q                       -       E->Q   F     NO5X2          1  15.0    60   248    1436 
  execute__g26048/Q               -       B->Q   R     NA2X2          5  35.5   188   125    1561 
  g5033/Q                         -       A->Q   F     INX1           4  29.6   153   121    1682 
  g5027/Q                         -       A->Q   R     NO3X1          3  24.5   432   250    1932 
  execute__g108970/Q              -       B->Q   R     OR2X2          2  18.4   103   174    2106 
  execute__g108816/Q              -       A->Q   F     NO2X2          2  21.8   140    61    2167 
  execute__g108493/Q              -       C->Q   R     AN31X1         2  17.6   329   205    2371 
  execute__g108402/Q              -       A->Q   F     NO2X1          4  25.1   168   132    2504 
  execute__g108313/Q              -       A->Q   F     AND3X2         4  36.1   104   187    2690 
  execute__g108280/Q              -       A->Q   R     INX1           1  10.1    77    65    2756 
  execute__g107992/Q              -       D->Q   F     AN211X1        1  12.6   166    67    2822 
  execute__g107987/Q              -       A->Q   R     NA3X2          4  32.3   209   143    2966 
  g109365/Q                       -       AN->Q  R     NO2I1X4        2  16.2   102   145    3111 
  g5009/Q                         -       A->Q   F     NA2X1          4  34.4   228   141    3252 
  g5002/Q                         -       IN0->Q R     MU2IX1         1  12.3   240   182    3434 
  g4984/Q                         -       A->Q   F     NA2X2          4  35.5   177   108    3542 
  g4974/Q                         -       A->Q   R     NO2X4          8  62.8   220   156    3698 
  reg_file__b2v_latch_hl2_lo_g2/Q -       E->Q   R     BTHX1         13 134.1   737   492    4190 
  g4940/Q                         -       A->Q   F     INX2           2  14.2   138    66    4256 
  reg_file__g149/Q                -       A->Q   R     ITHX0          3  35.9  1258   738    4995 
  g4938/Q                         -       A->Q   F     INX1           2  21.2   297   172    5167 
  sw2__g10/Q                      -       A->Q   R     ITHX1          5  39.7   500   222    5389 
  alu_/g713/Q                     -       A->Q   F     NA2X2          1  12.3   145    67    5456 
  alu_/g710/Q                     -       A->Q   R     NA2X2          1  14.9   108    90    5546 
  alu_/g74/Q                      -       A->Q   R     BTLX4          6  69.7   500   183    5729 
  alu_/g796/Q                     -       A->Q   F     INX4           1  15.6    93    48    5777 
  alu_/g15/Q                      -       A->Q   R     ITLX8          5  42.3   500   204    5980 
  sw2__g3/Q                       -       A->Q   R     BTLX4          4  49.9   500   195    6175 
  sw1__g11/Q                      -       A->Q   R     BTLX8         10  92.9   500   180    6355 
  alu_/g705/Q                     -       B->Q   F     NO2I1X4        1  21.7   118    55    6410 
  alu_/g1/Q                       -       A->Q   F     BTHX8          6  68.3   500   160    6570 
  alu_/g9/Q                       -       A->Q   F     BTHX8          5  51.4   500   223    6793 
  alu_/g703/Q                     -       B->Q   R     NA2I1X4        1  12.4   174   211    7004 
  alu_/g702/Q                     -       A->Q   F     INX1           1  12.7    88    73    7077 
  alu_/g696/Q                     -       A->Q   R     NO3X2          1  15.9   202   110    7187 
  alu_/g75/Q                      -       A->Q   F     ITLX1          5  59.3   500   156    7343 
  alu_/g16/Q                      -       A->Q   F     BTHX8          5  48.5   500   299    7642 
  sw2__g4/Q                       -       A->Q   F     BTLX8          4  58.3   500   279    7921 
  sw1__g12/Q                      -       A->Q   F     BTLX12        11  85.2   500   309    8230 
  alu_/g689/Q                     -       A->Q   R     NO3X4          1  21.7   206   184    8414 
  alu_/g3/Q                       -       A->Q   R     BTHX8          5  53.6   500   148    8562 
  alu_/g11/Q                      -       A->Q   R     BTHX3          5  48.3   500   198    8760 
  alu_/g672/Q                     -       B->Q   F     NA2I1X4        1  18.7   111    54    8814 
  alu_/g661/Q                     -       A->Q   R     NA3X4          1  11.0   106    71    8885 
  alu_/g69/Q                      -       A->Q   R     BTHX2          5  52.6   500   214    9099 
  alu_/g10/Q                      -       A->Q   R     BTHX4          5  43.6   500   178    9277 
  g4861/Q                         -       A->Q   F     INX2           1  15.9   224    71    9348 
  sw2__g6/Q                       -       A->Q   R     ITHX1          4  45.0   500   225    9572 
  g4838/Q                         -       A->Q   F     INX2           1  15.9   229    71    9643 
  sw1__g14/Q                      -       A->Q   R     ITHX1          3  34.7   500   197    9840 
  g4768/Q                         -       A->Q   F     INX2           1  11.2   176    53    9893 
  g4725/Q                         -       A->Q   R     ON21X1         1   8.9   200   148   10041 
  data_pins__dout_reg[2]/D        -       -      R     DFFQX0         1     -     -     0   10042 
#-------------------------------------------------------------------------------------------------

