============================================================
  Generated by:           Genus(TM) Synthesis Solution GENUS15.22 - 15.20-s024_1
  Generated on:           Apr 11 2022  06:44:28 pm
  Module:                 z80_top_direct_n
  Interconnect mode:      global
  Area mode:              physical library
============================================================

Timing
--------

Clock Period 
-------------
CLK   2000.0 


        Cost          Critical              Violating 
       Group         Path Slack     TNS       Paths   
------------------------------------------------------
C2C                     -8027.0   -1122651        331 
C2O                    No paths          0            
cg_enable_group_CLK     -1229.1     -33587         36 
CLK                      -193.0      -3197         37 
default                No paths          0            
I2C                       361.0          0          0 
I2O                    No paths          0            
------------------------------------------------------
Total                             -1159436        404 

Instance Count
--------------
Leaf Instance Count             5443 
Sequential Instance Count        405 
Combinational Instance Count    5038 
Hierarchical Instance Count      112 

Area
----
Cell Area                          117970.877
Physical Cell Area                 0.000
Total Cell Area (Cell+Physical)    117970.877
Net Area                           66237.998
Total Area (Cell+Physical+Net)     184208.875

Runtime                            -112.892 seconds
Elapsed Runtime                    1101 seconds
Genus peak memory usage            659.82 
Innovus peak memory usage          no_value 
Hostname                           pgmicro04.ufrgs.br
