============================================================
  Generated by:           Genus(TM) Synthesis Solution GENUS15.22 - 15.20-s024_1
  Generated on:           Apr 11 2022  06:44:29 pm
  Module:                 z80_top_direct_n
  Interconnect mode:      global
  Area mode:              physical library
============================================================

                                
  Gate    Instances     Area                Library            
---------------------------------------------------------------
AN211X0           2      30.744    D_CELLS_MOSST_typ_1_80V_25C 
AN211X1          26     479.606    D_CELLS_MOSST_typ_1_80V_25C 
AN21X1           35     430.416    D_CELLS_MOSST_typ_1_80V_25C 
AN221X0           3      55.339    D_CELLS_MOSST_typ_1_80V_25C 
AN221X1          10     215.208    D_CELLS_MOSST_typ_1_80V_25C 
AN222X0           1      21.521    D_CELLS_MOSST_typ_1_80V_25C 
AN222X1           2      49.190    D_CELLS_MOSST_typ_1_80V_25C 
AN22X1            6      92.232    D_CELLS_MOSST_typ_1_80V_25C 
AN31X1            3      46.116    D_CELLS_MOSST_typ_1_80V_25C 
AN32X1            1      18.446    D_CELLS_MOSST_typ_1_80V_25C 
AN33X1            3      64.562    D_CELLS_MOSST_typ_1_80V_25C 
AND2X0           33     405.821    D_CELLS_MOSST_typ_1_80V_25C 
AND2X1          205    2521.008    D_CELLS_MOSST_typ_1_80V_25C 
AND2X2           40     737.856    D_CELLS_MOSST_typ_1_80V_25C 
AND2X4           48    1328.141    D_CELLS_MOSST_typ_1_80V_25C 
AND3X1           84    1291.248    D_CELLS_MOSST_typ_1_80V_25C 
AND3X2           22     473.458    D_CELLS_MOSST_typ_1_80V_25C 
AND3X4           28     946.915    D_CELLS_MOSST_typ_1_80V_25C 
AND4X1           66    1623.283    D_CELLS_MOSST_typ_1_80V_25C 
AND4X2            9     276.696    D_CELLS_MOSST_typ_1_80V_25C 
AND5X1           76    2102.890    D_CELLS_MOSST_typ_1_80V_25C 
AND5X2           18     608.731    D_CELLS_MOSST_typ_1_80V_25C 
AND6X1          290    8915.760    D_CELLS_MOSST_typ_1_80V_25C 
AND6X2           96    3541.709    D_CELLS_MOSST_typ_1_80V_25C 
AO211X1           3      64.562    D_CELLS_MOSST_typ_1_80V_25C 
AO21X0            1      15.372    D_CELLS_MOSST_typ_1_80V_25C 
AO21X1            4      73.786    D_CELLS_MOSST_typ_1_80V_25C 
AO21X4            1      27.670    D_CELLS_MOSST_typ_1_80V_25C 
AO221X0           1      21.521    D_CELLS_MOSST_typ_1_80V_25C 
AO221X1           3      73.786    D_CELLS_MOSST_typ_1_80V_25C 
AO22X1            7     150.646    D_CELLS_MOSST_typ_1_80V_25C 
AO32X1            1      24.595    D_CELLS_MOSST_typ_1_80V_25C 
BTHX1           273    6714.490    D_CELLS_MOSST_typ_1_80V_25C 
BTHX12            5     399.672    D_CELLS_MOSST_typ_1_80V_25C 
BTHX16            1      95.306    D_CELLS_MOSST_typ_1_80V_25C 
BTHX2             4     110.678    D_CELLS_MOSST_typ_1_80V_25C 
BTHX20            1     119.902    D_CELLS_MOSST_typ_1_80V_25C 
BTHX4             3     119.902    D_CELLS_MOSST_typ_1_80V_25C 
BTHX8             6     332.035    D_CELLS_MOSST_typ_1_80V_25C 
BTLX4             1      39.967    D_CELLS_MOSST_typ_1_80V_25C 
BTLX8             2     110.678    D_CELLS_MOSST_typ_1_80V_25C 
BUCX8             1      39.967    D_CELLS_MOSST_typ_1_80V_25C 
BUX0             73     897.725    D_CELLS_MOSST_typ_1_80V_25C 
BUX1             34     418.118    D_CELLS_MOSST_typ_1_80V_25C 
BUX12             5     307.440    D_CELLS_MOSST_typ_1_80V_25C 
BUX16             2     166.018    D_CELLS_MOSST_typ_1_80V_25C 
BUX2             33     507.276    D_CELLS_MOSST_typ_1_80V_25C 
BUX3              8     172.166    D_CELLS_MOSST_typ_1_80V_25C 
BUX4              5     122.976    D_CELLS_MOSST_typ_1_80V_25C 
BUX6              8     270.547    D_CELLS_MOSST_typ_1_80V_25C 
BUX8             15     645.624    D_CELLS_MOSST_typ_1_80V_25C 
DFFQX0            1      49.190    D_CELLS_MOSST_typ_1_80V_25C 
DFFQX1            3     156.794    D_CELLS_MOSST_typ_1_80V_25C 
DFFQX2           32    1770.854    D_CELLS_MOSST_typ_1_80V_25C 
DFFRQX2          13     839.311    D_CELLS_MOSST_typ_1_80V_25C 
DFFRX2            1      70.711    D_CELLS_MOSST_typ_1_80V_25C 
DFFSQX2           1      61.488    D_CELLS_MOSST_typ_1_80V_25C 
DFFSQX4           1      73.786    D_CELLS_MOSST_typ_1_80V_25C 
DFFX0             7     365.854    D_CELLS_MOSST_typ_1_80V_25C 
DFRQX0            1      49.190    D_CELLS_MOSST_typ_1_80V_25C 
DFRQX1          232   12125.434    D_CELLS_MOSST_typ_1_80V_25C 
DFRQX2            3     166.018    D_CELLS_MOSST_typ_1_80V_25C 
DFRQX4            1      70.711    D_CELLS_MOSST_typ_1_80V_25C 
DFRRQX1           9     553.392    D_CELLS_MOSST_typ_1_80V_25C 
DFRRQX2          13     839.311    D_CELLS_MOSST_typ_1_80V_25C 
DFRRQX4           7     581.062    D_CELLS_MOSST_typ_1_80V_25C 
DFRRSQX1         15    1014.552    D_CELLS_MOSST_typ_1_80V_25C 
DFRRX4           11    1014.552    D_CELLS_MOSST_typ_1_80V_25C 
DFRSQX4           3     221.357    D_CELLS_MOSST_typ_1_80V_25C 
DFRX4             1      83.009    D_CELLS_MOSST_typ_1_80V_25C 
DLHQX1            7     258.250    D_CELLS_MOSST_typ_1_80V_25C 
DLLQX1           31    1143.677    D_CELLS_MOSST_typ_1_80V_25C 
DLLQX2            1      36.893    D_CELLS_MOSST_typ_1_80V_25C 
DLLRQX1           2      79.934    D_CELLS_MOSST_typ_1_80V_25C 
EN2X0            11     169.092    D_CELLS_MOSST_typ_1_80V_25C 
EN2X1             9     193.687    D_CELLS_MOSST_typ_1_80V_25C 
EN3X4             1      55.339    D_CELLS_MOSST_typ_1_80V_25C 
EO2X1            26     559.541    D_CELLS_MOSST_typ_1_80V_25C 
HAX1              1      30.744    D_CELLS_MOSST_typ_1_80V_25C 
HAX2              4     147.571    D_CELLS_MOSST_typ_1_80V_25C 
INX1            562    3455.626    D_CELLS_MOSST_typ_1_80V_25C 
INX12             1      58.414    D_CELLS_MOSST_typ_1_80V_25C 
INX16             1      73.786    D_CELLS_MOSST_typ_1_80V_25C 
INX2            156    1438.819    D_CELLS_MOSST_typ_1_80V_25C 
INX20             1      95.306    D_CELLS_MOSST_typ_1_80V_25C 
INX3             56     860.832    D_CELLS_MOSST_typ_1_80V_25C 
INX4             50     922.320    D_CELLS_MOSST_typ_1_80V_25C 
INX6             20     430.416    D_CELLS_MOSST_typ_1_80V_25C 
INX8             36    1106.784    D_CELLS_MOSST_typ_1_80V_25C 
ITHCX16          11     946.915    D_CELLS_MOSST_typ_1_80V_25C 
ITHCX8            1      55.339    D_CELLS_MOSST_typ_1_80V_25C 
ITHX0            93    1143.677    D_CELLS_MOSST_typ_1_80V_25C 
ITHX1            15     276.696    D_CELLS_MOSST_typ_1_80V_25C 
ITLX0            10     122.976    D_CELLS_MOSST_typ_1_80V_25C 
ITLX1            17     313.589    D_CELLS_MOSST_typ_1_80V_25C 
ITLX12            1      86.083    D_CELLS_MOSST_typ_1_80V_25C 
MU2IX1            8     147.571    D_CELLS_MOSST_typ_1_80V_25C 
MU2IX2            2      73.786    D_CELLS_MOSST_typ_1_80V_25C 
MU2IX4            1      67.637    D_CELLS_MOSST_typ_1_80V_25C 
MU2X1            16     393.523    D_CELLS_MOSST_typ_1_80V_25C 
NA2I1X0           3      36.893    D_CELLS_MOSST_typ_1_80V_25C 
NA2I1X1          31     476.532    D_CELLS_MOSST_typ_1_80V_25C 
NA2I1X2          47     866.981    D_CELLS_MOSST_typ_1_80V_25C 
NA2I1X4          68    2090.592    D_CELLS_MOSST_typ_1_80V_25C 
NA2X1           470    4334.904    D_CELLS_MOSST_typ_1_80V_25C 
NA2X2           217    3335.724    D_CELLS_MOSST_typ_1_80V_25C 
NA2X4           231    7101.864    D_CELLS_MOSST_typ_1_80V_25C 
NA3I1X0           2      30.744    D_CELLS_MOSST_typ_1_80V_25C 
NA3I1X1          10     184.464    D_CELLS_MOSST_typ_1_80V_25C 
NA3I1X2          10     276.696    D_CELLS_MOSST_typ_1_80V_25C 
NA3I1X4          37    1478.786    D_CELLS_MOSST_typ_1_80V_25C 
NA3I2X1           2      43.042    D_CELLS_MOSST_typ_1_80V_25C 
NA3I2X2           1      30.744    D_CELLS_MOSST_typ_1_80V_25C 
NA3I2X4           7     344.333    D_CELLS_MOSST_typ_1_80V_25C 
NA3X1            66     811.642    D_CELLS_MOSST_typ_1_80V_25C 
NA3X2            39     959.213    D_CELLS_MOSST_typ_1_80V_25C 
NA3X4            21     968.436    D_CELLS_MOSST_typ_1_80V_25C 
NA4X1             5     138.348    D_CELLS_MOSST_typ_1_80V_25C 
NA5X1            10     307.440    D_CELLS_MOSST_typ_1_80V_25C 
NA6I1X1           3     110.678    D_CELLS_MOSST_typ_1_80V_25C 
NA6I1X4           2     104.530    D_CELLS_MOSST_typ_1_80V_25C 
NA6I3X1           3     110.678    D_CELLS_MOSST_typ_1_80V_25C 
NA6I3X2           1      39.967    D_CELLS_MOSST_typ_1_80V_25C 
NA6I3X4           1      49.190    D_CELLS_MOSST_typ_1_80V_25C 
NA6X1            15     507.276    D_CELLS_MOSST_typ_1_80V_25C 
NA6X4             1      52.265    D_CELLS_MOSST_typ_1_80V_25C 
NO2I1X1         106    1303.546    D_CELLS_MOSST_typ_1_80V_25C 
NO2I1X2         103    2216.642    D_CELLS_MOSST_typ_1_80V_25C 
NO2I1X4         126    3873.744    D_CELLS_MOSST_typ_1_80V_25C 
NO2X1           224    2065.997    D_CELLS_MOSST_typ_1_80V_25C 
NO2X2           102    1567.944    D_CELLS_MOSST_typ_1_80V_25C 
NO2X4            50    1383.480    D_CELLS_MOSST_typ_1_80V_25C 
NO3I1X1           9     166.018    D_CELLS_MOSST_typ_1_80V_25C 
NO3I1X2           2      55.339    D_CELLS_MOSST_typ_1_80V_25C 
NO3I1X4           3     138.348    D_CELLS_MOSST_typ_1_80V_25C 
NO3I2X1           6     129.125    D_CELLS_MOSST_typ_1_80V_25C 
NO3X0             1      12.298    D_CELLS_MOSST_typ_1_80V_25C 
NO3X1            25     384.300    D_CELLS_MOSST_typ_1_80V_25C 
NO3X2            13     319.738    D_CELLS_MOSST_typ_1_80V_25C 
NO3X4            14     559.541    D_CELLS_MOSST_typ_1_80V_25C 
NO4I2X1           3      92.232    D_CELLS_MOSST_typ_1_80V_25C 
NO4X2             2      61.488    D_CELLS_MOSST_typ_1_80V_25C 
NO4X4             1      36.893    D_CELLS_MOSST_typ_1_80V_25C 
NO5I1X1           1      33.818    D_CELLS_MOSST_typ_1_80V_25C 
NO5I3X1           3     101.455    D_CELLS_MOSST_typ_1_80V_25C 
NO6I1X1           1      43.042    D_CELLS_MOSST_typ_1_80V_25C 
NO6I1X4           1      52.265    D_CELLS_MOSST_typ_1_80V_25C 
NO6I4X1           3     129.125    D_CELLS_MOSST_typ_1_80V_25C 
NO6X0             2      67.637    D_CELLS_MOSST_typ_1_80V_25C 
NO6X1             3     110.678    D_CELLS_MOSST_typ_1_80V_25C 
OA211X0           1      18.446    D_CELLS_MOSST_typ_1_80V_25C 
OA211X1          13     279.770    D_CELLS_MOSST_typ_1_80V_25C 
OA211X2           3      73.786    D_CELLS_MOSST_typ_1_80V_25C 
OA21X0            3      46.116    D_CELLS_MOSST_typ_1_80V_25C 
OA21X1            5      92.232    D_CELLS_MOSST_typ_1_80V_25C 
OA21X2            2      43.042    D_CELLS_MOSST_typ_1_80V_25C 
OA221X1           2      49.190    D_CELLS_MOSST_typ_1_80V_25C 
OA222X0           1      24.595    D_CELLS_MOSST_typ_1_80V_25C 
OA22X0            1      18.446    D_CELLS_MOSST_typ_1_80V_25C 
OA22X1            3      64.562    D_CELLS_MOSST_typ_1_80V_25C 
ON211X0           1      15.372    D_CELLS_MOSST_typ_1_80V_25C 
ON211X1          13     239.803    D_CELLS_MOSST_typ_1_80V_25C 
ON21X0            2      24.595    D_CELLS_MOSST_typ_1_80V_25C 
ON21X1           28     430.416    D_CELLS_MOSST_typ_1_80V_25C 
ON221X0           2      36.893    D_CELLS_MOSST_typ_1_80V_25C 
ON221X1           5     122.976    D_CELLS_MOSST_typ_1_80V_25C 
ON222X0           1      21.521    D_CELLS_MOSST_typ_1_80V_25C 
ON22X0            2      30.744    D_CELLS_MOSST_typ_1_80V_25C 
ON22X1            7     129.125    D_CELLS_MOSST_typ_1_80V_25C 
ON31X1            3      55.339    D_CELLS_MOSST_typ_1_80V_25C 
ON321X1           1      24.595    D_CELLS_MOSST_typ_1_80V_25C 
ON32X1            2      43.042    D_CELLS_MOSST_typ_1_80V_25C 
OR2X1            37     455.011    D_CELLS_MOSST_typ_1_80V_25C 
OR2X2            22     338.184    D_CELLS_MOSST_typ_1_80V_25C 
OR2X4            17     418.118    D_CELLS_MOSST_typ_1_80V_25C 
OR3X0             1      15.372    D_CELLS_MOSST_typ_1_80V_25C 
OR3X1             3      55.339    D_CELLS_MOSST_typ_1_80V_25C 
OR3X4             1      33.818    D_CELLS_MOSST_typ_1_80V_25C 
OR4X1             2      49.190    D_CELLS_MOSST_typ_1_80V_25C 
OR4X2             2      61.488    D_CELLS_MOSST_typ_1_80V_25C 
OR4X4             1      43.042    D_CELLS_MOSST_typ_1_80V_25C 
OR5X1             3      83.009    D_CELLS_MOSST_typ_1_80V_25C 
OR5X2             2      67.637    D_CELLS_MOSST_typ_1_80V_25C 
OR6X1             5     169.092    D_CELLS_MOSST_typ_1_80V_25C 
OR6X2            16     737.856    D_CELLS_MOSST_typ_1_80V_25C 
SDFRQX1           1      70.711    D_CELLS_MOSST_typ_1_80V_25C 
SDFRQX2           1      70.711    D_CELLS_MOSST_typ_1_80V_25C 
SDFRRQX1          5     384.300    D_CELLS_MOSST_typ_1_80V_25C 
SDFRRQX2          2     166.018    D_CELLS_MOSST_typ_1_80V_25C 
---------------------------------------------------------------
total          5443  117970.877                                


                                           
     Type      Instances    Area    Area % 
-------------------------------------------
sequential           405  22317.070   18.9 
inverter             883   8442.302    7.2 
buffer               184   3547.858    3.0 
tristate             444  10987.906    9.3 
logic               3527  72675.742   61.6 
physical_cells         0      0.000    0.0 
-------------------------------------------
total               5443 117970.877  100.0 

