============================================================
  Generated by:           Genus(TM) Synthesis Solution GENUS15.22 - 15.20-s024_1
  Generated on:           Apr 11 2022  06:41:35 pm
  Module:                 z80_top_direct_n
  Interconnect mode:      global
  Area mode:              physical library
============================================================

Timing
--------

Clock Period 
-------------
CLK   2000.0 


        Cost          Critical              Violating 
       Group         Path Slack     TNS       Paths   
------------------------------------------------------
C2C                     -9670.5   -2058375        335 
C2O                    No paths          0            
cg_enable_group_CLK     -6518.4     -66232         37 
CLK                      -130.0      -3684         37 
default                No paths          0            
I2C                       471.9          0          0 
I2O                    No paths          0            
------------------------------------------------------
Total                             -2128293        409 

Instance Count
--------------
Leaf Instance Count             6061 
Sequential Instance Count        407 
Combinational Instance Count    5654 
Hierarchical Instance Count      114 

Area
----
Cell Area                          127896.922
Physical Cell Area                 0.000
Total Cell Area (Cell+Physical)    127896.922
Net Area                           2050.064
Total Area (Cell+Physical+Net)     129946.986

Runtime                            0.000 seconds
Elapsed Runtime                    927 seconds
Genus peak memory usage            630.98 
Innovus peak memory usage          no_value 
Hostname                           pgmicro04.ufrgs.br
