============================================================
  Generated by:           Genus(TM) Synthesis Solution GENUS15.22 - 15.20-s024_1
  Generated on:           Apr 11 2022  10:28:53 pm
  Module:                 z80_top_direct_n
  Interconnect mode:      global
  Area mode:              physical library
============================================================

Timing
--------

Clock  Period 
--------------
CLK   20000.0 


        Cost          Critical           Violating 
       Group         Path Slack   TNS      Paths   
---------------------------------------------------
C2C                      -670.5   -4573         13 
C2O                    No paths       0            
cg_enable_group_CLK         0.0       0          0 
CLK                      7381.7       0          0 
default                No paths       0            
I2C                      9471.9       0          0 
I2O                    No paths       0            
---------------------------------------------------
Total                             -4573         13 

Instance Count
--------------
Leaf Instance Count             6065 
Sequential Instance Count        408 
Combinational Instance Count    5657 
Hierarchical Instance Count      115 

Area
----
Cell Area                          127967.946
Physical Cell Area                 0.000
Total Cell Area (Cell+Physical)    127967.946
Net Area                           2050.064
Total Area (Cell+Physical+Net)     130018.010

Runtime                            0.000 seconds
Elapsed Runtime                    45 seconds
Genus peak memory usage            628.21 
Innovus peak memory usage          no_value 
Hostname                           pgmicro04.ufrgs.br
