============================================================
  Generated by:           Genus(TM) Synthesis Solution GENUS15.22 - 15.20-s024_1
  Generated on:           Apr 11 2022  10:28:53 pm
  Module:                 z80_top_direct_n
  Interconnect mode:      global
  Area mode:              physical library
============================================================

         Instance           Cells  Cell Area  Net Area   Total Area 
--------------------------------------------------------------------
z80_top_direct_n             6065     127968      2050       130018 
  execute_                   3878      80036         0        80036 
  reg_file_                   747      20714       820        21534 
    b2v_latch_wz_lo            20        639         0          639 
    b2v_latch_wz_hi            20        639         0          639 
    b2v_latch_sp_lo            20        639         0          639 
    b2v_latch_sp_hi            20        639         0          639 
    b2v_latch_pc_lo            20        639         0          639 
    b2v_latch_pc_hi            20        639         0          639 
    b2v_latch_iy_lo            20        639         0          639 
    b2v_latch_iy_hi            20        639         0          639 
    b2v_latch_ix_lo            20        639         0          639 
    b2v_latch_ix_hi            20        639         0          639 
    b2v_latch_ir_lo            20        639         0          639 
    b2v_latch_ir_hi            20        639         0          639 
    b2v_latch_hl_lo            20        639         0          639 
    b2v_latch_hl_hi            20        639         0          639 
    b2v_latch_hl2_lo           20        639         0          639 
    b2v_latch_hl2_hi           20        639         0          639 
    b2v_latch_de_lo            20        639         0          639 
    b2v_latch_de_hi            20        639         0          639 
    b2v_latch_de2_lo           20        639         0          639 
    b2v_latch_de2_hi           20        639         0          639 
    b2v_latch_bc_lo            20        639         0          639 
    b2v_latch_bc_hi            20        639         0          639 
    b2v_latch_bc2_lo           20        639         0          639 
    b2v_latch_bc2_hi           20        639         0          639 
    b2v_latch_af_lo            20        639         0          639 
    b2v_latch_af_hi            20        639         0          639 
    b2v_latch_af2_lo           20        639         0          639 
    b2v_latch_af2_hi           20        639         0          639 
  alu_                        377       6465        30         6495 
    b2v_core                   61        900         0          900 
      b2v_alu_slice_bit_3      15        221         0          221 
      b2v_alu_slice_bit_2      15        221         0          221 
      b2v_alu_slice_bit_1      15        221         0          221 
      b2v_alu_slice_bit_0      15        221         0          221 
    b2v_input_shift            57        839         0          839 
    b2v_input_bit_select       22        299        30          329 
    b2v_op2_latch_mux_low      19        292         0          292 
    b2v_op2_latch_mux_high     19        292         0          292 
    b2v_op1_latch_mux_low      19        292         0          292 
    b2v_op1_latch_mux_high     10        150         0          150 
    b2v_prep_daa                9        142         0          142 
  address_latch_              233       4277         0         4277 
    b2v_inst_inc_dec           59        979         0          979 
      b2v_dual_adder_9          5         79         0           79 
      b2v_dual_adder_7          5         79         0           79 
      b2v_dual_adder_4          5         79         0           79 
      b2v_dual_adder_2          5         79         0           79 
      b2v_dual_adder_10         5         79         0           79 
      b2v_dual_adder_0          5         79         0           79 
    b2v_mux                    49        765         0          765 
    b2v_inst7                  49        765         0          765 
  pla_decode_                 173       3062         0         3062 
  alu_flags_                  101       1681         0         1681 
    b2v_inst_mux_cf2            9        134         0          134 
    b2v_inst_mux_cf             4         55         0           55 
  memory_ifc_                  57       1649         0         1649 
  data_pins_                   88       1436         0         1436 
  address_pins_                37       1215         0         1215 
  alu_control_                 71       1205         0         1205 
    b2v_inst_shift_mux         17        292         0          292 
    b2v_inst_pf_sel            11        174         0          174 
    b2v_inst_cond_mux          11        174         0          174 
  reg_control_                 64       1065         0         1065 
  sequencer_                   42       1026         0         1026 
  sw1_                         30        438         0          438 
  sw2_                         24        351         0          351 
  pin_control_                 15        253         0          253 
  bus_control_                  9        142         0          142 
  control_pins_                 4         63         0           63 
