============================================================
  Generated by:           Genus(TM) Synthesis Solution GENUS15.22 - 15.20-s024_1
  Generated on:           Apr 11 2022  10:31:36 pm
  Module:                 z80_top_direct_n
  Interconnect mode:      global
  Area mode:              physical library
============================================================

Timing
--------

Clock  Period 
--------------
CLK   20000.0 


        Cost          Critical       Violating 
       Group         Path Slack TNS    Paths   
-----------------------------------------------
C2C                         0.5   0          0 
C2O                    No paths   0            
cg_enable_group_CLK         0.0   0          0 
CLK                      5839.7   0          0 
default                No paths   0            
I2C                      9009.7   0          0 
I2O                    No paths   0            
-----------------------------------------------
Total                             0          0 

Instance Count
--------------
Leaf Instance Count             3299 
Sequential Instance Count        406 
Combinational Instance Count    2893 
Hierarchical Instance Count       43 

Area
----
Cell Area                          67301.690
Physical Cell Area                 0.000
Total Cell Area (Cell+Physical)    67301.690
Net Area                           39476.442
Total Area (Cell+Physical+Net)     106778.132

Runtime                            -145.998 seconds
Elapsed Runtime                    207 seconds
Genus peak memory usage            667.23 
Innovus peak memory usage          no_value 
Hostname                           pgmicro04.ufrgs.br
