============================================================
  Generated by:           Genus(TM) Synthesis Solution GENUS15.22 - 15.20-s024_1
  Generated on:           Apr 04 2022  09:59:29 pm
  Module:                 z80_top_direct_n
  Interconnect mode:      global
  Area mode:              physical library
============================================================

                                 Leakage     Internal   
  Gate    Instances    Area    Power (nW)   Power (nW)              Library            
---------------------------------------------------------------------------------------
AN211X0           5     76.860      0.129      3149.742    D_CELLS_MOSST_typ_1_80V_25C 
AN211X1           5     92.232      0.112       122.862    D_CELLS_MOSST_typ_1_80V_25C 
AN211X4           1     33.818      0.100         0.000    D_CELLS_MOSST_typ_1_80V_25C 
AN21X0            2     24.595      0.064        32.778    D_CELLS_MOSST_typ_1_80V_25C 
AN21X1           62    762.451      1.475     12030.449    D_CELLS_MOSST_typ_1_80V_25C 
AN21X2            1     27.670      0.073       222.125    D_CELLS_MOSST_typ_1_80V_25C 
AN221X0           1     18.446      0.034      2105.757    D_CELLS_MOSST_typ_1_80V_25C 
AN221X1           6    129.125      0.173      3267.284    D_CELLS_MOSST_typ_1_80V_25C 
AN222X1           1     24.595      0.037         0.000    D_CELLS_MOSST_typ_1_80V_25C 
AN22X0            1     15.372      0.039       133.465    D_CELLS_MOSST_typ_1_80V_25C 
AN22X1           10    153.720      0.306        80.977    D_CELLS_MOSST_typ_1_80V_25C 
AN311X1           2     43.042      0.047         0.000    D_CELLS_MOSST_typ_1_80V_25C 
AN31X1            9    138.348      0.222      3224.922    D_CELLS_MOSST_typ_1_80V_25C 
AN31X2            1     27.670      0.075         8.854    D_CELLS_MOSST_typ_1_80V_25C 
AN32X1            1     18.446      0.031       835.825    D_CELLS_MOSST_typ_1_80V_25C 
AN33X1            2     43.042      0.060     19547.823    D_CELLS_MOSST_typ_1_80V_25C 
AND2X0           40    491.904      1.626     23228.185    D_CELLS_MOSST_typ_1_80V_25C 
AND2X1          101   1242.058      2.867     49561.200    D_CELLS_MOSST_typ_1_80V_25C 
AND2X2           34    627.178      1.492     13663.810    D_CELLS_MOSST_typ_1_80V_25C 
AND2X4           55   1521.828      4.875     24395.071    D_CELLS_MOSST_typ_1_80V_25C 
AND3X0            2     30.744      0.062         0.000    D_CELLS_MOSST_typ_1_80V_25C 
AND3X1           23    353.556      0.540       431.980    D_CELLS_MOSST_typ_1_80V_25C 
AND3X2           14    301.291      0.522       314.126    D_CELLS_MOSST_typ_1_80V_25C 
AND3X4           32   1082.189      2.496     73664.094    D_CELLS_MOSST_typ_1_80V_25C 
AND4X0            3     73.786      0.184      1987.421    D_CELLS_MOSST_typ_1_80V_25C 
AND4X1            9    221.357      0.384     14734.730    D_CELLS_MOSST_typ_1_80V_25C 
AND4X2            4    122.976      0.225     12086.477    D_CELLS_MOSST_typ_1_80V_25C 
AND5X1           13    359.705      0.483       410.694    D_CELLS_MOSST_typ_1_80V_25C 
AND5X2            4    135.274      0.199     10782.634    D_CELLS_MOSST_typ_1_80V_25C 
AND6X0            2     61.488      0.098        79.144    D_CELLS_MOSST_typ_1_80V_25C 
AND6X1           18    553.392      0.588     16133.546    D_CELLS_MOSST_typ_1_80V_25C 
AND6X2            4    147.571      0.180      3343.018    D_CELLS_MOSST_typ_1_80V_25C 
AO211X0           1     18.446      0.066         0.000    D_CELLS_MOSST_typ_1_80V_25C 
AO211X1           4     86.083      0.158       170.868    D_CELLS_MOSST_typ_1_80V_25C 
AO211X2           1     27.670      0.063         0.000    D_CELLS_MOSST_typ_1_80V_25C 
AO21X0            1     15.372      0.064      3016.510    D_CELLS_MOSST_typ_1_80V_25C 
AO21X1           18    332.035      0.731     12162.739    D_CELLS_MOSST_typ_1_80V_25C 
AO21X2            4     98.381      0.244        11.702    D_CELLS_MOSST_typ_1_80V_25C 
AO221X2           2     67.637      0.131       197.330    D_CELLS_MOSST_typ_1_80V_25C 
AO222X2           1     33.818      0.067         5.324    D_CELLS_MOSST_typ_1_80V_25C 
AO22X0            1     18.446      0.063         0.000    D_CELLS_MOSST_typ_1_80V_25C 
AO22X1            1     21.521      0.042         1.823    D_CELLS_MOSST_typ_1_80V_25C 
AO22X2            3     83.009      0.176     16193.055    D_CELLS_MOSST_typ_1_80V_25C 
AO22X4            1     30.744      0.096       417.986    D_CELLS_MOSST_typ_1_80V_25C 
AO31X4            1     27.670      0.099         1.538    D_CELLS_MOSST_typ_1_80V_25C 
AO32X1            1     24.595      0.038         7.552    D_CELLS_MOSST_typ_1_80V_25C 
BTHCX6            1     43.042      0.133      5251.964    D_CELLS_MOSST_typ_1_80V_25C 
BTHX0             2     49.190      0.180      9762.950    D_CELLS_MOSST_typ_1_80V_25C 
BTHX1           101   2484.115      7.515    119060.170    D_CELLS_MOSST_typ_1_80V_25C 
BTHX12            3    239.803      0.998    318289.609    D_CELLS_MOSST_typ_1_80V_25C 
BTHX16            2    190.613      0.833    328959.806    D_CELLS_MOSST_typ_1_80V_25C 
BTHX2            25    691.740      2.321     47958.938    D_CELLS_MOSST_typ_1_80V_25C 
BTHX3             2     73.786      0.230      6146.840    D_CELLS_MOSST_typ_1_80V_25C 
BTHX4             2     79.934      0.261      8696.644    D_CELLS_MOSST_typ_1_80V_25C 
BTHX8             4    221.357      0.890     58283.410    D_CELLS_MOSST_typ_1_80V_25C 
BTLX1            83   2041.402      6.176     94709.789    D_CELLS_MOSST_typ_1_80V_25C 
BTLX12            8    639.475      2.662    158502.975    D_CELLS_MOSST_typ_1_80V_25C 
BTLX16            1     95.306      0.416     10210.675    D_CELLS_MOSST_typ_1_80V_25C 
BTLX2            17    470.383      1.578     37565.784    D_CELLS_MOSST_typ_1_80V_25C 
BTLX20            1    119.902      0.538    143067.292    D_CELLS_MOSST_typ_1_80V_25C 
BTLX8             5    276.696      1.112    152944.062    D_CELLS_MOSST_typ_1_80V_25C 
BUCX4             1     24.595      0.093      1601.531    D_CELLS_MOSST_typ_1_80V_25C 
BUX0            104   1278.950      5.408    234460.322    D_CELLS_MOSST_typ_1_80V_25C 
BUX1             66    811.642      2.586     74093.707    D_CELLS_MOSST_typ_1_80V_25C 
BUX12             4    245.952      1.492     80648.281    D_CELLS_MOSST_typ_1_80V_25C 
BUX2             34    522.648      2.184     92708.744    D_CELLS_MOSST_typ_1_80V_25C 
BUX3             14    301.291      1.352     56762.006    D_CELLS_MOSST_typ_1_80V_25C 
BUX4              6    147.571      0.771     26209.466    D_CELLS_MOSST_typ_1_80V_25C 
BUX6              4    135.274      0.744     16779.054    D_CELLS_MOSST_typ_1_80V_25C 
BUX8              1     43.042      0.254     18369.042    D_CELLS_MOSST_typ_1_80V_25C 
DFFQX0            3    147.571      0.555      1949.141    D_CELLS_MOSST_typ_1_80V_25C 
DFFQX1           23   1202.090      3.498    128581.184    D_CELLS_MOSST_typ_1_80V_25C 
DFFQX2            1     55.339      0.160       802.043    D_CELLS_MOSST_typ_1_80V_25C 
DFFRQX1          12    737.856      1.320    400344.510    D_CELLS_MOSST_typ_1_80V_25C 
DFFRX4            1     92.232      0.143     64921.468    D_CELLS_MOSST_typ_1_80V_25C 
DFFSQX1           1     61.488      0.141     31328.211    D_CELLS_MOSST_typ_1_80V_25C 
DFFX1            17    940.766      2.650    507951.210    D_CELLS_MOSST_typ_1_80V_25C 
DFRQX1          235  12282.228     34.974   1674515.731    D_CELLS_MOSST_typ_1_80V_25C 
DFRQX2            1     55.339      0.156     63536.525    D_CELLS_MOSST_typ_1_80V_25C 
DFRRQX1          23   1414.224      2.153    507932.924    D_CELLS_MOSST_typ_1_80V_25C 
DFRRQX2           4    258.250      0.448    124663.532    D_CELLS_MOSST_typ_1_80V_25C 
DFRRQX4           8    664.070      1.209    177290.962    D_CELLS_MOSST_typ_1_80V_25C 
DFRRSQX1          7    473.458      0.919     62786.482    D_CELLS_MOSST_typ_1_80V_25C 
DFRRSQX2          1     70.711      0.131      9465.263    D_CELLS_MOSST_typ_1_80V_25C 
DFRRX1            1     64.562      0.094     22739.430    D_CELLS_MOSST_typ_1_80V_25C 
DFRRX4            8    737.856      1.249    155129.957    D_CELLS_MOSST_typ_1_80V_25C 
DFRSQX0           1     55.339      0.170      4146.489    D_CELLS_MOSST_typ_1_80V_25C 
DFRSQX4           1     73.786      0.179     18689.827    D_CELLS_MOSST_typ_1_80V_25C 
DFRSX4            1     86.083      0.194     53373.067    D_CELLS_MOSST_typ_1_80V_25C 
DFRX2             2    122.976      0.312     19189.950    D_CELLS_MOSST_typ_1_80V_25C 
DLHQX1            5    184.464      0.474    142056.487    D_CELLS_MOSST_typ_1_80V_25C 
DLHRQX1           1     39.967      0.078     32008.353    D_CELLS_MOSST_typ_1_80V_25C 
DLHRX1            1     43.042      0.087     30347.593    D_CELLS_MOSST_typ_1_80V_25C 
DLLQX1           34   1254.355      3.220    961250.530    D_CELLS_MOSST_typ_1_80V_25C 
DLLRQX1           1     39.967      0.073     27165.216    D_CELLS_MOSST_typ_1_80V_25C 
DLY1X0            2     49.190      0.109         0.000    D_CELLS_MOSST_typ_1_80V_25C 
EN2X0            11    169.092      0.522     10981.312    D_CELLS_MOSST_typ_1_80V_25C 
EN2X1            16    344.333      0.726     55504.658    D_CELLS_MOSST_typ_1_80V_25C 
EN2X2             1     33.818      0.090       237.484    D_CELLS_MOSST_typ_1_80V_25C 
EN3X1             1     39.967      0.090     16225.868    D_CELLS_MOSST_typ_1_80V_25C 
EO2X1             7    150.646      0.355     21148.704    D_CELLS_MOSST_typ_1_80V_25C 
HAX0              1     30.744      0.067         0.000    D_CELLS_MOSST_typ_1_80V_25C 
HAX2              2     73.786      0.127     10637.388    D_CELLS_MOSST_typ_1_80V_25C 
HAX4              2     92.232      0.154       805.671    D_CELLS_MOSST_typ_1_80V_25C 
INX0             10     61.488      0.266      4261.054    D_CELLS_MOSST_typ_1_80V_25C 
INX1            426   2619.389      8.547    267351.258    D_CELLS_MOSST_typ_1_80V_25C 
INX12             3    175.241      1.017     38314.817    D_CELLS_MOSST_typ_1_80V_25C 
INX2            124   1143.677      5.005    129808.807    D_CELLS_MOSST_typ_1_80V_25C 
INX3             25    384.300      1.537     33303.636    D_CELLS_MOSST_typ_1_80V_25C 
INX4             34    627.178      2.872     65343.698    D_CELLS_MOSST_typ_1_80V_25C 
INX6             15    322.812      1.726    101741.774    D_CELLS_MOSST_typ_1_80V_25C 
INX8             22    676.368      3.635     90046.363    D_CELLS_MOSST_typ_1_80V_25C 
ITHCX12          14    946.915      3.506    454708.464    D_CELLS_MOSST_typ_1_80V_25C 
ITHCX4            1     36.893      0.121     22980.072    D_CELLS_MOSST_typ_1_80V_25C 
ITHCX6            2     92.232      0.307     71436.074    D_CELLS_MOSST_typ_1_80V_25C 
ITHX0            21    258.250      0.774     27283.911    D_CELLS_MOSST_typ_1_80V_25C 
ITHX1            95   1752.408      3.516    686698.849    D_CELLS_MOSST_typ_1_80V_25C 
ITHX12            1     86.083      0.381     51540.633    D_CELLS_MOSST_typ_1_80V_25C 
ITHX3             2     79.934      0.264     27350.351    D_CELLS_MOSST_typ_1_80V_25C 
ITHX4             2     86.083      0.300      8441.586    D_CELLS_MOSST_typ_1_80V_25C 
ITHX8             1     61.488      0.262         0.000    D_CELLS_MOSST_typ_1_80V_25C 
ITLCX16           2    172.166      0.651    160541.420    D_CELLS_MOSST_typ_1_80V_25C 
ITLX0            28    344.333      1.032     33177.533    D_CELLS_MOSST_typ_1_80V_25C 
ITLX1            15    276.696      0.560     62931.256    D_CELLS_MOSST_typ_1_80V_25C 
ITLX12            1     86.083      0.381     47145.966    D_CELLS_MOSST_typ_1_80V_25C 
ITLX4             1     43.042      0.150         0.000    D_CELLS_MOSST_typ_1_80V_25C 
ITLX8             1     61.488      0.261     34402.963    D_CELLS_MOSST_typ_1_80V_25C 
MU2IX1           13    239.803      0.603     38589.917    D_CELLS_MOSST_typ_1_80V_25C 
MU2IX2            2     73.786      0.201      6804.384    D_CELLS_MOSST_typ_1_80V_25C 
MU2X1             4     98.381      0.247      7062.968    D_CELLS_MOSST_typ_1_80V_25C 
MU2X2             1     24.595      0.076       218.430    D_CELLS_MOSST_typ_1_80V_25C 
MU2X4             1     30.744      0.120       386.703    D_CELLS_MOSST_typ_1_80V_25C 
NA2I1X0           4     49.190      0.203      1459.686    D_CELLS_MOSST_typ_1_80V_25C 
NA2I1X1          55    845.460      2.152     33110.392    D_CELLS_MOSST_typ_1_80V_25C 
NA2I1X2          17    313.589      0.931     17492.196    D_CELLS_MOSST_typ_1_80V_25C 
NA2I1X4          33   1014.552      3.523     53772.771    D_CELLS_MOSST_typ_1_80V_25C 
NA2X0            10     92.232      0.253        65.214    D_CELLS_MOSST_typ_1_80V_25C 
NA2X1           318   2932.978      6.028     70226.514    D_CELLS_MOSST_typ_1_80V_25C 
NA2X2           161   2474.892      6.104     87585.027    D_CELLS_MOSST_typ_1_80V_25C 
NA2X4           143   4396.392     10.843     95325.987    D_CELLS_MOSST_typ_1_80V_25C 
NA3I1X0           1     15.372      0.047         0.000    D_CELLS_MOSST_typ_1_80V_25C 
NA3I1X1          20    368.928      0.743      2746.808    D_CELLS_MOSST_typ_1_80V_25C 
NA3I1X2           9    249.026      0.459     14766.832    D_CELLS_MOSST_typ_1_80V_25C 
NA3I1X4          19    759.377      1.918     53835.270    D_CELLS_MOSST_typ_1_80V_25C 
NA3I2X0           1     21.521      0.074         0.000    D_CELLS_MOSST_typ_1_80V_25C 
NA3I2X1           8    172.166      0.458      7166.676    D_CELLS_MOSST_typ_1_80V_25C 
NA3I2X2           3     92.232      0.204      9199.094    D_CELLS_MOSST_typ_1_80V_25C 
NA3I2X4           8    393.523      1.082     15012.361    D_CELLS_MOSST_typ_1_80V_25C 
NA3X0             4     49.190      0.085         0.000    D_CELLS_MOSST_typ_1_80V_25C 
NA3X1            66    811.642      1.111     20480.797    D_CELLS_MOSST_typ_1_80V_25C 
NA3X2            42   1032.998      1.423     56089.550    D_CELLS_MOSST_typ_1_80V_25C 
NA3X4            39   1798.524      2.642     64774.739    D_CELLS_MOSST_typ_1_80V_25C 
NA4I1X2           1     33.818      0.113         0.000    D_CELLS_MOSST_typ_1_80V_25C 
NA4I2X4           1     43.042      0.167         0.000    D_CELLS_MOSST_typ_1_80V_25C 
NA4X1             2     55.339      0.131        17.145    D_CELLS_MOSST_typ_1_80V_25C 
NA5I1X2           1     36.893      0.108       281.835    D_CELLS_MOSST_typ_1_80V_25C 
NA5I1X4           1     46.116      0.158      5445.569    D_CELLS_MOSST_typ_1_80V_25C 
NA5I3X1           3    101.455      0.288       222.137    D_CELLS_MOSST_typ_1_80V_25C 
NA5X1             2     61.488      0.120         0.000    D_CELLS_MOSST_typ_1_80V_25C 
NA5X4             1     49.190      0.152     12432.386    D_CELLS_MOSST_typ_1_80V_25C 
NA6I1X1           2     73.786      0.152       117.934    D_CELLS_MOSST_typ_1_80V_25C 
NA6I2X1           2     86.083      0.192      8946.599    D_CELLS_MOSST_typ_1_80V_25C 
NA6I3X1           5    184.464      0.458       611.496    D_CELLS_MOSST_typ_1_80V_25C 
NA6X1             2     67.637      0.112       357.834    D_CELLS_MOSST_typ_1_80V_25C 
NA6X2             1     39.967      0.084         0.000    D_CELLS_MOSST_typ_1_80V_25C 
NO2I1X0           1     12.298      0.051      1271.055    D_CELLS_MOSST_typ_1_80V_25C 
NO2I1X1          54    664.070      2.146     58059.764    D_CELLS_MOSST_typ_1_80V_25C 
NO2I1X2          20    430.416      1.122     15555.859    D_CELLS_MOSST_typ_1_80V_25C 
NO2I1X4          18    553.392      1.767     20644.870    D_CELLS_MOSST_typ_1_80V_25C 
NO2X0             8     73.786      0.206      3352.957    D_CELLS_MOSST_typ_1_80V_25C 
NO2X1           283   2610.166      5.540     82416.939    D_CELLS_MOSST_typ_1_80V_25C 
NO2X2           145   2228.940      5.677     39757.503    D_CELLS_MOSST_typ_1_80V_25C 
NO2X4           148   4095.101     10.650    176023.346    D_CELLS_MOSST_typ_1_80V_25C 
NO3I1X1          21    387.374      0.769     12905.177    D_CELLS_MOSST_typ_1_80V_25C 
NO3I1X2           7    193.687      0.349       743.088    D_CELLS_MOSST_typ_1_80V_25C 
NO3I1X4           3    138.348      0.272         0.000    D_CELLS_MOSST_typ_1_80V_25C 
NO3I2X1           6    129.125      0.341        -0.252    D_CELLS_MOSST_typ_1_80V_25C 
NO3I2X2           3    101.455      0.200       311.831    D_CELLS_MOSST_typ_1_80V_25C 
NO3I2X4           2     98.381      0.234         0.000    D_CELLS_MOSST_typ_1_80V_25C 
NO3X0             5     61.488      0.099      2322.115    D_CELLS_MOSST_typ_1_80V_25C 
NO3X1            79   1214.388      1.295     40552.736    D_CELLS_MOSST_typ_1_80V_25C 
NO3X2            21    516.499      0.688       687.609    D_CELLS_MOSST_typ_1_80V_25C 
NO3X4            22    879.278      1.377     42735.406    D_CELLS_MOSST_typ_1_80V_25C 
NO4I1X4           1     43.042      0.118     19490.349    D_CELLS_MOSST_typ_1_80V_25C 
NO4X2             4    122.976      0.256       418.594    D_CELLS_MOSST_typ_1_80V_25C 
NO4X4             4    147.571      0.396     15898.308    D_CELLS_MOSST_typ_1_80V_25C 
NO5I2X1           2     67.637      0.133       177.315    D_CELLS_MOSST_typ_1_80V_25C 
NO5I3X1           3    101.455      0.193         0.000    D_CELLS_MOSST_typ_1_80V_25C 
NO5X2             4    135.274      0.235      6391.542    D_CELLS_MOSST_typ_1_80V_25C 
NO5X4             3    119.902      0.274     16326.882    D_CELLS_MOSST_typ_1_80V_25C 
NO6I1X1           1     43.042      0.100         0.000    D_CELLS_MOSST_typ_1_80V_25C 
NO6I2X1           1     43.042      0.087         0.000    D_CELLS_MOSST_typ_1_80V_25C 
NO6X0             1     33.818      0.061      3023.752    D_CELLS_MOSST_typ_1_80V_25C 
NO6X1             6    221.357      0.318       162.538    D_CELLS_MOSST_typ_1_80V_25C 
NO6X2             4    147.571      0.215      4057.812    D_CELLS_MOSST_typ_1_80V_25C 
NO6X4             2     92.232      0.170      2258.579    D_CELLS_MOSST_typ_1_80V_25C 
OA211X0           3     55.339      0.116         0.000    D_CELLS_MOSST_typ_1_80V_25C 
OA211X1           2     43.042      0.056         0.000    D_CELLS_MOSST_typ_1_80V_25C 
OA211X2           2     49.190      0.080       225.315    D_CELLS_MOSST_typ_1_80V_25C 
OA21X1           11    202.910      0.387      8238.407    D_CELLS_MOSST_typ_1_80V_25C 
OA21X2            2     43.042      0.101         0.000    D_CELLS_MOSST_typ_1_80V_25C 
OA21X4            4    110.678      0.354       766.096    D_CELLS_MOSST_typ_1_80V_25C 
OA22X1           10    215.208      0.411     28965.081    D_CELLS_MOSST_typ_1_80V_25C 
OA22X2            4     98.381      0.241     17803.411    D_CELLS_MOSST_typ_1_80V_25C 
OA31X1            2     43.042      0.073       166.257    D_CELLS_MOSST_typ_1_80V_25C 
OA321X1           1     27.670      0.037      7456.445    D_CELLS_MOSST_typ_1_80V_25C 
ON211X0           2     30.744      0.051      2516.626    D_CELLS_MOSST_typ_1_80V_25C 
ON211X1           8    147.571      0.165      6746.960    D_CELLS_MOSST_typ_1_80V_25C 
ON211X2           1     27.670      0.073         0.000    D_CELLS_MOSST_typ_1_80V_25C 
ON21X0            3     36.893      0.093         0.000    D_CELLS_MOSST_typ_1_80V_25C 
ON21X1           59    906.948      1.428     56859.008    D_CELLS_MOSST_typ_1_80V_25C 
ON21X2            3     83.009      0.219       219.101    D_CELLS_MOSST_typ_1_80V_25C 
ON221X1           3     73.786      0.082         0.260    D_CELLS_MOSST_typ_1_80V_25C 
ON221X2           1     33.818      0.076         0.000    D_CELLS_MOSST_typ_1_80V_25C 
ON222X2           1     36.893      0.078        11.458    D_CELLS_MOSST_typ_1_80V_25C 
ON22X0            1     15.372      0.036         0.000    D_CELLS_MOSST_typ_1_80V_25C 
ON22X1            9    166.018      0.275     21269.806    D_CELLS_MOSST_typ_1_80V_25C 
ON22X2            1     30.744      0.073         0.000    D_CELLS_MOSST_typ_1_80V_25C 
ON311X1           2     36.893      0.043      8743.471    D_CELLS_MOSST_typ_1_80V_25C 
ON31X0            1     15.372      0.030         0.000    D_CELLS_MOSST_typ_1_80V_25C 
ON31X1            5     92.232      0.128      3683.311    D_CELLS_MOSST_typ_1_80V_25C 
ON32X1            1     21.521      0.032      5816.825    D_CELLS_MOSST_typ_1_80V_25C 
ON33X0            1     21.521      0.031        48.438    D_CELLS_MOSST_typ_1_80V_25C 
OR2X1            38    467.309      1.615     77033.817    D_CELLS_MOSST_typ_1_80V_25C 
OR2X2            42    645.624      2.615     45603.056    D_CELLS_MOSST_typ_1_80V_25C 
OR2X4            24    590.285      2.570     44486.877    D_CELLS_MOSST_typ_1_80V_25C 
OR3X1             2     36.893      0.080      7964.484    D_CELLS_MOSST_typ_1_80V_25C 
OR3X2             3     64.562      0.192     10785.977    D_CELLS_MOSST_typ_1_80V_25C 
OR3X4             7    236.729      0.854     13685.056    D_CELLS_MOSST_typ_1_80V_25C 
OR4X1             7    172.166      0.399     15820.725    D_CELLS_MOSST_typ_1_80V_25C 
OR4X2             4    122.976      0.274     20686.364    D_CELLS_MOSST_typ_1_80V_25C 
OR5X1            11    304.366      0.557      7075.372    D_CELLS_MOSST_typ_1_80V_25C 
OR5X2             2     67.637      0.124       210.731    D_CELLS_MOSST_typ_1_80V_25C 
OR6X1             6    202.910      0.435     16702.436    D_CELLS_MOSST_typ_1_80V_25C 
OR6X2             2     92.232      0.155         0.000    D_CELLS_MOSST_typ_1_80V_25C 
OR6X4             1     52.265      0.181       479.847    D_CELLS_MOSST_typ_1_80V_25C 
SDFFRQX1          1     76.860      0.131     48065.859    D_CELLS_MOSST_typ_1_80V_25C 
SDFRQX0           2    129.125      0.382     78797.539    D_CELLS_MOSST_typ_1_80V_25C 
SDFRRQX1          5    384.300      0.664    181509.874    D_CELLS_MOSST_typ_1_80V_25C 
SDFRRQX2          2    166.018      0.285     84339.221    D_CELLS_MOSST_typ_1_80V_25C 
SDFRRQX4          2    190.613      0.345    117130.036    D_CELLS_MOSST_typ_1_80V_25C 
SDFRRX4           1    107.604      0.179     60599.934    D_CELLS_MOSST_typ_1_80V_25C 
---------------------------------------------------------------------------------------
total          4474  95318.698    252.368  12429990.541                                


                                            Leakage  Leakage   Internal   Internal 
     Type      Instances    Area   Area % Power (nW) Power %  Power (nW)   Power % 
-----------------------------------------------------------------------------------
sequential           406 22212.540   23.3     56.572    22.4  5792608.547     46.6 
inverter             659  6010.452    6.3     24.605     9.7   730171.406      5.9 
buffer               236  3560.155    3.7     14.995     5.9   601632.154      4.8 
tristate             444 12100.838   12.7     38.308    15.2  3188049.986     25.6 
logic               2729 51434.712   54.0    117.888    46.7  2117528.448     17.0 
physical_cells         0     0.000    0.0      0.000     0.0        0.000      0.0 
-----------------------------------------------------------------------------------
total               4474 95318.698  100.0    252.368   100.0 12429990.541    100.0 

