============================================================
  Generated by:           Genus(TM) Synthesis Solution GENUS15.22 - 15.20-s024_1
  Generated on:           Apr 04 2022  09:41:12 pm
  Module:                 z80_top_direct_n
  Interconnect mode:      global
  Area mode:              physical library
============================================================


Path 1: VIOLATED (-7632 ps) Setup Check with Pin data_pins__dout_reg[2]/CN->D
          Group: C2C
     Startpoint: (R) ir__opcode_reg[2]/C
          Clock: (R) CLK
       Endpoint: (F) data_pins__dout_reg[2]/D
          Clock: (F) CLK

                     Capture       Launch     
        Clock Edge:+    1000            0     
       Src Latency:+       0            0     
       Net Latency:+       0 (I)        0 (I) 
           Arrival:=    1000            0     
                                              
             Setup:-     172                  
     Required Time:=     828                  
      Launch Clock:-       0                  
         Data Path:-    8460                  
             Slack:=   -7632                  

#------------------------------------------------------------------------------------------
#      Timing Point        Flags    Arc   Edge   Cell     Fanout  Load Trans Delay Arrival 
#                                                                 (fF)  (ps)  (ps)   (ps)  
#------------------------------------------------------------------------------------------
  ir__opcode_reg[2]/C      -       -      R     (arrival)      8     -     0     -       0 
  ir__opcode_reg[2]/Q      -       C->Q   R     DFRRX4         1  25.9   100   294     294 
  g5441/Q                  -       A->Q   F     INX4           3  79.6    96    80     374 
  g5437/Q                  -       A->Q   R     INX4           1  21.2    51    44     418 
  g5314/Q                  -       C->Q   F     NA3I1X4        5  60.3   140   102     520 
  g5206/Q                  -       B->Q   R     NO2I1X4        6  63.0   217   147     668 
  execute__g34671/Q        -       A->Q   F     NO2X2          2  26.7    99    78     746 
  execute__g34492/Q        -       A->Q   R     NA2X4          5  61.1   168   113     859 
  execute__g34786/Q        -       B->Q   F     NO2I1X2        4  36.0   113    86     946 
  execute__g124237/Q       -       A->Q   R     NO2X1          1  15.0   217   140    1086 
  execute__g123547/Q       -       B->Q   F     NA2X2          3  21.6   114    76    1162 
  execute__g123154/Q       -       AN->Q  F     NA6I3X1        1  10.8    90   344    1506 
  execute__g122955/Q       -       F->Q   R     NO6X2          1  10.6    76   280    1786 
  execute__g122910/Q       -       E->Q   R     AND6X2         1  14.9   138   192    1978 
  execute__g122899/Q       -       C->Q   F     NA3X2          1  12.4    87    71    2049 
  g5100/Q                  -       A->Q   R     NO2X2          1  17.7   142    96    2145 
  g5099/Q                  -       S->Q   F     MU2X4          3  27.0    75   206    2351 
  execute__g14/Q           -       A->Q   R     ON21X1         1  13.1   222   146    2497 
  g5097/Q                  -       A->Q   F     EN2X1          2  20.6   178   237    2734 
  g5096/Q                  -       IN1->Q R     MU2IX2         3  24.6   235   180    2914 
  alu_/g794/Q              -       A->Q   F     NA2X1          1  12.6   124    90    3005 
  alu_/g788/Q              -       A->Q   R     NA3X2          2  21.4   173   108    3113 
  alu_/g778/Q              -       A->Q   F     NA3X2          1  12.5    97    68    3181 
  alu_/g770/Q              -       A->Q   F     AND3X4         2  25.2    58   125    3306 
  alu_/g769/Q              -       A->Q   R     NO2X4          3  25.2   126    75    3381 
  alu_/g767/Q              -       A->Q   F     NA2X2          1  17.8    84    64    3445 
  alu_/g765/Q              -       B->Q   R     NA3I1X4        2  19.8   132    85    3530 
  alu_/g758/Q              -       A->Q   R     AO21X4         1  18.0    72   157    3687 
  alu_/g756/Q              -       A->Q   F     NA2X4          3  30.7    96    53    3740 
  alu_/g46/Q               -       A->Q   F     BTLX4          4  50.3   500   168    3907 
  alu_/g751/Q              -       A->Q   R     INX2           2  22.4   189   175    4083 
  alu_/g14/Q               -       A->Q   F     ITLX1          5  37.4   500   119    4201 
  alu_/g744/Q              -       A->Q   F     AO21X2         1  14.9    73   239    4441 
  alu_/g74/Q               -       A->Q   F     BTLX4          6  72.7   500   180    4620 
  alu_/g15/Q               -       A->Q   F     BTLX8          5  52.3   500   221    4841 
  sw2__g3/Q                -       A->Q   F     BTLX8          4  60.7   500   288    5128 
  sw1__g11/Q               -       A->Q   F     BTLX12        11 106.7   500   303    5432 
  alu_/g739/Q              -       B->Q   R     NO2I1X4        1  21.7   159   157    5589 
  alu_/g1/Q                -       A->Q   R     BTHX8          6  65.2   500   151    5740 
  alu_/g9/Q                -       A->Q   R     BTHX8          5  47.8   500   156    5896 
  alu_/g737/Q              -       A->Q   F     NA2X4          1  16.8   116    54    5950 
  alu_/g736/Q              -       A->Q   R     INX2           1  12.7    58    51    6001 
  alu_/g728/Q              -       A->Q   F     NO3X2          1  17.7   104    52    6053 
  alu_/g75/Q               -       A->Q   R     ITLX12         3  54.7   500   200    6254 
  alu_/g16/Q               -       A->Q   R     BTHX8          5  48.5   500   146    6400 
  sw2__g4/Q                -       A->Q   R     BTLX8          4  62.4   500   161    6561 
  sw1__g12/Q               -       A->Q   R     BTLX12        13 100.7   500   145    6707 
  alu_/g721/Q              -       A->Q   F     NO3X4          1  30.0   179    79    6786 
  alu_/g3/Q                -       A->Q   F     BTHX12         5  66.1   500   154    6940 
  alu_/g11/Q               -       A->Q   F     BTHX8          5  54.2   500   224    7164 
  alu_/g698/Q              -       A->Q   R     NA2X4          1  17.8   132   140    7304 
  alu_/g684/Q              -       B->Q   F     NA3I1X4        1  30.0    98    77    7381 
  alu_/g69/Q               -       A->Q   F     BTHX12         5  63.4   500   137    7518 
  alu_/g10/Q               -       A->Q   F     BTHX4          5  47.7   500   252    7770 
  g4924/Q                  -       A->Q   R     INX3           1  15.9   146   123    7893 
  sw2__g6/Q                -       A->Q   F     ITHX1          4  51.6   500   135    8028 
  g4892/Q                  -       A->Q   R     INX3           1  15.9   152   127    8155 
  sw1__g14/Q               -       A->Q   F     ITHX1          3  34.7   500   108    8263 
  g4804/Q                  -       A->Q   R     INX2           1  11.2   128   118    8382 
  g4738/Q                  -       A->Q   F     ON21X1         1   8.9   127    78    8460 
  data_pins__dout_reg[2]/D -       -      F     DFFQX0         1     -     -     0    8460 
#------------------------------------------------------------------------------------------

