============================================================
  Generated by:           Genus(TM) Synthesis Solution GENUS15.22 - 15.20-s024_1
  Generated on:           Apr 04 2022  09:41:12 pm
  Module:                 z80_top_direct_n
  Interconnect mode:      global
  Area mode:              physical library
============================================================


Path 1: MET (240 ps) Setup Check with Pin data_pins__dout_reg[2]/CN->D
          Group: I2C
     Startpoint: (F) D[2]
          Clock: (R) CLK
       Endpoint: (F) data_pins__dout_reg[2]/D
          Clock: (F) CLK

                     Capture       Launch     
        Clock Edge:+    1000            0     
       Src Latency:+       0            0     
       Net Latency:+       0 (I)        0 (I) 
           Arrival:=    1000            0     
                                              
             Setup:-     172                  
     Required Time:=     828                  
      Launch Clock:-       0                  
       Input Delay:-     200                  
         Data Path:-     388                  
             Slack:=     240                  

#-----------------------------------------------------------------------------------------
#      Timing Point        Flags   Arc   Edge   Cell     Fanout  Load Trans Delay Arrival 
#                                                                (fF)  (ps)  (ps)   (ps)  
#-----------------------------------------------------------------------------------------
  D[2]                     -       -     F     (arrival)      1 333.9   160     0     200 
  g4768/Q                  -       B->Q  R     NA2X1          1   9.8   251   286     486 
  g4738/Q                  -       C->Q  F     ON21X1         1   8.9   127   103     588 
  data_pins__dout_reg[2]/D -       -     F     DFFQX0         1     -     -     0     588 
#-----------------------------------------------------------------------------------------

