============================================================
  Generated by:           Genus(TM) Synthesis Solution GENUS15.22 - 15.20-s024_1
  Generated on:           Apr 04 2022  09:59:10 pm
  Module:                 z80_top_direct_n
  Interconnect mode:      global
  Area mode:              physical library
============================================================


Path 1: VIOLATED (-5734 ps) Setup Check with Pin data_pins__dout_reg[2]/CN->D
          Group: C2C
     Startpoint: (R) ir__opcode_reg[1]/C
          Clock: (R) CLK
       Endpoint: (F) data_pins__dout_reg[2]/D
          Clock: (F) CLK

                     Capture       Launch     
        Clock Edge:+    1000            0     
       Src Latency:+       0            0     
       Net Latency:+       0 (I)        0 (I) 
           Arrival:=    1000            0     
                                              
             Setup:-     169                  
     Required Time:=     831                  
      Launch Clock:-       0                  
         Data Path:-    6565                  
             Slack:=   -5734                  

#-----------------------------------------------------------------------------------------
#      Timing Point        Flags   Arc   Edge   Cell     Fanout  Load Trans Delay Arrival 
#                                                                (fF)  (ps)  (ps)   (ps)  
#-----------------------------------------------------------------------------------------
  ir__opcode_reg[1]/C      -       -     R     (arrival)      8     -     0     -       0 
  ir__opcode_reg[1]/Q      -       C->Q  F     DFRRX4         8  98.7   169   339     339 
  g125106/Q                -       C->Q  R     NA3I1X4        3  56.7   193   156     495 
  fopt144875/Q             -       A->Q  F     INX8          10 132.4   104    85     580 
  g136460/Q                -       B->Q  R     NA2I1X4        5  56.6   152   115     695 
  g131747/Q                -       A->Q  R     AND3X4         5  45.7   118   156     851 
  g145334/Q                -       A->Q  F     NA2X4          2  38.8    87    66     917 
  fopt142390/Q             -       A->Q  R     INX6           2  36.9    54    45     962 
  g151/Q                   -       B->Q  F     NO2X2          1  20.2    87    59    1021 
  g146293/Q                -       B->Q  R     NA2I1X4        1  23.4    94    78    1099 
  g143479/Q                -       B->Q  F     NO2X4          3  41.4    73    68    1166 
  g143478/Q                -       A->Q  R     NO2X4          3  48.2   180   111    1277 
  fopt144509/Q             -       A->Q  F     INX4           1  22.7    59    45    1322 
  g138475/Q                -       C->Q  R     NA3X4          1  23.4   127    96    1419 
  g138474/Q                -       B->Q  F     NO2X4          1  18.0    58    55    1474 
  g132119/Q                -       A->Q  R     NA2X4          7  66.2   178   108    1582 
  alu_/g3075/Q             -       S->Q  R     MU2IX1         1  12.4   231   174    1757 
  alu_/g5331/Q             -       A->Q  F     NO2X2          1  23.4    96    75    1831 
  alu_/g5329/Q             -       B->Q  R     NO2X4          3  37.5   147   114    1945 
  alu_/g5328/Q             -       A->Q  F     NO2X4          1  18.1    62    44    1989 
  alu_/g64/Q               -       A->Q  R     NO2X4          2  32.2   134    86    2075 
  alu_/g67_dup/Q           -       B->Q  F     NA2X4          1  18.0    60    48    2123 
  alu_/g2729/Q             -       A->Q  R     NA2X4          2  24.2    98    64    2187 
  alu_/g4359/Q             -       A->Q  R     OR2X2          1  18.0    98   119    2306 
  alu_/g4358/Q             -       A->Q  F     NA2X4          1  20.8    60    48    2354 
  alu_/g4364/Q             -       B->Q  R     NA2X4          1  18.0    85    69    2423 
  alu_/g4363/Q             -       A->Q  F     NA2X4          2  35.0    76    58    2481 
  alu_/g46/Q               -       A->Q  F     BTLX12         3  72.8   500   130    2612 
  alu_/g3943/Q             -       A->Q  R     INX8           1  15.9    85    75    2686 
  alu_/g14/Q               -       A->Q  F     ITHX1          5  44.3   500   116    2803 
  alu_/g17/Q               -       A->Q  R     NA2X4          1  18.0   132   140    2943 
  alu_/g2500/Q             -       A->Q  F     NA2X4          1  30.0    77    59    3002 
  alu_/g74/Q               -       A->Q  F     BTLX12         2  56.3   500   126    3128 
  alu_/g15/Q               -       A->Q  F     BTLX16         5  52.3   500   202    3329 
  sw2__g3/Q                -       A->Q  F     BTLX8          2  49.9   500   279    3608 
  sw1__g11/Q               -       A->Q  F     BTLX12         3  37.5   500   254    3862 
  alu_/g2076/Q             -       A->Q  R     NO2X4          1  21.7   159   157    4019 
  alu_/g1/Q                -       A->Q  R     BTHX8          2  49.9   500   143    4162 
  alu_/g9/Q                -       A->Q  R     BTHX12         5  48.9   500   140    4302 
  alu_/g2311/Q             -       B->Q  F     NA2I1X4        1  20.9   114    57    4359 
  alu_/g833/Q              (p)     A->Q  R     INX3           1  18.3    58    50    4410 
  alu_/g728/Q              -       A->Q  F     NO3X4          1  33.2    94    50    4460 
  alu_/g2927/Q             -       A->Q  R     INX6           1  30.0    50    43    4503 
  alu_/g75/Q               -       A->Q  R     BTHX12         3  60.2   500   120    4623 
  alu_/g16/Q               -       A->Q  R     BTHX16         5  63.0   500   142    4765 
  sw2__g4/Q                -       A->Q  R     BTHX16         4  62.4   500   122    4887 
  sw1__g12/Q               -       A->Q  R     BTHX12         3  37.5   500   115    5002 
  alu_/g1657/Q             -       A->Q  F     NO2X4          1  21.7   112    56    5058 
  alu_/g3/Q                -       A->Q  F     BTLX8          2  49.9   500   146    5205 
  alu_/g11/Q               -       A->Q  F     BTLX12         5  44.4   500   203    5407 
  alu_/g4412/Q             -       A->Q  R     NA2X4          1  17.8   132   140    5548 
  alu_/g684/Q              -       B->Q  F     NA3I1X4        1  30.0    98    77    5625 
  alu_/g69/Q               -       A->Q  F     BTLX12         2  64.8   500   134    5758 
  alu_/g10/Q               -       A->Q  F     BTLX20         5  60.0   500   201    5959 
  fopt/Q                   -       A->Q  R     INX6           1  15.9   141   110    6069 
  sw2__g6/Q                -       A->Q  F     ITHX1          4  58.4   500   145    6214 
  sw1__g14/Q               -       A->Q  F     BTLX12         3  51.1   500   205    6419 
  g129542/Q                -       A->Q  R     INX6           1  11.2    86    72    6491 
  g128754/Q                -       A->Q  F     ON21X1         1   8.9   113    74    6565 
  data_pins__dout_reg[2]/D -       -     F     DFFQX0         1     -     -     0    6565 
#-----------------------------------------------------------------------------------------

(p) : Instance is preserved but may be resized

