============================================================
  Generated by:           Genus(TM) Synthesis Solution GENUS15.22 - 15.20-s024_1
  Generated on:           Apr 04 2022  09:59:10 pm
  Module:                 z80_top_direct_n
  Interconnect mode:      global
  Area mode:              physical library
============================================================


Path 1: VIOLATED (-193 ps) Late External Delay Assertion at pin data_pins__RC_CG_HIER_INST11/g6/B
          Group: CLK
     Startpoint: (R) data_pins__RC_CG_HIER_INST11/enl_reg/G
          Clock: (R) CLK
       Endpoint: (F) data_pins__RC_CG_HIER_INST11/g6/B
          Clock: (F) CLK

                     Capture       Launch     
        Clock Edge:+    1000            0     
       Src Latency:+       0            0     
       Net Latency:+       0 (I)        0 (I) 
           Arrival:=    1000            0     
                                              
      Output Delay:-       0                  
     Required Time:=    1000                  
      Launch Clock:-       0                  
         Data Path:-    1193                  
             Slack:=    -193                  

#------------------------------------------------------------------------------------------------------------
#             Timing Point               Flags   Arc   Edge      Cell        Fanout Load Trans Delay Arrival 
#                                                                                   (fF)  (ps)  (ps)   (ps)  
#------------------------------------------------------------------------------------------------------------
  data_pins__RC_CG_HIER_INST11/enl_reg/G -       -     R     (arrival)            -    -     -     -       0 
  -                                      -       -     R     latch_d_arrival      -    -     -     -     912 
  data_pins__RC_CG_HIER_INST11/enl_reg/Q -       -     R     DLHQX1               1 12.4   149  1133    1133 
  data_pins__RC_CG_HIER_INST11/fopt14/Q  -       A->Q  F     INX1                 1  9.2    71    59    1193 
  data_pins__RC_CG_HIER_INST11/g6/B      (b)     -     F     OR2X1                -    -     -     0    1193 
#------------------------------------------------------------------------------------------------------------

(b) : Timing paths are broken.

