============================================================
  Generated by:           Genus(TM) Synthesis Solution GENUS15.22 - 15.20-s024_1
  Generated on:           Apr 04 2022  09:59:04 pm
  Module:                 z80_top_direct_n
  Interconnect mode:      global
  Area mode:              physical library
============================================================

                               
  Gate    Instances    Area                Library            
--------------------------------------------------------------
AN211X0           5     76.860    D_CELLS_MOSST_typ_1_80V_25C 
AN211X1           5     92.232    D_CELLS_MOSST_typ_1_80V_25C 
AN211X4           1     33.818    D_CELLS_MOSST_typ_1_80V_25C 
AN21X0            2     24.595    D_CELLS_MOSST_typ_1_80V_25C 
AN21X1           61    750.154    D_CELLS_MOSST_typ_1_80V_25C 
AN21X2            1     27.670    D_CELLS_MOSST_typ_1_80V_25C 
AN221X0           1     18.446    D_CELLS_MOSST_typ_1_80V_25C 
AN221X1           6    129.125    D_CELLS_MOSST_typ_1_80V_25C 
AN222X1           1     24.595    D_CELLS_MOSST_typ_1_80V_25C 
AN22X0            1     15.372    D_CELLS_MOSST_typ_1_80V_25C 
AN22X1           10    153.720    D_CELLS_MOSST_typ_1_80V_25C 
AN311X1           2     43.042    D_CELLS_MOSST_typ_1_80V_25C 
AN31X1            9    138.348    D_CELLS_MOSST_typ_1_80V_25C 
AN31X2            1     27.670    D_CELLS_MOSST_typ_1_80V_25C 
AN32X1            1     18.446    D_CELLS_MOSST_typ_1_80V_25C 
AN33X1            2     43.042    D_CELLS_MOSST_typ_1_80V_25C 
AND2X0           40    491.904    D_CELLS_MOSST_typ_1_80V_25C 
AND2X1          101   1242.058    D_CELLS_MOSST_typ_1_80V_25C 
AND2X2           34    627.178    D_CELLS_MOSST_typ_1_80V_25C 
AND2X4           55   1521.828    D_CELLS_MOSST_typ_1_80V_25C 
AND3X0            2     30.744    D_CELLS_MOSST_typ_1_80V_25C 
AND3X1           23    353.556    D_CELLS_MOSST_typ_1_80V_25C 
AND3X2           14    301.291    D_CELLS_MOSST_typ_1_80V_25C 
AND3X4           32   1082.189    D_CELLS_MOSST_typ_1_80V_25C 
AND4X0            3     73.786    D_CELLS_MOSST_typ_1_80V_25C 
AND4X1            9    221.357    D_CELLS_MOSST_typ_1_80V_25C 
AND4X2            4    122.976    D_CELLS_MOSST_typ_1_80V_25C 
AND5X1           13    359.705    D_CELLS_MOSST_typ_1_80V_25C 
AND5X2            4    135.274    D_CELLS_MOSST_typ_1_80V_25C 
AND6X0            2     61.488    D_CELLS_MOSST_typ_1_80V_25C 
AND6X1           18    553.392    D_CELLS_MOSST_typ_1_80V_25C 
AND6X2            4    147.571    D_CELLS_MOSST_typ_1_80V_25C 
AO211X0           1     18.446    D_CELLS_MOSST_typ_1_80V_25C 
AO211X1           4     86.083    D_CELLS_MOSST_typ_1_80V_25C 
AO211X2           1     27.670    D_CELLS_MOSST_typ_1_80V_25C 
AO21X0            1     15.372    D_CELLS_MOSST_typ_1_80V_25C 
AO21X1           18    332.035    D_CELLS_MOSST_typ_1_80V_25C 
AO21X2            4     98.381    D_CELLS_MOSST_typ_1_80V_25C 
AO221X2           2     67.637    D_CELLS_MOSST_typ_1_80V_25C 
AO222X2           1     33.818    D_CELLS_MOSST_typ_1_80V_25C 
AO22X0            1     18.446    D_CELLS_MOSST_typ_1_80V_25C 
AO22X1            1     21.521    D_CELLS_MOSST_typ_1_80V_25C 
AO22X2            3     83.009    D_CELLS_MOSST_typ_1_80V_25C 
AO22X4            1     30.744    D_CELLS_MOSST_typ_1_80V_25C 
AO31X4            1     27.670    D_CELLS_MOSST_typ_1_80V_25C 
AO32X1            1     24.595    D_CELLS_MOSST_typ_1_80V_25C 
BTHCX6            1     43.042    D_CELLS_MOSST_typ_1_80V_25C 
BTHX0             2     49.190    D_CELLS_MOSST_typ_1_80V_25C 
BTHX1           101   2484.115    D_CELLS_MOSST_typ_1_80V_25C 
BTHX12            3    239.803    D_CELLS_MOSST_typ_1_80V_25C 
BTHX16            2    190.613    D_CELLS_MOSST_typ_1_80V_25C 
BTHX2            25    691.740    D_CELLS_MOSST_typ_1_80V_25C 
BTHX3             2     73.786    D_CELLS_MOSST_typ_1_80V_25C 
BTHX4             2     79.934    D_CELLS_MOSST_typ_1_80V_25C 
BTHX8             4    221.357    D_CELLS_MOSST_typ_1_80V_25C 
BTLX1            83   2041.402    D_CELLS_MOSST_typ_1_80V_25C 
BTLX12            8    639.475    D_CELLS_MOSST_typ_1_80V_25C 
BTLX16            1     95.306    D_CELLS_MOSST_typ_1_80V_25C 
BTLX2            17    470.383    D_CELLS_MOSST_typ_1_80V_25C 
BTLX20            1    119.902    D_CELLS_MOSST_typ_1_80V_25C 
BTLX8             5    276.696    D_CELLS_MOSST_typ_1_80V_25C 
BUCX4             1     24.595    D_CELLS_MOSST_typ_1_80V_25C 
BUX0            104   1278.950    D_CELLS_MOSST_typ_1_80V_25C 
BUX1             66    811.642    D_CELLS_MOSST_typ_1_80V_25C 
BUX12             4    245.952    D_CELLS_MOSST_typ_1_80V_25C 
BUX2             34    522.648    D_CELLS_MOSST_typ_1_80V_25C 
BUX3             14    301.291    D_CELLS_MOSST_typ_1_80V_25C 
BUX4              6    147.571    D_CELLS_MOSST_typ_1_80V_25C 
BUX6              4    135.274    D_CELLS_MOSST_typ_1_80V_25C 
BUX8              1     43.042    D_CELLS_MOSST_typ_1_80V_25C 
DFFQX0            3    147.571    D_CELLS_MOSST_typ_1_80V_25C 
DFFQX1           23   1202.090    D_CELLS_MOSST_typ_1_80V_25C 
DFFQX2            1     55.339    D_CELLS_MOSST_typ_1_80V_25C 
DFFRQX1          12    737.856    D_CELLS_MOSST_typ_1_80V_25C 
DFFRX4            1     92.232    D_CELLS_MOSST_typ_1_80V_25C 
DFFSQX1           1     61.488    D_CELLS_MOSST_typ_1_80V_25C 
DFFX1            17    940.766    D_CELLS_MOSST_typ_1_80V_25C 
DFRQX1          235  12282.228    D_CELLS_MOSST_typ_1_80V_25C 
DFRQX2            1     55.339    D_CELLS_MOSST_typ_1_80V_25C 
DFRRQX1          23   1414.224    D_CELLS_MOSST_typ_1_80V_25C 
DFRRQX2           4    258.250    D_CELLS_MOSST_typ_1_80V_25C 
DFRRQX4           6    498.053    D_CELLS_MOSST_typ_1_80V_25C 
DFRRSQX1          7    473.458    D_CELLS_MOSST_typ_1_80V_25C 
DFRRSQX2          1     70.711    D_CELLS_MOSST_typ_1_80V_25C 
DFRRX1            1     64.562    D_CELLS_MOSST_typ_1_80V_25C 
DFRRX4           10    922.320    D_CELLS_MOSST_typ_1_80V_25C 
DFRSQX0           1     55.339    D_CELLS_MOSST_typ_1_80V_25C 
DFRSQX4           1     73.786    D_CELLS_MOSST_typ_1_80V_25C 
DFRSX4            1     86.083    D_CELLS_MOSST_typ_1_80V_25C 
DFRX2             2    122.976    D_CELLS_MOSST_typ_1_80V_25C 
DLHQX1            5    184.464    D_CELLS_MOSST_typ_1_80V_25C 
DLHRQX1           1     39.967    D_CELLS_MOSST_typ_1_80V_25C 
DLHRX1            1     43.042    D_CELLS_MOSST_typ_1_80V_25C 
DLLQX1           34   1254.355    D_CELLS_MOSST_typ_1_80V_25C 
DLLRQX1           1     39.967    D_CELLS_MOSST_typ_1_80V_25C 
DLY1X0            2     49.190    D_CELLS_MOSST_typ_1_80V_25C 
EN2X0            11    169.092    D_CELLS_MOSST_typ_1_80V_25C 
EN2X1            16    344.333    D_CELLS_MOSST_typ_1_80V_25C 
EN2X2             1     33.818    D_CELLS_MOSST_typ_1_80V_25C 
EN3X1             1     39.967    D_CELLS_MOSST_typ_1_80V_25C 
EO2X1             7    150.646    D_CELLS_MOSST_typ_1_80V_25C 
HAX0              1     30.744    D_CELLS_MOSST_typ_1_80V_25C 
HAX2              2     73.786    D_CELLS_MOSST_typ_1_80V_25C 
HAX4              2     92.232    D_CELLS_MOSST_typ_1_80V_25C 
INX0             10     61.488    D_CELLS_MOSST_typ_1_80V_25C 
INX1            426   2619.389    D_CELLS_MOSST_typ_1_80V_25C 
INX12             3    175.241    D_CELLS_MOSST_typ_1_80V_25C 
INX2            124   1143.677    D_CELLS_MOSST_typ_1_80V_25C 
INX3             25    384.300    D_CELLS_MOSST_typ_1_80V_25C 
INX4             34    627.178    D_CELLS_MOSST_typ_1_80V_25C 
INX6             16    344.333    D_CELLS_MOSST_typ_1_80V_25C 
INX8             21    645.624    D_CELLS_MOSST_typ_1_80V_25C 
ITHCX12          14    946.915    D_CELLS_MOSST_typ_1_80V_25C 
ITHCX4            1     36.893    D_CELLS_MOSST_typ_1_80V_25C 
ITHCX6            2     92.232    D_CELLS_MOSST_typ_1_80V_25C 
ITHX0            21    258.250    D_CELLS_MOSST_typ_1_80V_25C 
ITHX1            95   1752.408    D_CELLS_MOSST_typ_1_80V_25C 
ITHX12            1     86.083    D_CELLS_MOSST_typ_1_80V_25C 
ITHX3             2     79.934    D_CELLS_MOSST_typ_1_80V_25C 
ITHX4             2     86.083    D_CELLS_MOSST_typ_1_80V_25C 
ITHX8             1     61.488    D_CELLS_MOSST_typ_1_80V_25C 
ITLCX16           2    172.166    D_CELLS_MOSST_typ_1_80V_25C 
ITLX0            28    344.333    D_CELLS_MOSST_typ_1_80V_25C 
ITLX1            15    276.696    D_CELLS_MOSST_typ_1_80V_25C 
ITLX12            1     86.083    D_CELLS_MOSST_typ_1_80V_25C 
ITLX4             1     43.042    D_CELLS_MOSST_typ_1_80V_25C 
ITLX8             1     61.488    D_CELLS_MOSST_typ_1_80V_25C 
MU2IX1           13    239.803    D_CELLS_MOSST_typ_1_80V_25C 
MU2IX2            2     73.786    D_CELLS_MOSST_typ_1_80V_25C 
MU2X1             4     98.381    D_CELLS_MOSST_typ_1_80V_25C 
MU2X2             1     24.595    D_CELLS_MOSST_typ_1_80V_25C 
MU2X4             1     30.744    D_CELLS_MOSST_typ_1_80V_25C 
NA2I1X0           4     49.190    D_CELLS_MOSST_typ_1_80V_25C 
NA2I1X1          55    845.460    D_CELLS_MOSST_typ_1_80V_25C 
NA2I1X2          17    313.589    D_CELLS_MOSST_typ_1_80V_25C 
NA2I1X4          33   1014.552    D_CELLS_MOSST_typ_1_80V_25C 
NA2X0            10     92.232    D_CELLS_MOSST_typ_1_80V_25C 
NA2X1           318   2932.978    D_CELLS_MOSST_typ_1_80V_25C 
NA2X2           158   2428.776    D_CELLS_MOSST_typ_1_80V_25C 
NA2X4           146   4488.624    D_CELLS_MOSST_typ_1_80V_25C 
NA3I1X0           1     15.372    D_CELLS_MOSST_typ_1_80V_25C 
NA3I1X1          20    368.928    D_CELLS_MOSST_typ_1_80V_25C 
NA3I1X2           9    249.026    D_CELLS_MOSST_typ_1_80V_25C 
NA3I1X4          19    759.377    D_CELLS_MOSST_typ_1_80V_25C 
NA3I2X0           1     21.521    D_CELLS_MOSST_typ_1_80V_25C 
NA3I2X1           8    172.166    D_CELLS_MOSST_typ_1_80V_25C 
NA3I2X2           3     92.232    D_CELLS_MOSST_typ_1_80V_25C 
NA3I2X4           8    393.523    D_CELLS_MOSST_typ_1_80V_25C 
NA3X0             4     49.190    D_CELLS_MOSST_typ_1_80V_25C 
NA3X1            66    811.642    D_CELLS_MOSST_typ_1_80V_25C 
NA3X2            42   1032.998    D_CELLS_MOSST_typ_1_80V_25C 
NA3X4            39   1798.524    D_CELLS_MOSST_typ_1_80V_25C 
NA4I1X2           1     33.818    D_CELLS_MOSST_typ_1_80V_25C 
NA4I2X4           1     43.042    D_CELLS_MOSST_typ_1_80V_25C 
NA4X1             2     55.339    D_CELLS_MOSST_typ_1_80V_25C 
NA5I1X2           1     36.893    D_CELLS_MOSST_typ_1_80V_25C 
NA5I1X4           1     46.116    D_CELLS_MOSST_typ_1_80V_25C 
NA5I3X1           3    101.455    D_CELLS_MOSST_typ_1_80V_25C 
NA5X1             2     61.488    D_CELLS_MOSST_typ_1_80V_25C 
NA5X4             1     49.190    D_CELLS_MOSST_typ_1_80V_25C 
NA6I1X1           2     73.786    D_CELLS_MOSST_typ_1_80V_25C 
NA6I2X1           2     86.083    D_CELLS_MOSST_typ_1_80V_25C 
NA6I3X1           5    184.464    D_CELLS_MOSST_typ_1_80V_25C 
NA6X1             2     67.637    D_CELLS_MOSST_typ_1_80V_25C 
NA6X2             1     39.967    D_CELLS_MOSST_typ_1_80V_25C 
NO2I1X0           1     12.298    D_CELLS_MOSST_typ_1_80V_25C 
NO2I1X1          54    664.070    D_CELLS_MOSST_typ_1_80V_25C 
NO2I1X2          20    430.416    D_CELLS_MOSST_typ_1_80V_25C 
NO2I1X4          18    553.392    D_CELLS_MOSST_typ_1_80V_25C 
NO2X0             8     73.786    D_CELLS_MOSST_typ_1_80V_25C 
NO2X1           283   2610.166    D_CELLS_MOSST_typ_1_80V_25C 
NO2X2           145   2228.940    D_CELLS_MOSST_typ_1_80V_25C 
NO2X4           148   4095.101    D_CELLS_MOSST_typ_1_80V_25C 
NO3I1X1          21    387.374    D_CELLS_MOSST_typ_1_80V_25C 
NO3I1X2           7    193.687    D_CELLS_MOSST_typ_1_80V_25C 
NO3I1X4           3    138.348    D_CELLS_MOSST_typ_1_80V_25C 
NO3I2X1           6    129.125    D_CELLS_MOSST_typ_1_80V_25C 
NO3I2X2           3    101.455    D_CELLS_MOSST_typ_1_80V_25C 
NO3I2X4           2     98.381    D_CELLS_MOSST_typ_1_80V_25C 
NO3X0             5     61.488    D_CELLS_MOSST_typ_1_80V_25C 
NO3X1            79   1214.388    D_CELLS_MOSST_typ_1_80V_25C 
NO3X2            21    516.499    D_CELLS_MOSST_typ_1_80V_25C 
NO3X4            22    879.278    D_CELLS_MOSST_typ_1_80V_25C 
NO4I1X4           1     43.042    D_CELLS_MOSST_typ_1_80V_25C 
NO4X2             4    122.976    D_CELLS_MOSST_typ_1_80V_25C 
NO4X4             4    147.571    D_CELLS_MOSST_typ_1_80V_25C 
NO5I2X1           2     67.637    D_CELLS_MOSST_typ_1_80V_25C 
NO5I3X1           3    101.455    D_CELLS_MOSST_typ_1_80V_25C 
NO5X2             4    135.274    D_CELLS_MOSST_typ_1_80V_25C 
NO5X4             3    119.902    D_CELLS_MOSST_typ_1_80V_25C 
NO6I1X1           1     43.042    D_CELLS_MOSST_typ_1_80V_25C 
NO6I2X1           1     43.042    D_CELLS_MOSST_typ_1_80V_25C 
NO6X0             1     33.818    D_CELLS_MOSST_typ_1_80V_25C 
NO6X1             6    221.357    D_CELLS_MOSST_typ_1_80V_25C 
NO6X2             4    147.571    D_CELLS_MOSST_typ_1_80V_25C 
NO6X4             2     92.232    D_CELLS_MOSST_typ_1_80V_25C 
OA211X0           3     55.339    D_CELLS_MOSST_typ_1_80V_25C 
OA211X1           2     43.042    D_CELLS_MOSST_typ_1_80V_25C 
OA211X2           2     49.190    D_CELLS_MOSST_typ_1_80V_25C 
OA21X1           11    202.910    D_CELLS_MOSST_typ_1_80V_25C 
OA21X2            2     43.042    D_CELLS_MOSST_typ_1_80V_25C 
OA21X4            4    110.678    D_CELLS_MOSST_typ_1_80V_25C 
OA22X1           10    215.208    D_CELLS_MOSST_typ_1_80V_25C 
OA22X2            4     98.381    D_CELLS_MOSST_typ_1_80V_25C 
OA31X1            2     43.042    D_CELLS_MOSST_typ_1_80V_25C 
OA321X1           1     27.670    D_CELLS_MOSST_typ_1_80V_25C 
ON211X0           2     30.744    D_CELLS_MOSST_typ_1_80V_25C 
ON211X1           8    147.571    D_CELLS_MOSST_typ_1_80V_25C 
ON211X2           1     27.670    D_CELLS_MOSST_typ_1_80V_25C 
ON21X0            3     36.893    D_CELLS_MOSST_typ_1_80V_25C 
ON21X1           59    906.948    D_CELLS_MOSST_typ_1_80V_25C 
ON21X2            3     83.009    D_CELLS_MOSST_typ_1_80V_25C 
ON221X1           3     73.786    D_CELLS_MOSST_typ_1_80V_25C 
ON221X2           1     33.818    D_CELLS_MOSST_typ_1_80V_25C 
ON222X2           1     36.893    D_CELLS_MOSST_typ_1_80V_25C 
ON22X0            1     15.372    D_CELLS_MOSST_typ_1_80V_25C 
ON22X1           10    184.464    D_CELLS_MOSST_typ_1_80V_25C 
ON22X2            1     30.744    D_CELLS_MOSST_typ_1_80V_25C 
ON311X1           2     36.893    D_CELLS_MOSST_typ_1_80V_25C 
ON31X0            1     15.372    D_CELLS_MOSST_typ_1_80V_25C 
ON31X1            5     92.232    D_CELLS_MOSST_typ_1_80V_25C 
ON32X1            1     21.521    D_CELLS_MOSST_typ_1_80V_25C 
ON33X0            1     21.521    D_CELLS_MOSST_typ_1_80V_25C 
OR2X1            38    467.309    D_CELLS_MOSST_typ_1_80V_25C 
OR2X2            42    645.624    D_CELLS_MOSST_typ_1_80V_25C 
OR2X4            24    590.285    D_CELLS_MOSST_typ_1_80V_25C 
OR3X1             2     36.893    D_CELLS_MOSST_typ_1_80V_25C 
OR3X2             3     64.562    D_CELLS_MOSST_typ_1_80V_25C 
OR3X4             7    236.729    D_CELLS_MOSST_typ_1_80V_25C 
OR4X1             7    172.166    D_CELLS_MOSST_typ_1_80V_25C 
OR4X2             4    122.976    D_CELLS_MOSST_typ_1_80V_25C 
OR5X1            11    304.366    D_CELLS_MOSST_typ_1_80V_25C 
OR5X2             2     67.637    D_CELLS_MOSST_typ_1_80V_25C 
OR6X1             6    202.910    D_CELLS_MOSST_typ_1_80V_25C 
OR6X2             2     92.232    D_CELLS_MOSST_typ_1_80V_25C 
OR6X4             1     52.265    D_CELLS_MOSST_typ_1_80V_25C 
SDFFRQX1          1     76.860    D_CELLS_MOSST_typ_1_80V_25C 
SDFRQX0           2    129.125    D_CELLS_MOSST_typ_1_80V_25C 
SDFRRQX1          5    384.300    D_CELLS_MOSST_typ_1_80V_25C 
SDFRRQX2          2    166.018    D_CELLS_MOSST_typ_1_80V_25C 
SDFRRQX4          2    190.613    D_CELLS_MOSST_typ_1_80V_25C 
SDFRRX4           1    107.604    D_CELLS_MOSST_typ_1_80V_25C 
--------------------------------------------------------------
total          4474  95380.186                                


                                          
     Type      Instances    Area   Area % 
------------------------------------------
sequential           406 22230.986   23.3 
inverter             659  6001.229    6.3 
buffer               236  3560.155    3.7 
tristate             444 12100.838   12.7 
logic               2729 51486.977   54.0 
physical_cells         0     0.000    0.0 
------------------------------------------
total               4474 95380.186  100.0 

