============================================================
  Generated by:           Genus(TM) Synthesis Solution GENUS15.22 - 15.20-s024_1
  Generated on:           Apr 04 2022  09:59:04 pm
  Module:                 z80_top_direct_n
  Interconnect mode:      global
  Area mode:              physical library
============================================================

Timing
--------

Clock Period 
-------------
CLK   2000.0 


        Cost          Critical             Violating 
       Group         Path Slack    TNS       Paths   
-----------------------------------------------------
C2C                     -5734.1   -560071        330 
C2O                    No paths         0            
cg_enable_group_CLK      -901.4    -23853         37 
CLK                      -192.7     -3214         38 
default                No paths         0            
I2C                       313.2         0          0 
I2O                    No paths         0            
-----------------------------------------------------
Total                             -587139        405 

Instance Count
--------------
Leaf Instance Count             4474 
Sequential Instance Count        406 
Combinational Instance Count    4068 
Hierarchical Instance Count       43 

Area
----
Cell Area                          95380.186
Physical Cell Area                 0.000
Total Cell Area (Cell+Physical)    95380.186
Net Area                           49883.159
Total Area (Cell+Physical+Net)     145263.345

Runtime                            -147.484 seconds
Elapsed Runtime                    1351 seconds
Genus peak memory usage            663.54 
Innovus peak memory usage          no_value 
Hostname                           pgmicro04.ufrgs.br
