============================================================
  Generated by:           Genus(TM) Synthesis Solution GENUS15.22 - 15.20-s024_1
  Generated on:           Apr 11 2022  08:07:50 pm
  Module:                 z80_top_direct_n
  Interconnect mode:      global
  Area mode:              physical library
============================================================

                               
  Gate    Instances    Area                Library            
--------------------------------------------------------------
AN211X0           9    138.348    D_CELLS_MOSST_typ_1_80V_25C 
AN211X1          14    258.250    D_CELLS_MOSST_typ_1_80V_25C 
AN21X1           57    700.963    D_CELLS_MOSST_typ_1_80V_25C 
AN221X0           4     73.786    D_CELLS_MOSST_typ_1_80V_25C 
AN221X1          22    473.458    D_CELLS_MOSST_typ_1_80V_25C 
AN222X1           3     73.786    D_CELLS_MOSST_typ_1_80V_25C 
AN22X1           46    707.112    D_CELLS_MOSST_typ_1_80V_25C 
AN311X1           1     21.521    D_CELLS_MOSST_typ_1_80V_25C 
AN31X1            6     92.232    D_CELLS_MOSST_typ_1_80V_25C 
AN321X1           3     73.786    D_CELLS_MOSST_typ_1_80V_25C 
AN32X1            1     18.446    D_CELLS_MOSST_typ_1_80V_25C 
AN33X1            4     86.083    D_CELLS_MOSST_typ_1_80V_25C 
AND2X1          330   4058.208    D_CELLS_MOSST_typ_1_80V_25C 
AND2X2            2     36.893    D_CELLS_MOSST_typ_1_80V_25C 
AND2X4            2     55.339    D_CELLS_MOSST_typ_1_80V_25C 
AND3X1           50    768.600    D_CELLS_MOSST_typ_1_80V_25C 
AND4X1           10    245.952    D_CELLS_MOSST_typ_1_80V_25C 
AND5X1            3     83.009    D_CELLS_MOSST_typ_1_80V_25C 
AND6X1           37   1137.528    D_CELLS_MOSST_typ_1_80V_25C 
AO211X1           3     64.562    D_CELLS_MOSST_typ_1_80V_25C 
AO21X0            5     76.860    D_CELLS_MOSST_typ_1_80V_25C 
AO21X1           15    276.696    D_CELLS_MOSST_typ_1_80V_25C 
AO221X1           1     24.595    D_CELLS_MOSST_typ_1_80V_25C 
AO222X1           2     55.339    D_CELLS_MOSST_typ_1_80V_25C 
AO22X0           12    221.357    D_CELLS_MOSST_typ_1_80V_25C 
AO22X1            2     43.042    D_CELLS_MOSST_typ_1_80V_25C 
AO311X1           1     21.521    D_CELLS_MOSST_typ_1_80V_25C 
AO31X1            3     64.562    D_CELLS_MOSST_typ_1_80V_25C 
AO321X0           1     24.595    D_CELLS_MOSST_typ_1_80V_25C 
AO32X1            1     24.595    D_CELLS_MOSST_typ_1_80V_25C 
AO33X0            1     24.595    D_CELLS_MOSST_typ_1_80V_25C 
BTHX1           142   3492.518    D_CELLS_MOSST_typ_1_80V_25C 
BTLX1            91   2238.163    D_CELLS_MOSST_typ_1_80V_25C 
BUX0             73    897.725    D_CELLS_MOSST_typ_1_80V_25C 
BUX1             56    688.666    D_CELLS_MOSST_typ_1_80V_25C 
DFFQX1           27   1411.150    D_CELLS_MOSST_typ_1_80V_25C 
DFFRQX0          12    700.963    D_CELLS_MOSST_typ_1_80V_25C 
DFFSQX0           1     55.339    D_CELLS_MOSST_typ_1_80V_25C 
DFFX1            17    940.766    D_CELLS_MOSST_typ_1_80V_25C 
DFRQX1          227  11864.110    D_CELLS_MOSST_typ_1_80V_25C 
DFRRQX1          33   2029.104    D_CELLS_MOSST_typ_1_80V_25C 
DFRRQX2           5    322.812    D_CELLS_MOSST_typ_1_80V_25C 
DFRRQX4           1     83.009    D_CELLS_MOSST_typ_1_80V_25C 
DFRRX1            1     64.562    D_CELLS_MOSST_typ_1_80V_25C 
DFRRX4            9    830.088    D_CELLS_MOSST_typ_1_80V_25C 
DFRSQX0           1     55.339    D_CELLS_MOSST_typ_1_80V_25C 
DFRSQX4           1     73.786    D_CELLS_MOSST_typ_1_80V_25C 
DFRX1             2    110.678    D_CELLS_MOSST_typ_1_80V_25C 
DLHQX1            7    258.250    D_CELLS_MOSST_typ_1_80V_25C 
DLHRX1            1     43.042    D_CELLS_MOSST_typ_1_80V_25C 
DLLQX1           36   1328.141    D_CELLS_MOSST_typ_1_80V_25C 
EN2X0            36    553.392    D_CELLS_MOSST_typ_1_80V_25C 
EN2X1             1     21.521    D_CELLS_MOSST_typ_1_80V_25C 
EN3X0             2     55.339    D_CELLS_MOSST_typ_1_80V_25C 
EO2X0             4     61.488    D_CELLS_MOSST_typ_1_80V_25C 
INX0              1      6.149    D_CELLS_MOSST_typ_1_80V_25C 
INX1            400   2459.520    D_CELLS_MOSST_typ_1_80V_25C 
INX2              2     18.446    D_CELLS_MOSST_typ_1_80V_25C 
ITHX0           142   1746.259    D_CELLS_MOSST_typ_1_80V_25C 
ITHX1            24    442.714    D_CELLS_MOSST_typ_1_80V_25C 
ITLX0            37    455.011    D_CELLS_MOSST_typ_1_80V_25C 
ITLX1             8    147.571    D_CELLS_MOSST_typ_1_80V_25C 
MU2IX1           18    332.035    D_CELLS_MOSST_typ_1_80V_25C 
MU2X0            28    602.582    D_CELLS_MOSST_typ_1_80V_25C 
MU4X1             3    138.348    D_CELLS_MOSST_typ_1_80V_25C 
NA2I1X0           5     61.488    D_CELLS_MOSST_typ_1_80V_25C 
NA2I1X1          25    384.300    D_CELLS_MOSST_typ_1_80V_25C 
NA2X1           223   2056.774    D_CELLS_MOSST_typ_1_80V_25C 
NA3I1X1          19    350.482    D_CELLS_MOSST_typ_1_80V_25C 
NA3I2X1           2     43.042    D_CELLS_MOSST_typ_1_80V_25C 
NA3X1            58    713.261    D_CELLS_MOSST_typ_1_80V_25C 
NA4I1X1           1     30.744    D_CELLS_MOSST_typ_1_80V_25C 
NA4X1             3     83.009    D_CELLS_MOSST_typ_1_80V_25C 
NA5I1X1           4    135.274    D_CELLS_MOSST_typ_1_80V_25C 
NA5I2X1           3    101.455    D_CELLS_MOSST_typ_1_80V_25C 
NA5I3X1           3    101.455    D_CELLS_MOSST_typ_1_80V_25C 
NA5X1             1     30.744    D_CELLS_MOSST_typ_1_80V_25C 
NA6I1X1           9    332.035    D_CELLS_MOSST_typ_1_80V_25C 
NA6I2X1           1     43.042    D_CELLS_MOSST_typ_1_80V_25C 
NA6I3X1          25    922.320    D_CELLS_MOSST_typ_1_80V_25C 
NA6I4X1           8    319.738    D_CELLS_MOSST_typ_1_80V_25C 
NA6X1             1     33.818    D_CELLS_MOSST_typ_1_80V_25C 
NO2I1X1          98   1205.165    D_CELLS_MOSST_typ_1_80V_25C 
NO2X1           226   2084.443    D_CELLS_MOSST_typ_1_80V_25C 
NO2X2             1     15.372    D_CELLS_MOSST_typ_1_80V_25C 
NO3I1X0           2     30.744    D_CELLS_MOSST_typ_1_80V_25C 
NO3I1X1          17    313.589    D_CELLS_MOSST_typ_1_80V_25C 
NO3I2X1           5    107.604    D_CELLS_MOSST_typ_1_80V_25C 
NO3X0            41    504.202    D_CELLS_MOSST_typ_1_80V_25C 
NO3X1            45    691.740    D_CELLS_MOSST_typ_1_80V_25C 
NO4I2X1           1     30.744    D_CELLS_MOSST_typ_1_80V_25C 
NO4X2             3     92.232    D_CELLS_MOSST_typ_1_80V_25C 
NO5I2X1           3    101.455    D_CELLS_MOSST_typ_1_80V_25C 
NO5I3X1           9    304.366    D_CELLS_MOSST_typ_1_80V_25C 
NO5X2             3    101.455    D_CELLS_MOSST_typ_1_80V_25C 
NO6I1X1           1     43.042    D_CELLS_MOSST_typ_1_80V_25C 
NO6I2X1           6    258.250    D_CELLS_MOSST_typ_1_80V_25C 
NO6I3X1           1     46.116    D_CELLS_MOSST_typ_1_80V_25C 
NO6I4X1           5    215.208    D_CELLS_MOSST_typ_1_80V_25C 
NO6X0             4    135.274    D_CELLS_MOSST_typ_1_80V_25C 
NO6X1            12    442.714    D_CELLS_MOSST_typ_1_80V_25C 
OA211X1          16    344.333    D_CELLS_MOSST_typ_1_80V_25C 
OA21X0            2     30.744    D_CELLS_MOSST_typ_1_80V_25C 
OA21X1           23    424.267    D_CELLS_MOSST_typ_1_80V_25C 
OA221X1           6    147.571    D_CELLS_MOSST_typ_1_80V_25C 
OA222X1           3     83.009    D_CELLS_MOSST_typ_1_80V_25C 
OA22X1            2     43.042    D_CELLS_MOSST_typ_1_80V_25C 
OA31X1            5    107.604    D_CELLS_MOSST_typ_1_80V_25C 
OA32X0            4     86.083    D_CELLS_MOSST_typ_1_80V_25C 
ON211X0           2     30.744    D_CELLS_MOSST_typ_1_80V_25C 
ON211X1          16    295.142    D_CELLS_MOSST_typ_1_80V_25C 
ON21X1           62    953.064    D_CELLS_MOSST_typ_1_80V_25C 
ON221X1          18    442.714    D_CELLS_MOSST_typ_1_80V_25C 
ON222X1           3     83.009    D_CELLS_MOSST_typ_1_80V_25C 
ON22X0            3     46.116    D_CELLS_MOSST_typ_1_80V_25C 
ON22X1            8    147.571    D_CELLS_MOSST_typ_1_80V_25C 
ON311X1           1     18.446    D_CELLS_MOSST_typ_1_80V_25C 
ON31X0            2     30.744    D_CELLS_MOSST_typ_1_80V_25C 
ON31X1           10    184.464    D_CELLS_MOSST_typ_1_80V_25C 
OR2X1           107   1315.843    D_CELLS_MOSST_typ_1_80V_25C 
OR3X0             2     30.744    D_CELLS_MOSST_typ_1_80V_25C 
OR3X1            11    202.910    D_CELLS_MOSST_typ_1_80V_25C 
OR4X1            16    393.523    D_CELLS_MOSST_typ_1_80V_25C 
OR5X1            27    747.079    D_CELLS_MOSST_typ_1_80V_25C 
OR6X1            22    744.005    D_CELLS_MOSST_typ_1_80V_25C 
SDFFRQX1          1     76.860    D_CELLS_MOSST_typ_1_80V_25C 
SDFFRX4           1    107.604    D_CELLS_MOSST_typ_1_80V_25C 
SDFRQX0           1     64.562    D_CELLS_MOSST_typ_1_80V_25C 
SDFRQX1           7    494.978    D_CELLS_MOSST_typ_1_80V_25C 
SDFRQX2           4    282.845    D_CELLS_MOSST_typ_1_80V_25C 
SDFRRQX0          3    221.357    D_CELLS_MOSST_typ_1_80V_25C 
SDFRRQX1          5    384.300    D_CELLS_MOSST_typ_1_80V_25C 
SDFRRQX2          1     83.009    D_CELLS_MOSST_typ_1_80V_25C 
SDFRRQX4          2    190.613    D_CELLS_MOSST_typ_1_80V_25C 
SDFRRX4           2    215.208    D_CELLS_MOSST_typ_1_80V_25C 
--------------------------------------------------------------
total          3372  66075.005                                


                                          
     Type      Instances    Area   Area % 
------------------------------------------
sequential           408 22292.474   33.7 
inverter             403  2484.115    3.8 
buffer               129  1586.390    2.4 
tristate             444  8522.237   12.9 
logic               1988 31189.788   47.2 
physical_cells         0     0.000    0.0 
------------------------------------------
total               3372 66075.005  100.0 

