============================================================
  Generated by:           Genus(TM) Synthesis Solution GENUS15.22 - 15.20-s024_1
  Generated on:           Apr 11 2022  08:07:50 pm
  Module:                 z80_top_direct_n
  Interconnect mode:      global
  Area mode:              physical library
============================================================

Timing
--------

Clock  Period 
--------------
CLK   55000.0 


        Cost          Critical       Violating 
       Group         Path Slack TNS    Paths   
-----------------------------------------------
C2C                      2992.2   0          0 
C2O                    No paths   0            
cg_enable_group_CLK         0.0   0          0 
CLK                     21406.3   0          0 
default                No paths   0            
I2C                     26509.7   0          0 
I2O                    No paths   0            
-----------------------------------------------
Total                             0          0 

Instance Count
--------------
Leaf Instance Count             3372 
Sequential Instance Count        408 
Combinational Instance Count    2964 
Hierarchical Instance Count       45 

Area
----
Cell Area                          66075.005
Physical Cell Area                 0.000
Total Cell Area (Cell+Physical)    66075.005
Net Area                           40000.328
Total Area (Cell+Physical+Net)     106075.333

Runtime                            -129.428 seconds
Elapsed Runtime                    186 seconds
Genus peak memory usage            667.16 
Innovus peak memory usage          no_value 
Hostname                           pgmicro04.ufrgs.br
