============================================================
  Generated by:           Genus(TM) Synthesis Solution GENUS15.22 - 15.20-s024_1
  Generated on:           Apr 11 2022  06:59:52 pm
  Module:                 z80_top_direct_n
  Interconnect mode:      global
  Area mode:              physical library
============================================================

Some unconstrained paths have not been displayed.
Use -unconstrained or set the root attribute 'timing_report_unconstrained' to 'true' to see only these unconstrained paths.

============================================================
  Generated by:           Genus(TM) Synthesis Solution GENUS15.22 - 15.20-s024_1
  Generated on:           Apr 11 2022  06:59:52 pm
  Module:                 z80_top_direct_n
  Interconnect mode:      global
  Area mode:              physical library
============================================================

No paths found

============================================================
  Generated by:           Genus(TM) Synthesis Solution GENUS15.22 - 15.20-s024_1
  Generated on:           Apr 11 2022  06:59:52 pm
  Module:                 z80_top_direct_n
  Interconnect mode:      global
  Area mode:              physical library
============================================================


Path 1: MET (999400 ps) Setup Check with Pin data_pins_/dout_reg[7]/clk->d
          Group: I2C
     Startpoint: (R) D[7]
          Clock: (R) CLK
       Endpoint: (R) data_pins_/dout_reg[7]/d
          Clock: (F) CLK

                      Capture       Launch     
        Clock Edge:+  1000000            0     
       Src Latency:+        0            0     
       Net Latency:+        0 (I)        0 (I) 
           Arrival:=  1000000            0     
                                               
             Setup:-      279                  
     Required Time:=   999721                  
      Launch Clock:-        0                  
       Input Delay:-      200                  
         Data Path:-      121                  
             Slack:=   999400                  

#-------------------------------------------------------------------------------------------------
#      Timing Point        Flags    Arc    Edge      Cell        Fanout  Load Trans Delay Arrival 
#                                                                        (fF)  (ps)  (ps)   (ps)  
#-------------------------------------------------------------------------------------------------
  D[7]                     (u)     -       R     (arrival)            1 332.1   160     0     200 
  data_pins_/g48/z         (u)     in_1->z R     unmapped_and2        1   5.3     0    60     260 
  data_pins_/g55/z         (u)     in_0->z R     unmapped_or2         1   5.3     0    60     321 
  data_pins_/dout_reg[7]/d -       -       R     unmapped_d_flop      1     -     -     0     321 
#-------------------------------------------------------------------------------------------------

(u) : Net has unmapped pin(s).

============================================================
  Generated by:           Genus(TM) Synthesis Solution GENUS15.22 - 15.20-s024_1
  Generated on:           Apr 11 2022  06:59:52 pm
  Module:                 z80_top_direct_n
  Interconnect mode:      global
  Area mode:              physical library
============================================================

No paths found

============================================================
  Generated by:           Genus(TM) Synthesis Solution GENUS15.22 - 15.20-s024_1
  Generated on:           Apr 11 2022  06:59:52 pm
  Module:                 z80_top_direct_n
  Interconnect mode:      global
  Area mode:              physical library
============================================================


Path 1: MET (988989 ps) Setup Check with Pin data_pins_/dout_reg[2]/clk->d
          Group: C2C
     Startpoint: (R) decode_state_/DFFE_instED_reg/clk
          Clock: (R) CLK
       Endpoint: (R) data_pins_/dout_reg[2]/d
          Clock: (F) CLK

                      Capture       Launch     
        Clock Edge:+  1000000            0     
       Src Latency:+        0            0     
       Net Latency:+        0 (I)        0 (I) 
           Arrival:=  1000000            0     
                                               
             Setup:-      279                  
     Required Time:=   999721                  
      Launch Clock:-        0                  
         Data Path:-    10731                  
             Slack:=   988989                  

#---------------------------------------------------------------------------------------------------------
#           Timing Point            Flags    Arc    Edge      Cell        Fanout Load Trans Delay Arrival 
#                                                                                (fF)  (ps)  (ps)   (ps)  
#---------------------------------------------------------------------------------------------------------
  decode_state_/DFFE_instED_reg/clk -       -       R     (arrival)          312    -     0     -       0 
  decode_state_/DFFE_instED_reg/q   (u)     clk->q  F     unmapped_d_flop     18 26.5     0   329     329 
  decode_state_/g3/z                (u)     in_0->z F     unmapped_or2         1  5.3     0    60     389 
  decode_state_/g4/z                (u)     in_0->z R     unmapped_not        49 37.1     0   134     523 
  pla_decode_/eq_57_72/g11/z        (u)     in_0->z R     unmapped_xnor2       1  5.3     0   138     661 
  pla_decode_/eq_57_72/g18/z        (u)     in_3->z F     unmapped_nand4       1  5.3     0   145     805 
  pla_decode_/eq_57_72/g20/z        (u)     in_2->z R     unmapped_nor4        1  5.3     0   145     950 
  pla_decode_/mux_57_72/g1/z        (u)     sel0->z F     unmapped_bmux3      10 53.0     0   211    1161 
  execute_/g811/z                   (u)     in_0->z R     unmapped_not         1  5.3     0    36    1197 
  execute_/g812/z                   (u)     in_1->z R     unmapped_and2       10 53.0     0   133    1330 
  execute_/g843/z                   (u)     in_0->z R     unmapped_and2        6 31.8     0   106    1436 
  execute_/g23869/z                 (u)     in_1->z R     unmapped_or2         1  5.3     0    60    1496 
  execute_/g23870/z                 (u)     in_3->z R     unmapped_or4         2 10.6     0   154    1651 
  execute_/g24581/z                 (u)     in_0->z R     unmapped_or2         1  5.3     0    60    1711 
  execute_/g24582/z                 (u)     in_3->z R     unmapped_or4         3 15.9     0   164    1875 
  execute_/g24685/z                 (u)     in_0->z R     unmapped_or2         1  5.3     0    60    1936 
  execute_/g24686/z                 (u)     in_3->z R     unmapped_or4         2 10.6     0   154    2090 
  execute_/g20263/z                 (u)     in_1->z R     unmapped_and2        1  5.3     0    60    2151 
  execute_/g24680/z                 (u)     in_1->z R     unmapped_or2         1  5.3     0    60    2211 
  execute_/g24684/z                 (u)     in_0->z R     unmapped_or4         2 10.6     0   154    2366 
  execute_/g20307/z                 (u)     in_1->z R     unmapped_and2        1  5.3     0    60    2426 
  execute_/g24675/z                 (u)     in_1->z R     unmapped_or4         1  5.3     0   145    2571 
  execute_/g24679/z                 (u)     in_0->z R     unmapped_or4         2 10.6     0   154    2725 
  execute_/g20419/z                 (u)     in_1->z R     unmapped_and2        1  5.3     0    60    2785 
  execute_/g24670/z                 (u)     in_1->z R     unmapped_or3         1  5.3     0    89    2874 
  execute_/g24674/z                 (u)     in_0->z R     unmapped_or4         2 10.6     0   154    3029 
  execute_/g20471/z                 (u)     in_1->z R     unmapped_and2        1  5.3     0    60    3089 
  execute_/g24665/z                 (u)     in_1->z R     unmapped_or3         1  5.3     0    89    3178 
  execute_/g24669/z                 (u)     in_0->z R     unmapped_or4         2 10.6     0   154    3332 
  execute_/g20531/z                 (u)     in_1->z R     unmapped_and2        1  5.3     0    60    3393 
  execute_/g24660/z                 (u)     in_1->z R     unmapped_or3         1  5.3     0    89    3482 
  execute_/g24664/z                 (u)     in_0->z R     unmapped_or4         2 10.6     0   154    3636 
  execute_/g20583/z                 (u)     in_1->z R     unmapped_and2        1  5.3     0    60    3697 
  execute_/g24656/z                 (u)     in_1->z R     unmapped_or2         1  5.3     0    60    3757 
  execute_/g24659/z                 (u)     in_1->z R     unmapped_or4         2 10.6     0   154    3912 
  execute_/g20767/z                 (u)     in_1->z R     unmapped_and2        1  5.3     0    60    3972 
  execute_/g24647/z                 (u)     in_1->z R     unmapped_or2         1  5.3     0    60    4033 
  execute_/g24654/z                 (u)     in_0->z R     unmapped_or4         1  5.3     0   145    4177 
  execute_/g24655/z                 (u)     in_3->z R     unmapped_or4         2 10.6     0   154    4332 
  execute_/g21223/z                 (u)     in_1->z R     unmapped_and2        1  5.3     0    60    4392 
  execute_/g24646/z                 (u)     in_1->z R     unmapped_or4         2 10.6     0   154    4546 
  execute_/g21291/z                 (u)     in_1->z R     unmapped_and2        1  5.3     0    60    4607 
  execute_/g24645/z                 (u)     in_1->z R     unmapped_or4         2 10.6     0   154    4761 
  execute_/g21363/z                 (u)     in_1->z R     unmapped_and2        1  5.3     0    60    4822 
  execute_/g24626/z                 (u)     in_1->z R     unmapped_or2         1  5.3     0    60    4882 
  execute_/g24640/z                 (u)     in_2->z R     unmapped_or4         1  5.3     0   145    5027 
  execute_/g24644/z                 (u)     in_0->z R     unmapped_or4         2 10.6     0   154    5181 
  execute_/g22111/z                 (u)     in_1->z R     unmapped_and2        1  5.3     0    60    5242 
  execute_/g24621/z                 (u)     in_1->z R     unmapped_or2         1  5.3     0    60    5302 
  execute_/g24625/z                 (u)     in_0->z R     unmapped_or4         2 10.6     0   154    5456 
  execute_/g22147/z                 (u)     in_1->z R     unmapped_and2        1  5.3     0    60    5517 
  execute_/g24617/z                 (u)     in_1->z R     unmapped_or2         1  5.3     0    60    5577 
  execute_/g24620/z                 (u)     in_1->z R     unmapped_or4         2 10.6     0   154    5732 
  execute_/g22183/z                 (u)     in_1->z R     unmapped_and2        1  5.3     0    60    5792 
  execute_/g24613/z                 (u)     in_1->z R     unmapped_or2         1  5.3     0    60    5853 
  execute_/g24616/z                 (u)     in_1->z R     unmapped_or4         2 10.6     0   154    6007 
  execute_/g22219/z                 (u)     in_1->z R     unmapped_and2        1  5.3     0    60    6067 
  execute_/g24609/z                 (u)     in_1->z R     unmapped_or2         1  5.3     0    60    6128 
  execute_/g24612/z                 (u)     in_1->z R     unmapped_or4         2 10.6     0   154    6282 
  execute_/g22275/z                 (u)     in_1->z R     unmapped_and2        1  5.3     0    60    6343 
  execute_/g24605/z                 (u)     in_1->z R     unmapped_or2         1  5.3     0    60    6403 
  execute_/g24608/z                 (u)     in_1->z R     unmapped_or4         2 10.6     0   154    6558 
  execute_/g22299/z                 (u)     in_1->z R     unmapped_and2        1  5.3     0    60    6618 
  execute_/g24600/z                 (u)     in_1->z R     unmapped_or3         1  5.3     0    89    6707 
  execute_/g24604/z                 (u)     in_0->z R     unmapped_or4         2 10.6     0   154    6861 
  execute_/g22375/z                 (u)     in_1->z R     unmapped_and2        1  5.3     0    60    6922 
  execute_/g24597/z                 (u)     in_1->z R     unmapped_or2         1  5.3     0    60    6982 
  execute_/g24599/z                 (u)     in_2->z R     unmapped_or4         2 10.6     0   154    7137 
  execute_/g22463/z                 (u)     in_1->z R     unmapped_and2        1  5.3     0    60    7197 
  execute_/g24596/z                 (u)     in_1->z R     unmapped_or4         2 10.6     0   154    7351 
  execute_/g22515/z                 (u)     in_1->z R     unmapped_and2        1  5.3     0    60    7412 
  execute_/g24595/z                 (u)     in_1->z R     unmapped_or4         2 10.6     0   154    7566 
  execute_/g22559/z                 (u)     in_1->z R     unmapped_and2        1  5.3     0    60    7627 
  execute_/g24591/z                 (u)     in_1->z R     unmapped_or2         1  5.3     0    60    7687 
  execute_/g24594/z                 (u)     in_1->z R     unmapped_or4         2 10.6     0   154    7842 
  execute_/g22627/z                 (u)     in_1->z R     unmapped_and2        1  5.3     0    60    7902 
  execute_/g24586/z                 (u)     in_1->z R     unmapped_or2         1  5.3     0    60    7962 
  execute_/g24590/z                 (u)     in_0->z R     unmapped_or4         2 10.6     0   154    8117 
  execute_/g22761/z                 (u)     in_1->z R     unmapped_and2        1  5.3     0    60    8177 
  execute_/g24583/z                 (u)     in_1->z R     unmapped_or2         1  5.3     0    60    8238 
  execute_/g24585/z                 (u)     in_2->z R     unmapped_or4         2 10.6     0   154    8392 
  reg_file_/g1/z                    (u)     in_1->z R     unmapped_and2        3 15.9     0    80    8472 
  reg_file_/g2/z                    (u)     in_0->z R     unmapped_and2        8 42.4     0   121    8594 
  reg_file_/b2v_latch_wz_lo/g2/z    (u)     in_1->z R     unmapped_bufif1     14 67.5     0    98    8692 
  reg_file_/g149/z                  (u)     in_0->z R     unmapped_bufif1      4 37.6     0    56    8748 
  sw2_/g10/z                        (u)     in_0->z R     unmapped_bufif1      5 35.7     0    56    8804 
  alu_/b2v_input_shift/g18/z        (u)     in_0->z R     unmapped_and2        1  5.3     0    60    8864 
  alu_/b2v_input_shift/g38/z        (u)     in_1->z R     unmapped_or2         1  5.3     0    60    8925 
  alu_/g74/z                        (u)     in_0->z R     unmapped_bufif1      6 48.5     0    81    9006 
  alu_/g15/z                        (u)     in_0->z R     unmapped_bufif1      5 35.7     0    56    9062 
  sw2_/g3/z                         (u)     in_0->z R     unmapped_bufif1      4 37.3     0    56    9118 
  sw1_/g11/z                        (u)     in_0->z R     unmapped_bufif1      8 51.3     0    74    9192 
  alu_/b2v_input_bit_select/g19/z   (u)     in_0->z F     unmapped_not         4 21.2     0    66    9257 
  alu_/b2v_input_bit_select/g8/z    (u)     in_1->z F     unmapped_and2        1  5.3     0    60    9318 
  alu_/g1/z                         (u)     in_0->z F     unmapped_bufif1      6 48.5     0    81    9399 
  alu_/g9/z                         (u)     in_0->z F     unmapped_bufif1      5 36.0     0    66    9465 
  alu_/b2v_input_shift/g13/z        (u)     in_0->z F     unmapped_and2        1  5.3     0    60    9525 
  alu_/b2v_input_shift/g35/z        (u)     in_1->z F     unmapped_or2         1  5.3     0    60    9586 
  alu_/b2v_input_shift/g36/z        (u)     in_0->z F     unmapped_or2         1  5.3     0    60    9646 
  alu_/g75/z                        (u)     in_0->z F     unmapped_bufif1      5 43.2     0    74    9720 
  alu_/g16/z                        (u)     in_0->z F     unmapped_bufif1      5 35.4     0    46    9766 
  sw2_/g4/z                         (u)     in_0->z F     unmapped_bufif1      4 37.3     0    56    9822 
  sw1_/g12/z                        (u)     in_0->z F     unmapped_bufif1      8 52.2     0    89    9911 
  alu_/b2v_input_bit_select/g18/z   (u)     in_0->z R     unmapped_not         2 10.6     0    46    9957 
  alu_/b2v_input_bit_select/g3/z    (u)     in_1->z R     unmapped_and2        2 13.8     0    60   10017 
  alu_/b2v_input_bit_select/g4/z    (u)     in_0->z R     unmapped_and2        1  5.3     0    60   10078 
  alu_/g3/z                         (u)     in_0->z R     unmapped_bufif1      5 43.2     0    74   10151 
  alu_/g11/z                        (u)     in_0->z R     unmapped_bufif1      5 35.7     0    56   10207 
  alu_/b2v_input_shift/g7/z         (u)     in_0->z R     unmapped_and2        1  5.3     0    60   10268 
  alu_/b2v_input_shift/g31/z        (u)     in_1->z R     unmapped_or2         1  5.3     0    60   10328 
  alu_/b2v_input_shift/g32/z        (u)     in_0->z R     unmapped_or2         1  5.3     0    60   10389 
  alu_/g69/z                        (u)     in_0->z R     unmapped_bufif1      5 43.2     0    74   10462 
  alu_/g10/z                        (u)     in_0->z R     unmapped_bufif1      5 35.4     0    46   10508 
  sw2_/g6/z                         (u)     in_0->z R     unmapped_bufif1      4 37.3     0    56   10564 
  sw1_/g14/z                        (u)     in_0->z R     unmapped_bufif1      3 25.7     0    46   10610 
  data_pins_/g36/z                  (u)     in_1->z R     unmapped_and2        1  5.3     0    60   10671 
  data_pins_/g51/z                  (u)     in_1->z R     unmapped_or2         1  5.3     0    60   10731 
  data_pins_/dout_reg[2]/d          -       -       R     unmapped_d_flop      1    -     -     0   10731 
#---------------------------------------------------------------------------------------------------------

(u) : Net has unmapped pin(s).

============================================================
  Generated by:           Genus(TM) Synthesis Solution GENUS15.22 - 15.20-s024_1
  Generated on:           Apr 11 2022  06:59:53 pm
  Module:                 z80_top_direct_n
  Interconnect mode:      global
  Area mode:              physical library
============================================================

No paths found

