============================================================
  Generated by:           Genus(TM) Synthesis Solution GENUS15.22 - 15.20-s024_1
  Generated on:           Apr 11 2022  07:02:56 pm
  Module:                 z80_top_direct_n
  Interconnect mode:      global
  Area mode:              physical library
============================================================

                                 Leakage    Internal  
  Gate    Instances    Area    Power (nW)  Power (nW)             Library            
-------------------------------------------------------------------------------------
AN211X0           7    107.604      0.181    1198.396    D_CELLS_MOSST_typ_1_80V_25C 
AN211X1          22    405.821      0.491     151.799    D_CELLS_MOSST_typ_1_80V_25C 
AN21X1           61    750.154      1.451      69.684    D_CELLS_MOSST_typ_1_80V_25C 
AN221X0           2     36.893      0.068     195.101    D_CELLS_MOSST_typ_1_80V_25C 
AN221X1          20    430.416      0.575     110.031    D_CELLS_MOSST_typ_1_80V_25C 
AN222X1           3     73.786      0.112       0.000    D_CELLS_MOSST_typ_1_80V_25C 
AN22X1           41    630.252      1.255       0.000    D_CELLS_MOSST_typ_1_80V_25C 
AN311X1           1     21.521      0.024      48.970    D_CELLS_MOSST_typ_1_80V_25C 
AN31X1            9    138.348      0.222      32.179    D_CELLS_MOSST_typ_1_80V_25C 
AN321X1           1     24.595      0.030       0.000    D_CELLS_MOSST_typ_1_80V_25C 
AN32X1            2     36.893      0.061       0.000    D_CELLS_MOSST_typ_1_80V_25C 
AN33X1            3     64.562      0.090       0.130    D_CELLS_MOSST_typ_1_80V_25C 
AND2X1          272   3344.947      7.722    2030.881    D_CELLS_MOSST_typ_1_80V_25C 
AND2X2            1     18.446      0.044       0.000    D_CELLS_MOSST_typ_1_80V_25C 
AND3X1           54    830.088      1.268     149.829    D_CELLS_MOSST_typ_1_80V_25C 
AND4X1           10    245.952      0.426       0.000    D_CELLS_MOSST_typ_1_80V_25C 
AND5X1            7    193.687      0.260       0.000    D_CELLS_MOSST_typ_1_80V_25C 
AND6X1           42   1291.248      1.371     223.004    D_CELLS_MOSST_typ_1_80V_25C 
AO211X1           2     43.042      0.079       0.000    D_CELLS_MOSST_typ_1_80V_25C 
AO21X1           21    387.374      0.853       0.000    D_CELLS_MOSST_typ_1_80V_25C 
AO221X1           6    147.571      0.260       0.130    D_CELLS_MOSST_typ_1_80V_25C 
AO222X1           2     55.339      0.095       0.000    D_CELLS_MOSST_typ_1_80V_25C 
AO22X0           10    184.464      0.633       0.000    D_CELLS_MOSST_typ_1_80V_25C 
AO22X1            5    107.604      0.208      82.795    D_CELLS_MOSST_typ_1_80V_25C 
AO311X1           1     21.521      0.038       0.000    D_CELLS_MOSST_typ_1_80V_25C 
AO31X1            1     21.521      0.037       0.000    D_CELLS_MOSST_typ_1_80V_25C 
AO321X1           2     55.339      0.083       0.000    D_CELLS_MOSST_typ_1_80V_25C 
AO33X1            1     27.670      0.035       0.000    D_CELLS_MOSST_typ_1_80V_25C 
BTHX1           142   3492.518     10.566    2655.412    D_CELLS_MOSST_typ_1_80V_25C 
BTLX1            91   2238.163      6.771       0.000    D_CELLS_MOSST_typ_1_80V_25C 
BUX0             73    897.725      3.796   27119.665    D_CELLS_MOSST_typ_1_80V_25C 
DFFQX1           27   1411.150      4.106    1058.596    D_CELLS_MOSST_typ_1_80V_25C 
DFFRQX1          12    737.856      1.320    2013.829    D_CELLS_MOSST_typ_1_80V_25C 
DFFSQX1           1     61.488      0.141     315.812    D_CELLS_MOSST_typ_1_80V_25C 
DFFX1            17    940.766      2.650    7496.994    D_CELLS_MOSST_typ_1_80V_25C 
DFRQX1          227  11864.110     33.783  132813.379    D_CELLS_MOSST_typ_1_80V_25C 
DFRRQX1          46   2828.448      4.307    7649.448    D_CELLS_MOSST_typ_1_80V_25C 
DFRRQX2           2    129.125      0.224     247.535    D_CELLS_MOSST_typ_1_80V_25C 
DFRRX1            1     64.562      0.094      89.811    D_CELLS_MOSST_typ_1_80V_25C 
DFRSQX1           1     61.488      0.136     203.850    D_CELLS_MOSST_typ_1_80V_25C 
DFRSQX2           1     61.488      0.151     104.471    D_CELLS_MOSST_typ_1_80V_25C 
DFRX1             2    110.678      0.298      64.554    D_CELLS_MOSST_typ_1_80V_25C 
DLHQX1            6    221.357      0.568     298.334    D_CELLS_MOSST_typ_1_80V_25C 
DLHRX1            1     43.042      0.087      75.048    D_CELLS_MOSST_typ_1_80V_25C 
DLLQX1           35   1291.248      3.315     923.436    D_CELLS_MOSST_typ_1_80V_25C 
DLY2X1            1     30.744      0.039       0.000    D_CELLS_MOSST_typ_1_80V_25C 
EN2X0            23    353.556      1.091     111.490    D_CELLS_MOSST_typ_1_80V_25C 
EN2X1            14    301.291      0.635       0.000    D_CELLS_MOSST_typ_1_80V_25C 
EN3X1             2     79.934      0.179       0.000    D_CELLS_MOSST_typ_1_80V_25C 
EO2X1             4     86.083      0.203       0.000    D_CELLS_MOSST_typ_1_80V_25C 
INX1            355   2182.824      7.122   19928.364    D_CELLS_MOSST_typ_1_80V_25C 
ITHX0           146   1795.450      5.379   14205.325    D_CELLS_MOSST_typ_1_80V_25C 
ITHX1            20    368.928      0.740    1523.307    D_CELLS_MOSST_typ_1_80V_25C 
ITLX0            40    491.904      1.474     630.780    D_CELLS_MOSST_typ_1_80V_25C 
ITLX1             5     92.232      0.187       0.000    D_CELLS_MOSST_typ_1_80V_25C 
MU2IX1           17    313.589      0.789    3008.713    D_CELLS_MOSST_typ_1_80V_25C 
MU2X1            28    688.666      1.729    7089.119    D_CELLS_MOSST_typ_1_80V_25C 
MU4X1             3    138.348      0.355       0.000    D_CELLS_MOSST_typ_1_80V_25C 
NA2I1X0           4     49.190      0.203    1890.802    D_CELLS_MOSST_typ_1_80V_25C 
NA2I1X1          30    461.160      1.174      66.480    D_CELLS_MOSST_typ_1_80V_25C 
NA2X1           212   1955.318      4.019     286.884    D_CELLS_MOSST_typ_1_80V_25C 
NA3I1X0           1     15.372      0.047       0.000    D_CELLS_MOSST_typ_1_80V_25C 
NA3I1X1          16    295.142      0.594       0.000    D_CELLS_MOSST_typ_1_80V_25C 
NA3I2X1           3     64.562      0.172       0.000    D_CELLS_MOSST_typ_1_80V_25C 
NA3X1            54    664.070      0.909     163.013    D_CELLS_MOSST_typ_1_80V_25C 
NA4I2X1           1     30.744      0.098       0.000    D_CELLS_MOSST_typ_1_80V_25C 
NA5I1X1           2     67.637      0.160       0.000    D_CELLS_MOSST_typ_1_80V_25C 
NA5I2X1           3    101.455      0.279       0.000    D_CELLS_MOSST_typ_1_80V_25C 
NA5I3X1           3    101.455      0.288       0.000    D_CELLS_MOSST_typ_1_80V_25C 
NA5X1             2     61.488      0.120       0.000    D_CELLS_MOSST_typ_1_80V_25C 
NA6I1X1          12    442.714      0.911     286.717    D_CELLS_MOSST_typ_1_80V_25C 
NA6I3X1          19    700.963      1.741       0.000    D_CELLS_MOSST_typ_1_80V_25C 
NA6I4X1           7    279.770      0.782       0.000    D_CELLS_MOSST_typ_1_80V_25C 
NA6X1             4    135.274      0.224       0.000    D_CELLS_MOSST_typ_1_80V_25C 
NO2I1X1          98   1205.165      3.895   11545.326    D_CELLS_MOSST_typ_1_80V_25C 
NO2X1           248   2287.354      4.855    1100.075    D_CELLS_MOSST_typ_1_80V_25C 
NO3I1X0           1     15.372      0.045       0.000    D_CELLS_MOSST_typ_1_80V_25C 
NO3I1X1          23    424.267      0.842       0.000    D_CELLS_MOSST_typ_1_80V_25C 
NO3I2X1           5    107.604      0.284      27.216    D_CELLS_MOSST_typ_1_80V_25C 
NO3X0            28    344.333      0.554      29.894    D_CELLS_MOSST_typ_1_80V_25C 
NO3X1            51    783.972      0.836      -0.023    D_CELLS_MOSST_typ_1_80V_25C 
NO4X2             2     61.488      0.128       0.000    D_CELLS_MOSST_typ_1_80V_25C 
NO5I2X1           1     33.818      0.067       0.000    D_CELLS_MOSST_typ_1_80V_25C 
NO5I3X1           9    304.366      0.578     100.432    D_CELLS_MOSST_typ_1_80V_25C 
NO5I4X1           1     36.893      0.084       0.000    D_CELLS_MOSST_typ_1_80V_25C 
NO5X2             1     33.818      0.059    1024.855    D_CELLS_MOSST_typ_1_80V_25C 
NO6I1X1           2     86.083      0.200       0.000    D_CELLS_MOSST_typ_1_80V_25C 
NO6I2X1           2     86.083      0.174       0.000    D_CELLS_MOSST_typ_1_80V_25C 
NO6I3X1           1     46.116      0.107       0.000    D_CELLS_MOSST_typ_1_80V_25C 
NO6I4X1           1     43.042      0.094       0.000    D_CELLS_MOSST_typ_1_80V_25C 
NO6X0             1     33.818      0.061       0.000    D_CELLS_MOSST_typ_1_80V_25C 
NO6X1            14    516.499      0.742     165.409    D_CELLS_MOSST_typ_1_80V_25C 
OA211X1          15    322.812      0.422      63.806    D_CELLS_MOSST_typ_1_80V_25C 
OA21X1           21    387.374      0.738       0.000    D_CELLS_MOSST_typ_1_80V_25C 
OA221X1           5    122.976      0.174       0.000    D_CELLS_MOSST_typ_1_80V_25C 
OA222X1           2     55.339      0.084      86.588    D_CELLS_MOSST_typ_1_80V_25C 
OA22X1            2     43.042      0.082       0.000    D_CELLS_MOSST_typ_1_80V_25C 
OA31X1            1     21.521      0.036       0.000    D_CELLS_MOSST_typ_1_80V_25C 
OA32X1            4     98.381      0.171      71.741    D_CELLS_MOSST_typ_1_80V_25C 
ON211X0           1     15.372      0.026     158.835    D_CELLS_MOSST_typ_1_80V_25C 
ON211X1          16    295.142      0.330       0.000    D_CELLS_MOSST_typ_1_80V_25C 
ON21X1           73   1122.156      1.767       0.130    D_CELLS_MOSST_typ_1_80V_25C 
ON221X1          12    295.142      0.328       0.000    D_CELLS_MOSST_typ_1_80V_25C 
ON222X1           3     83.009      0.104       0.000    D_CELLS_MOSST_typ_1_80V_25C 
ON22X1           14    258.250      0.428       0.000    D_CELLS_MOSST_typ_1_80V_25C 
ON311X1           1     18.446      0.022      87.015    D_CELLS_MOSST_typ_1_80V_25C 
ON31X1           13    239.803      0.332       0.130    D_CELLS_MOSST_typ_1_80V_25C 
ON321X1           1     24.595      0.028       0.000    D_CELLS_MOSST_typ_1_80V_25C 
OR2X1           105   1291.248      4.463     633.882    D_CELLS_MOSST_typ_1_80V_25C 
OR3X0             1     15.372      0.062       0.000    D_CELLS_MOSST_typ_1_80V_25C 
OR3X1            11    202.910      0.440       0.000    D_CELLS_MOSST_typ_1_80V_25C 
OR4X1            11    270.547      0.627    1535.819    D_CELLS_MOSST_typ_1_80V_25C 
OR5X1            36    996.106      1.823     151.879    D_CELLS_MOSST_typ_1_80V_25C 
OR6X1            19    642.550      1.377       0.000    D_CELLS_MOSST_typ_1_80V_25C 
SDFFRQX1          1     76.860      0.131      36.485    D_CELLS_MOSST_typ_1_80V_25C 
SDFFRX4           1    107.604      0.169      40.245    D_CELLS_MOSST_typ_1_80V_25C 
SDFRQX1          12    848.534      2.201    1504.939    D_CELLS_MOSST_typ_1_80V_25C 
SDFRRQX0          1     73.786      0.158      25.111    D_CELLS_MOSST_typ_1_80V_25C 
SDFRRQX1         11    845.460      1.461     524.076    D_CELLS_MOSST_typ_1_80V_25C 
SDFRRQX2          1     83.009      0.143      36.990    D_CELLS_MOSST_typ_1_80V_25C 
-------------------------------------------------------------------------------------
total          3208  63809.172    153.658  255564.956                                


                                            Leakage  Leakage  Internal  Internal 
     Type      Instances    Area   Area % Power (nW) Power % Power (nW)  Power % 
---------------------------------------------------------------------------------
sequential           406 21862.058   34.3     55.440    36.1 155522.943     60.9 
inverter             355  2182.824    3.4      7.122     4.6  19928.364      7.8 
buffer                74   928.469    1.5      3.835     2.5  27119.665     10.6 
tristate             444  8479.195   13.3     25.116    16.3  19014.824      7.4 
logic               1929 30356.626   47.6     62.144    40.4  33979.159     13.3 
physical_cells         0     0.000    0.0      0.000     0.0      0.000      0.0 
---------------------------------------------------------------------------------
total               3208 63809.172  100.0    153.658   100.0 255564.956    100.0 

