============================================================
  Generated by:           Genus(TM) Synthesis Solution GENUS15.22 - 15.20-s024_1
  Generated on:           Apr 11 2022  07:02:41 pm
  Module:                 z80_top_direct_n
  Interconnect mode:      global
  Area mode:              physical library
============================================================


Path 1: MET (973080 ps) Setup Check with Pin data_pins__dout_reg[2]/CN->D
          Group: C2C
     Startpoint: (R) decode_state__DFFE_instED_reg/C
          Clock: (R) CLK
       Endpoint: (R) data_pins__dout_reg[2]/D
          Clock: (F) CLK

                      Capture       Launch     
        Clock Edge:+  1000000            0     
       Src Latency:+        0            0     
       Net Latency:+        0 (I)        0 (I) 
           Arrival:=  1000000            0     
                                               
             Setup:-       65                  
     Required Time:=   999935                  
      Launch Clock:-        0                  
         Data Path:-    26856                  
             Slack:=   973080                  

#-------------------------------------------------------------------------------------------------
#          Timing Point           Flags    Arc   Edge   Cell     Fanout  Load Trans Delay Arrival 
#                                                                        (fF)  (ps)  (ps)   (ps)  
#-------------------------------------------------------------------------------------------------
  decode_state__DFFE_instED_reg/C -       -      R     (arrival)    116     -     0     -       0 
  decode_state__DFFE_instED_reg/Q -       C->Q   F     SDFRRQX2      12  77.1   225   382     382 
  g5172/Q                         -       A->Q   R     NO2X1         17 105.9  1141   667    1050 
  g5164/Q                         -       A->Q   F     INX1          30 174.3   824   658    1708 
  g5111/Q                         -       A->Q   R     NO2X1          2  14.9   304   296    2003 
  g5081/Q                         -       A->Q   R     AND2X1         3  22.2   214   197    2200 
  execute__g36491/Q               -       B->Q   F     NO2I1X1        5  35.8   193   153    2353 
  execute__g36453/Q               -       A->Q   F     AND2X1         2  15.1   105   176    2529 
  execute__g102120/Q              -       A->Q   R     NO2X1          4  32.2   389   233    2762 
  execute__g101671/Q              -       A->Q   F     NA3X1          1   9.8   180   114    2876 
  execute__g101609/Q              -       A->Q   R     NO2X1          3  21.9   289   196    3072 
  execute__g101505/Q              -       D->Q   R     OA211X1        2  15.7   176   274    3346 
  execute__g101452/Q              -       C->Q   F     ON21X1         2  17.0   184   121    3466 
  execute__g101409/Q              -       A->Q   R     NO3X1          2  14.8   304   190    3657 
  execute__g101375/Q              -       AN->Q  R     NO2I1X1        2  14.5   210   195    3852 
  g102363/Q                       -       AN->Q  R     NO3I1X1        1   8.7   239   178    4030 
  execute__g101261/Q              -       AN->Q  R     NO5I3X1        1  10.0   116   302    4333 
  execute__g101245/Q              -       A->Q   F     NA3X1          1   8.8   157    80    4412 
  execute__g101203/Q              -       A->Q   R     NO6X1          3  23.2   217   350    4762 
  execute__g101190/Q              -       AN->Q  R     NO2I1X1        3  25.8   327   250    5012 
  execute__g101180/Q              -       A->Q   F     NA2X1          3  24.3   198   147    5159 
  execute__g101172/Q              -       E->Q   R     AN221X1        1  12.4   375   211    5370 
  execute__g101169/Q              -       A->Q   F     INX1           2  17.8   149   116    5485 
  execute__g101159/Q              -       A->Q   R     NO3X1          3  25.1   436   253    5738 
  execute__g101153/Q              -       A->Q   F     NA2X1          3  26.5   227   169    5907 
  execute__g101152/Q              -       A->Q   R     INX1           3  22.7   152   128    6035 
  g102311/Q                       -       B->Q   F     ON21X1         1   9.9   138    98    6133 
  execute__g101125/Q              -       C->Q   R     NO5I2X1        1   8.7   107   293    6426 
  execute__g101121/Q              -       D->Q   F     NA6I3X1        1   8.7    80   271    6697 
  execute__g101119/Q              -       A->Q   F     OR6X1          1  10.0   130   203    6900 
  execute__g101117/Q              -       AN->Q  F     NA6I3X1        1   8.7    81   340    7240 
  execute__g101116/Q              -       A->Q   F     OR6X1          1   9.9   130   203    7443 
  g5014/Q                         -       E->Q   R     AN221X1        1   9.8   300   176    7618 
  g5013/Q                         -       A->Q   R     EN2X0          3  26.7  1018   648    8267 
  execute__g25949/Q               -       B->Q   F     NO2I1X1        1   8.8   225   114    8380 
  execute__g25948/Q               -       A->Q   F     OR5X1          1  10.4   114   227    8608 
  g5011/Q                         -       B->Q   R     EN2X0          2  16.6   693   421    9029 
  g5010/Q                         -       IN1->Q F     MU2IX1         3  24.0   265   188    9217 
  alu_/g728/Q                     -       D->Q   R     AN221X1        2  15.3   372   270    9487 
  alu_/g725/Q                     -       A->Q   F     NO2X1          3  24.0   172   135    9623 
  alu_/g717/Q                     -       D->Q   R     AN221X1        2  15.3   372   255    9877 
  alu_/g716/Q                     -       A->Q   F     NO2X1          3  24.0   172   135   10013 
  alu_/g714/Q                     -       D->Q   R     AN221X1        2  15.3   372   255   10268 
  alu_/g777/Q                     -       E->Q   R     OA32X1         1   9.9   123   232   10500 
  alu_/g709/Q                     -       D->Q   F     AN31X1         3  25.9   281   103   10603 
  alu_/g46/Q                      -       A->Q   R     ITHX0          5  53.0  1808  1061   11664 
  alu_/g706/Q                     -       A->Q   F     INX1           1   8.9   274    89   11753 
  alu_/g14/Q                      -       A->Q   R     ITHX0          5  36.1  1264   766   12519 
  alu_/g701/Q                     -       A->Q   F     AN211X0        1   8.9   451   274   12793 
  alu_/g74/Q                      -       A->Q   R     ITHX0          6  56.2  1911  1147   13940 
  alu_/g700/Q                     -       A->Q   F     INX1           1   8.9   284    88   14028 
  alu_/g15/Q                      -       A->Q   R     ITHX0          5  39.3  1367   823   14851 
  g4930/Q                         -       A->Q   F     INX1           1   8.9   230    92   14942 
  sw2__g3/Q                       -       A->Q   R     ITHX0          4  37.4  1306   781   15723 
  sw1__g11/Q                      -       A->Q   R     BTHX1         11  68.2   500   390   16113 
  alu_/g697/Q                     -       AN->Q  R     NA2I1X0        1   8.9   342   182   16295 
  alu_/g1/Q                       -       A->Q   F     ITHX0          6  58.2  1010   606   16901 
  alu_/g696/Q                     -       A->Q   R     INX1           1   8.9   192   178   17079 
  alu_/g9/Q                       -       A->Q   F     ITHX0          5  40.4   715   432   17511 
  alu_/g694/Q                     -       A->Q   F     AND2X1         1   8.4    78   270   17781 
  alu_/g689/Q                     -       D->Q   R     AN211X0        1   8.9   539   304   18085 
  alu_/g75/Q                      -       A->Q   F     ITHX0          5  53.0   919   580   18666 
  alu_/g688/Q                     -       A->Q   R     INX1           1   8.9   184   171   18836 
  alu_/g16/Q                      -       A->Q   F     ITHX0          5  39.2   697   420   19257 
  g4918/Q                         -       A->Q   R     INX1           1   8.9   158   147   19404 
  sw2__g4/Q                       -       A->Q   F     ITHX0          4  38.3   683   409   19813 
  sw1__g12/Q                      -       A->Q   F     BTHX1          9  61.9   500   472   20285 
  alu_/g685/Q                     -       B->Q   R     NO2I1X1        2  13.4   295   279   20564 
  alu_/g683/Q                     -       B->Q   F     NA2I1X0        1   8.9   213   139   20704 
  alu_/g3/Q                       -       A->Q   R     ITHX0          5  52.9  1805  1048   21751 
  alu_/g680/Q                     -       A->Q   F     INX1           1   8.9   274    89   21840 
  alu_/g11/Q                      -       A->Q   R     ITHX0          5  36.1  1264   766   22606 
  alu_/g656/Q                     -       A->Q   F     AN211X0        1   8.9   451   274   22880 
  alu_/g69/Q                      -       A->Q   R     ITHX0          5  52.5  1792  1083   23963 
  alu_/g650/Q                     -       A->Q   F     INX1           1   8.9   272    89   24051 
  alu_/g10/Q                      -       A->Q   R     ITHX0          5  39.2  1364   820   24871 
  g4858/Q                         -       A->Q   F     INX1           1   8.9   229    92   24962 
  sw2__g6/Q                       -       A->Q   R     ITHX0          4  41.4  1434   850   25813 
  g4836/Q                         -       A->Q   F     INX1           1   8.9   237    92   25904 
  sw1__g14/Q                      -       A->Q   R     ITHX0          3  25.9   935   582   26486 
  g4725/Q                         -       A->Q   R     AO22X0         1   9.6   318   370   26856 
  data_pins__dout_reg[2]/D        -       -      R     DFFQX1         1     -     -     0   26856 
#-------------------------------------------------------------------------------------------------

