============================================================
  Generated by:           Genus(TM) Synthesis Solution GENUS15.22 - 15.20-s024_1
  Generated on:           Apr 11 2022  07:02:22 pm
  Module:                 z80_top_direct_n
  Interconnect mode:      global
  Area mode:              physical library
============================================================


Path 1: MET (971671 ps) Setup Check with Pin data_pins__dout_reg[2]/CN->D
          Group: C2C
     Startpoint: (R) decode_state__DFFE_instED_reg/C
          Clock: (R) CLK
       Endpoint: (R) data_pins__dout_reg[2]/D
          Clock: (F) CLK

                      Capture       Launch     
        Clock Edge:+  1000000            0     
       Src Latency:+        0            0     
       Net Latency:+        0 (I)        0 (I) 
           Arrival:=  1000000            0     
                                               
             Setup:-       65                  
     Required Time:=   999935                  
      Launch Clock:-        0                  
         Data Path:-    28264                  
             Slack:=   971671                  

#-------------------------------------------------------------------------------------------------
#          Timing Point           Flags    Arc   Edge   Cell     Fanout  Load Trans Delay Arrival 
#                                                                        (fF)  (ps)  (ps)   (ps)  
#-------------------------------------------------------------------------------------------------
  decode_state__DFFE_instED_reg/C -       -      R     (arrival)    120     -     0     -       0 
  decode_state__DFFE_instED_reg/Q -       C->Q   F     SDFRRQX2      12  77.1   225   382     382 
  g5172/Q                         -       A->Q   R     NO2X1         17 105.9  1141   667    1050 
  g5164/Q                         -       A->Q   F     INX1          30 174.3   824   658    1708 
  g5111/Q                         -       A->Q   R     NO2X1          2  14.9   304   296    2003 
  g5081/Q                         -       A->Q   R     AND2X1         3  22.2   213   197    2200 
  execute__g36491/Q               -       B->Q   F     NO2I1X1        5  33.8   186   148    2348 
  execute__g36453/Q               -       A->Q   F     AND2X1         2  15.1    97   174    2522 
  execute__g102120/Q              -       A->Q   R     NO2X1          4  32.2   388   231    2754 
  execute__g101671/Q              -       A->Q   F     NA3X1          1   9.8   173   114    2867 
  execute__g101609/Q              -       A->Q   R     NO2X1          3  21.9   289   194    3061 
  execute__g101505/Q              -       D->Q   R     OA211X1        2  15.0   168   271    3332 
  execute__g101452/Q              -       C->Q   F     ON21X1         2  17.8   163   122    3454 
  execute__g101409/Q              -       A->Q   R     NO3X1          2  14.7   302   184    3638 
  execute__g101375/Q              -       AN->Q  R     NO2I1X1        2  14.5   210   195    3833 
  execute__g101335/Q              -       AN->Q  R     NO2I1X1        1   9.3   159   159    3992 
  execute__g101323/Q              -       AN->Q  R     NO2I1X1        1   8.7   170   151    4143 
  execute__g101261/Q              -       AN->Q  R     NO5I3X1        1  10.0   116   295    4438 
  execute__g101245/Q              -       A->Q   F     NA3X1          1   8.8   144    80    4517 
  execute__g101203/Q              -       A->Q   R     NO6X1          3  23.2   217   347    4864 
  execute__g101190/Q              -       AN->Q  R     NO2I1X1        3  25.8   332   250    5114 
  execute__g101180/Q              -       A->Q   F     NA2X1          3  24.3   198   148    5262 
  execute__g101172/Q              -       E->Q   R     AN221X1        1  12.4   375   211    5473 
  execute__g101169/Q              -       A->Q   F     INX1           2  17.8   149   116    5588 
  execute__g101159/Q              -       A->Q   R     NO3X1          3  25.1   436   253    5841 
  execute__g101153/Q              -       A->Q   F     NA2X1          3  26.4   226   168    6010 
  execute__g101152/Q              -       A->Q   R     INX1           3  22.8   153   128    6138 
  execute__g101136/Q              -       B->Q   F     ON221X1        1   9.9   190   136    6274 
  execute__g101125/Q              -       C->Q   R     NO5I2X1        1   8.7   107   307    6580 
  execute__g101121/Q              -       D->Q   F     NA6I3X1        1   8.7    80   271    6851 
  execute__g101119/Q              -       A->Q   F     OR6X1          1  10.0   130   203    7055 
  execute__g101117/Q              -       AN->Q  F     NA6I3X1        1   8.7    81   340    7394 
  execute__g101116/Q              -       A->Q   F     OR6X1          1   8.3   120   196    7590 
  g5014/Q                         -       E->Q   R     AN221X0        1   9.8   670   372    7962 
  g5013/Q                         -       A->Q   R     EN2X0          3  26.7  1026   721    8683 
  execute__g25949/Q               -       B->Q   F     NO2I1X1        1   8.8   226   114    8797 
  execute__g25948/Q               -       A->Q   F     OR5X1          1  10.4   114   228    9024 
  g5011/Q                         -       B->Q   R     EN2X0          2  16.6   693   421    9446 
  g5010/Q                         -       IN1->Q F     MU2IX1         3  20.9   250   176    9621 
  alu_/g728/Q                     -       D->Q   R     AN221X0        2  14.4   851   550   10172 
  alu_/g725/Q                     -       A->Q   F     NO2X1          3  20.9   249   148   10319 
  alu_/g717/Q                     -       D->Q   R     AN221X0        2  14.4   851   550   10870 
  alu_/g716/Q                     -       A->Q   F     NO2X1          3  20.9   249   148   11017 
  alu_/g714/Q                     -       D->Q   R     AN221X0        2  14.4   851   550   11568 
  alu_/g711/Q                     -       E->Q   R     OA32X0         1   9.9   311   347   11914 
  alu_/g709/Q                     -       D->Q   F     AN31X1         3  23.2   260   126   12040 
  alu_/g46/Q                      -       A->Q   R     ITHX0          5  53.0  1808  1057   13098 
  alu_/g706/Q                     -       A->Q   F     INX1           1   8.9   274    89   13186 
  alu_/g14/Q                      -       A->Q   R     ITHX0          5  36.1  1264   766   13952 
  alu_/g701/Q                     -       A->Q   F     AN211X0        1   8.9   451   274   14226 
  alu_/g74/Q                      -       A->Q   R     ITHX0          6  56.2  1911  1147   15373 
  alu_/g700/Q                     -       A->Q   F     INX1           1   8.9   284    88   15461 
  alu_/g15/Q                      -       A->Q   R     ITHX0          5  39.3  1367   823   16284 
  g4930/Q                         -       A->Q   F     INX1           1   8.9   230    92   16375 
  sw2__g3/Q                       -       A->Q   R     ITHX0          4  37.4  1306   781   17156 
  sw1__g11/Q                      -       A->Q   R     BTHX1         11  68.2   500   390   17546 
  alu_/g697/Q                     -       AN->Q  R     NA2I1X0        1   8.9   342   182   17728 
  alu_/g1/Q                       -       A->Q   F     ITHX0          6  58.2  1010   606   18335 
  alu_/g696/Q                     -       A->Q   R     INX1           1   8.9   192   178   18512 
  alu_/g9/Q                       -       A->Q   F     ITHX0          5  40.4   715   432   18944 
  alu_/g694/Q                     -       A->Q   F     AND2X1         1   8.4    78   270   19214 
  alu_/g689/Q                     -       D->Q   R     AN211X0        1   8.9   539   304   19518 
  alu_/g75/Q                      -       A->Q   F     ITHX0          5  53.0   919   580   20098 
  alu_/g688/Q                     -       A->Q   R     INX1           1   8.9   184   171   20269 
  alu_/g16/Q                      -       A->Q   F     ITHX0          5  39.2   697   420   20689 
  g4918/Q                         -       A->Q   R     INX1           1   8.9   158   147   20836 
  sw2__g4/Q                       -       A->Q   F     ITHX0          4  37.5   672   402   21238 
  sw1__g12/Q                      -       A->Q   F     BTHX1          9  61.9   500   470   21708 
  alu_/g685/Q                     -       B->Q   R     NO2I1X1        2  13.4   295   279   21987 
  alu_/g683/Q                     -       B->Q   F     NA2I1X0        1   8.9   213   139   22126 
  alu_/g3/Q                       -       A->Q   R     ITHX0          5  52.9  1805  1048   23174 
  alu_/g680/Q                     -       A->Q   F     INX1           1   8.9   274    89   23262 
  alu_/g11/Q                      -       A->Q   R     ITHX0          5  36.1  1264   766   24028 
  alu_/g656/Q                     -       A->Q   F     AN211X0        1   8.9   451   274   24303 
  alu_/g69/Q                      -       A->Q   R     ITHX0          5  52.5  1792  1083   25385 
  alu_/g650/Q                     -       A->Q   F     INX1           1   8.9   272    89   25474 
  alu_/g10/Q                      -       A->Q   R     ITHX0          5  39.2  1364   820   26294 
  g4858/Q                         -       A->Q   F     INX1           1   8.9   229    92   26385 
  sw2__g6/Q                       -       A->Q   R     ITHX0          4  40.6  1409   836   27221 
  g4836/Q                         -       A->Q   F     INX1           1   8.9   234    92   27313 
  sw1__g14/Q                      -       A->Q   R     ITHX0          3  25.9   935   581   27894 
  g4725/Q                         -       A->Q   R     AO22X0         1   9.6   318   370   28264 
  data_pins__dout_reg[2]/D        -       -      R     DFFQX1         1     -     -     0   28264 
#-------------------------------------------------------------------------------------------------

