============================================================
  Generated by:           Genus(TM) Synthesis Solution GENUS15.22 - 15.20-s024_1
  Generated on:           Apr 19 2022  08:01:23 pm
  Module:                 z80_top_direct_n
  Interconnect mode:      global
  Area mode:              physical library
============================================================

Timing
--------

Clock  Period 
--------------
CLK   20000.0 


        Cost          Critical          Violating 
       Group         Path Slack   TNS     Paths   
--------------------------------------------------
C2C                      -686.1   -946          4 
C2O                    No paths      0            
cg_enable_group_CLK         0.0      0          0 
CLK                      5755.8      0          0 
default                No paths      0            
I2C                      9158.8      0          0 
I2O                    No paths      0            
--------------------------------------------------
Total                             -946          4 

Instance Count
--------------
Leaf Instance Count             3558 
Sequential Instance Count        408 
Combinational Instance Count    3150 
Hierarchical Instance Count       45 

Area
----
Cell Area                          70692.754
Physical Cell Area                 0.000
Total Cell Area (Cell+Physical)    70692.754
Net Area                           41443.605
Total Area (Cell+Physical+Net)     112136.359

Runtime                            -144.306 seconds
Elapsed Runtime                    2985 seconds
Genus peak memory usage            670.26 
Innovus peak memory usage          no_value 
Hostname                           pgmicro04.ufrgs.br
