============================================================
  Generated by:           Genus(TM) Synthesis Solution GENUS15.22 - 15.20-s024_1
  Generated on:           Apr 11 2022  08:49:09 pm
  Module:                 z80_top_direct_n
  Interconnect mode:      global
  Area mode:              physical library
============================================================


Path 1: VIOLATED (-1519 ps) Setup Check with Pin data_pins__dout_reg[2]/CN->D
          Group: C2C
     Startpoint: (R) ir__opcode_reg[1]/C
          Clock: (R) CLK
       Endpoint: (R) data_pins__dout_reg[2]/D
          Clock: (F) CLK

                     Capture       Launch     
        Clock Edge:+    8000            0     
       Src Latency:+       0            0     
       Net Latency:+       0 (I)        0 (I) 
           Arrival:=    8000            0     
                                              
             Setup:-      61                  
     Required Time:=    7939                  
      Launch Clock:-       0                  
         Data Path:-    9458                  
             Slack:=   -1519                  

#------------------------------------------------------------------------------------------------
#         Timing Point           Flags    Arc   Edge   Cell     Fanout  Load Trans Delay Arrival 
#                                                                       (fF)  (ps)  (ps)   (ps)  
#------------------------------------------------------------------------------------------------
  ir__opcode_reg[1]/C            -       -      R     (arrival)      8     -     0     -       0 
  ir__opcode_reg[1]/Q            -       C->Q   F     DFRRX4         3  27.3    93   267     267 
  g5290/Q                        -       A->Q   F     BUX2           2  21.2    64   113     381 
  g5288/Q                        -       A->Q   F     BUX2           2  25.8    73   112     493 
  g5243/Q                        -       B->Q   F     AND3X4         2  25.8    58   135     628 
  g5201/Q                        -       A->Q   F     BUX4           6  61.0    81   112     741 
  g5127/Q                        -       B->Q   F     AND3X4         8  51.5    83   159     900 
  execute__g33078/Q              -       A->Q   F     AND2X1         2  18.1   104   156    1056 
  execute__g26049/Q              -       D->Q   R     NO5X2          1  22.7   120   295    1351 
  execute__g26048/Q              -       C->Q   F     NA3X4          6  40.4   140    86    1436 
  g5045/Q                        -       A->Q   F     AND3X1         3  23.5   130   205    1641 
  execute__g122395/Q             -       C->Q   R     NO3X1          4  27.7   467   307    1948 
  execute__g122198/Q             -       A->Q   R     AND2X1         2  15.5   162   175    2123 
  execute__g122027/Q             -       A->Q   F     NA3X1          1  10.7   148    92    2215 
  execute__g121875/Q             -       A->Q   R     AN21X1         2  15.0   251   177    2392 
  execute__g121806/Q             -       A->Q   F     NA2X1          2  16.0   144   105    2496 
  execute__g121707/Q             -       A->Q   R     NO2X1          3  22.5   294   189    2686 
  execute__g121584/Q             -       A->Q   F     NA2X1          4  29.1   213   158    2843 
  g5025/Q                        -       B->Q   R     NO2I1X1        2  15.5   226   171    3015 
  g5022/Q                        -       A->Q   R     AND2X1         3  27.8   256   216    3230 
  g5014/Q                        -       IN0->Q F     MU2IX1         1   9.8   145   106    3336 
  g5004/Q                        -       A->Q   R     NO2X1          4  30.7   376   235    3571 
  g4987/Q                        -       A->Q   F     NA2X1          8  70.8   417   303    3874 
  reg_file__b2v_latch_hl_lo_g2/Q -       EN->Q  R     BTLX1         13 134.1   737   616    4490 
  g4953/Q                        -       A->Q   F     INX2           2  21.2   160    89    4579 
  reg_file__g149/Q               -       A->Q   R     ITHX1          3  37.3   500   193    4772 
  g4951/Q                        -       A->Q   F     INX1           2  21.2   303   173    4945 
  sw2__g10/Q                     -       A->Q   R     ITHX1          5  45.4   500   239    5184 
  alu_/g719/Q                    -       A->Q   F     NA2X4          1  18.0   159    56    5240 
  alu_/g716/Q                    -       A->Q   R     NA2X4          1  21.7    97    83    5323 
  alu_/g74/Q                     -       A->Q   R     BTLX8          6  56.8   500   147    5470 
  alu_/g15/Q                     -       A->Q   R     BTLX4          5  52.3   500   190    5660 
  sw2__g3/Q                      -       A->Q   R     BTLX8          4  49.9   500   150    5810 
  sw1__g11/Q                     -       A->Q   R     BTLX8         11 105.0   500   188    5998 
  alu_/g712/Q                    -       B->Q   F     NO2I1X4        1  14.9   114    42    6040 
  alu_/g1/Q                      -       A->Q   F     BTHX4          6  63.2   500   188    6228 
  alu_/g9/Q                      -       A->Q   F     BTHX8          5  51.4   500   223    6450 
  alu_/g710/Q                    -       B->Q   R     NA2I1X4        1  16.8   184   218    6669 
  alu_/g709/Q                    -       A->Q   F     INX2           1  12.6    61    46    6716 
  alu_/g702/Q                    -       A->Q   F     OR3X4          1  30.0    73   145    6861 
  alu_/g75/Q                     -       A->Q   F     BTHX12         5  61.8   500   130    6991 
  alu_/g16/Q                     -       A->Q   F     BTHX8          5  48.5   500   221    7212 
  sw2__g4/Q                      -       A->Q   F     BTLX8          4  58.3   500   278    7490 
  sw1__g12/Q                     -       A->Q   F     BTLX12        11  94.8   500   294    7784 
  alu_/g695/Q                    -       A->Q   R     NO3X4          1  21.7   206   184    7968 
  alu_/g3/Q                      -       A->Q   R     BTHX8          5  59.0   500   150    8118 
  alu_/g11/Q                     -       A->Q   R     BTHX8          5  56.4   500   160    8278 
  alu_/g678/Q                    -       B->Q   F     NA2I1X4        1  18.7   111    54    8332 
  alu_/g667/Q                    -       A->Q   R     NA3X4          1  30.0   143    92    8424 
  alu_/g69/Q                     -       A->Q   R     BTHX12         5  66.7   500   131    8555 
  alu_/g10/Q                     -       A->Q   R     BTHX8          5  52.7   500   159    8714 
  g4871/Q                        -       A->Q   F     INX4           1  15.9   214    39    8753 
  sw2__g6/Q                      -       A->Q   R     ITLX1          3  40.4   500   208    8961 
  g4844/Q                        -       A->Q   F     INX2           2  21.1   236    94    9054 
  sw1__g14/Q                     -       A->Q   R     ITHX1          3  34.7   500   198    9252 
  g4770/Q                        -       A->Q   F     INX2           1  11.2   176    53    9306 
  g4725/Q                        -       A->Q   R     ON21X1         1   9.6   211   152    9458 
  data_pins__dout_reg[2]/D       -       -      R     DFFQX1         1     -     -     0    9458 
#------------------------------------------------------------------------------------------------

