============================================================
  Generated by:           Genus(TM) Synthesis Solution GENUS15.22 - 15.20-s024_1
  Generated on:           Apr 11 2022  08:50:00 pm
  Module:                 z80_top_direct_n
  Interconnect mode:      global
  Area mode:              physical library
============================================================


Path 1: MET (4073 ps) Late External Delay Assertion at pin data_pins__RC_CG_HIER_INST11/g6/B
          Group: CLK
     Startpoint: (R) data_pins__RC_CG_HIER_INST11/enl_reg/G
          Clock: (R) CLK
       Endpoint: (R) data_pins__RC_CG_HIER_INST11/g6/B
          Clock: (F) CLK

                     Capture       Launch     
        Clock Edge:+    8000            0     
       Src Latency:+       0            0     
       Net Latency:+       0 (I)        0 (I) 
           Arrival:=    8000            0     
                                              
      Output Delay:-       0                  
     Required Time:=    8000                  
      Launch Clock:-       0                  
         Data Path:-    3927                  
             Slack:=    4073                  

#------------------------------------------------------------------------------------------------------------
#             Timing Point               Flags   Arc   Edge      Cell        Fanout Load Trans Delay Arrival 
#                                                                                   (fF)  (ps)  (ps)   (ps)  
#------------------------------------------------------------------------------------------------------------
  data_pins__RC_CG_HIER_INST11/enl_reg/G -       -     R     (arrival)            -    -     -     -       0 
  -                                      -       -     F     latch_d_arrival      -    -     -     -    3602 
  data_pins__RC_CG_HIER_INST11/enl_reg/Q -       -     F     DLHQX1               1 12.4   118  3862    3862 
  data_pins__RC_CG_HIER_INST11/g7/Q      -       A->Q  R     INX1                 1  9.2    76    65    3927 
  data_pins__RC_CG_HIER_INST11/g6/B      (b)     -     R     OR2X1                -    -     -     0    3927 
#------------------------------------------------------------------------------------------------------------

(b) : Timing paths are broken.

