============================================================
  Generated by:           Genus(TM) Synthesis Solution GENUS15.22 - 15.20-s024_1
  Generated on:           Apr 04 2022  09:41:05 pm
  Module:                 z80_top_direct_n
  Interconnect mode:      global
  Area mode:              physical library
============================================================

                               
  Gate    Instances    Area                Library            
--------------------------------------------------------------
AN211X0           4     61.488    D_CELLS_MOSST_typ_1_80V_25C 
AN211X1          14    258.250    D_CELLS_MOSST_typ_1_80V_25C 
AN21X1           60    737.856    D_CELLS_MOSST_typ_1_80V_25C 
AN21X4            3     92.232    D_CELLS_MOSST_typ_1_80V_25C 
AN221X0           2     36.893    D_CELLS_MOSST_typ_1_80V_25C 
AN221X1           5    107.604    D_CELLS_MOSST_typ_1_80V_25C 
AN222X1           1     24.595    D_CELLS_MOSST_typ_1_80V_25C 
AN22X1           15    230.580    D_CELLS_MOSST_typ_1_80V_25C 
AN311X1           2     43.042    D_CELLS_MOSST_typ_1_80V_25C 
AN31X1            7    107.604    D_CELLS_MOSST_typ_1_80V_25C 
AN321X1           1     24.595    D_CELLS_MOSST_typ_1_80V_25C 
AN32X1            2     36.893    D_CELLS_MOSST_typ_1_80V_25C 
AN33X1            2     43.042    D_CELLS_MOSST_typ_1_80V_25C 
AND2X1          149   1832.342    D_CELLS_MOSST_typ_1_80V_25C 
AND2X2           43    793.195    D_CELLS_MOSST_typ_1_80V_25C 
AND2X4           40   1106.784    D_CELLS_MOSST_typ_1_80V_25C 
AND3X1           14    215.208    D_CELLS_MOSST_typ_1_80V_25C 
AND3X2           12    258.250    D_CELLS_MOSST_typ_1_80V_25C 
AND3X4           27    913.097    D_CELLS_MOSST_typ_1_80V_25C 
AND4X1            5    122.976    D_CELLS_MOSST_typ_1_80V_25C 
AND5X1           11    304.366    D_CELLS_MOSST_typ_1_80V_25C 
AND5X2            3    101.455    D_CELLS_MOSST_typ_1_80V_25C 
AND6X1           21    645.624    D_CELLS_MOSST_typ_1_80V_25C 
AND6X2            7    258.250    D_CELLS_MOSST_typ_1_80V_25C 
AO211X1           4     86.083    D_CELLS_MOSST_typ_1_80V_25C 
AO21X0            3     46.116    D_CELLS_MOSST_typ_1_80V_25C 
AO21X1            7    129.125    D_CELLS_MOSST_typ_1_80V_25C 
AO21X2            2     49.190    D_CELLS_MOSST_typ_1_80V_25C 
AO21X4            1     27.670    D_CELLS_MOSST_typ_1_80V_25C 
AO221X1           1     24.595    D_CELLS_MOSST_typ_1_80V_25C 
AO22X0            2     36.893    D_CELLS_MOSST_typ_1_80V_25C 
AO22X1            2     43.042    D_CELLS_MOSST_typ_1_80V_25C 
AO31X4            1     27.670    D_CELLS_MOSST_typ_1_80V_25C 
AO321X1           1     27.670    D_CELLS_MOSST_typ_1_80V_25C 
AO32X1            1     24.595    D_CELLS_MOSST_typ_1_80V_25C 
BTHX1           115   2828.448    D_CELLS_MOSST_typ_1_80V_25C 
BTHX12            2    159.869    D_CELLS_MOSST_typ_1_80V_25C 
BTHX2             5    138.348    D_CELLS_MOSST_typ_1_80V_25C 
BTHX4             1     39.967    D_CELLS_MOSST_typ_1_80V_25C 
BTHX8             4    221.357    D_CELLS_MOSST_typ_1_80V_25C 
BTLX1           119   2926.829    D_CELLS_MOSST_typ_1_80V_25C 
BTLX12            3    239.803    D_CELLS_MOSST_typ_1_80V_25C 
BTLX2            19    525.722    D_CELLS_MOSST_typ_1_80V_25C 
BTLX4             2     79.934    D_CELLS_MOSST_typ_1_80V_25C 
BTLX8             4    221.357    D_CELLS_MOSST_typ_1_80V_25C 
BUCX4             2     49.190    D_CELLS_MOSST_typ_1_80V_25C 
BUX0             73    897.725    D_CELLS_MOSST_typ_1_80V_25C 
BUX1             66    811.642    D_CELLS_MOSST_typ_1_80V_25C 
BUX12             1     61.488    D_CELLS_MOSST_typ_1_80V_25C 
BUX2             20    307.440    D_CELLS_MOSST_typ_1_80V_25C 
BUX3              3     64.562    D_CELLS_MOSST_typ_1_80V_25C 
BUX4              5    122.976    D_CELLS_MOSST_typ_1_80V_25C 
BUX6              1     33.818    D_CELLS_MOSST_typ_1_80V_25C 
BUX8              4    172.166    D_CELLS_MOSST_typ_1_80V_25C 
DFFQX0            1     49.190    D_CELLS_MOSST_typ_1_80V_25C 
DFFQX1           19    993.031    D_CELLS_MOSST_typ_1_80V_25C 
DFFRQX0          12    700.963    D_CELLS_MOSST_typ_1_80V_25C 
DFFRX2            1     70.711    D_CELLS_MOSST_typ_1_80V_25C 
DFFSQX0           1     55.339    D_CELLS_MOSST_typ_1_80V_25C 
DFFX0             7    365.854    D_CELLS_MOSST_typ_1_80V_25C 
DFFX1            17    940.766    D_CELLS_MOSST_typ_1_80V_25C 
DFRQX1          236  12334.493    D_CELLS_MOSST_typ_1_80V_25C 
DFRRQX1          23   1414.224    D_CELLS_MOSST_typ_1_80V_25C 
DFRRQX2           2    129.125    D_CELLS_MOSST_typ_1_80V_25C 
DFRRSQX1          8    541.094    D_CELLS_MOSST_typ_1_80V_25C 
DFRRX1            1     64.562    D_CELLS_MOSST_typ_1_80V_25C 
DFRRX4           18   1660.176    D_CELLS_MOSST_typ_1_80V_25C 
DFRSQX0           1     55.339    D_CELLS_MOSST_typ_1_80V_25C 
DFRSQX2           1     61.488    D_CELLS_MOSST_typ_1_80V_25C 
DFRSX4            1     86.083    D_CELLS_MOSST_typ_1_80V_25C 
DFRX1             2    110.678    D_CELLS_MOSST_typ_1_80V_25C 
DLHQX1            4    147.571    D_CELLS_MOSST_typ_1_80V_25C 
DLHQX2            2     73.786    D_CELLS_MOSST_typ_1_80V_25C 
DLHRQX1           1     39.967    D_CELLS_MOSST_typ_1_80V_25C 
DLHRX1            1     43.042    D_CELLS_MOSST_typ_1_80V_25C 
DLLQX1           35   1291.248    D_CELLS_MOSST_typ_1_80V_25C 
DLLRQX1           1     39.967    D_CELLS_MOSST_typ_1_80V_25C 
EN2X0            20    307.440    D_CELLS_MOSST_typ_1_80V_25C 
EN2X1             5    107.604    D_CELLS_MOSST_typ_1_80V_25C 
EN3X1             1     39.967    D_CELLS_MOSST_typ_1_80V_25C 
EO2X0             2     30.744    D_CELLS_MOSST_typ_1_80V_25C 
EO2X1             3     64.562    D_CELLS_MOSST_typ_1_80V_25C 
HAX2              1     36.893    D_CELLS_MOSST_typ_1_80V_25C 
INCX12            1     58.414    D_CELLS_MOSST_typ_1_80V_25C 
INX1            485   2982.168    D_CELLS_MOSST_typ_1_80V_25C 
INX12             3    175.241    D_CELLS_MOSST_typ_1_80V_25C 
INX16             1     73.786    D_CELLS_MOSST_typ_1_80V_25C 
INX2            142   1309.694    D_CELLS_MOSST_typ_1_80V_25C 
INX3             43    660.996    D_CELLS_MOSST_typ_1_80V_25C 
INX4             37    682.517    D_CELLS_MOSST_typ_1_80V_25C 
INX6             15    322.812    D_CELLS_MOSST_typ_1_80V_25C 
INX8             18    553.392    D_CELLS_MOSST_typ_1_80V_25C 
ITHX0            44    541.094    D_CELLS_MOSST_typ_1_80V_25C 
ITHX1            78   1438.819    D_CELLS_MOSST_typ_1_80V_25C 
ITLX0            37    455.011    D_CELLS_MOSST_typ_1_80V_25C 
ITLX1             9    166.018    D_CELLS_MOSST_typ_1_80V_25C 
ITLX12            2    172.166    D_CELLS_MOSST_typ_1_80V_25C 
MU2IX1           12    221.357    D_CELLS_MOSST_typ_1_80V_25C 
MU2IX2            3    110.678    D_CELLS_MOSST_typ_1_80V_25C 
MU2IX4            1     67.637    D_CELLS_MOSST_typ_1_80V_25C 
MU2X0             2     43.042    D_CELLS_MOSST_typ_1_80V_25C 
MU2X1             3     73.786    D_CELLS_MOSST_typ_1_80V_25C 
MU2X2             2     49.190    D_CELLS_MOSST_typ_1_80V_25C 
MU2X4             1     30.744    D_CELLS_MOSST_typ_1_80V_25C 
NA2I1X0           6     73.786    D_CELLS_MOSST_typ_1_80V_25C 
NA2I1X1          37    568.764    D_CELLS_MOSST_typ_1_80V_25C 
NA2I1X2          17    313.589    D_CELLS_MOSST_typ_1_80V_25C 
NA2I1X4           9    276.696    D_CELLS_MOSST_typ_1_80V_25C 
NA2X1           356   3283.459    D_CELLS_MOSST_typ_1_80V_25C 
NA2X2           132   2029.104    D_CELLS_MOSST_typ_1_80V_25C 
NA2X4            96   2951.424    D_CELLS_MOSST_typ_1_80V_25C 
NA3I1X0           2     30.744    D_CELLS_MOSST_typ_1_80V_25C 
NA3I1X1          17    313.589    D_CELLS_MOSST_typ_1_80V_25C 
NA3I1X2           7    193.687    D_CELLS_MOSST_typ_1_80V_25C 
NA3I1X4          18    719.410    D_CELLS_MOSST_typ_1_80V_25C 
NA3I2X1          12    258.250    D_CELLS_MOSST_typ_1_80V_25C 
NA3I2X2           2     61.488    D_CELLS_MOSST_typ_1_80V_25C 
NA3I2X4           1     49.190    D_CELLS_MOSST_typ_1_80V_25C 
NA3X0             1     12.298    D_CELLS_MOSST_typ_1_80V_25C 
NA3X1            75    922.320    D_CELLS_MOSST_typ_1_80V_25C 
NA3X2            31    762.451    D_CELLS_MOSST_typ_1_80V_25C 
NA3X4            10    461.160    D_CELLS_MOSST_typ_1_80V_25C 
NA4X1             1     27.670    D_CELLS_MOSST_typ_1_80V_25C 
NA5I1X1           1     33.818    D_CELLS_MOSST_typ_1_80V_25C 
NA5I1X2           1     36.893    D_CELLS_MOSST_typ_1_80V_25C 
NA5I1X4           1     46.116    D_CELLS_MOSST_typ_1_80V_25C 
NA5I3X1           1     33.818    D_CELLS_MOSST_typ_1_80V_25C 
NA5X4             1     49.190    D_CELLS_MOSST_typ_1_80V_25C 
NA6I1X1           2     73.786    D_CELLS_MOSST_typ_1_80V_25C 
NA6I2X1           2     86.083    D_CELLS_MOSST_typ_1_80V_25C 
NA6I3X1           8    295.142    D_CELLS_MOSST_typ_1_80V_25C 
NA6I4X1           1     39.967    D_CELLS_MOSST_typ_1_80V_25C 
NA6X1             3    101.455    D_CELLS_MOSST_typ_1_80V_25C 
NO2I1X1          51    627.178    D_CELLS_MOSST_typ_1_80V_25C 
NO2I1X2          20    430.416    D_CELLS_MOSST_typ_1_80V_25C 
NO2I1X4          15    461.160    D_CELLS_MOSST_typ_1_80V_25C 
NO2X1           367   3384.914    D_CELLS_MOSST_typ_1_80V_25C 
NO2X2           148   2275.056    D_CELLS_MOSST_typ_1_80V_25C 
NO2X4            92   2545.603    D_CELLS_MOSST_typ_1_80V_25C 
NO3I1X0           3     46.116    D_CELLS_MOSST_typ_1_80V_25C 
NO3I1X1          14    258.250    D_CELLS_MOSST_typ_1_80V_25C 
NO3I1X2           3     83.009    D_CELLS_MOSST_typ_1_80V_25C 
NO3I1X4           1     46.116    D_CELLS_MOSST_typ_1_80V_25C 
NO3I2X1           4     86.083    D_CELLS_MOSST_typ_1_80V_25C 
NO3X0             6     73.786    D_CELLS_MOSST_typ_1_80V_25C 
NO3X1            73   1122.156    D_CELLS_MOSST_typ_1_80V_25C 
NO3X2            30    737.856    D_CELLS_MOSST_typ_1_80V_25C 
NO3X4            17    679.442    D_CELLS_MOSST_typ_1_80V_25C 
NO4I2X1           1     30.744    D_CELLS_MOSST_typ_1_80V_25C 
NO4X2             2     61.488    D_CELLS_MOSST_typ_1_80V_25C 
NO4X4             5    184.464    D_CELLS_MOSST_typ_1_80V_25C 
NO5I1X4           1     43.042    D_CELLS_MOSST_typ_1_80V_25C 
NO5I2X1           1     33.818    D_CELLS_MOSST_typ_1_80V_25C 
NO5I3X1           2     67.637    D_CELLS_MOSST_typ_1_80V_25C 
NO5X2             1     33.818    D_CELLS_MOSST_typ_1_80V_25C 
NO5X4             5    199.836    D_CELLS_MOSST_typ_1_80V_25C 
NO6I1X1           1     43.042    D_CELLS_MOSST_typ_1_80V_25C 
NO6I2X1           1     43.042    D_CELLS_MOSST_typ_1_80V_25C 
NO6X0             2     67.637    D_CELLS_MOSST_typ_1_80V_25C 
NO6X1             9    332.035    D_CELLS_MOSST_typ_1_80V_25C 
NO6X2             2     73.786    D_CELLS_MOSST_typ_1_80V_25C 
NO6X4             3    138.348    D_CELLS_MOSST_typ_1_80V_25C 
OA211X0           1     18.446    D_CELLS_MOSST_typ_1_80V_25C 
OA211X1           4     86.083    D_CELLS_MOSST_typ_1_80V_25C 
OA21X0            2     30.744    D_CELLS_MOSST_typ_1_80V_25C 
OA21X1            7    129.125    D_CELLS_MOSST_typ_1_80V_25C 
OA21X2            6    129.125    D_CELLS_MOSST_typ_1_80V_25C 
OA22X1            2     43.042    D_CELLS_MOSST_typ_1_80V_25C 
OA22X2            3     73.786    D_CELLS_MOSST_typ_1_80V_25C 
OA31X1            2     43.042    D_CELLS_MOSST_typ_1_80V_25C 
OA321X0           1     24.595    D_CELLS_MOSST_typ_1_80V_25C 
ON211X0           4     61.488    D_CELLS_MOSST_typ_1_80V_25C 
ON211X1          13    239.803    D_CELLS_MOSST_typ_1_80V_25C 
ON21X0            5     61.488    D_CELLS_MOSST_typ_1_80V_25C 
ON21X1           66   1014.552    D_CELLS_MOSST_typ_1_80V_25C 
ON221X0           2     36.893    D_CELLS_MOSST_typ_1_80V_25C 
ON221X1           2     49.190    D_CELLS_MOSST_typ_1_80V_25C 
ON221X2           1     33.818    D_CELLS_MOSST_typ_1_80V_25C 
ON222X1           1     27.670    D_CELLS_MOSST_typ_1_80V_25C 
ON22X0            1     15.372    D_CELLS_MOSST_typ_1_80V_25C 
ON22X1           16    295.142    D_CELLS_MOSST_typ_1_80V_25C 
ON311X1           2     36.893    D_CELLS_MOSST_typ_1_80V_25C 
ON31X0            3     46.116    D_CELLS_MOSST_typ_1_80V_25C 
ON31X1            3     55.339    D_CELLS_MOSST_typ_1_80V_25C 
ON321X1           1     24.595    D_CELLS_MOSST_typ_1_80V_25C 
ON32X1            2     43.042    D_CELLS_MOSST_typ_1_80V_25C 
ON33X0            1     21.521    D_CELLS_MOSST_typ_1_80V_25C 
OR2X1            41    504.202    D_CELLS_MOSST_typ_1_80V_25C 
OR2X2            43    660.996    D_CELLS_MOSST_typ_1_80V_25C 
OR2X4            11    270.547    D_CELLS_MOSST_typ_1_80V_25C 
OR3X0             1     15.372    D_CELLS_MOSST_typ_1_80V_25C 
OR3X1             2     36.893    D_CELLS_MOSST_typ_1_80V_25C 
OR3X2             7    150.646    D_CELLS_MOSST_typ_1_80V_25C 
OR3X4             1     33.818    D_CELLS_MOSST_typ_1_80V_25C 
OR4X1             9    221.357    D_CELLS_MOSST_typ_1_80V_25C 
OR4X2             4    122.976    D_CELLS_MOSST_typ_1_80V_25C 
OR5X1            13    359.705    D_CELLS_MOSST_typ_1_80V_25C 
OR5X2             6    202.910    D_CELLS_MOSST_typ_1_80V_25C 
OR6X1            10    338.184    D_CELLS_MOSST_typ_1_80V_25C 
OR6X2             3    138.348    D_CELLS_MOSST_typ_1_80V_25C 
SDFFRQX1          1     76.860    D_CELLS_MOSST_typ_1_80V_25C 
SDFRQX0           2    129.125    D_CELLS_MOSST_typ_1_80V_25C 
SDFRRQX0          4    295.142    D_CELLS_MOSST_typ_1_80V_25C 
SDFRRQX1          2    153.720    D_CELLS_MOSST_typ_1_80V_25C 
SDFRRQX2          1     83.009    D_CELLS_MOSST_typ_1_80V_25C 
SDFRRQX4          2    190.613    D_CELLS_MOSST_typ_1_80V_25C 
SDFRRX4           1    107.604    D_CELLS_MOSST_typ_1_80V_25C 
--------------------------------------------------------------
total          4336  85874.141                                


                                          
     Type      Instances    Area   Area % 
------------------------------------------
sequential           408 22304.772   26.0 
inverter             745  6819.019    7.9 
buffer               175  2521.008    2.9 
tristate             444 10154.743   11.8 
logic               2564 44074.598   51.3 
physical_cells         0     0.000    0.0 
------------------------------------------
total               4336 85874.141  100.0 

