============================================================
  Generated by:           Genus(TM) Synthesis Solution GENUS15.22 - 15.20-s024_1
  Generated on:           Apr 04 2022  09:41:05 pm
  Module:                 z80_top_direct_n
  Interconnect mode:      global
  Area mode:              physical library
============================================================

Timing
--------

Clock Period 
-------------
CLK   2000.0 


        Cost          Critical             Violating 
       Group         Path Slack    TNS       Paths   
-----------------------------------------------------
C2C                     -7631.7   -716637        332 
C2O                    No paths         0            
cg_enable_group_CLK     -1154.6    -28126         39 
CLK                      -194.4     -3713         40 
default                No paths         0            
I2C                       239.9         0          0 
I2O                    No paths         0            
-----------------------------------------------------
Total                             -748476        411 

Instance Count
--------------
Leaf Instance Count             4336 
Sequential Instance Count        408 
Combinational Instance Count    3928 
Hierarchical Instance Count       45 

Area
----
Cell Area                          85874.141
Physical Cell Area                 0.000
Total Cell Area (Cell+Physical)    85874.141
Net Area                           47514.158
Total Area (Cell+Physical+Net)     133388.299

Runtime                            -147.484 seconds
Elapsed Runtime                    272 seconds
Genus peak memory usage            663.54 
Innovus peak memory usage          no_value 
Hostname                           pgmicro04.ufrgs.br
