============================================================
  Generated by:           Genus(TM) Synthesis Solution GENUS15.22 - 15.20-s024_1
  Generated on:           Apr 11 2022  08:08:16 pm
  Module:                 z80_top_direct_n
  Interconnect mode:      global
  Area mode:              physical library
============================================================

Timing
--------

Clock  Period 
--------------
CLK   55000.0 


        Cost          Critical       Violating 
       Group         Path Slack TNS    Paths   
-----------------------------------------------
C2C                      3095.5   0          0 
C2O                    No paths   0            
cg_enable_group_CLK         0.0   0          0 
CLK                     21254.6   0          0 
default                No paths   0            
I2C                     26509.7   0          0 
I2O                    No paths   0            
-----------------------------------------------
Total                             0          0 

Instance Count
--------------
Leaf Instance Count             3113 
Sequential Instance Count        406 
Combinational Instance Count    2707 
Hierarchical Instance Count       43 

Area
----
Cell Area                          63578.592
Physical Cell Area                 0.000
Total Cell Area (Cell+Physical)    63578.592
Net Area                           38106.854
Total Area (Cell+Physical+Net)     101685.446

Runtime                            -129.428 seconds
Elapsed Runtime                    212 seconds
Genus peak memory usage            669.16 
Innovus peak memory usage          no_value 
Hostname                           pgmicro04.ufrgs.br
