============================================================
  Generated by:           Genus(TM) Synthesis Solution GENUS15.22 - 15.20-s024_1
  Generated on:           Apr 11 2022  08:08:16 pm
  Module:                 z80_top_direct_n
  Interconnect mode:      global
  Area mode:              physical library
============================================================

                               
  Gate    Instances    Area                Library            
--------------------------------------------------------------
AN211X0           7    107.604    D_CELLS_MOSST_typ_1_80V_25C 
AN211X1          20    368.928    D_CELLS_MOSST_typ_1_80V_25C 
AN21X1           65    799.344    D_CELLS_MOSST_typ_1_80V_25C 
AN221X0           1     18.446    D_CELLS_MOSST_typ_1_80V_25C 
AN221X1          21    451.937    D_CELLS_MOSST_typ_1_80V_25C 
AN222X1           3     73.786    D_CELLS_MOSST_typ_1_80V_25C 
AN22X1           43    660.996    D_CELLS_MOSST_typ_1_80V_25C 
AN311X1           1     21.521    D_CELLS_MOSST_typ_1_80V_25C 
AN31X1            5     76.860    D_CELLS_MOSST_typ_1_80V_25C 
AN321X1           1     24.595    D_CELLS_MOSST_typ_1_80V_25C 
AN32X1            1     18.446    D_CELLS_MOSST_typ_1_80V_25C 
AN33X1            4     86.083    D_CELLS_MOSST_typ_1_80V_25C 
AND2X1          297   3652.387    D_CELLS_MOSST_typ_1_80V_25C 
AND2X2            1     18.446    D_CELLS_MOSST_typ_1_80V_25C 
AND3X1           49    753.228    D_CELLS_MOSST_typ_1_80V_25C 
AND4X1            8    196.762    D_CELLS_MOSST_typ_1_80V_25C 
AND5X1            5    138.348    D_CELLS_MOSST_typ_1_80V_25C 
AND6X1           36   1106.784    D_CELLS_MOSST_typ_1_80V_25C 
AO211X1           2     43.042    D_CELLS_MOSST_typ_1_80V_25C 
AO21X1           18    332.035    D_CELLS_MOSST_typ_1_80V_25C 
AO221X1           1     24.595    D_CELLS_MOSST_typ_1_80V_25C 
AO222X1           2     55.339    D_CELLS_MOSST_typ_1_80V_25C 
AO22X0           10    184.464    D_CELLS_MOSST_typ_1_80V_25C 
AO22X1            8    172.166    D_CELLS_MOSST_typ_1_80V_25C 
AO311X1           1     21.521    D_CELLS_MOSST_typ_1_80V_25C 
AO31X1            2     43.042    D_CELLS_MOSST_typ_1_80V_25C 
AO321X1           1     27.670    D_CELLS_MOSST_typ_1_80V_25C 
AO32X1            2     49.190    D_CELLS_MOSST_typ_1_80V_25C 
AO33X1            1     27.670    D_CELLS_MOSST_typ_1_80V_25C 
BTHX1           142   3492.518    D_CELLS_MOSST_typ_1_80V_25C 
BTLX1            91   2238.163    D_CELLS_MOSST_typ_1_80V_25C 
BUX0             73    897.725    D_CELLS_MOSST_typ_1_80V_25C 
DFFQX1            6    313.589    D_CELLS_MOSST_typ_1_80V_25C 
DFFRQX1          11    676.368    D_CELLS_MOSST_typ_1_80V_25C 
DFFRX1            1     64.562    D_CELLS_MOSST_typ_1_80V_25C 
DFFSQX1           1     61.488    D_CELLS_MOSST_typ_1_80V_25C 
DFFX1            38   2102.890    D_CELLS_MOSST_typ_1_80V_25C 
DFRQX1          192  10034.842    D_CELLS_MOSST_typ_1_80V_25C 
DFRRQX1          36   2213.568    D_CELLS_MOSST_typ_1_80V_25C 
DFRRQX2           2    129.125    D_CELLS_MOSST_typ_1_80V_25C 
DFRRX1           11    710.186    D_CELLS_MOSST_typ_1_80V_25C 
DFRSQX1           2    122.976    D_CELLS_MOSST_typ_1_80V_25C 
DFRX1            37   2047.550    D_CELLS_MOSST_typ_1_80V_25C 
DLHQX1            6    221.357    D_CELLS_MOSST_typ_1_80V_25C 
DLHRX1            1     43.042    D_CELLS_MOSST_typ_1_80V_25C 
DLLQX1           35   1291.248    D_CELLS_MOSST_typ_1_80V_25C 
EN2X0            19    292.068    D_CELLS_MOSST_typ_1_80V_25C 
EN2X1            18    387.374    D_CELLS_MOSST_typ_1_80V_25C 
EN3X1             2     79.934    D_CELLS_MOSST_typ_1_80V_25C 
EO2X1             4     86.083    D_CELLS_MOSST_typ_1_80V_25C 
INX1            273   1678.622    D_CELLS_MOSST_typ_1_80V_25C 
INX2              1      9.223    D_CELLS_MOSST_typ_1_80V_25C 
ITHX0           142   1746.259    D_CELLS_MOSST_typ_1_80V_25C 
ITHX1            24    442.714    D_CELLS_MOSST_typ_1_80V_25C 
ITLX0            37    455.011    D_CELLS_MOSST_typ_1_80V_25C 
ITLX1             8    147.571    D_CELLS_MOSST_typ_1_80V_25C 
MU2IX1           18    332.035    D_CELLS_MOSST_typ_1_80V_25C 
MU2X1            28    688.666    D_CELLS_MOSST_typ_1_80V_25C 
MU4X1             3    138.348    D_CELLS_MOSST_typ_1_80V_25C 
NA2I1X0           4     49.190    D_CELLS_MOSST_typ_1_80V_25C 
NA2I1X1          33    507.276    D_CELLS_MOSST_typ_1_80V_25C 
NA2X1           219   2019.881    D_CELLS_MOSST_typ_1_80V_25C 
NA3I1X1          21    387.374    D_CELLS_MOSST_typ_1_80V_25C 
NA3I2X1           2     43.042    D_CELLS_MOSST_typ_1_80V_25C 
NA3X1            59    725.558    D_CELLS_MOSST_typ_1_80V_25C 
NA4I1X1           1     30.744    D_CELLS_MOSST_typ_1_80V_25C 
NA4X1             3     83.009    D_CELLS_MOSST_typ_1_80V_25C 
NA5I1X1           4    135.274    D_CELLS_MOSST_typ_1_80V_25C 
NA5I2X1           4    135.274    D_CELLS_MOSST_typ_1_80V_25C 
NA5I3X1           4    135.274    D_CELLS_MOSST_typ_1_80V_25C 
NA5X1             1     30.744    D_CELLS_MOSST_typ_1_80V_25C 
NA6I1X1           8    295.142    D_CELLS_MOSST_typ_1_80V_25C 
NA6I2X1           2     86.083    D_CELLS_MOSST_typ_1_80V_25C 
NA6I3X1          23    848.534    D_CELLS_MOSST_typ_1_80V_25C 
NA6I4X1           7    279.770    D_CELLS_MOSST_typ_1_80V_25C 
NA6X1             1     33.818    D_CELLS_MOSST_typ_1_80V_25C 
NO2I1X1          96   1180.570    D_CELLS_MOSST_typ_1_80V_25C 
NO2X1           217   2001.434    D_CELLS_MOSST_typ_1_80V_25C 
NO3I1X0           1     15.372    D_CELLS_MOSST_typ_1_80V_25C 
NO3I1X1          18    332.035    D_CELLS_MOSST_typ_1_80V_25C 
NO3I2X1           5    107.604    D_CELLS_MOSST_typ_1_80V_25C 
NO3X0            26    319.738    D_CELLS_MOSST_typ_1_80V_25C 
NO3X1            51    783.972    D_CELLS_MOSST_typ_1_80V_25C 
NO3X2             1     24.595    D_CELLS_MOSST_typ_1_80V_25C 
NO4I1X2           1     36.893    D_CELLS_MOSST_typ_1_80V_25C 
NO4X2             3     92.232    D_CELLS_MOSST_typ_1_80V_25C 
NO5I2X1           3    101.455    D_CELLS_MOSST_typ_1_80V_25C 
NO5I3X1           8    270.547    D_CELLS_MOSST_typ_1_80V_25C 
NO5I4X1           2     73.786    D_CELLS_MOSST_typ_1_80V_25C 
NO5X2             2     67.637    D_CELLS_MOSST_typ_1_80V_25C 
NO6I1X1           1     43.042    D_CELLS_MOSST_typ_1_80V_25C 
NO6I2X1           6    258.250    D_CELLS_MOSST_typ_1_80V_25C 
NO6I3X1           1     46.116    D_CELLS_MOSST_typ_1_80V_25C 
NO6I4X1           4    172.166    D_CELLS_MOSST_typ_1_80V_25C 
NO6X0             1     33.818    D_CELLS_MOSST_typ_1_80V_25C 
NO6X1            13    479.606    D_CELLS_MOSST_typ_1_80V_25C 
OA211X1          12    258.250    D_CELLS_MOSST_typ_1_80V_25C 
OA21X1           25    461.160    D_CELLS_MOSST_typ_1_80V_25C 
OA221X1           6    147.571    D_CELLS_MOSST_typ_1_80V_25C 
OA222X1           3     83.009    D_CELLS_MOSST_typ_1_80V_25C 
OA22X1            2     43.042    D_CELLS_MOSST_typ_1_80V_25C 
OA31X1            4     86.083    D_CELLS_MOSST_typ_1_80V_25C 
OA32X1            4     98.381    D_CELLS_MOSST_typ_1_80V_25C 
ON211X0           1     15.372    D_CELLS_MOSST_typ_1_80V_25C 
ON211X1          16    295.142    D_CELLS_MOSST_typ_1_80V_25C 
ON21X1           68   1045.296    D_CELLS_MOSST_typ_1_80V_25C 
ON221X1          15    368.928    D_CELLS_MOSST_typ_1_80V_25C 
ON222X1           3     83.009    D_CELLS_MOSST_typ_1_80V_25C 
ON22X1            8    147.571    D_CELLS_MOSST_typ_1_80V_25C 
ON311X1           1     18.446    D_CELLS_MOSST_typ_1_80V_25C 
ON31X1           10    184.464    D_CELLS_MOSST_typ_1_80V_25C 
OR2X1           100   1229.760    D_CELLS_MOSST_typ_1_80V_25C 
OR3X0             1     15.372    D_CELLS_MOSST_typ_1_80V_25C 
OR3X1            10    184.464    D_CELLS_MOSST_typ_1_80V_25C 
OR4X1            16    393.523    D_CELLS_MOSST_typ_1_80V_25C 
OR5X1            27    747.079    D_CELLS_MOSST_typ_1_80V_25C 
OR6X1            20    676.368    D_CELLS_MOSST_typ_1_80V_25C 
SDFFRQX1          1     76.860    D_CELLS_MOSST_typ_1_80V_25C 
SDFFRX4           1    107.604    D_CELLS_MOSST_typ_1_80V_25C 
SDFRQX1          12    848.534    D_CELLS_MOSST_typ_1_80V_25C 
SDFRRQX0          1     73.786    D_CELLS_MOSST_typ_1_80V_25C 
SDFRRQX1         12    922.320    D_CELLS_MOSST_typ_1_80V_25C 
--------------------------------------------------------------
total          3113  63578.592                                


                                          
     Type      Instances    Area   Area % 
------------------------------------------
sequential           406 22061.894   34.7 
inverter             274  1687.846    2.7 
buffer                73   897.725    1.4 
tristate             444  8522.237   13.4 
logic               1916 30408.890   47.8 
physical_cells         0     0.000    0.0 
------------------------------------------
total               3113 63578.592  100.0 

