============================================================
  Generated by:           Genus(TM) Synthesis Solution GENUS15.22 - 15.20-s024_1
  Generated on:           Apr 11 2022  09:11:28 pm
  Module:                 z80_top_direct_n
  Interconnect mode:      global
  Area mode:              physical library
============================================================

                               
  Gate    Instances    Area                Library            
--------------------------------------------------------------
AN211X0           4     61.488    D_CELLS_MOSST_typ_1_80V_25C 
AN211X1          38    700.963    D_CELLS_MOSST_typ_1_80V_25C 
AN21X1          102   1254.355    D_CELLS_MOSST_typ_1_80V_25C 
AN221X0           4     73.786    D_CELLS_MOSST_typ_1_80V_25C 
AN221X1          12    258.250    D_CELLS_MOSST_typ_1_80V_25C 
AN222X1           4     98.381    D_CELLS_MOSST_typ_1_80V_25C 
AN22X1           15    230.580    D_CELLS_MOSST_typ_1_80V_25C 
AN31X1            5     76.860    D_CELLS_MOSST_typ_1_80V_25C 
AN321X1           1     24.595    D_CELLS_MOSST_typ_1_80V_25C 
AN32X1            2     36.893    D_CELLS_MOSST_typ_1_80V_25C 
AN33X1            3     64.562    D_CELLS_MOSST_typ_1_80V_25C 
AND2X0            1     12.298    D_CELLS_MOSST_typ_1_80V_25C 
AND2X1          232   2853.043    D_CELLS_MOSST_typ_1_80V_25C 
AND2X2           18    332.035    D_CELLS_MOSST_typ_1_80V_25C 
AND2X4           12    332.035    D_CELLS_MOSST_typ_1_80V_25C 
AND3X1           31    476.532    D_CELLS_MOSST_typ_1_80V_25C 
AND3X2            7    150.646    D_CELLS_MOSST_typ_1_80V_25C 
AND3X4            6    202.910    D_CELLS_MOSST_typ_1_80V_25C 
AND4X1            5    122.976    D_CELLS_MOSST_typ_1_80V_25C 
AND4X2            2     61.488    D_CELLS_MOSST_typ_1_80V_25C 
AND5X1            8    221.357    D_CELLS_MOSST_typ_1_80V_25C 
AND5X2            3    101.455    D_CELLS_MOSST_typ_1_80V_25C 
AND6X1           33   1014.552    D_CELLS_MOSST_typ_1_80V_25C 
AND6X2            2     73.786    D_CELLS_MOSST_typ_1_80V_25C 
AO211X1           6    129.125    D_CELLS_MOSST_typ_1_80V_25C 
AO211X2           1     27.670    D_CELLS_MOSST_typ_1_80V_25C 
AO21X0            5     76.860    D_CELLS_MOSST_typ_1_80V_25C 
AO21X1           12    221.357    D_CELLS_MOSST_typ_1_80V_25C 
AO22X0           10    184.464    D_CELLS_MOSST_typ_1_80V_25C 
AO22X1            2     43.042    D_CELLS_MOSST_typ_1_80V_25C 
AO31X1            3     64.562    D_CELLS_MOSST_typ_1_80V_25C 
AO321X0           1     24.595    D_CELLS_MOSST_typ_1_80V_25C 
AO321X1           1     27.670    D_CELLS_MOSST_typ_1_80V_25C 
AO33X0            1     24.595    D_CELLS_MOSST_typ_1_80V_25C 
BTHX1           155   3812.256    D_CELLS_MOSST_typ_1_80V_25C 
BTHX12            2    159.869    D_CELLS_MOSST_typ_1_80V_25C 
BTHX2             2     55.339    D_CELLS_MOSST_typ_1_80V_25C 
BTHX4             1     39.967    D_CELLS_MOSST_typ_1_80V_25C 
BTHX8             5    276.696    D_CELLS_MOSST_typ_1_80V_25C 
BTLX1            89   2188.973    D_CELLS_MOSST_typ_1_80V_25C 
BTLX12            1     79.934    D_CELLS_MOSST_typ_1_80V_25C 
BTLX2             7    193.687    D_CELLS_MOSST_typ_1_80V_25C 
BTLX4             1     39.967    D_CELLS_MOSST_typ_1_80V_25C 
BTLX8             5    276.696    D_CELLS_MOSST_typ_1_80V_25C 
BUX0             73    897.725    D_CELLS_MOSST_typ_1_80V_25C 
BUX1             45    553.392    D_CELLS_MOSST_typ_1_80V_25C 
BUX2             14    215.208    D_CELLS_MOSST_typ_1_80V_25C 
BUX3              4     86.083    D_CELLS_MOSST_typ_1_80V_25C 
BUX4              3     73.786    D_CELLS_MOSST_typ_1_80V_25C 
DFFQX0            1     49.190    D_CELLS_MOSST_typ_1_80V_25C 
DFFQX1           26   1358.885    D_CELLS_MOSST_typ_1_80V_25C 
DFFRQX0          12    700.963    D_CELLS_MOSST_typ_1_80V_25C 
DFFSQX0           1     55.339    D_CELLS_MOSST_typ_1_80V_25C 
DFFX1            17    940.766    D_CELLS_MOSST_typ_1_80V_25C 
DFRQX1          227  11864.110    D_CELLS_MOSST_typ_1_80V_25C 
DFRRQX1          31   1906.128    D_CELLS_MOSST_typ_1_80V_25C 
DFRRQX2           3    193.687    D_CELLS_MOSST_typ_1_80V_25C 
DFRRQX4           9    747.079    D_CELLS_MOSST_typ_1_80V_25C 
DFRRX1            1     64.562    D_CELLS_MOSST_typ_1_80V_25C 
DFRRX4            5    461.160    D_CELLS_MOSST_typ_1_80V_25C 
DFRSQX2           1     61.488    D_CELLS_MOSST_typ_1_80V_25C 
DFRSQX4           1     73.786    D_CELLS_MOSST_typ_1_80V_25C 
DFRX1             2    110.678    D_CELLS_MOSST_typ_1_80V_25C 
DLHQX1            7    258.250    D_CELLS_MOSST_typ_1_80V_25C 
DLHRX1            1     43.042    D_CELLS_MOSST_typ_1_80V_25C 
DLLQX1           36   1328.141    D_CELLS_MOSST_typ_1_80V_25C 
EN2X0            40    614.880    D_CELLS_MOSST_typ_1_80V_25C 
EN3X0             1     27.670    D_CELLS_MOSST_typ_1_80V_25C 
EN3X1             1     39.967    D_CELLS_MOSST_typ_1_80V_25C 
EO2X0             4     61.488    D_CELLS_MOSST_typ_1_80V_25C 
EO2X1             1     21.521    D_CELLS_MOSST_typ_1_80V_25C 
INX1            432   2656.282    D_CELLS_MOSST_typ_1_80V_25C 
INX12             1     58.414    D_CELLS_MOSST_typ_1_80V_25C 
INX2             49    451.937    D_CELLS_MOSST_typ_1_80V_25C 
INX3             10    153.720    D_CELLS_MOSST_typ_1_80V_25C 
INX4              5     92.232    D_CELLS_MOSST_typ_1_80V_25C 
INX6              1     21.521    D_CELLS_MOSST_typ_1_80V_25C 
INX8              3     92.232    D_CELLS_MOSST_typ_1_80V_25C 
ITHX0            75    922.320    D_CELLS_MOSST_typ_1_80V_25C 
ITHX1            54    996.106    D_CELLS_MOSST_typ_1_80V_25C 
ITHX2             3    110.678    D_CELLS_MOSST_typ_1_80V_25C 
ITLX0            37    455.011    D_CELLS_MOSST_typ_1_80V_25C 
ITLX1             6    110.678    D_CELLS_MOSST_typ_1_80V_25C 
ITLX12            1     86.083    D_CELLS_MOSST_typ_1_80V_25C 
MU2IX1           17    313.589    D_CELLS_MOSST_typ_1_80V_25C 
MU2X0            26    559.541    D_CELLS_MOSST_typ_1_80V_25C 
MU2X1             5    122.976    D_CELLS_MOSST_typ_1_80V_25C 
NA2I1X0           1     12.298    D_CELLS_MOSST_typ_1_80V_25C 
NA2I1X1          30    461.160    D_CELLS_MOSST_typ_1_80V_25C 
NA2I1X2           4     73.786    D_CELLS_MOSST_typ_1_80V_25C 
NA2I1X4           5    153.720    D_CELLS_MOSST_typ_1_80V_25C 
NA2X1           277   2554.826    D_CELLS_MOSST_typ_1_80V_25C 
NA2X2            31    476.532    D_CELLS_MOSST_typ_1_80V_25C 
NA2X4            13    399.672    D_CELLS_MOSST_typ_1_80V_25C 
NA3I1X0           1     15.372    D_CELLS_MOSST_typ_1_80V_25C 
NA3I1X1          18    332.035    D_CELLS_MOSST_typ_1_80V_25C 
NA3I1X2           1     27.670    D_CELLS_MOSST_typ_1_80V_25C 
NA3I1X4           3    119.902    D_CELLS_MOSST_typ_1_80V_25C 
NA3I2X1           3     64.562    D_CELLS_MOSST_typ_1_80V_25C 
NA3X1            56    688.666    D_CELLS_MOSST_typ_1_80V_25C 
NA3X2             2     49.190    D_CELLS_MOSST_typ_1_80V_25C 
NA3X4             3    138.348    D_CELLS_MOSST_typ_1_80V_25C 
NA4I2X4           1     43.042    D_CELLS_MOSST_typ_1_80V_25C 
NA4X1             1     27.670    D_CELLS_MOSST_typ_1_80V_25C 
NA5I2X1           4    135.274    D_CELLS_MOSST_typ_1_80V_25C 
NA5I3X1           2     67.637    D_CELLS_MOSST_typ_1_80V_25C 
NA5I4X1           1     36.893    D_CELLS_MOSST_typ_1_80V_25C 
NA5X1             2     61.488    D_CELLS_MOSST_typ_1_80V_25C 
NA6I1X1          10    368.928    D_CELLS_MOSST_typ_1_80V_25C 
NA6I3X1          22    811.642    D_CELLS_MOSST_typ_1_80V_25C 
NA6I3X2           1     39.967    D_CELLS_MOSST_typ_1_80V_25C 
NA6I4X1           1     39.967    D_CELLS_MOSST_typ_1_80V_25C 
NA6X1             4    135.274    D_CELLS_MOSST_typ_1_80V_25C 
NO2I1X1          74    910.022    D_CELLS_MOSST_typ_1_80V_25C 
NO2I1X2           6    129.125    D_CELLS_MOSST_typ_1_80V_25C 
NO2I1X4           7    215.208    D_CELLS_MOSST_typ_1_80V_25C 
NO2X1           271   2499.487    D_CELLS_MOSST_typ_1_80V_25C 
NO2X2            31    476.532    D_CELLS_MOSST_typ_1_80V_25C 
NO2X4            11    304.366    D_CELLS_MOSST_typ_1_80V_25C 
NO3I1X0           5     76.860    D_CELLS_MOSST_typ_1_80V_25C 
NO3I1X1          19    350.482    D_CELLS_MOSST_typ_1_80V_25C 
NO3I1X2           1     27.670    D_CELLS_MOSST_typ_1_80V_25C 
NO3I2X1           4     86.083    D_CELLS_MOSST_typ_1_80V_25C 
NO3I2X4           1     49.190    D_CELLS_MOSST_typ_1_80V_25C 
NO3X0            18    221.357    D_CELLS_MOSST_typ_1_80V_25C 
NO3X1            59    906.948    D_CELLS_MOSST_typ_1_80V_25C 
NO3X2            15    368.928    D_CELLS_MOSST_typ_1_80V_25C 
NO3X4             3    119.902    D_CELLS_MOSST_typ_1_80V_25C 
NO4X2             6    184.464    D_CELLS_MOSST_typ_1_80V_25C 
NO5I2X1           2     67.637    D_CELLS_MOSST_typ_1_80V_25C 
NO5I3X1           3    101.455    D_CELLS_MOSST_typ_1_80V_25C 
NO5X2             1     33.818    D_CELLS_MOSST_typ_1_80V_25C 
NO5X4             2     79.934    D_CELLS_MOSST_typ_1_80V_25C 
NO6I2X0           1     39.967    D_CELLS_MOSST_typ_1_80V_25C 
NO6I2X1           1     43.042    D_CELLS_MOSST_typ_1_80V_25C 
NO6X0             4    135.274    D_CELLS_MOSST_typ_1_80V_25C 
NO6X1             8    295.142    D_CELLS_MOSST_typ_1_80V_25C 
NO6X2             1     36.893    D_CELLS_MOSST_typ_1_80V_25C 
OA211X0           1     18.446    D_CELLS_MOSST_typ_1_80V_25C 
OA211X1          13    279.770    D_CELLS_MOSST_typ_1_80V_25C 
OA21X0            1     15.372    D_CELLS_MOSST_typ_1_80V_25C 
OA21X1           11    202.910    D_CELLS_MOSST_typ_1_80V_25C 
OA21X2            2     43.042    D_CELLS_MOSST_typ_1_80V_25C 
OA21X4            1     27.670    D_CELLS_MOSST_typ_1_80V_25C 
OA221X1           3     73.786    D_CELLS_MOSST_typ_1_80V_25C 
OA221X2           1     27.670    D_CELLS_MOSST_typ_1_80V_25C 
OA222X0           1     24.595    D_CELLS_MOSST_typ_1_80V_25C 
OA22X1            2     43.042    D_CELLS_MOSST_typ_1_80V_25C 
OA22X4            1     30.744    D_CELLS_MOSST_typ_1_80V_25C 
OA31X1            1     21.521    D_CELLS_MOSST_typ_1_80V_25C 
OA321X1           1     27.670    D_CELLS_MOSST_typ_1_80V_25C 
OA32X0            2     43.042    D_CELLS_MOSST_typ_1_80V_25C 
ON211X0           8    122.976    D_CELLS_MOSST_typ_1_80V_25C 
ON211X1          16    295.142    D_CELLS_MOSST_typ_1_80V_25C 
ON21X0            5     61.488    D_CELLS_MOSST_typ_1_80V_25C 
ON21X1           61    937.692    D_CELLS_MOSST_typ_1_80V_25C 
ON221X0           1     18.446    D_CELLS_MOSST_typ_1_80V_25C 
ON221X1           7    172.166    D_CELLS_MOSST_typ_1_80V_25C 
ON222X0           2     43.042    D_CELLS_MOSST_typ_1_80V_25C 
ON222X1           1     27.670    D_CELLS_MOSST_typ_1_80V_25C 
ON22X0            1     15.372    D_CELLS_MOSST_typ_1_80V_25C 
ON22X1            8    147.571    D_CELLS_MOSST_typ_1_80V_25C 
ON311X1           2     36.893    D_CELLS_MOSST_typ_1_80V_25C 
ON31X0            2     30.744    D_CELLS_MOSST_typ_1_80V_25C 
ON31X1           12    221.357    D_CELLS_MOSST_typ_1_80V_25C 
ON321X1           3     73.786    D_CELLS_MOSST_typ_1_80V_25C 
ON32X0            1     18.446    D_CELLS_MOSST_typ_1_80V_25C 
ON32X1            1     21.521    D_CELLS_MOSST_typ_1_80V_25C 
OR2X1            89   1094.486    D_CELLS_MOSST_typ_1_80V_25C 
OR2X2            10    153.720    D_CELLS_MOSST_typ_1_80V_25C 
OR2X4             5    122.976    D_CELLS_MOSST_typ_1_80V_25C 
OR3X0             1     15.372    D_CELLS_MOSST_typ_1_80V_25C 
OR3X1             6    110.678    D_CELLS_MOSST_typ_1_80V_25C 
OR3X4             2     67.637    D_CELLS_MOSST_typ_1_80V_25C 
OR4X1            10    245.952    D_CELLS_MOSST_typ_1_80V_25C 
OR4X2             1     30.744    D_CELLS_MOSST_typ_1_80V_25C 
OR5X1            21    581.062    D_CELLS_MOSST_typ_1_80V_25C 
OR5X2             2     67.637    D_CELLS_MOSST_typ_1_80V_25C 
OR6X1            18    608.731    D_CELLS_MOSST_typ_1_80V_25C 
OR6X4             1     52.265    D_CELLS_MOSST_typ_1_80V_25C 
SDFFRQX1          1     76.860    D_CELLS_MOSST_typ_1_80V_25C 
SDFFRX4           1    107.604    D_CELLS_MOSST_typ_1_80V_25C 
SDFRQX0           1     64.562    D_CELLS_MOSST_typ_1_80V_25C 
SDFRQX1           7    494.978    D_CELLS_MOSST_typ_1_80V_25C 
SDFRQX2           4    282.845    D_CELLS_MOSST_typ_1_80V_25C 
SDFRRQX0          3    221.357    D_CELLS_MOSST_typ_1_80V_25C 
SDFRRQX1          2    153.720    D_CELLS_MOSST_typ_1_80V_25C 
SDFRRQX2          4    332.035    D_CELLS_MOSST_typ_1_80V_25C 
SDFRRQX4          4    381.226    D_CELLS_MOSST_typ_1_80V_25C 
--------------------------------------------------------------
total          3568  70280.784                                


                                          
     Type      Instances    Area   Area % 
------------------------------------------
sequential           408 22332.442   31.8 
inverter             501  3526.337    5.0 
buffer               139  1826.194    2.6 
tristate             444  9804.262   14.0 
logic               2076 32791.550   46.7 
physical_cells         0     0.000    0.0 
------------------------------------------
total               3568 70280.784  100.0 

