============================================================
  Generated by:           Genus(TM) Synthesis Solution GENUS15.22 - 15.20-s024_1
  Generated on:           Apr 11 2022  09:11:28 pm
  Module:                 z80_top_direct_n
  Interconnect mode:      global
  Area mode:              physical library
============================================================

Timing
--------

Clock  Period 
--------------
CLK   16000.0 


        Cost          Critical            Violating 
       Group         Path Slack    TNS      Paths   
----------------------------------------------------
C2C                     -1519.1   -10010         14 
C2O                    No paths        0            
cg_enable_group_CLK         0.0        0          0 
CLK                      3424.6        0          0 
default                No paths        0            
I2C                      7158.8        0          0 
I2O                    No paths        0            
----------------------------------------------------
Total                             -10010         14 

Instance Count
--------------
Leaf Instance Count             3568 
Sequential Instance Count        408 
Combinational Instance Count    3160 
Hierarchical Instance Count       45 

Area
----
Cell Area                          70280.784
Physical Cell Area                 0.000
Total Cell Area (Cell+Physical)    70280.784
Net Area                           41098.953
Total Area (Cell+Physical+Net)     111379.737

Runtime                            -134.779 seconds
Elapsed Runtime                    508 seconds
Genus peak memory usage            665.20 
Innovus peak memory usage          no_value 
Hostname                           pgmicro04.ufrgs.br
